<?xml version="1.0" encoding="utf-8" standalone="no"?>
<!--This file represents the results of running a test suite-->
<test-results name="C:\Users\Axinesis\Desktop\ihm_base\AxCommunication.Test\bin\Debug\AxCommunication.Test.dll" total="2" errors="0" failures="0" not-run="0" inconclusive="0" ignored="0" skipped="0" invalid="0" date="2014-08-12" time="15:36:56">
  <environment nunit-version="2.5.1.9189" clr-version="4.0.30319.34014" os-version="Microsoft Windows NT 6.2.9200.0" platform="Win32NT" cwd="C:\Users\Axinesis\Desktop\ihm_base\TestResults\Axinesis_PC-AXINESIS-004 2014-08-12 15_36_42\Out" machine-name="PC-AXINESIS-004" user="Axinesis" user-domain="PC-AXINESIS-004" />
  <culture-info current-culture="fr-FR" current-uiculture="fr-FR" />
  <test-suite name="C:\Users\Axinesis\Desktop\ihm_base\AxCommunication.Test\bin\Debug\AxCommunication.Test.dll" executed="True" success="True" time="0.174" asserts="0">
    <results>
      <test-suite name="AxCommunication" executed="True" success="True" time="0.172" asserts="0">
        <results>
          <test-suite name="Test" executed="True" success="True" time="0.172" asserts="0">
            <results>
              <test-suite name="PortSerieTest" executed="True" success="True" time="0.171" asserts="0">
                <results>
                  <test-case name="AxCommunication.Test.PortSerieTest.Connexion_Robot_Correcte" executed="True" success="True" time="0.166" asserts="1" />
                  <test-case name="AxCommunication.Test.PortSerieTest.Deconnexion_Robot_Correcte" executed="True" success="True" time="0.001" asserts="1" />
                </results>
              </test-suite>
            </results>
          </test-suite>
        </results>
      </test-suite>
    </results>
  </test-suite>
</test-results>