<?xml version="1.0" encoding="utf-8" standalone="no"?>
<!--This file represents the results of running a test suite-->
<test-results name="C:\Users\Axinesis\Desktop\ihm_base\AxData.Test\bin\Debug\AxData.Test.dll" total="12" errors="0" failures="0" not-run="0" inconclusive="0" ignored="0" skipped="0" invalid="0" date="2014-08-12" time="15:36:52">
  <environment nunit-version="2.5.1.9189" clr-version="4.0.30319.34014" os-version="Microsoft Windows NT 6.2.9200.0" platform="Win32NT" cwd="C:\Users\Axinesis\Desktop\ihm_base\TestResults\Axinesis_PC-AXINESIS-004 2014-08-12 15_36_42\Out" machine-name="PC-AXINESIS-004" user="Axinesis" user-domain="PC-AXINESIS-004" />
  <culture-info current-culture="fr-FR" current-uiculture="fr-FR" />
  <test-suite name="C:\Users\Axinesis\Desktop\ihm_base\AxData.Test\bin\Debug\AxData.Test.dll" executed="True" success="True" time="0.630" asserts="0">
    <results>
      <test-suite name="AxData" executed="True" success="True" time="0.627" asserts="0">
        <results>
          <test-suite name="Test" executed="True" success="True" time="0.626" asserts="0">
            <results>
              <test-suite name="DataPatientTest" executed="True" success="True" time="0.624" asserts="0">
                <results>
                  <test-case name="AxData.Test.DataPatientTest.Bon_Nom_Patient_Trouve" executed="True" success="True" time="0.473" asserts="1" />
                  <test-case name="AxData.Test.DataPatientTest.Bon_Prenom_Patient_Trouve" executed="True" success="True" time="0.011" asserts="1" />
                  <test-case name="AxData.Test.DataPatientTest.Bonne_Date_Patient_Trouve" executed="True" success="True" time="0.011" asserts="1" />
                  <test-case name="AxData.Test.DataPatientTest.Patient_Bien_Supprime" executed="True" success="True" time="0.045" asserts="1" />
                  <test-case name="AxData.Test.DataPatientTest.Patient_DateNaissance_Obligatoire" executed="True" success="True" time="0.041" asserts="0" />
                  <test-case name="AxData.Test.DataPatientTest.Patient_ID1_Obligatoire" executed="True" success="True" time="0.006" asserts="0" />
                  <test-case name="AxData.Test.DataPatientTest.Patient_ID2_Obligatoire" executed="True" success="True" time="0.005" asserts="0" />
                  <test-case name="AxData.Test.DataPatientTest.Patient_Nom_Obligatoire" executed="True" success="True" time="0.007" asserts="0" />
                  <test-case name="AxData.Test.DataPatientTest.Patient_Poids_Obligatoire" executed="True" success="True" time="0.005" asserts="0" />
                  <test-case name="AxData.Test.DataPatientTest.Patient_Prenom_Obligatoire" executed="True" success="True" time="0.005" asserts="0" />
                  <test-case name="AxData.Test.DataPatientTest.Patient_Sexe_Obligatoire" executed="True" success="True" time="0.006" asserts="0" />
                  <test-case name="AxData.Test.DataPatientTest.Patient_Taille_Obligatoire" executed="True" success="True" time="0.005" asserts="0" />
                </results>
              </test-suite>
            </results>
          </test-suite>
        </results>
      </test-suite>
    </results>
  </test-suite>
</test-results>