<?xml version="1.0" encoding="UTF-8"?>
<TestRun id="7569e3e4-0b2b-48a2-863b-1e8a97f33c43" name="Axinesis@PC-AXINESIS-004 2014-07-30 10:18:03" runUser="PC-AXINESIS-004\Axinesis" xmlns="http://microsoft.com/schemas/VisualStudio/TeamTest/2010">
  <TestSettings name="Paramètres de test par défaut" id="375fad15-5834-4325-9e0e-4c9298d31b3b">
    <Deployment runDeploymentRoot="Axinesis_PC-AXINESIS-004 2014-07-30 10_18_03">
      <DeploymentItem filename="C:\Users\Axinesis\Desktop\Fusion\packages\CommonServiceLocator.1.3\lib\portable-net4+sl5+netcore45+wpa81+wp8\Microsoft.Practices.ServiceLocation.dll" />
      <DeploymentItem filename="C:\Users\Axinesis\Desktop\Fusion\packages\MvvmLightLibs.4.4.32.1\lib\net40\System.Windows.Interactivity.dll" />
      <DeploymentItem filename="C:\Users\Axinesis\Desktop\Fusion\AxCommunication\bin\Debug\AxCommunication.dll" />
      <DeploymentItem filename="C:\Users\Axinesis\Desktop\Fusion\packages\MvvmLightLibs.4.4.32.1\lib\net40\GalaSoft.MvvmLight.Extras.dll" />
      <DeploymentItem filename="C:\Users\Axinesis\Desktop\Fusion\AxViewModel\bin\Debug\AxViewModel.dll" />
      <DeploymentItem filename="C:\Users\Axinesis\Desktop\Fusion\AxData\bin\Debug\AxData.dll" />
      <DeploymentItem filename="C:\Users\Axinesis\Desktop\Fusion\packages\Effort.1.1.0\lib\net40\Effort.dll" />
      <DeploymentItem filename="C:\Users\Axinesis\Desktop\Fusion\AxNavigation\NavegarLib\Navegar.WPF4\bin\Debug\Navegar.WPF4.dll" />
      <DeploymentItem filename="C:\Users\Axinesis\Desktop\Fusion\AxError.Test\bin\Debug\NLog.dll" />
      <DeploymentItem filename="C:\Program Files (x86)\NUnit 2.6.3\bin\framework\nunit.framework.dll" />
      <DeploymentItem filename="C:\Users\Axinesis\Desktop\Fusion\packages\Common.Logging.2.2.0\lib\net40\Common.Logging.dll" />
      <DeploymentItem filename="C:\Users\Axinesis\Desktop\Fusion\packages\Common.Logging.NLog20.2.2.0\lib\net40\Common.Logging.NLog20.dll" />
      <DeploymentItem filename="C:\Users\Axinesis\Desktop\Fusion\AxModel\bin\Debug\AxModel.dll" />
      <DeploymentItem filename="C:\Users\Axinesis\Desktop\Fusion\AxError.Test\bin\Debug\Common.Logging.Core.dll" />
      <DeploymentItem filename="C:\Users\Axinesis\Desktop\Fusion\AxAction\bin\Debug\AxAction.dll" />
      <DeploymentItem filename="C:\Users\Axinesis\Desktop\Fusion\packages\MvvmLightLibs.4.4.32.1\lib\net40\GalaSoft.MvvmLight.dll" />
      <DeploymentItem filename="C:\Users\Axinesis\Desktop\Fusion\AxExerciceConfig\bin\Debug\AxExerciceConfig.dll" />
      <DeploymentItem filename="C:\Program Files (x86)\NUnit 2.6.3\bin\framework\nunit.mocks.dll" />
      <DeploymentItem filename="C:\Users\Axinesis\Desktop\Fusion\AxExerciceGeneric\bin\Debug\AxExerciceGenerator.dll" />
      <DeploymentItem filename="C:\Users\Axinesis\Desktop\Fusion\AxError\bin\Debug\AxError.dll" />
      <DeploymentItem filename="C:\Users\Axinesis\Desktop\Fusion\packages\Moq.4.2.1402.2112\lib\net40\Moq.dll" />
      <DeploymentItem filename="C:\Users\Axinesis\Desktop\Fusion\packages\NMemory.1.0.0\lib\net40\NMemory.dll" />
      <DeploymentItem filename="C:\Users\Axinesis\Desktop\Fusion\AxModelExercice\bin\Debug\AxModelExercice.dll" />
      <DeploymentItem filename="C:\Users\Axinesis\Desktop\Fusion\AxAnalyse\bin\Debug\AxAnalyse.dll" />
      <DeploymentItem filename="C:\Users\Axinesis\Desktop\Fusion\AxLanguage\bin\Debug\AxLanguage.dll" />
    </Deployment>
    <Execution>
      <TestTypeSpecific />
      <AgentRule name="Execution Agents">
      </AgentRule>
    </Execution>
  </TestSettings>
  <Times creation="2014-07-30T10:18:03.3254362+02:00" queuing="2014-07-30T10:18:04.1848529+02:00" start="2014-07-30T10:18:04.2317290+02:00" finish="2014-07-30T10:18:24.5451826+02:00" />
  <ResultSummary outcome="Failed">
    <Counters total="115" executed="115" passed="113" error="0" failed="2" timeout="0" aborted="0" inconclusive="0" passedButRunAborted="0" notRunnable="0" notExecuted="0" disconnected="0" warning="0" completed="0" inProgress="0" pending="0" />
  </ResultSummary>
  <TestDefinitions>
    <UnitTest name="Erreur_Robot_LogicSupplyVoltageTooLowError_Bien_Traite" storage="c:\users\axinesis\desktop\fusion\axerror.test\bin\debug\axerror.test.dll" id="4f482e75-1f13-6e68-c51e-899481bb394c" xmlns="AxError.Test">
      <Execution id="1ce33f63-2569-4e55-8011-8f5fe9d082f3" xmlns="http://microsoft.com/schemas/VisualStudio/TeamTest/2010" />
      <TestMethod codeBase="C:\Users\Axinesis\Desktop\Fusion\AxError.Test\bin\Debug\AxError.Test.dll" adapterTypeName="NUnitForVSTS.NUnitTest.NUnitTestAdapter, NUnitForVSTS.NUnitTest, Version=5.1.0.0, Culture=neutral, PublicKeyToken=null" className="AxError.Test.GestionErreurTest" name="Erreur_Robot_LogicSupplyVoltageTooLowError_Bien_Traite" />
    </UnitTest>
    <UnitTest name="Bon_Prenom_Patient_Trouve" storage="c:\users\axinesis\desktop\fusion\axdata.test\bin\debug\axdata.test.dll" id="44ed4079-9453-ff0c-84c2-ac19b4af933d" xmlns="AxData.Test">
      <Execution id="5cb2e5fe-1b6f-402a-9abb-39b0429416c0" xmlns="http://microsoft.com/schemas/VisualStudio/TeamTest/2010" />
      <TestMethod codeBase="C:\Users\Axinesis\Desktop\Fusion\AxData.Test\bin\Debug\AxData.Test.dll" adapterTypeName="NUnitForVSTS.NUnitTest.NUnitTestAdapter, NUnitForVSTS.NUnitTest, Version=5.1.0.0, Culture=neutral, PublicKeyToken=null" className="AxData.Test.DataPatientTest" name="Bon_Prenom_Patient_Trouve" />
    </UnitTest>
    <UnitTest name="Erreur_Robot_GearScalingFactorError_Bien_Traite" storage="c:\users\axinesis\desktop\fusion\axerror.test\bin\debug\axerror.test.dll" id="5f4e2034-866f-4eb1-0441-6555f1681d32" xmlns="AxError.Test">
      <Execution id="715422bb-e1ef-46ef-bc93-ace4eab24350" xmlns="http://microsoft.com/schemas/VisualStudio/TeamTest/2010" />
      <TestMethod codeBase="C:\Users\Axinesis\Desktop\Fusion\AxError.Test\bin\Debug\AxError.Test.dll" adapterTypeName="NUnitForVSTS.NUnitTest.NUnitTestAdapter, NUnitForVSTS.NUnitTest, Version=5.1.0.0, Culture=neutral, PublicKeyToken=null" className="AxError.Test.GestionErreurTest" name="Erreur_Robot_GearScalingFactorError_Bien_Traite" />
    </UnitTest>
    <UnitTest name="Ecart_Type" storage="c:\users\axinesis\desktop\fusion\axmodel.test\bin\debug\axmodel.test.dll" id="7a8c8ab2-cc1f-665a-6687-1b4694c99073" xmlns="AxModel.Test">
      <Execution id="6c9cabcb-b5d0-47d2-a462-2b2856ca0fbf" xmlns="http://microsoft.com/schemas/VisualStudio/TeamTest/2010" />
      <TestMethod codeBase="C:\Users\Axinesis\Desktop\Fusion\AxModel.Test\bin\Debug\AxModel.Test.dll" adapterTypeName="NUnitForVSTS.NUnitTest.NUnitTestAdapter, NUnitForVSTS.NUnitTest, Version=5.1.0.0, Culture=neutral, PublicKeyToken=null" className="AxModel.Test.ModelTest" name="Ecart_Type" />
    </UnitTest>
    <UnitTest name="Patient_DateNaissance_Obligatoire" storage="c:\users\axinesis\desktop\fusion\axdata.test\bin\debug\axdata.test.dll" id="7d2a5c74-8b81-7def-78d9-19fc9e6c2ea4" xmlns="AxData.Test">
      <Execution id="09c8e19b-7423-4768-a9ce-ea6930268693" xmlns="http://microsoft.com/schemas/VisualStudio/TeamTest/2010" />
      <TestMethod codeBase="C:\Users\Axinesis\Desktop\Fusion\AxData.Test\bin\Debug\AxData.Test.dll" adapterTypeName="NUnitForVSTS.NUnitTest.NUnitTestAdapter, NUnitForVSTS.NUnitTest, Version=5.1.0.0, Culture=neutral, PublicKeyToken=null" className="AxData.Test.DataPatientTest" name="Patient_DateNaissance_Obligatoire" />
    </UnitTest>
    <UnitTest name="Connexion_Robot_Correcte" storage="c:\users\axinesis\desktop\fusion\axcommunication.test\bin\debug\axcommunication.test.dll" id="ae8642d5-07bc-0f18-4b31-bcbab057a0d0" xmlns="AxCommunication.Test">
      <Execution id="647265f1-ae47-484c-8e97-1548d94e04a0" xmlns="http://microsoft.com/schemas/VisualStudio/TeamTest/2010" />
      <TestMethod codeBase="C:\Users\Axinesis\Desktop\Fusion\AxCommunication.Test\bin\Debug\AxCommunication.Test.dll" adapterTypeName="NUnitForVSTS.NUnitTest.NUnitTestAdapter, NUnitForVSTS.NUnitTest, Version=5.1.0.0, Culture=neutral, PublicKeyToken=null" className="AxCommunication.Test.PortSerieTest" name="Connexion_Robot_Correcte" />
    </UnitTest>
    <UnitTest name="Erreur_Autres_Exception_Doit_Couper_Le_Programme" storage="c:\users\axinesis\desktop\fusion\axerror.test\bin\debug\axerror.test.dll" id="92fd36a1-ca75-7f92-7bd2-2dc408eedb40" xmlns="AxError.Test">
      <Execution id="ed332b40-ef59-4b52-bc87-72b0d2f7eacf" xmlns="http://microsoft.com/schemas/VisualStudio/TeamTest/2010" />
      <TestMethod codeBase="C:\Users\Axinesis\Desktop\Fusion\AxError.Test\bin\Debug\AxError.Test.dll" adapterTypeName="NUnitForVSTS.NUnitTest.NUnitTestAdapter, NUnitForVSTS.NUnitTest, Version=5.1.0.0, Culture=neutral, PublicKeyToken=null" className="AxError.Test.GestionErreurTest" name="Erreur_Autres_Exception_Doit_Couper_Le_Programme" />
    </UnitTest>
    <UnitTest name="Jeu_Doit_Etre_Type_Jeu_Avec_Bon_Theme_Facile" storage="c:\users\axinesis\desktop\fusion\axexercicegenerator.test\bin\debug\axexercicegenerator.test.dll" id="84265baa-a0fc-9eb4-5420-2fc493c758dd" xmlns="AxExerciceGenerator.Test">
      <Execution id="f9fb31fd-cb62-46f8-aab9-4f187199c074" xmlns="http://microsoft.com/schemas/VisualStudio/TeamTest/2010" />
      <TestMethod codeBase="C:\Users\Axinesis\Desktop\Fusion\AxExerciceGenerator.Test\bin\Debug\AxExerciceGenerator.Test.dll" adapterTypeName="NUnitForVSTS.NUnitTest.NUnitTestAdapter, NUnitForVSTS.NUnitTest, Version=5.1.0.0, Culture=neutral, PublicKeyToken=null" className="AxExerciceGenerator.Test.ExerciceGeneratorTest" name="Jeu_Doit_Etre_Type_Jeu_Avec_Bon_Theme_Facile" />
    </UnitTest>
    <UnitTest name="Patient_Taille_Obligatoire" storage="c:\users\axinesis\desktop\fusion\axdata.test\bin\debug\axdata.test.dll" id="a7d2c1fe-6292-38c4-b190-463be3c8cf93" xmlns="AxData.Test">
      <Execution id="06b60de6-0bfe-445a-92d8-3c7b77b6d1bc" xmlns="http://microsoft.com/schemas/VisualStudio/TeamTest/2010" />
      <TestMethod codeBase="C:\Users\Axinesis\Desktop\Fusion\AxData.Test\bin\Debug\AxData.Test.dll" adapterTypeName="NUnitForVSTS.NUnitTest.NUnitTestAdapter, NUnitForVSTS.NUnitTest, Version=5.1.0.0, Culture=neutral, PublicKeyToken=null" className="AxData.Test.DataPatientTest" name="Patient_Taille_Obligatoire" />
    </UnitTest>
    <UnitTest name="Erreur_Robot_InternalSoftwareError_Bien_Traite" storage="c:\users\axinesis\desktop\fusion\axerror.test\bin\debug\axerror.test.dll" id="b97e58f3-cbc0-bcdd-6669-a43c0d325371" xmlns="AxError.Test">
      <Execution id="03bf04cf-e43a-4bfe-b77f-ef484184ab79" xmlns="http://microsoft.com/schemas/VisualStudio/TeamTest/2010" />
      <TestMethod codeBase="C:\Users\Axinesis\Desktop\Fusion\AxError.Test\bin\Debug\AxError.Test.dll" adapterTypeName="NUnitForVSTS.NUnitTest.NUnitTestAdapter, NUnitForVSTS.NUnitTest, Version=5.1.0.0, Culture=neutral, PublicKeyToken=null" className="AxError.Test.GestionErreurTest" name="Erreur_Robot_InternalSoftwareError_Bien_Traite" />
    </UnitTest>
    <UnitTest name="Exercice_Doit_Etre_Type_Carre_Avec_Theme" storage="c:\users\axinesis\desktop\fusion\axexercicegenerator.test\bin\debug\axexercicegenerator.test.dll" id="f6827a5d-d000-6b57-1a5d-244c917c4e49" xmlns="AxExerciceGenerator.Test">
      <Execution id="838a0092-ee43-4040-9e1e-d549fb4ccc83" xmlns="http://microsoft.com/schemas/VisualStudio/TeamTest/2010" />
      <TestMethod codeBase="C:\Users\Axinesis\Desktop\Fusion\AxExerciceGenerator.Test\bin\Debug\AxExerciceGenerator.Test.dll" adapterTypeName="NUnitForVSTS.NUnitTest.NUnitTestAdapter, NUnitForVSTS.NUnitTest, Version=5.1.0.0, Culture=neutral, PublicKeyToken=null" className="AxExerciceGenerator.Test.ExerciceGeneratorTest" name="Exercice_Doit_Etre_Type_Carre_Avec_Theme" />
    </UnitTest>
    <UnitTest name="Erreur_OutOfMemoryException_Bien_Traite" storage="c:\users\axinesis\desktop\fusion\axerror.test\bin\debug\axerror.test.dll" id="5188289e-0f4c-4bba-4f87-aede2c765fd5" xmlns="AxError.Test">
      <Execution id="23c5c220-db43-40e8-9a82-7f1129e76703" xmlns="http://microsoft.com/schemas/VisualStudio/TeamTest/2010" />
      <TestMethod codeBase="C:\Users\Axinesis\Desktop\Fusion\AxError.Test\bin\Debug\AxError.Test.dll" adapterTypeName="NUnitForVSTS.NUnitTest.NUnitTestAdapter, NUnitForVSTS.NUnitTest, Version=5.1.0.0, Culture=neutral, PublicKeyToken=null" className="AxError.Test.GestionErreurTest" name="Erreur_OutOfMemoryException_Bien_Traite" />
    </UnitTest>
    <UnitTest name="Erreur_Robot_OvertemperatureError_Bien_Traite" storage="c:\users\axinesis\desktop\fusion\axerror.test\bin\debug\axerror.test.dll" id="bf764ba8-8696-c92f-3f57-afea2c1bfe57" xmlns="AxError.Test">
      <Execution id="1540d664-9fcb-4a7e-95d4-f60477ea926b" xmlns="http://microsoft.com/schemas/VisualStudio/TeamTest/2010" />
      <TestMethod codeBase="C:\Users\Axinesis\Desktop\Fusion\AxError.Test\bin\Debug\AxError.Test.dll" adapterTypeName="NUnitForVSTS.NUnitTest.NUnitTestAdapter, NUnitForVSTS.NUnitTest, Version=5.1.0.0, Culture=neutral, PublicKeyToken=null" className="AxError.Test.GestionErreurTest" name="Erreur_Robot_OvertemperatureError_Bien_Traite" />
    </UnitTest>
    <UnitTest name="Therapeute_Connection_Login_Faux_Mdp_Bon" storage="c:\users\axinesis\desktop\fusion\axdata.test\bin\debug\axdata.test.dll" id="454cd542-f819-baab-5e5e-809ca9946cca" xmlns="AxData.Test">
      <Execution id="7ed0c705-154a-4c28-8cf9-061ec082f2a8" xmlns="http://microsoft.com/schemas/VisualStudio/TeamTest/2010" />
      <TestMethod codeBase="C:\Users\Axinesis\Desktop\Fusion\AxData.Test\bin\Debug\AxData.Test.dll" adapterTypeName="NUnitForVSTS.NUnitTest.NUnitTestAdapter, NUnitForVSTS.NUnitTest, Version=5.1.0.0, Culture=neutral, PublicKeyToken=null" className="AxData.Test.DataTherapeuteTest" name="Therapeute_Connection_Login_Faux_Mdp_Bon" />
    </UnitTest>
    <UnitTest name="Erreur_SqlException_Num53_Bien_Traite" storage="c:\users\axinesis\desktop\fusion\axerror.test\bin\debug\axerror.test.dll" id="ea2c6b0a-c912-2fce-46c5-ac0346f15352" xmlns="AxError.Test">
      <Execution id="4e42e3dc-0e6a-45dc-9550-658fce6cb0b1" xmlns="http://microsoft.com/schemas/VisualStudio/TeamTest/2010" />
      <TestMethod codeBase="C:\Users\Axinesis\Desktop\Fusion\AxError.Test\bin\Debug\AxError.Test.dll" adapterTypeName="NUnitForVSTS.NUnitTest.NUnitTestAdapter, NUnitForVSTS.NUnitTest, Version=5.1.0.0, Culture=neutral, PublicKeyToken=null" className="AxError.Test.GestionErreurTest" name="Erreur_SqlException_Num53_Bien_Traite" />
    </UnitTest>
    <UnitTest name="Exercice_Eval_Doit_Avoir_Big_Borne" storage="c:\users\axinesis\desktop\fusion\axexercicegenerator.test\bin\debug\axexercicegenerator.test.dll" id="6e80c6e1-e5cc-e094-8690-e0b15e42b61e" xmlns="AxExerciceGenerator.Test">
      <Execution id="6877e276-5ddb-45fb-829b-94acfd46c7c2" xmlns="http://microsoft.com/schemas/VisualStudio/TeamTest/2010" />
      <TestMethod codeBase="C:\Users\Axinesis\Desktop\Fusion\AxExerciceGenerator.Test\bin\Debug\AxExerciceGenerator.Test.dll" adapterTypeName="NUnitForVSTS.NUnitTest.NUnitTestAdapter, NUnitForVSTS.NUnitTest, Version=5.1.0.0, Culture=neutral, PublicKeyToken=null" className="AxExerciceGenerator.Test.ExerciceGeneratorTest" name="Exercice_Eval_Doit_Avoir_Big_Borne" />
    </UnitTest>
    <UnitTest name="Patient_ID1_Obligatoire" storage="c:\users\axinesis\desktop\fusion\axdata.test\bin\debug\axdata.test.dll" id="c49b8624-edd6-882f-a895-24bc1ddc98ef" xmlns="AxData.Test">
      <Execution id="35403c2b-efb1-4022-802f-46ed35015a5c" xmlns="http://microsoft.com/schemas/VisualStudio/TeamTest/2010" />
      <TestMethod codeBase="C:\Users\Axinesis\Desktop\Fusion\AxData.Test\bin\Debug\AxData.Test.dll" adapterTypeName="NUnitForVSTS.NUnitTest.NUnitTestAdapter, NUnitForVSTS.NUnitTest, Version=5.1.0.0, Culture=neutral, PublicKeyToken=null" className="AxData.Test.DataPatientTest" name="Patient_ID1_Obligatoire" />
    </UnitTest>
    <UnitTest name="Jeu_Doit_Etre_Type_Jeu_Avec_Bon_Theme_Difficile" storage="c:\users\axinesis\desktop\fusion\axexercicegenerator.test\bin\debug\axexercicegenerator.test.dll" id="1feb75d6-6075-769f-0ca5-c7a95c479767" xmlns="AxExerciceGenerator.Test">
      <Execution id="ec7f45c9-4bee-4dd1-9bf9-1ca3d21f9faa" xmlns="http://microsoft.com/schemas/VisualStudio/TeamTest/2010" />
      <TestMethod codeBase="C:\Users\Axinesis\Desktop\Fusion\AxExerciceGenerator.Test\bin\Debug\AxExerciceGenerator.Test.dll" adapterTypeName="NUnitForVSTS.NUnitTest.NUnitTestAdapter, NUnitForVSTS.NUnitTest, Version=5.1.0.0, Culture=neutral, PublicKeyToken=null" className="AxExerciceGenerator.Test.ExerciceGeneratorTest" name="Jeu_Doit_Etre_Type_Jeu_Avec_Bon_Theme_Difficile" />
    </UnitTest>
    <UnitTest name="CalcSommeAbs_retourne_positif_quand_reponse_positive" storage="c:\users\axinesis\desktop\fusion\axanalyse.test\bin\debug\axanalyse.test.dll" id="dc5d423e-851c-6658-b8be-e6a841de2fd1" xmlns="AxAnalyse.Test">
      <Execution id="65f963f9-a8db-4456-864c-ca96e21f43e8" xmlns="http://microsoft.com/schemas/VisualStudio/TeamTest/2010" />
      <TestMethod codeBase="C:\Users\Axinesis\Desktop\Fusion\AxAnalyse.Test\bin\Debug\AxAnalyse.Test.dll" adapterTypeName="NUnitForVSTS.NUnitTest.NUnitTestAdapter, NUnitForVSTS.NUnitTest, Version=5.1.0.0, Culture=neutral, PublicKeyToken=null" className="AxAnalyse.Test.AnalyseTest" name="CalcSommeAbs_retourne_positif_quand_reponse_positive" />
    </UnitTest>
    <UnitTest name="Patient_Poids_Obligatoire" storage="c:\users\axinesis\desktop\fusion\axdata.test\bin\debug\axdata.test.dll" id="20b118dc-27e8-ed17-0ac4-d5df103752d3" xmlns="AxData.Test">
      <Execution id="e9888b05-a00d-43ed-a0c7-f91c2882533f" xmlns="http://microsoft.com/schemas/VisualStudio/TeamTest/2010" />
      <TestMethod codeBase="C:\Users\Axinesis\Desktop\Fusion\AxData.Test\bin\Debug\AxData.Test.dll" adapterTypeName="NUnitForVSTS.NUnitTest.NUnitTestAdapter, NUnitForVSTS.NUnitTest, Version=5.1.0.0, Culture=neutral, PublicKeyToken=null" className="AxData.Test.DataPatientTest" name="Patient_Poids_Obligatoire" />
    </UnitTest>
    <UnitTest name="Therapeute_Nom_Obligatoire" storage="c:\users\axinesis\desktop\fusion\axdata.test\bin\debug\axdata.test.dll" id="70c3bcd2-30f3-dc55-d57b-3305735ab2fe" xmlns="AxData.Test">
      <Execution id="940e8020-0e1c-447c-8725-90c6dd05b401" xmlns="http://microsoft.com/schemas/VisualStudio/TeamTest/2010" />
      <TestMethod codeBase="C:\Users\Axinesis\Desktop\Fusion\AxData.Test\bin\Debug\AxData.Test.dll" adapterTypeName="NUnitForVSTS.NUnitTest.NUnitTestAdapter, NUnitForVSTS.NUnitTest, Version=5.1.0.0, Culture=neutral, PublicKeyToken=null" className="AxData.Test.DataTherapeuteTest" name="Therapeute_Nom_Obligatoire" />
    </UnitTest>
    <UnitTest name="Erreur_SqlException_Num10054_Bien_Traite" storage="c:\users\axinesis\desktop\fusion\axerror.test\bin\debug\axerror.test.dll" id="685bc9e4-6b9e-eafd-c8ef-4d24f897588d" xmlns="AxError.Test">
      <Execution id="c3a3e65e-9d05-4d4a-9503-39ea4a7380f1" xmlns="http://microsoft.com/schemas/VisualStudio/TeamTest/2010" />
      <TestMethod codeBase="C:\Users\Axinesis\Desktop\Fusion\AxError.Test\bin\Debug\AxError.Test.dll" adapterTypeName="NUnitForVSTS.NUnitTest.NUnitTestAdapter, NUnitForVSTS.NUnitTest, Version=5.1.0.0, Culture=neutral, PublicKeyToken=null" className="AxError.Test.GestionErreurTest" name="Erreur_SqlException_Num10054_Bien_Traite" />
    </UnitTest>
    <UnitTest name="Therapeute_Confirmation_Mot_De_Passe_Valide" storage="c:\users\axinesis\desktop\fusion\axdata.test\bin\debug\axdata.test.dll" id="70ebb40d-5861-d5c1-a3ef-791dade40bd9" xmlns="AxData.Test">
      <Execution id="90db1633-6647-4830-92fa-8dbfa3f52f83" xmlns="http://microsoft.com/schemas/VisualStudio/TeamTest/2010" />
      <TestMethod codeBase="C:\Users\Axinesis\Desktop\Fusion\AxData.Test\bin\Debug\AxData.Test.dll" adapterTypeName="NUnitForVSTS.NUnitTest.NUnitTestAdapter, NUnitForVSTS.NUnitTest, Version=5.1.0.0, Culture=neutral, PublicKeyToken=null" className="AxData.Test.DataTherapeuteTest" name="Therapeute_Confirmation_Mot_De_Passe_Valide" />
    </UnitTest>
    <UnitTest name="Erreur_SqlException_Num18452_Bien_Traite" storage="c:\users\axinesis\desktop\fusion\axerror.test\bin\debug\axerror.test.dll" id="4d48ca6b-511b-39ac-a68c-91352d15b1df" xmlns="AxError.Test">
      <Execution id="cfe9b3ea-24cd-45cf-b077-d7376fc7780d" xmlns="http://microsoft.com/schemas/VisualStudio/TeamTest/2010" />
      <TestMethod codeBase="C:\Users\Axinesis\Desktop\Fusion\AxError.Test\bin\Debug\AxError.Test.dll" adapterTypeName="NUnitForVSTS.NUnitTest.NUnitTestAdapter, NUnitForVSTS.NUnitTest, Version=5.1.0.0, Culture=neutral, PublicKeyToken=null" className="AxError.Test.GestionErreurTest" name="Erreur_SqlException_Num18452_Bien_Traite" />
    </UnitTest>
    <UnitTest name="Taille_Trop_Grande" storage="c:\users\axinesis\desktop\fusion\axerror.test\bin\debug\axerror.test.dll" id="d1d5bdee-95e1-826a-6e8c-92bd1b1d1870" xmlns="AxError.Test">
      <Execution id="42bcc4fd-d0f7-4408-ad39-c964a2a46810" xmlns="http://microsoft.com/schemas/VisualStudio/TeamTest/2010" />
      <TestMethod codeBase="C:\Users\Axinesis\Desktop\Fusion\AxError.Test\bin\Debug\AxError.Test.dll" adapterTypeName="NUnitForVSTS.NUnitTest.NUnitTestAdapter, NUnitForVSTS.NUnitTest, Version=5.1.0.0, Culture=neutral, PublicKeyToken=null" className="AxError.Test.ErrorInterfaceTest" name="Taille_Trop_Grande" />
    </UnitTest>
    <UnitTest name="Therapeute_Mot_De_Passe_Longeur_Valide" storage="c:\users\axinesis\desktop\fusion\axdata.test\bin\debug\axdata.test.dll" id="b7e43fdb-6e64-2c94-dcce-89d4bd434ec6" xmlns="AxData.Test">
      <Execution id="bbac0124-f289-43c3-aaa0-e3c552e56e2b" xmlns="http://microsoft.com/schemas/VisualStudio/TeamTest/2010" />
      <TestMethod codeBase="C:\Users\Axinesis\Desktop\Fusion\AxData.Test\bin\Debug\AxData.Test.dll" adapterTypeName="NUnitForVSTS.NUnitTest.NUnitTestAdapter, NUnitForVSTS.NUnitTest, Version=5.1.0.0, Culture=neutral, PublicKeyToken=null" className="AxData.Test.DataTherapeuteTest" name="Therapeute_Mot_De_Passe_Longeur_Valide" />
    </UnitTest>
    <UnitTest name="Inscription_Administrateur" storage="c:\users\axinesis\desktop\fusion\axdata.test\bin\debug\axdata.test.dll" id="9ef9f365-076b-fb6f-67f0-e145ead2e579" xmlns="AxData.Test">
      <Execution id="ddf4f365-4276-4e98-9c20-d682340b16f6" xmlns="http://microsoft.com/schemas/VisualStudio/TeamTest/2010" />
      <TestMethod codeBase="C:\Users\Axinesis\Desktop\Fusion\AxData.Test\bin\Debug\AxData.Test.dll" adapterTypeName="NUnitForVSTS.NUnitTest.NUnitTestAdapter, NUnitForVSTS.NUnitTest, Version=5.1.0.0, Culture=neutral, PublicKeyToken=null" className="AxData.Test.DataTherapeuteTest" name="Inscription_Administrateur" />
    </UnitTest>
    <UnitTest name="Patient_Prenom_Avec_Chiffre_Non_Valdie" storage="c:\users\axinesis\desktop\fusion\axerror.test\bin\debug\axerror.test.dll" id="753937c8-a9eb-1241-f3c3-39b8d5bc3c92" xmlns="AxError.Test">
      <Execution id="353d3592-80de-4e25-b7fa-9036a9f2abdb" xmlns="http://microsoft.com/schemas/VisualStudio/TeamTest/2010" />
      <TestMethod codeBase="C:\Users\Axinesis\Desktop\Fusion\AxError.Test\bin\Debug\AxError.Test.dll" adapterTypeName="NUnitForVSTS.NUnitTest.NUnitTestAdapter, NUnitForVSTS.NUnitTest, Version=5.1.0.0, Culture=neutral, PublicKeyToken=null" className="AxError.Test.ErrorInterfaceTest" name="Patient_Prenom_Avec_Chiffre_Non_Valdie" />
    </UnitTest>
    <UnitTest name="Digit_Apres_Decembre_1999_Correct" storage="c:\users\axinesis\desktop\fusion\axerror.test\bin\debug\axerror.test.dll" id="79e0f4ac-752d-6854-5869-d79798ecc5d8" xmlns="AxError.Test">
      <Execution id="a464b2c9-72c3-4ca9-85ca-78e209305391" xmlns="http://microsoft.com/schemas/VisualStudio/TeamTest/2010" />
      <TestMethod codeBase="C:\Users\Axinesis\Desktop\Fusion\AxError.Test\bin\Debug\AxError.Test.dll" adapterTypeName="NUnitForVSTS.NUnitTest.NUnitTestAdapter, NUnitForVSTS.NUnitTest, Version=5.1.0.0, Culture=neutral, PublicKeyToken=null" className="AxError.Test.ErrorInterfaceTest" name="Digit_Apres_Decembre_1999_Correct" />
    </UnitTest>
    <UnitTest name="Poids_Trop_Grand" storage="c:\users\axinesis\desktop\fusion\axerror.test\bin\debug\axerror.test.dll" id="25abb7b9-1485-9596-f399-1468ba684cfa" xmlns="AxError.Test">
      <Execution id="30f26b54-1dc0-438a-aebd-7424de5c68d4" xmlns="http://microsoft.com/schemas/VisualStudio/TeamTest/2010" />
      <TestMethod codeBase="C:\Users\Axinesis\Desktop\Fusion\AxError.Test\bin\Debug\AxError.Test.dll" adapterTypeName="NUnitForVSTS.NUnitTest.NUnitTestAdapter, NUnitForVSTS.NUnitTest, Version=5.1.0.0, Culture=neutral, PublicKeyToken=null" className="AxError.Test.ErrorInterfaceTest" name="Poids_Trop_Grand" />
    </UnitTest>
    <UnitTest name="Admin_Dans_La_Bd" storage="c:\users\axinesis\desktop\fusion\axdata.test\bin\debug\axdata.test.dll" id="ee9a69f6-cf44-b467-cc2a-1e750c89a07f" xmlns="AxData.Test">
      <Execution id="248ff096-817e-4f1b-a6aa-e39eb50aa6c8" xmlns="http://microsoft.com/schemas/VisualStudio/TeamTest/2010" />
      <TestMethod codeBase="C:\Users\Axinesis\Desktop\Fusion\AxData.Test\bin\Debug\AxData.Test.dll" adapterTypeName="NUnitForVSTS.NUnitTest.NUnitTestAdapter, NUnitForVSTS.NUnitTest, Version=5.1.0.0, Culture=neutral, PublicKeyToken=null" className="AxData.Test.DataTherapeuteTest" name="Admin_Dans_La_Bd" />
    </UnitTest>
    <UnitTest name="CalcSommeAbs_retourne_positif_quand_reponse_negative" storage="c:\users\axinesis\desktop\fusion\axanalyse.test\bin\debug\axanalyse.test.dll" id="23292fbe-adfa-993b-82f2-7c477d400857" xmlns="AxAnalyse.Test">
      <Execution id="7ebb5879-7763-45bf-9e8e-8b2d916c5d2c" xmlns="http://microsoft.com/schemas/VisualStudio/TeamTest/2010" />
      <TestMethod codeBase="C:\Users\Axinesis\Desktop\Fusion\AxAnalyse.Test\bin\Debug\AxAnalyse.Test.dll" adapterTypeName="NUnitForVSTS.NUnitTest.NUnitTestAdapter, NUnitForVSTS.NUnitTest, Version=5.1.0.0, Culture=neutral, PublicKeyToken=null" className="AxAnalyse.Test.AnalyseTest" name="CalcSommeAbs_retourne_positif_quand_reponse_negative" />
    </UnitTest>
    <UnitTest name="Deconnexion_Robot_Correcte" storage="c:\users\axinesis\desktop\fusion\axcommunication.test\bin\debug\axcommunication.test.dll" id="8786509f-e646-d735-fbae-09bb7ea9968d" xmlns="AxCommunication.Test">
      <Execution id="ddc569de-6032-4eea-8e4e-0a5afb6809a8" xmlns="http://microsoft.com/schemas/VisualStudio/TeamTest/2010" />
      <TestMethod codeBase="C:\Users\Axinesis\Desktop\Fusion\AxCommunication.Test\bin\Debug\AxCommunication.Test.dll" adapterTypeName="NUnitForVSTS.NUnitTest.NUnitTestAdapter, NUnitForVSTS.NUnitTest, Version=5.1.0.0, Culture=neutral, PublicKeyToken=null" className="AxCommunication.Test.PortSerieTest" name="Deconnexion_Robot_Correcte" />
    </UnitTest>
    <UnitTest name="Erreur_FileNotFoundException_Bien_Traite" storage="c:\users\axinesis\desktop\fusion\axerror.test\bin\debug\axerror.test.dll" id="46f2fb7c-cbb5-3f4f-7fbb-54c6e13304f7" xmlns="AxError.Test">
      <Execution id="c55c83fe-0945-4303-a3f6-9a48aa153509" xmlns="http://microsoft.com/schemas/VisualStudio/TeamTest/2010" />
      <TestMethod codeBase="C:\Users\Axinesis\Desktop\Fusion\AxError.Test\bin\Debug\AxError.Test.dll" adapterTypeName="NUnitForVSTS.NUnitTest.NUnitTestAdapter, NUnitForVSTS.NUnitTest, Version=5.1.0.0, Culture=neutral, PublicKeyToken=null" className="AxError.Test.GestionErreurTest" name="Erreur_FileNotFoundException_Bien_Traite" />
    </UnitTest>
    <UnitTest name="Poids_Est_Valide" storage="c:\users\axinesis\desktop\fusion\axerror.test\bin\debug\axerror.test.dll" id="29643fec-276c-0215-f794-e8f805cfc972" xmlns="AxError.Test">
      <Execution id="5ccc0197-b1b5-467d-8c4e-2367951b2b97" xmlns="http://microsoft.com/schemas/VisualStudio/TeamTest/2010" />
      <TestMethod codeBase="C:\Users\Axinesis\Desktop\Fusion\AxError.Test\bin\Debug\AxError.Test.dll" adapterTypeName="NUnitForVSTS.NUnitTest.NUnitTestAdapter, NUnitForVSTS.NUnitTest, Version=5.1.0.0, Culture=neutral, PublicKeyToken=null" className="AxError.Test.ErrorInterfaceTest" name="Poids_Est_Valide" />
    </UnitTest>
    <UnitTest name="Erreur_Robot_CanPassiveModeError_Bien_Traite" storage="c:\users\axinesis\desktop\fusion\axerror.test\bin\debug\axerror.test.dll" id="d70d4846-e790-2791-a7f6-aea47d197ce3" xmlns="AxError.Test">
      <Execution id="3d4a8c82-d241-47a4-8dd7-51f957372c88" xmlns="http://microsoft.com/schemas/VisualStudio/TeamTest/2010" />
      <TestMethod codeBase="C:\Users\Axinesis\Desktop\Fusion\AxError.Test\bin\Debug\AxError.Test.dll" adapterTypeName="NUnitForVSTS.NUnitTest.NUnitTestAdapter, NUnitForVSTS.NUnitTest, Version=5.1.0.0, Culture=neutral, PublicKeyToken=null" className="AxError.Test.GestionErreurTest" name="Erreur_Robot_CanPassiveModeError_Bien_Traite" />
    </UnitTest>
    <UnitTest name="Erreur_Robot_CanPdoLengthError_Bien_Traite" storage="c:\users\axinesis\desktop\fusion\axerror.test\bin\debug\axerror.test.dll" id="16cba0ff-f17e-3157-2151-135da05c3b77" xmlns="AxError.Test">
      <Execution id="ad5d7bc2-bde9-4369-a853-17b6f7d80b26" xmlns="http://microsoft.com/schemas/VisualStudio/TeamTest/2010" />
      <TestMethod codeBase="C:\Users\Axinesis\Desktop\Fusion\AxError.Test\bin\Debug\AxError.Test.dll" adapterTypeName="NUnitForVSTS.NUnitTest.NUnitTestAdapter, NUnitForVSTS.NUnitTest, Version=5.1.0.0, Culture=neutral, PublicKeyToken=null" className="AxError.Test.GestionErreurTest" name="Erreur_Robot_CanPdoLengthError_Bien_Traite" />
    </UnitTest>
    <UnitTest name="Erreur_Robot_CanRxQueueOverflowError_Bien_Traite" storage="c:\users\axinesis\desktop\fusion\axerror.test\bin\debug\axerror.test.dll" id="4bc6e967-6d6d-55dc-5667-6491a42879ce" xmlns="AxError.Test">
      <Execution id="9cb81ad5-fdf3-491d-9e3f-9bc529615b92" xmlns="http://microsoft.com/schemas/VisualStudio/TeamTest/2010" />
      <TestMethod codeBase="C:\Users\Axinesis\Desktop\Fusion\AxError.Test\bin\Debug\AxError.Test.dll" adapterTypeName="NUnitForVSTS.NUnitTest.NUnitTestAdapter, NUnitForVSTS.NUnitTest, Version=5.1.0.0, Culture=neutral, PublicKeyToken=null" className="AxError.Test.GestionErreurTest" name="Erreur_Robot_CanRxQueueOverflowError_Bien_Traite" />
    </UnitTest>
    <UnitTest name="Therapeute_Nom_Utilisateur_Obligatoire" storage="c:\users\axinesis\desktop\fusion\axdata.test\bin\debug\axdata.test.dll" id="d7da732c-fc15-83c6-835a-a08965ba8304" xmlns="AxData.Test">
      <Execution id="f15fb6e5-04da-4165-b2f1-eb3aeeb6a839" xmlns="http://microsoft.com/schemas/VisualStudio/TeamTest/2010" />
      <TestMethod codeBase="C:\Users\Axinesis\Desktop\Fusion\AxData.Test\bin\Debug\AxData.Test.dll" adapterTypeName="NUnitForVSTS.NUnitTest.NUnitTestAdapter, NUnitForVSTS.NUnitTest, Version=5.1.0.0, Culture=neutral, PublicKeyToken=null" className="AxData.Test.DataTherapeuteTest" name="Therapeute_Nom_Utilisateur_Obligatoire" />
    </UnitTest>
    <UnitTest name="Erreur_SqlException_Autres_Num_Bien_Traite" storage="c:\users\axinesis\desktop\fusion\axerror.test\bin\debug\axerror.test.dll" id="93a6a4eb-88a4-190c-4984-549fd5627b92" xmlns="AxError.Test">
      <Execution id="6e4b8568-4ab1-448e-b4db-21e9144b9f2b" xmlns="http://microsoft.com/schemas/VisualStudio/TeamTest/2010" />
      <TestMethod codeBase="C:\Users\Axinesis\Desktop\Fusion\AxError.Test\bin\Debug\AxError.Test.dll" adapterTypeName="NUnitForVSTS.NUnitTest.NUnitTestAdapter, NUnitForVSTS.NUnitTest, Version=5.1.0.0, Culture=neutral, PublicKeyToken=null" className="AxError.Test.GestionErreurTest" name="Erreur_SqlException_Autres_Num_Bien_Traite" />
    </UnitTest>
    <UnitTest name="Therapeute_Mot_De_Passe_Obligatoire" storage="c:\users\axinesis\desktop\fusion\axdata.test\bin\debug\axdata.test.dll" id="0e500537-d2d9-f5ab-8260-b5ce8dde6259" xmlns="AxData.Test">
      <Execution id="c75bb574-ca17-4c3f-ab32-01ec3a465421" xmlns="http://microsoft.com/schemas/VisualStudio/TeamTest/2010" />
      <TestMethod codeBase="C:\Users\Axinesis\Desktop\Fusion\AxData.Test\bin\Debug\AxData.Test.dll" adapterTypeName="NUnitForVSTS.NUnitTest.NUnitTestAdapter, NUnitForVSTS.NUnitTest, Version=5.1.0.0, Culture=neutral, PublicKeyToken=null" className="AxData.Test.DataTherapeuteTest" name="Therapeute_Mot_De_Passe_Obligatoire" />
    </UnitTest>
    <UnitTest name="Vitesse_Moyenne" storage="c:\users\axinesis\desktop\fusion\axanalyse.test\bin\debug\axanalyse.test.dll" id="d1e4e0aa-1b84-a4ad-c411-f5ed64c5a640" xmlns="AxAnalyse.Test">
      <Execution id="c2f3daf8-575b-4257-b620-d9e9b3c4c8b0" xmlns="http://microsoft.com/schemas/VisualStudio/TeamTest/2010" />
      <TestMethod codeBase="C:\Users\Axinesis\Desktop\Fusion\AxAnalyse.Test\bin\Debug\AxAnalyse.Test.dll" adapterTypeName="NUnitForVSTS.NUnitTest.NUnitTestAdapter, NUnitForVSTS.NUnitTest, Version=5.1.0.0, Culture=neutral, PublicKeyToken=null" className="AxAnalyse.Test.AnalyseTest" name="Vitesse_Moyenne" />
    </UnitTest>
    <UnitTest name="Erreur_Robot_InterpolatedPositionModeError_Bien_Traite" storage="c:\users\axinesis\desktop\fusion\axerror.test\bin\debug\axerror.test.dll" id="10be6209-de22-6fa7-f60a-ee638c41144c" xmlns="AxError.Test">
      <Execution id="72a17320-9481-49e7-9fca-f4c8b17bfc1a" xmlns="http://microsoft.com/schemas/VisualStudio/TeamTest/2010" />
      <TestMethod codeBase="C:\Users\Axinesis\Desktop\Fusion\AxError.Test\bin\Debug\AxError.Test.dll" adapterTypeName="NUnitForVSTS.NUnitTest.NUnitTestAdapter, NUnitForVSTS.NUnitTest, Version=5.1.0.0, Culture=neutral, PublicKeyToken=null" className="AxError.Test.GestionErreurTest" name="Erreur_Robot_InterpolatedPositionModeError_Bien_Traite" />
    </UnitTest>
    <UnitTest name="Digit_Avant_Janvier_2000_Correct" storage="c:\users\axinesis\desktop\fusion\axerror.test\bin\debug\axerror.test.dll" id="4be11f3f-9c9b-c3c0-0181-9cf372e78a39" xmlns="AxError.Test">
      <Execution id="f6cc4ce1-e2a5-41cc-b5d4-6c4cde5279dc" xmlns="http://microsoft.com/schemas/VisualStudio/TeamTest/2010" />
      <TestMethod codeBase="C:\Users\Axinesis\Desktop\Fusion\AxError.Test\bin\Debug\AxError.Test.dll" adapterTypeName="NUnitForVSTS.NUnitTest.NUnitTestAdapter, NUnitForVSTS.NUnitTest, Version=5.1.0.0, Culture=neutral, PublicKeyToken=null" className="AxError.Test.ErrorInterfaceTest" name="Digit_Avant_Janvier_2000_Correct" />
    </UnitTest>
    <UnitTest name="Patient_Sexe_Obligatoire" storage="c:\users\axinesis\desktop\fusion\axdata.test\bin\debug\axdata.test.dll" id="73ff9664-9e53-3c8b-c732-477aeaf16de3" xmlns="AxData.Test">
      <Execution id="0c3b6f11-baca-40bc-a9eb-0924d7cf1e0e" xmlns="http://microsoft.com/schemas/VisualStudio/TeamTest/2010" />
      <TestMethod codeBase="C:\Users\Axinesis\Desktop\Fusion\AxData.Test\bin\Debug\AxData.Test.dll" adapterTypeName="NUnitForVSTS.NUnitTest.NUnitTestAdapter, NUnitForVSTS.NUnitTest, Version=5.1.0.0, Culture=neutral, PublicKeyToken=null" className="AxData.Test.DataPatientTest" name="Patient_Sexe_Obligatoire" />
    </UnitTest>
    <UnitTest name="Erreur_Robot_HallSensorNotFoundError_Bien_Traite" storage="c:\users\axinesis\desktop\fusion\axerror.test\bin\debug\axerror.test.dll" id="eefbf66d-ed2c-e00b-7d18-b2f0db937ce7" xmlns="AxError.Test">
      <Execution id="81f603cf-9ed8-4aaf-99c3-73df927d6f3f" xmlns="http://microsoft.com/schemas/VisualStudio/TeamTest/2010" />
      <TestMethod codeBase="C:\Users\Axinesis\Desktop\Fusion\AxError.Test\bin\Debug\AxError.Test.dll" adapterTypeName="NUnitForVSTS.NUnitTest.NUnitTestAdapter, NUnitForVSTS.NUnitTest, Version=5.1.0.0, Culture=neutral, PublicKeyToken=null" className="AxError.Test.GestionErreurTest" name="Erreur_Robot_HallSensorNotFoundError_Bien_Traite" />
    </UnitTest>
    <UnitTest name="Erreur_Robot_CanTxQueueOverflowError_Bien_Traite" storage="c:\users\axinesis\desktop\fusion\axerror.test\bin\debug\axerror.test.dll" id="5e7d6af5-64cc-1804-ddd0-8cb7d33a7c25" xmlns="AxError.Test">
      <Execution id="16559485-de4d-41c7-85a5-daeff259def7" xmlns="http://microsoft.com/schemas/VisualStudio/TeamTest/2010" />
      <TestMethod codeBase="C:\Users\Axinesis\Desktop\Fusion\AxError.Test\bin\Debug\AxError.Test.dll" adapterTypeName="NUnitForVSTS.NUnitTest.NUnitTestAdapter, NUnitForVSTS.NUnitTest, Version=5.1.0.0, Culture=neutral, PublicKeyToken=null" className="AxError.Test.GestionErreurTest" name="Erreur_Robot_CanTxQueueOverflowError_Bien_Traite" />
    </UnitTest>
    <UnitTest name="Patient_Nom_Obligatoire" storage="c:\users\axinesis\desktop\fusion\axdata.test\bin\debug\axdata.test.dll" id="5f4e818c-59f5-ec74-a477-f33dd5087204" xmlns="AxData.Test">
      <Execution id="e40ed364-e342-4546-8dd7-726791717de7" xmlns="http://microsoft.com/schemas/VisualStudio/TeamTest/2010" />
      <TestMethod codeBase="C:\Users\Axinesis\Desktop\Fusion\AxData.Test\bin\Debug\AxData.Test.dll" adapterTypeName="NUnitForVSTS.NUnitTest.NUnitTestAdapter, NUnitForVSTS.NUnitTest, Version=5.1.0.0, Culture=neutral, PublicKeyToken=null" className="AxData.Test.DataPatientTest" name="Patient_Nom_Obligatoire" />
    </UnitTest>
    <UnitTest name="Jeu_Doit_Etre_Type_Jeu_Avec_Bon_Theme_Expert" storage="c:\users\axinesis\desktop\fusion\axexercicegenerator.test\bin\debug\axexercicegenerator.test.dll" id="9f809847-62e4-7ae9-163a-caf99776f5c1" xmlns="AxExerciceGenerator.Test">
      <Execution id="e19b0c10-c6ca-4fd1-958d-2031141b9a8c" xmlns="http://microsoft.com/schemas/VisualStudio/TeamTest/2010" />
      <TestMethod codeBase="C:\Users\Axinesis\Desktop\Fusion\AxExerciceGenerator.Test\bin\Debug\AxExerciceGenerator.Test.dll" adapterTypeName="NUnitForVSTS.NUnitTest.NUnitTestAdapter, NUnitForVSTS.NUnitTest, Version=5.1.0.0, Culture=neutral, PublicKeyToken=null" className="AxExerciceGenerator.Test.ExerciceGeneratorTest" name="Jeu_Doit_Etre_Type_Jeu_Avec_Bon_Theme_Expert" />
    </UnitTest>
    <UnitTest name="Erreur_Robot_CanOverrunErrorObjectsLost_Bien_Traite" storage="c:\users\axinesis\desktop\fusion\axerror.test\bin\debug\axerror.test.dll" id="b327e7c1-b25a-ea16-5827-7059ea867750" xmlns="AxError.Test">
      <Execution id="a91869c7-2e87-4e24-8a43-aea190d7b58f" xmlns="http://microsoft.com/schemas/VisualStudio/TeamTest/2010" />
      <TestMethod codeBase="C:\Users\Axinesis\Desktop\Fusion\AxError.Test\bin\Debug\AxError.Test.dll" adapterTypeName="NUnitForVSTS.NUnitTest.NUnitTestAdapter, NUnitForVSTS.NUnitTest, Version=5.1.0.0, Culture=neutral, PublicKeyToken=null" className="AxError.Test.GestionErreurTest" name="Erreur_Robot_CanOverrunErrorObjectsLost_Bien_Traite" />
    </UnitTest>
    <UnitTest name="Taille_Est_Valide" storage="c:\users\axinesis\desktop\fusion\axerror.test\bin\debug\axerror.test.dll" id="a844c7b5-b6b2-c536-6130-0a3921ce9bd8" xmlns="AxError.Test">
      <Execution id="60135039-d117-434d-9034-f624e1ac7bcb" xmlns="http://microsoft.com/schemas/VisualStudio/TeamTest/2010" />
      <TestMethod codeBase="C:\Users\Axinesis\Desktop\Fusion\AxError.Test\bin\Debug\AxError.Test.dll" adapterTypeName="NUnitForVSTS.NUnitTest.NUnitTestAdapter, NUnitForVSTS.NUnitTest, Version=5.1.0.0, Culture=neutral, PublicKeyToken=null" className="AxError.Test.ErrorInterfaceTest" name="Taille_Est_Valide" />
    </UnitTest>
    <UnitTest name="Exercice_Doit_Etre_Type_Carre_Sans_Theme" storage="c:\users\axinesis\desktop\fusion\axexercicegenerator.test\bin\debug\axexercicegenerator.test.dll" id="3be5bb77-d5a9-c355-1514-f9619c4abc76" xmlns="AxExerciceGenerator.Test">
      <Execution id="77235997-0ef4-42b8-9ead-94d96bbc8318" xmlns="http://microsoft.com/schemas/VisualStudio/TeamTest/2010" />
      <TestMethod codeBase="C:\Users\Axinesis\Desktop\Fusion\AxExerciceGenerator.Test\bin\Debug\AxExerciceGenerator.Test.dll" adapterTypeName="NUnitForVSTS.NUnitTest.NUnitTestAdapter, NUnitForVSTS.NUnitTest, Version=5.1.0.0, Culture=neutral, PublicKeyToken=null" className="AxExerciceGenerator.Test.ExerciceGeneratorTest" name="Exercice_Doit_Etre_Type_Carre_Sans_Theme" />
    </UnitTest>
    <UnitTest name="Therapeute_Nom_Valide" storage="c:\users\axinesis\desktop\fusion\axdata.test\bin\debug\axdata.test.dll" id="7a5257a4-6838-27e7-097e-fee1f1076112" xmlns="AxData.Test">
      <Execution id="b534e3f8-c256-4632-a882-8a62e1495b7d" xmlns="http://microsoft.com/schemas/VisualStudio/TeamTest/2010" />
      <TestMethod codeBase="C:\Users\Axinesis\Desktop\Fusion\AxData.Test\bin\Debug\AxData.Test.dll" adapterTypeName="NUnitForVSTS.NUnitTest.NUnitTestAdapter, NUnitForVSTS.NUnitTest, Version=5.1.0.0, Culture=neutral, PublicKeyToken=null" className="AxData.Test.DataTherapeuteTest" name="Therapeute_Nom_Valide" />
    </UnitTest>
    <UnitTest name="Erreur_WrongSerialPortException_Bien_Traite" storage="c:\users\axinesis\desktop\fusion\axerror.test\bin\debug\axerror.test.dll" id="99f400bb-0ada-6022-1c6a-8a51a33a69ad" xmlns="AxError.Test">
      <Execution id="3d9e1a6d-dc16-4bb1-99ac-860766217b12" xmlns="http://microsoft.com/schemas/VisualStudio/TeamTest/2010" />
      <TestMethod codeBase="C:\Users\Axinesis\Desktop\Fusion\AxError.Test\bin\Debug\AxError.Test.dll" adapterTypeName="NUnitForVSTS.NUnitTest.NUnitTestAdapter, NUnitForVSTS.NUnitTest, Version=5.1.0.0, Culture=neutral, PublicKeyToken=null" className="AxError.Test.GestionErreurTest" name="Erreur_WrongSerialPortException_Bien_Traite" />
    </UnitTest>
    <UnitTest name="Erreur_Robot_FollowingError_Bien_Traite" storage="c:\users\axinesis\desktop\fusion\axerror.test\bin\debug\axerror.test.dll" id="2e360870-3d74-91af-79e4-be8d529dd362" xmlns="AxError.Test">
      <Execution id="43aecaea-ec76-4b12-8f88-eb2837497c1f" xmlns="http://microsoft.com/schemas/VisualStudio/TeamTest/2010" />
      <TestMethod codeBase="C:\Users\Axinesis\Desktop\Fusion\AxError.Test\bin\Debug\AxError.Test.dll" adapterTypeName="NUnitForVSTS.NUnitTest.NUnitTestAdapter, NUnitForVSTS.NUnitTest, Version=5.1.0.0, Culture=neutral, PublicKeyToken=null" className="AxError.Test.GestionErreurTest" name="Erreur_Robot_FollowingError_Bien_Traite" />
    </UnitTest>
    <UnitTest name="Erreur_Robot_AutoTuningIdentificationError_Bien_Traite" storage="c:\users\axinesis\desktop\fusion\axerror.test\bin\debug\axerror.test.dll" id="e0898479-7725-95c5-c9c2-c8ebc6704474" xmlns="AxError.Test">
      <Execution id="ac0f6923-178d-4af5-8724-5e010dac717b" xmlns="http://microsoft.com/schemas/VisualStudio/TeamTest/2010" />
      <TestMethod codeBase="C:\Users\Axinesis\Desktop\Fusion\AxError.Test\bin\Debug\AxError.Test.dll" adapterTypeName="NUnitForVSTS.NUnitTest.NUnitTestAdapter, NUnitForVSTS.NUnitTest, Version=5.1.0.0, Culture=neutral, PublicKeyToken=null" className="AxError.Test.GestionErreurTest" name="Erreur_Robot_AutoTuningIdentificationError_Bien_Traite" />
    </UnitTest>
    <UnitTest name="Therapeute_Doit_Etre_Admin" storage="c:\users\axinesis\desktop\fusion\axdata.test\bin\debug\axdata.test.dll" id="8df30bf8-76cd-877b-8f7e-5c4d83da39af" xmlns="AxData.Test">
      <Execution id="9432ddc9-08a3-4db8-bbab-cac757339a38" xmlns="http://microsoft.com/schemas/VisualStudio/TeamTest/2010" />
      <TestMethod codeBase="C:\Users\Axinesis\Desktop\Fusion\AxData.Test\bin\Debug\AxData.Test.dll" adapterTypeName="NUnitForVSTS.NUnitTest.NUnitTestAdapter, NUnitForVSTS.NUnitTest, Version=5.1.0.0, Culture=neutral, PublicKeyToken=null" className="AxData.Test.DataTherapeuteTest" name="Therapeute_Doit_Etre_Admin" />
    </UnitTest>
    <UnitTest name="Exercice_Doit_Etre_Type_FreeAmpl_Avec_Theme" storage="c:\users\axinesis\desktop\fusion\axexercicegenerator.test\bin\debug\axexercicegenerator.test.dll" id="a1966c6a-89d2-337f-4636-dc1c68800169" xmlns="AxExerciceGenerator.Test">
      <Execution id="411bea9c-c638-4006-b5f3-33416c3c3526" xmlns="http://microsoft.com/schemas/VisualStudio/TeamTest/2010" />
      <TestMethod codeBase="C:\Users\Axinesis\Desktop\Fusion\AxExerciceGenerator.Test\bin\Debug\AxExerciceGenerator.Test.dll" adapterTypeName="NUnitForVSTS.NUnitTest.NUnitTestAdapter, NUnitForVSTS.NUnitTest, Version=5.1.0.0, Culture=neutral, PublicKeyToken=null" className="AxExerciceGenerator.Test.ExerciceGeneratorTest" name="Exercice_Doit_Etre_Type_FreeAmpl_Avec_Theme" />
    </UnitTest>
    <UnitTest name="Quitter_Exercice_En_Cours_Oui_Vers_HomeViewModel" storage="c:\users\axinesis\desktop\fusion\axnavigation.test\bin\debug\axnavigation.test.dll" id="432be06a-e2a8-0624-2aba-809b91f8a164" xmlns="AxNavigation.Test">
      <Execution id="5e6c058a-6f7a-4cb1-b280-8b66bec0bdbd" xmlns="http://microsoft.com/schemas/VisualStudio/TeamTest/2010" />
      <TestMethod codeBase="C:\Users\Axinesis\Desktop\Fusion\AxNavigation.Test\bin\Debug\AxNavigation.Test.dll" adapterTypeName="NUnitForVSTS.NUnitTest.NUnitTestAdapter, NUnitForVSTS.NUnitTest, Version=5.1.0.0, Culture=neutral, PublicKeyToken=null" className="AxNavigation.Test.NavigationVisualisationViewModelTest" name="Quitter_Exercice_En_Cours_Oui_Vers_HomeViewModel" />
    </UnitTest>
    <UnitTest name="Erreur_Robot_EncoderResolutionError_Bien_Traite" storage="c:\users\axinesis\desktop\fusion\axerror.test\bin\debug\axerror.test.dll" id="f6381e6b-e08a-f44f-1c2d-4a4e13a50dfd" xmlns="AxError.Test">
      <Execution id="1c59cf11-02aa-4cee-b902-77b948e47ae1" xmlns="http://microsoft.com/schemas/VisualStudio/TeamTest/2010" />
      <TestMethod codeBase="C:\Users\Axinesis\Desktop\Fusion\AxError.Test\bin\Debug\AxError.Test.dll" adapterTypeName="NUnitForVSTS.NUnitTest.NUnitTestAdapter, NUnitForVSTS.NUnitTest, Version=5.1.0.0, Culture=neutral, PublicKeyToken=null" className="AxError.Test.GestionErreurTest" name="Erreur_Robot_EncoderResolutionError_Bien_Traite" />
    </UnitTest>
    <UnitTest name="Therapeute_Prenom_Valide" storage="c:\users\axinesis\desktop\fusion\axdata.test\bin\debug\axdata.test.dll" id="35595230-5bd0-ff18-4c33-6a82b4105ca2" xmlns="AxData.Test">
      <Execution id="f2a06564-2fbb-46d4-811b-2dd4f1ecb0ba" xmlns="http://microsoft.com/schemas/VisualStudio/TeamTest/2010" />
      <TestMethod codeBase="C:\Users\Axinesis\Desktop\Fusion\AxData.Test\bin\Debug\AxData.Test.dll" adapterTypeName="NUnitForVSTS.NUnitTest.NUnitTestAdapter, NUnitForVSTS.NUnitTest, Version=5.1.0.0, Culture=neutral, PublicKeyToken=null" className="AxData.Test.DataTherapeuteTest" name="Therapeute_Prenom_Valide" />
    </UnitTest>
    <UnitTest name="Erreur_Robot_SupplyVoltageOutputStageTooLow_Bien_Traite" storage="c:\users\axinesis\desktop\fusion\axerror.test\bin\debug\axerror.test.dll" id="0d760264-1fec-2999-c240-365c64ffbe15" xmlns="AxError.Test">
      <Execution id="fcce5364-4ad2-42d8-8f1c-84d198b2e5cf" xmlns="http://microsoft.com/schemas/VisualStudio/TeamTest/2010" />
      <TestMethod codeBase="C:\Users\Axinesis\Desktop\Fusion\AxError.Test\bin\Debug\AxError.Test.dll" adapterTypeName="NUnitForVSTS.NUnitTest.NUnitTestAdapter, NUnitForVSTS.NUnitTest, Version=5.1.0.0, Culture=neutral, PublicKeyToken=null" className="AxError.Test.GestionErreurTest" name="Erreur_Robot_SupplyVoltageOutputStageTooLow_Bien_Traite" />
    </UnitTest>
    <UnitTest name="Therapeute_Login_Mdp_Doivent_Etre_Rempli" storage="c:\users\axinesis\desktop\fusion\axdata.test\bin\debug\axdata.test.dll" id="354fc1a4-174b-33c4-c868-90f05d831a1a" xmlns="AxData.Test">
      <Execution id="c989f664-41eb-4b6a-82c9-759b0dc4a795" xmlns="http://microsoft.com/schemas/VisualStudio/TeamTest/2010" />
      <TestMethod codeBase="C:\Users\Axinesis\Desktop\Fusion\AxData.Test\bin\Debug\AxData.Test.dll" adapterTypeName="NUnitForVSTS.NUnitTest.NUnitTestAdapter, NUnitForVSTS.NUnitTest, Version=5.1.0.0, Culture=neutral, PublicKeyToken=null" className="AxData.Test.DataTherapeuteTest" name="Therapeute_Login_Mdp_Doivent_Etre_Rempli" />
    </UnitTest>
    <UnitTest name="Erreur_Robot_OvercurrentError_Bien_Traite" storage="c:\users\axinesis\desktop\fusion\axerror.test\bin\debug\axerror.test.dll" id="4ff74c24-6e9b-810e-a11a-0426b9c06e93" xmlns="AxError.Test">
      <Execution id="ac265db6-2bc3-4bb0-80a3-1b2db6dc0f67" xmlns="http://microsoft.com/schemas/VisualStudio/TeamTest/2010" />
      <TestMethod codeBase="C:\Users\Axinesis\Desktop\Fusion\AxError.Test\bin\Debug\AxError.Test.dll" adapterTypeName="NUnitForVSTS.NUnitTest.NUnitTestAdapter, NUnitForVSTS.NUnitTest, Version=5.1.0.0, Culture=neutral, PublicKeyToken=null" className="AxError.Test.GestionErreurTest" name="Erreur_Robot_OvercurrentError_Bien_Traite" />
    </UnitTest>
    <UnitTest name="Patient_Prenom_Est_Valide" storage="c:\users\axinesis\desktop\fusion\axerror.test\bin\debug\axerror.test.dll" id="ee85c135-d168-c271-408c-240e4713e404" xmlns="AxError.Test">
      <Execution id="bd9ba58d-c500-4a26-9938-49664dcdbbc7" xmlns="http://microsoft.com/schemas/VisualStudio/TeamTest/2010" />
      <TestMethod codeBase="C:\Users\Axinesis\Desktop\Fusion\AxError.Test\bin\Debug\AxError.Test.dll" adapterTypeName="NUnitForVSTS.NUnitTest.NUnitTestAdapter, NUnitForVSTS.NUnitTest, Version=5.1.0.0, Culture=neutral, PublicKeyToken=null" className="AxError.Test.ErrorInterfaceTest" name="Patient_Prenom_Est_Valide" />
    </UnitTest>
    <UnitTest name="Distance_Entre_Plusieur_Points" storage="c:\users\axinesis\desktop\fusion\axanalyse.test\bin\debug\axanalyse.test.dll" id="c5df75b3-144c-2597-17e1-ed5cf6d153e4" xmlns="AxAnalyse.Test">
      <Execution id="c4952581-2eb3-479e-b602-b472c6c7529d" xmlns="http://microsoft.com/schemas/VisualStudio/TeamTest/2010" />
      <TestMethod codeBase="C:\Users\Axinesis\Desktop\Fusion\AxAnalyse.Test\bin\Debug\AxAnalyse.Test.dll" adapterTypeName="NUnitForVSTS.NUnitTest.NUnitTestAdapter, NUnitForVSTS.NUnitTest, Version=5.1.0.0, Culture=neutral, PublicKeyToken=null" className="AxAnalyse.Test.AnalyseTest" name="Distance_Entre_Plusieur_Points" />
    </UnitTest>
    <UnitTest name="Patient_ID2_Obligatoire" storage="c:\users\axinesis\desktop\fusion\axdata.test\bin\debug\axdata.test.dll" id="8ba1fb0e-b6e5-ffa6-335a-2d325b6a0e71" xmlns="AxData.Test">
      <Execution id="a623b922-8584-4177-9e3e-4c757f14c1c8" xmlns="http://microsoft.com/schemas/VisualStudio/TeamTest/2010" />
      <TestMethod codeBase="C:\Users\Axinesis\Desktop\Fusion\AxData.Test\bin\Debug\AxData.Test.dll" adapterTypeName="NUnitForVSTS.NUnitTest.NUnitTestAdapter, NUnitForVSTS.NUnitTest, Version=5.1.0.0, Culture=neutral, PublicKeyToken=null" className="AxData.Test.DataPatientTest" name="Patient_ID2_Obligatoire" />
    </UnitTest>
    <UnitTest name="Patient_Bien_Supprime" storage="c:\users\axinesis\desktop\fusion\axdata.test\bin\debug\axdata.test.dll" id="2773513e-6b8c-7f26-cda7-ed323f58b406" xmlns="AxData.Test">
      <Execution id="803b4c20-40da-49c1-a799-785ec55720a4" xmlns="http://microsoft.com/schemas/VisualStudio/TeamTest/2010" />
      <TestMethod codeBase="C:\Users\Axinesis\Desktop\Fusion\AxData.Test\bin\Debug\AxData.Test.dll" adapterTypeName="NUnitForVSTS.NUnitTest.NUnitTestAdapter, NUnitForVSTS.NUnitTest, Version=5.1.0.0, Culture=neutral, PublicKeyToken=null" className="AxData.Test.DataPatientTest" name="Patient_Bien_Supprime" />
    </UnitTest>
    <UnitTest name="Bonne_Date_Patient_Trouve" storage="c:\users\axinesis\desktop\fusion\axdata.test\bin\debug\axdata.test.dll" id="9a9c9aca-748b-bfa8-d869-cf515d3be60d" xmlns="AxData.Test">
      <Execution id="b803bbcd-ca64-4526-bdb6-8a922c0ebbff" xmlns="http://microsoft.com/schemas/VisualStudio/TeamTest/2010" />
      <TestMethod codeBase="C:\Users\Axinesis\Desktop\Fusion\AxData.Test\bin\Debug\AxData.Test.dll" adapterTypeName="NUnitForVSTS.NUnitTest.NUnitTestAdapter, NUnitForVSTS.NUnitTest, Version=5.1.0.0, Culture=neutral, PublicKeyToken=null" className="AxData.Test.DataPatientTest" name="Bonne_Date_Patient_Trouve" />
    </UnitTest>
    <UnitTest name="Digit_Apres_Decembre_1999_Mauvais" storage="c:\users\axinesis\desktop\fusion\axerror.test\bin\debug\axerror.test.dll" id="801619e0-4c6a-c192-158c-5c744706c07f" xmlns="AxError.Test">
      <Execution id="8588f54b-9e8c-4816-9a19-a9dc1efb2052" xmlns="http://microsoft.com/schemas/VisualStudio/TeamTest/2010" />
      <TestMethod codeBase="C:\Users\Axinesis\Desktop\Fusion\AxError.Test\bin\Debug\AxError.Test.dll" adapterTypeName="NUnitForVSTS.NUnitTest.NUnitTestAdapter, NUnitForVSTS.NUnitTest, Version=5.1.0.0, Culture=neutral, PublicKeyToken=null" className="AxError.Test.ErrorInterfaceTest" name="Digit_Apres_Decembre_1999_Mauvais" />
    </UnitTest>
    <UnitTest name="Erreur_SqlException_Num2_Bien_Traite" storage="c:\users\axinesis\desktop\fusion\axerror.test\bin\debug\axerror.test.dll" id="9675d6c5-a9f0-d1b1-dc83-f2159bbe4e61" xmlns="AxError.Test">
      <Execution id="21dce423-556d-4b69-a601-ffd55090e000" xmlns="http://microsoft.com/schemas/VisualStudio/TeamTest/2010" />
      <TestMethod codeBase="C:\Users\Axinesis\Desktop\Fusion\AxError.Test\bin\Debug\AxError.Test.dll" adapterTypeName="NUnitForVSTS.NUnitTest.NUnitTestAdapter, NUnitForVSTS.NUnitTest, Version=5.1.0.0, Culture=neutral, PublicKeyToken=null" className="AxError.Test.GestionErreurTest" name="Erreur_SqlException_Num2_Bien_Traite" />
    </UnitTest>
    <UnitTest name="DecoThérapeute_Oui_Vers_ConnexionTherapeuteViewModel" storage="c:\users\axinesis\desktop\fusion\axnavigation.test\bin\debug\axnavigation.test.dll" id="e2a9821c-c720-fc4f-49a9-2e55aa444d68" xmlns="AxNavigation.Test">
      <Execution id="4236da96-333b-42b7-b296-6b46006ca094" xmlns="http://microsoft.com/schemas/VisualStudio/TeamTest/2010" />
      <TestMethod codeBase="C:\Users\Axinesis\Desktop\Fusion\AxNavigation.Test\bin\Debug\AxNavigation.Test.dll" adapterTypeName="NUnitForVSTS.NUnitTest.NUnitTestAdapter, NUnitForVSTS.NUnitTest, Version=5.1.0.0, Culture=neutral, PublicKeyToken=null" className="AxNavigation.Test.NavigationHomeViewModelTest" name="DecoThérapeute_Oui_Vers_ConnexionTherapeuteViewModel" />
    </UnitTest>
    <UnitTest name="Erreur_Robot_SoftwareParameterError_Bien_Traite" storage="c:\users\axinesis\desktop\fusion\axerror.test\bin\debug\axerror.test.dll" id="0929b123-960f-6dfd-d048-b9956810fb4f" xmlns="AxError.Test">
      <Execution id="14d2f72f-61e2-4cc2-9ee4-632a19b7c66d" xmlns="http://microsoft.com/schemas/VisualStudio/TeamTest/2010" />
      <TestMethod codeBase="C:\Users\Axinesis\Desktop\Fusion\AxError.Test\bin\Debug\AxError.Test.dll" adapterTypeName="NUnitForVSTS.NUnitTest.NUnitTestAdapter, NUnitForVSTS.NUnitTest, Version=5.1.0.0, Culture=neutral, PublicKeyToken=null" className="AxError.Test.GestionErreurTest" name="Erreur_Robot_SoftwareParameterError_Bien_Traite" />
    </UnitTest>
    <UnitTest name="Quitter_Exercice_Vers_HomeViewModel" storage="c:\users\axinesis\desktop\fusion\axnavigation.test\bin\debug\axnavigation.test.dll" id="21e63970-9568-a62f-3790-26715f20f0e1" xmlns="AxNavigation.Test">
      <Execution id="57d35e5f-652e-4a90-bb6c-35d728adcfbb" xmlns="http://microsoft.com/schemas/VisualStudio/TeamTest/2010" />
      <TestMethod codeBase="C:\Users\Axinesis\Desktop\Fusion\AxNavigation.Test\bin\Debug\AxNavigation.Test.dll" adapterTypeName="NUnitForVSTS.NUnitTest.NUnitTestAdapter, NUnitForVSTS.NUnitTest, Version=5.1.0.0, Culture=neutral, PublicKeyToken=null" className="AxNavigation.Test.NavigationVisualisationViewModelTest" name="Quitter_Exercice_Vers_HomeViewModel" />
    </UnitTest>
    <UnitTest name="Erreur_Robot_MainSensorDirectionError_Bien_Traite" storage="c:\users\axinesis\desktop\fusion\axerror.test\bin\debug\axerror.test.dll" id="e1a4c390-c5f8-439f-c92b-f2ca8aad4a6c" xmlns="AxError.Test">
      <Execution id="09ceeae2-c209-41e9-868b-5041d8617a4b" xmlns="http://microsoft.com/schemas/VisualStudio/TeamTest/2010" />
      <TestMethod codeBase="C:\Users\Axinesis\Desktop\Fusion\AxError.Test\bin\Debug\AxError.Test.dll" adapterTypeName="NUnitForVSTS.NUnitTest.NUnitTestAdapter, NUnitForVSTS.NUnitTest, Version=5.1.0.0, Culture=neutral, PublicKeyToken=null" className="AxError.Test.GestionErreurTest" name="Erreur_Robot_MainSensorDirectionError_Bien_Traite" />
    </UnitTest>
    <UnitTest name="Bon_Nom_Patient_Trouve" storage="c:\users\axinesis\desktop\fusion\axdata.test\bin\debug\axdata.test.dll" id="caa48818-36b7-d70b-1070-130edd123aaf" xmlns="AxData.Test">
      <Execution id="b2e56e57-22a0-4a71-90f8-ed8c9705dcd6" xmlns="http://microsoft.com/schemas/VisualStudio/TeamTest/2010" />
      <TestMethod codeBase="C:\Users\Axinesis\Desktop\Fusion\AxData.Test\bin\Debug\AxData.Test.dll" adapterTypeName="NUnitForVSTS.NUnitTest.NUnitTestAdapter, NUnitForVSTS.NUnitTest, Version=5.1.0.0, Culture=neutral, PublicKeyToken=null" className="AxData.Test.DataPatientTest" name="Bon_Nom_Patient_Trouve" />
    </UnitTest>
    <UnitTest name="Exercice_Doit_Etre_Type_Cercle_Avec_Theme" storage="c:\users\axinesis\desktop\fusion\axexercicegenerator.test\bin\debug\axexercicegenerator.test.dll" id="e58b710a-1d4f-3221-e978-e68b6b040c54" xmlns="AxExerciceGenerator.Test">
      <Execution id="8bd1a20d-b56b-4c1e-8b9b-a73434ca0698" xmlns="http://microsoft.com/schemas/VisualStudio/TeamTest/2010" />
      <TestMethod codeBase="C:\Users\Axinesis\Desktop\Fusion\AxExerciceGenerator.Test\bin\Debug\AxExerciceGenerator.Test.dll" adapterTypeName="NUnitForVSTS.NUnitTest.NUnitTestAdapter, NUnitForVSTS.NUnitTest, Version=5.1.0.0, Culture=neutral, PublicKeyToken=null" className="AxExerciceGenerator.Test.ExerciceGeneratorTest" name="Exercice_Doit_Etre_Type_Cercle_Avec_Theme" />
    </UnitTest>
    <UnitTest name="Admin_Pas_Dans_La_Bd" storage="c:\users\axinesis\desktop\fusion\axdata.test\bin\debug\axdata.test.dll" id="c9cc9895-7dba-ba49-7119-f12ee348cb8e" xmlns="AxData.Test">
      <Execution id="af156215-3c06-40bb-947d-8fbb09bb10dc" xmlns="http://microsoft.com/schemas/VisualStudio/TeamTest/2010" />
      <TestMethod codeBase="C:\Users\Axinesis\Desktop\Fusion\AxData.Test\bin\Debug\AxData.Test.dll" adapterTypeName="NUnitForVSTS.NUnitTest.NUnitTestAdapter, NUnitForVSTS.NUnitTest, Version=5.1.0.0, Culture=neutral, PublicKeyToken=null" className="AxData.Test.DataTherapeuteTest" name="Admin_Pas_Dans_La_Bd" />
    </UnitTest>
    <UnitTest name="Therapeute_Confirmation_Mot_De_Passe" storage="c:\users\axinesis\desktop\fusion\axdata.test\bin\debug\axdata.test.dll" id="a2846e84-e29a-ac6f-f43c-d07bf54453dd" xmlns="AxData.Test">
      <Execution id="4ca74413-334f-4363-b117-6bfd9d5e8cc8" xmlns="http://microsoft.com/schemas/VisualStudio/TeamTest/2010" />
      <TestMethod codeBase="C:\Users\Axinesis\Desktop\Fusion\AxData.Test\bin\Debug\AxData.Test.dll" adapterTypeName="NUnitForVSTS.NUnitTest.NUnitTestAdapter, NUnitForVSTS.NUnitTest, Version=5.1.0.0, Culture=neutral, PublicKeyToken=null" className="AxData.Test.DataTherapeuteTest" name="Therapeute_Confirmation_Mot_De_Passe" />
    </UnitTest>
    <UnitTest name="Erreur_Robot_IndexProcessingError_Bien_Traite" storage="c:\users\axinesis\desktop\fusion\axerror.test\bin\debug\axerror.test.dll" id="6e7616cc-f5c3-4e0a-2f74-0b9986d66ed0" xmlns="AxError.Test">
      <Execution id="74672822-4873-455a-afb0-6bc9cd0d8012" xmlns="http://microsoft.com/schemas/VisualStudio/TeamTest/2010" />
      <TestMethod codeBase="C:\Users\Axinesis\Desktop\Fusion\AxError.Test\bin\Debug\AxError.Test.dll" adapterTypeName="NUnitForVSTS.NUnitTest.NUnitTestAdapter, NUnitForVSTS.NUnitTest, Version=5.1.0.0, Culture=neutral, PublicKeyToken=null" className="AxError.Test.GestionErreurTest" name="Erreur_Robot_IndexProcessingError_Bien_Traite" />
    </UnitTest>
    <UnitTest name="Exercice_Doit_Etre_Type_Target_Sans_Theme" storage="c:\users\axinesis\desktop\fusion\axexercicegenerator.test\bin\debug\axexercicegenerator.test.dll" id="470df629-581f-d9c4-ed6e-8910f13ce6a2" xmlns="AxExerciceGenerator.Test">
      <Execution id="8d67dee1-7ba1-43e4-9aee-09f484548100" xmlns="http://microsoft.com/schemas/VisualStudio/TeamTest/2010" />
      <TestMethod codeBase="C:\Users\Axinesis\Desktop\Fusion\AxExerciceGenerator.Test\bin\Debug\AxExerciceGenerator.Test.dll" adapterTypeName="NUnitForVSTS.NUnitTest.NUnitTestAdapter, NUnitForVSTS.NUnitTest, Version=5.1.0.0, Culture=neutral, PublicKeyToken=null" className="AxExerciceGenerator.Test.ExerciceGeneratorTest" name="Exercice_Doit_Etre_Type_Target_Sans_Theme" />
    </UnitTest>
    <UnitTest name="Erreur_Robot_CanTransmitCobIdCollisionError_Bien_Traite" storage="c:\users\axinesis\desktop\fusion\axerror.test\bin\debug\axerror.test.dll" id="92017067-14ad-573f-0247-6612b560f178" xmlns="AxError.Test">
      <Execution id="315b3fb8-ba0c-4a14-a367-73f7bdf2e3be" xmlns="http://microsoft.com/schemas/VisualStudio/TeamTest/2010" />
      <TestMethod codeBase="C:\Users\Axinesis\Desktop\Fusion\AxError.Test\bin\Debug\AxError.Test.dll" adapterTypeName="NUnitForVSTS.NUnitTest.NUnitTestAdapter, NUnitForVSTS.NUnitTest, Version=5.1.0.0, Culture=neutral, PublicKeyToken=null" className="AxError.Test.GestionErreurTest" name="Erreur_Robot_CanTransmitCobIdCollisionError_Bien_Traite" />
    </UnitTest>
    <UnitTest name="Distance_Entre_Deux_Points_Positive" storage="c:\users\axinesis\desktop\fusion\axanalyse.test\bin\debug\axanalyse.test.dll" id="c3232def-6f8e-d276-40a2-3789adf7a7e8" xmlns="AxAnalyse.Test">
      <Execution id="4d2e7fcd-1b31-4205-81f3-10846d626eff" xmlns="http://microsoft.com/schemas/VisualStudio/TeamTest/2010" />
      <TestMethod codeBase="C:\Users\Axinesis\Desktop\Fusion\AxAnalyse.Test\bin\Debug\AxAnalyse.Test.dll" adapterTypeName="NUnitForVSTS.NUnitTest.NUnitTestAdapter, NUnitForVSTS.NUnitTest, Version=5.1.0.0, Culture=neutral, PublicKeyToken=null" className="AxAnalyse.Test.AnalyseTest" name="Distance_Entre_Deux_Points_Positive" />
    </UnitTest>
    <UnitTest name="Erreur_Robot_AuxiliarySensorDirectionError_Bien_Traite" storage="c:\users\axinesis\desktop\fusion\axerror.test\bin\debug\axerror.test.dll" id="dd92dc7b-d098-851b-826a-9944e389e494" xmlns="AxError.Test">
      <Execution id="8a4c1411-f393-480f-9e0f-7d792fc3f814" xmlns="http://microsoft.com/schemas/VisualStudio/TeamTest/2010" />
      <TestMethod codeBase="C:\Users\Axinesis\Desktop\Fusion\AxError.Test\bin\Debug\AxError.Test.dll" adapterTypeName="NUnitForVSTS.NUnitTest.NUnitTestAdapter, NUnitForVSTS.NUnitTest, Version=5.1.0.0, Culture=neutral, PublicKeyToken=null" className="AxError.Test.GestionErreurTest" name="Erreur_Robot_AuxiliarySensorDirectionError_Bien_Traite" />
    </UnitTest>
    <UnitTest name="Exercice_Doit_Etre_Type_FreeAmpl_Sans_Theme" storage="c:\users\axinesis\desktop\fusion\axexercicegenerator.test\bin\debug\axexercicegenerator.test.dll" id="7f94dfe3-332f-6ad8-2375-32e045760356" xmlns="AxExerciceGenerator.Test">
      <Execution id="e88a6798-8031-4996-b85f-47ad1986de98" xmlns="http://microsoft.com/schemas/VisualStudio/TeamTest/2010" />
      <TestMethod codeBase="C:\Users\Axinesis\Desktop\Fusion\AxExerciceGenerator.Test\bin\Debug\AxExerciceGenerator.Test.dll" adapterTypeName="NUnitForVSTS.NUnitTest.NUnitTestAdapter, NUnitForVSTS.NUnitTest, Version=5.1.0.0, Culture=neutral, PublicKeyToken=null" className="AxExerciceGenerator.Test.ExerciceGeneratorTest" name="Exercice_Doit_Etre_Type_FreeAmpl_Sans_Theme" />
    </UnitTest>
    <UnitTest name="Patient_Prenom_Obligatoire" storage="c:\users\axinesis\desktop\fusion\axdata.test\bin\debug\axdata.test.dll" id="bda8b925-f57b-a41e-b5e4-cfda8f09d069" xmlns="AxData.Test">
      <Execution id="79cf188a-5bc8-41ab-883e-b35b878b7063" xmlns="http://microsoft.com/schemas/VisualStudio/TeamTest/2010" />
      <TestMethod codeBase="C:\Users\Axinesis\Desktop\Fusion\AxData.Test\bin\Debug\AxData.Test.dll" adapterTypeName="NUnitForVSTS.NUnitTest.NUnitTestAdapter, NUnitForVSTS.NUnitTest, Version=5.1.0.0, Culture=neutral, PublicKeyToken=null" className="AxData.Test.DataPatientTest" name="Patient_Prenom_Obligatoire" />
    </UnitTest>
    <UnitTest name="Exercice_Doit_Etre_Type_Cercle_Sans_Theme" storage="c:\users\axinesis\desktop\fusion\axexercicegenerator.test\bin\debug\axexercicegenerator.test.dll" id="e4cae4cc-8a84-0f9d-ab32-770e0b7739a5" xmlns="AxExerciceGenerator.Test">
      <Execution id="08e51435-612d-4b6f-a56d-11ee86833459" xmlns="http://microsoft.com/schemas/VisualStudio/TeamTest/2010" />
      <TestMethod codeBase="C:\Users\Axinesis\Desktop\Fusion\AxExerciceGenerator.Test\bin\Debug\AxExerciceGenerator.Test.dll" adapterTypeName="NUnitForVSTS.NUnitTest.NUnitTestAdapter, NUnitForVSTS.NUnitTest, Version=5.1.0.0, Culture=neutral, PublicKeyToken=null" className="AxExerciceGenerator.Test.ExerciceGeneratorTest" name="Exercice_Doit_Etre_Type_Cercle_Sans_Theme" />
    </UnitTest>
    <UnitTest name="Therapeute_Ne_Doit_Pas_Etre_Admin" storage="c:\users\axinesis\desktop\fusion\axdata.test\bin\debug\axdata.test.dll" id="d0376b53-97ff-8f3e-a747-fb79ebf2a3da" xmlns="AxData.Test">
      <Execution id="be97da28-257e-4b74-8e9e-e3e0d650eeee" xmlns="http://microsoft.com/schemas/VisualStudio/TeamTest/2010" />
      <TestMethod codeBase="C:\Users\Axinesis\Desktop\Fusion\AxData.Test\bin\Debug\AxData.Test.dll" adapterTypeName="NUnitForVSTS.NUnitTest.NUnitTestAdapter, NUnitForVSTS.NUnitTest, Version=5.1.0.0, Culture=neutral, PublicKeyToken=null" className="AxData.Test.DataTherapeuteTest" name="Therapeute_Ne_Doit_Pas_Etre_Admin" />
    </UnitTest>
    <UnitTest name="Erreur_Robot_HallSensorError_Bien_Traite" storage="c:\users\axinesis\desktop\fusion\axerror.test\bin\debug\axerror.test.dll" id="581c372c-5787-efa7-eb05-b82da31e13c9" xmlns="AxError.Test">
      <Execution id="cf51c9c4-3ba2-4cfa-b03e-322f1a1d51d4" xmlns="http://microsoft.com/schemas/VisualStudio/TeamTest/2010" />
      <TestMethod codeBase="C:\Users\Axinesis\Desktop\Fusion\AxError.Test\bin\Debug\AxError.Test.dll" adapterTypeName="NUnitForVSTS.NUnitTest.NUnitTestAdapter, NUnitForVSTS.NUnitTest, Version=5.1.0.0, Culture=neutral, PublicKeyToken=null" className="AxError.Test.GestionErreurTest" name="Erreur_Robot_HallSensorError_Bien_Traite" />
    </UnitTest>
    <UnitTest name="Therapeute_Nom_Utilisateur_Longeur_Valide" storage="c:\users\axinesis\desktop\fusion\axdata.test\bin\debug\axdata.test.dll" id="bbea477e-5527-ed14-9100-20bf91c8292e" xmlns="AxData.Test">
      <Execution id="6a3bb188-30cf-48ed-b6da-f0610ae605ea" xmlns="http://microsoft.com/schemas/VisualStudio/TeamTest/2010" />
      <TestMethod codeBase="C:\Users\Axinesis\Desktop\Fusion\AxData.Test\bin\Debug\AxData.Test.dll" adapterTypeName="NUnitForVSTS.NUnitTest.NUnitTestAdapter, NUnitForVSTS.NUnitTest, Version=5.1.0.0, Culture=neutral, PublicKeyToken=null" className="AxData.Test.DataTherapeuteTest" name="Therapeute_Nom_Utilisateur_Longeur_Valide" />
    </UnitTest>
    <UnitTest name="Erreur_Robot_HallAngleDetectionError_Bien_Traite" storage="c:\users\axinesis\desktop\fusion\axerror.test\bin\debug\axerror.test.dll" id="a844de03-199c-2904-f987-af36e60b2367" xmlns="AxError.Test">
      <Execution id="35b5b610-deca-40dd-a9ae-50336f1d7761" xmlns="http://microsoft.com/schemas/VisualStudio/TeamTest/2010" />
      <TestMethod codeBase="C:\Users\Axinesis\Desktop\Fusion\AxError.Test\bin\Debug\AxError.Test.dll" adapterTypeName="NUnitForVSTS.NUnitTest.NUnitTestAdapter, NUnitForVSTS.NUnitTest, Version=5.1.0.0, Culture=neutral, PublicKeyToken=null" className="AxError.Test.GestionErreurTest" name="Erreur_Robot_HallAngleDetectionError_Bien_Traite" />
    </UnitTest>
    <UnitTest name="Exercice_Doit_Etre_Type_Target_Avec_Theme" storage="c:\users\axinesis\desktop\fusion\axexercicegenerator.test\bin\debug\axexercicegenerator.test.dll" id="41d929c7-83e1-d0ec-365b-6bff1ab9c1ef" xmlns="AxExerciceGenerator.Test">
      <Execution id="b88ac624-466c-4aec-810f-b0acaabab6ba" xmlns="http://microsoft.com/schemas/VisualStudio/TeamTest/2010" />
      <TestMethod codeBase="C:\Users\Axinesis\Desktop\Fusion\AxExerciceGenerator.Test\bin\Debug\AxExerciceGenerator.Test.dll" adapterTypeName="NUnitForVSTS.NUnitTest.NUnitTestAdapter, NUnitForVSTS.NUnitTest, Version=5.1.0.0, Culture=neutral, PublicKeyToken=null" className="AxExerciceGenerator.Test.ExerciceGeneratorTest" name="Exercice_Doit_Etre_Type_Target_Avec_Theme" />
    </UnitTest>
    <UnitTest name="Erreur_Robot_UndervoltageError_Bien_Traite" storage="c:\users\axinesis\desktop\fusion\axerror.test\bin\debug\axerror.test.dll" id="4c328412-8a84-cec3-b518-5abcecc770c8" xmlns="AxError.Test">
      <Execution id="1bd7e8ab-831f-4fd3-aea6-f2feebff5e9f" xmlns="http://microsoft.com/schemas/VisualStudio/TeamTest/2010" />
      <TestMethod codeBase="C:\Users\Axinesis\Desktop\Fusion\AxError.Test\bin\Debug\AxError.Test.dll" adapterTypeName="NUnitForVSTS.NUnitTest.NUnitTestAdapter, NUnitForVSTS.NUnitTest, Version=5.1.0.0, Culture=neutral, PublicKeyToken=null" className="AxError.Test.GestionErreurTest" name="Erreur_Robot_UndervoltageError_Bien_Traite" />
    </UnitTest>
    <UnitTest name="Jeu_Doit_Etre_Type_Jeu_Avec_Bon_Theme_Moyen" storage="c:\users\axinesis\desktop\fusion\axexercicegenerator.test\bin\debug\axexercicegenerator.test.dll" id="f00b5c2d-ca8b-087e-0e85-8f38ab6323e5" xmlns="AxExerciceGenerator.Test">
      <Execution id="b0642b1b-1c6f-4829-832a-dc49493d1cb5" xmlns="http://microsoft.com/schemas/VisualStudio/TeamTest/2010" />
      <TestMethod codeBase="C:\Users\Axinesis\Desktop\Fusion\AxExerciceGenerator.Test\bin\Debug\AxExerciceGenerator.Test.dll" adapterTypeName="NUnitForVSTS.NUnitTest.NUnitTestAdapter, NUnitForVSTS.NUnitTest, Version=5.1.0.0, Culture=neutral, PublicKeyToken=null" className="AxExerciceGenerator.Test.ExerciceGeneratorTest" name="Jeu_Doit_Etre_Type_Jeu_Avec_Bon_Theme_Moyen" />
    </UnitTest>
    <UnitTest name="Nom_Avec_Chiffre_Non_Valdie" storage="c:\users\axinesis\desktop\fusion\axerror.test\bin\debug\axerror.test.dll" id="0ce6d8c4-d5f8-ce8a-decc-90cca63ec023" xmlns="AxError.Test">
      <Execution id="d4ed08d7-5d0b-4e87-8371-fcec7cd2488a" xmlns="http://microsoft.com/schemas/VisualStudio/TeamTest/2010" />
      <TestMethod codeBase="C:\Users\Axinesis\Desktop\Fusion\AxError.Test\bin\Debug\AxError.Test.dll" adapterTypeName="NUnitForVSTS.NUnitTest.NUnitTestAdapter, NUnitForVSTS.NUnitTest, Version=5.1.0.0, Culture=neutral, PublicKeyToken=null" className="AxError.Test.ErrorInterfaceTest" name="Nom_Avec_Chiffre_Non_Valdie" />
    </UnitTest>
    <UnitTest name="Therapeute_Prenom_Obligatoire" storage="c:\users\axinesis\desktop\fusion\axdata.test\bin\debug\axdata.test.dll" id="111b2230-432c-1643-3f22-8c807c7b6b0b" xmlns="AxData.Test">
      <Execution id="ed24952e-9463-4997-82f1-0eaade5864c5" xmlns="http://microsoft.com/schemas/VisualStudio/TeamTest/2010" />
      <TestMethod codeBase="C:\Users\Axinesis\Desktop\Fusion\AxData.Test\bin\Debug\AxData.Test.dll" adapterTypeName="NUnitForVSTS.NUnitTest.NUnitTestAdapter, NUnitForVSTS.NUnitTest, Version=5.1.0.0, Culture=neutral, PublicKeyToken=null" className="AxData.Test.DataTherapeuteTest" name="Therapeute_Prenom_Obligatoire" />
    </UnitTest>
    <UnitTest name="NavigateToHome_Vers_HomeViewModel" storage="c:\users\axinesis\desktop\fusion\axnavigation.test\bin\debug\axnavigation.test.dll" id="45e88d5d-f0bd-540d-1a6e-ca02f771c932" xmlns="AxNavigation.Test">
      <Execution id="f511fcd2-3304-4233-b199-758380a9a909" xmlns="http://microsoft.com/schemas/VisualStudio/TeamTest/2010" />
      <TestMethod codeBase="C:\Users\Axinesis\Desktop\Fusion\AxNavigation.Test\bin\Debug\AxNavigation.Test.dll" adapterTypeName="NUnitForVSTS.NUnitTest.NUnitTestAdapter, NUnitForVSTS.NUnitTest, Version=5.1.0.0, Culture=neutral, PublicKeyToken=null" className="AxNavigation.Test.NavigationEvaluationViewModelTest" name="NavigateToHome_Vers_HomeViewModel" />
    </UnitTest>
    <UnitTest name="Erreur_Robot_SystemOverloadedError_Bien_Traite" storage="c:\users\axinesis\desktop\fusion\axerror.test\bin\debug\axerror.test.dll" id="8c12cfd0-1498-5bdd-91ca-78d79b86f9eb" xmlns="AxError.Test">
      <Execution id="ac50b914-fcc2-4ba2-b4e5-31490d6af9c0" xmlns="http://microsoft.com/schemas/VisualStudio/TeamTest/2010" />
      <TestMethod codeBase="C:\Users\Axinesis\Desktop\Fusion\AxError.Test\bin\Debug\AxError.Test.dll" adapterTypeName="NUnitForVSTS.NUnitTest.NUnitTestAdapter, NUnitForVSTS.NUnitTest, Version=5.1.0.0, Culture=neutral, PublicKeyToken=null" className="AxError.Test.GestionErreurTest" name="Erreur_Robot_SystemOverloadedError_Bien_Traite" />
    </UnitTest>
    <UnitTest name="Erreur_Robot_PositionSensorError_Bien_Traite" storage="c:\users\axinesis\desktop\fusion\axerror.test\bin\debug\axerror.test.dll" id="295107df-971f-3e27-197a-332cb8c3cc50" xmlns="AxError.Test">
      <Execution id="3f113cbc-a542-40c6-8af3-61ee4edfe99b" xmlns="http://microsoft.com/schemas/VisualStudio/TeamTest/2010" />
      <TestMethod codeBase="C:\Users\Axinesis\Desktop\Fusion\AxError.Test\bin\Debug\AxError.Test.dll" adapterTypeName="NUnitForVSTS.NUnitTest.NUnitTestAdapter, NUnitForVSTS.NUnitTest, Version=5.1.0.0, Culture=neutral, PublicKeyToken=null" className="AxError.Test.GestionErreurTest" name="Erreur_Robot_PositionSensorError_Bien_Traite" />
    </UnitTest>
    <UnitTest name="Taille_Trop_Petite" storage="c:\users\axinesis\desktop\fusion\axerror.test\bin\debug\axerror.test.dll" id="9fd9b1fa-6e42-0253-d530-aa3bc9535c48" xmlns="AxError.Test">
      <Execution id="d9ce7671-02a1-4f61-952f-45a2a78d03aa" xmlns="http://microsoft.com/schemas/VisualStudio/TeamTest/2010" />
      <TestMethod codeBase="C:\Users\Axinesis\Desktop\Fusion\AxError.Test\bin\Debug\AxError.Test.dll" adapterTypeName="NUnitForVSTS.NUnitTest.NUnitTestAdapter, NUnitForVSTS.NUnitTest, Version=5.1.0.0, Culture=neutral, PublicKeyToken=null" className="AxError.Test.ErrorInterfaceTest" name="Taille_Trop_Petite" />
    </UnitTest>
    <UnitTest name="Digit_Avant_Janvier_2000_Mauvais" storage="c:\users\axinesis\desktop\fusion\axerror.test\bin\debug\axerror.test.dll" id="0474de96-8b72-8261-8e45-366c15433b15" xmlns="AxError.Test">
      <Execution id="ce98535c-6d8c-41de-ac0b-1c3e7fcffb08" xmlns="http://microsoft.com/schemas/VisualStudio/TeamTest/2010" />
      <TestMethod codeBase="C:\Users\Axinesis\Desktop\Fusion\AxError.Test\bin\Debug\AxError.Test.dll" adapterTypeName="NUnitForVSTS.NUnitTest.NUnitTestAdapter, NUnitForVSTS.NUnitTest, Version=5.1.0.0, Culture=neutral, PublicKeyToken=null" className="AxError.Test.ErrorInterfaceTest" name="Digit_Avant_Janvier_2000_Mauvais" />
    </UnitTest>
    <UnitTest name="Erreur_Robot_CanOverrunError_Bien_Traite" storage="c:\users\axinesis\desktop\fusion\axerror.test\bin\debug\axerror.test.dll" id="de21bf2b-3c89-6540-e855-d73236ea78a8" xmlns="AxError.Test">
      <Execution id="e5b77782-5159-47e3-b9cb-0faf5818705e" xmlns="http://microsoft.com/schemas/VisualStudio/TeamTest/2010" />
      <TestMethod codeBase="C:\Users\Axinesis\Desktop\Fusion\AxError.Test\bin\Debug\AxError.Test.dll" adapterTypeName="NUnitForVSTS.NUnitTest.NUnitTestAdapter, NUnitForVSTS.NUnitTest, Version=5.1.0.0, Culture=neutral, PublicKeyToken=null" className="AxError.Test.GestionErreurTest" name="Erreur_Robot_CanOverrunError_Bien_Traite" />
    </UnitTest>
    <UnitTest name="DecoPatient_Oui_Vers_HomeViewModel" storage="c:\users\axinesis\desktop\fusion\axnavigation.test\bin\debug\axnavigation.test.dll" id="f12e1a8a-71af-23d0-a32f-22bbf6d801ac" xmlns="AxNavigation.Test">
      <Execution id="ff6fbb0c-3710-4b0a-a811-28df5e4d1f3a" xmlns="http://microsoft.com/schemas/VisualStudio/TeamTest/2010" />
      <TestMethod codeBase="C:\Users\Axinesis\Desktop\Fusion\AxNavigation.Test\bin\Debug\AxNavigation.Test.dll" adapterTypeName="NUnitForVSTS.NUnitTest.NUnitTestAdapter, NUnitForVSTS.NUnitTest, Version=5.1.0.0, Culture=neutral, PublicKeyToken=null" className="AxNavigation.Test.NavigationMainViewModelTest" name="DecoPatient_Oui_Vers_HomeViewModel" />
    </UnitTest>
    <UnitTest name="Erreur_AlreadyOpenSerialPortException_Bien_Traite" storage="c:\users\axinesis\desktop\fusion\axerror.test\bin\debug\axerror.test.dll" id="ed899626-e988-333c-7742-04cd720ec9a7" xmlns="AxError.Test">
      <Execution id="a812d5f9-6e67-4352-a3dc-14db828944a0" xmlns="http://microsoft.com/schemas/VisualStudio/TeamTest/2010" />
      <TestMethod codeBase="C:\Users\Axinesis\Desktop\Fusion\AxError.Test\bin\Debug\AxError.Test.dll" adapterTypeName="NUnitForVSTS.NUnitTest.NUnitTestAdapter, NUnitForVSTS.NUnitTest, Version=5.1.0.0, Culture=neutral, PublicKeyToken=null" className="AxError.Test.GestionErreurTest" name="Erreur_AlreadyOpenSerialPortException_Bien_Traite" />
    </UnitTest>
    <UnitTest name="Erreur_SqlException_Num4060_Bien_Traite" storage="c:\users\axinesis\desktop\fusion\axerror.test\bin\debug\axerror.test.dll" id="42784824-7f1f-8f16-8a9c-72a03e7e4177" xmlns="AxError.Test">
      <Execution id="29bd6ff4-b94b-4202-9eda-3bb7f7a7a22d" xmlns="http://microsoft.com/schemas/VisualStudio/TeamTest/2010" />
      <TestMethod codeBase="C:\Users\Axinesis\Desktop\Fusion\AxError.Test\bin\Debug\AxError.Test.dll" adapterTypeName="NUnitForVSTS.NUnitTest.NUnitTestAdapter, NUnitForVSTS.NUnitTest, Version=5.1.0.0, Culture=neutral, PublicKeyToken=null" className="AxError.Test.GestionErreurTest" name="Erreur_SqlException_Num4060_Bien_Traite" />
    </UnitTest>
    <UnitTest name="Erreur_Robot_OvervoltageError_Bien_Traite" storage="c:\users\axinesis\desktop\fusion\axerror.test\bin\debug\axerror.test.dll" id="58267df6-27d7-de99-f3be-2ac90f317834" xmlns="AxError.Test">
      <Execution id="5e01a5df-abd8-46c0-b5f4-c4f4febb1115" xmlns="http://microsoft.com/schemas/VisualStudio/TeamTest/2010" />
      <TestMethod codeBase="C:\Users\Axinesis\Desktop\Fusion\AxError.Test\bin\Debug\AxError.Test.dll" adapterTypeName="NUnitForVSTS.NUnitTest.NUnitTestAdapter, NUnitForVSTS.NUnitTest, Version=5.1.0.0, Culture=neutral, PublicKeyToken=null" className="AxError.Test.GestionErreurTest" name="Erreur_Robot_OvervoltageError_Bien_Traite" />
    </UnitTest>
    <UnitTest name="Nom_Est_Valide" storage="c:\users\axinesis\desktop\fusion\axerror.test\bin\debug\axerror.test.dll" id="b8fd7e59-747c-17d3-c6d0-98a165828ac4" xmlns="AxError.Test">
      <Execution id="30b1ffde-8561-44ec-9d01-3d682a6d578a" xmlns="http://microsoft.com/schemas/VisualStudio/TeamTest/2010" />
      <TestMethod codeBase="C:\Users\Axinesis\Desktop\Fusion\AxError.Test\bin\Debug\AxError.Test.dll" adapterTypeName="NUnitForVSTS.NUnitTest.NUnitTestAdapter, NUnitForVSTS.NUnitTest, Version=5.1.0.0, Culture=neutral, PublicKeyToken=null" className="AxError.Test.ErrorInterfaceTest" name="Nom_Est_Valide" />
    </UnitTest>
    <UnitTest name="Therapeute_Connection_Login_Bon_Mdp_Bon" storage="c:\users\axinesis\desktop\fusion\axdata.test\bin\debug\axdata.test.dll" id="6baf9aec-dbb5-4f84-ed05-5b1fdabda1f6" xmlns="AxData.Test">
      <Execution id="d7ec12c8-8618-413f-8842-8169d40dd5e6" xmlns="http://microsoft.com/schemas/VisualStudio/TeamTest/2010" />
      <TestMethod codeBase="C:\Users\Axinesis\Desktop\Fusion\AxData.Test\bin\Debug\AxData.Test.dll" adapterTypeName="NUnitForVSTS.NUnitTest.NUnitTestAdapter, NUnitForVSTS.NUnitTest, Version=5.1.0.0, Culture=neutral, PublicKeyToken=null" className="AxData.Test.DataTherapeuteTest" name="Therapeute_Connection_Login_Bon_Mdp_Bon" />
    </UnitTest>
    <UnitTest name="Exercice_Doit_Avoir_Base_Config" storage="c:\users\axinesis\desktop\fusion\axexercicegenerator.test\bin\debug\axexercicegenerator.test.dll" id="f7916e99-2ca8-0ce5-1775-44086440dfca" xmlns="AxExerciceGenerator.Test">
      <Execution id="0a01ba20-cb3b-49fb-b5d4-21d1c6d9a241" xmlns="http://microsoft.com/schemas/VisualStudio/TeamTest/2010" />
      <TestMethod codeBase="C:\Users\Axinesis\Desktop\Fusion\AxExerciceGenerator.Test\bin\Debug\AxExerciceGenerator.Test.dll" adapterTypeName="NUnitForVSTS.NUnitTest.NUnitTestAdapter, NUnitForVSTS.NUnitTest, Version=5.1.0.0, Culture=neutral, PublicKeyToken=null" className="AxExerciceGenerator.Test.ExerciceGeneratorTest" name="Exercice_Doit_Avoir_Base_Config" />
    </UnitTest>
    <UnitTest name="Erreur_Robot_ControllerGainError_Bien_Traite" storage="c:\users\axinesis\desktop\fusion\axerror.test\bin\debug\axerror.test.dll" id="25ecd32e-c21d-11c1-5e00-2394c558cc02" xmlns="AxError.Test">
      <Execution id="b88ae27c-0475-4a9e-96eb-5d2f8829b117" xmlns="http://microsoft.com/schemas/VisualStudio/TeamTest/2010" />
      <TestMethod codeBase="C:\Users\Axinesis\Desktop\Fusion\AxError.Test\bin\Debug\AxError.Test.dll" adapterTypeName="NUnitForVSTS.NUnitTest.NUnitTestAdapter, NUnitForVSTS.NUnitTest, Version=5.1.0.0, Culture=neutral, PublicKeyToken=null" className="AxError.Test.GestionErreurTest" name="Erreur_Robot_ControllerGainError_Bien_Traite" />
    </UnitTest>
    <UnitTest name="Distance_Entre_Deux_Points_Negative" storage="c:\users\axinesis\desktop\fusion\axanalyse.test\bin\debug\axanalyse.test.dll" id="ed5d1215-e582-5800-31ce-c5bd5d4ba85a" xmlns="AxAnalyse.Test">
      <Execution id="583040b2-d278-4125-9d60-486a21142a45" xmlns="http://microsoft.com/schemas/VisualStudio/TeamTest/2010" />
      <TestMethod codeBase="C:\Users\Axinesis\Desktop\Fusion\AxAnalyse.Test\bin\Debug\AxAnalyse.Test.dll" adapterTypeName="NUnitForVSTS.NUnitTest.NUnitTestAdapter, NUnitForVSTS.NUnitTest, Version=5.1.0.0, Culture=neutral, PublicKeyToken=null" className="AxAnalyse.Test.AnalyseTest" name="Distance_Entre_Deux_Points_Negative" />
    </UnitTest>
    <UnitTest name="Erreur_Robot_SoftwarePositionLimitError_Bien_Traite" storage="c:\users\axinesis\desktop\fusion\axerror.test\bin\debug\axerror.test.dll" id="f3282b9f-62b9-2180-8977-69bed228d06a" xmlns="AxError.Test">
      <Execution id="519e2b77-eb60-477d-a0d2-c45815e45542" xmlns="http://microsoft.com/schemas/VisualStudio/TeamTest/2010" />
      <TestMethod codeBase="C:\Users\Axinesis\Desktop\Fusion\AxError.Test\bin\Debug\AxError.Test.dll" adapterTypeName="NUnitForVSTS.NUnitTest.NUnitTestAdapter, NUnitForVSTS.NUnitTest, Version=5.1.0.0, Culture=neutral, PublicKeyToken=null" className="AxError.Test.GestionErreurTest" name="Erreur_Robot_SoftwarePositionLimitError_Bien_Traite" />
    </UnitTest>
    <UnitTest name="Poids_Trop_Petit" storage="c:\users\axinesis\desktop\fusion\axerror.test\bin\debug\axerror.test.dll" id="b0e62a3f-dbda-5351-cdbf-e39911c0ab52" xmlns="AxError.Test">
      <Execution id="6edd4483-e1ac-4b40-8a0d-888442f2ef20" xmlns="http://microsoft.com/schemas/VisualStudio/TeamTest/2010" />
      <TestMethod codeBase="C:\Users\Axinesis\Desktop\Fusion\AxError.Test\bin\Debug\AxError.Test.dll" adapterTypeName="NUnitForVSTS.NUnitTest.NUnitTestAdapter, NUnitForVSTS.NUnitTest, Version=5.1.0.0, Culture=neutral, PublicKeyToken=null" className="AxError.Test.ErrorInterfaceTest" name="Poids_Trop_Petit" />
    </UnitTest>
    <UnitTest name="Erreur_UnauthorizedAccessException_Bien_Traite" storage="c:\users\axinesis\desktop\fusion\axerror.test\bin\debug\axerror.test.dll" id="4a086426-1df2-c9f6-a07f-48cc5355b1cf" xmlns="AxError.Test">
      <Execution id="7eda4902-8647-42d4-b0dc-e48b778be137" xmlns="http://microsoft.com/schemas/VisualStudio/TeamTest/2010" />
      <TestMethod codeBase="C:\Users\Axinesis\Desktop\Fusion\AxError.Test\bin\Debug\AxError.Test.dll" adapterTypeName="NUnitForVSTS.NUnitTest.NUnitTestAdapter, NUnitForVSTS.NUnitTest, Version=5.1.0.0, Culture=neutral, PublicKeyToken=null" className="AxError.Test.GestionErreurTest" name="Erreur_UnauthorizedAccessException_Bien_Traite" />
    </UnitTest>
    <UnitTest name="Erreur_SqlException_Num18456_Bien_Traite" storage="c:\users\axinesis\desktop\fusion\axerror.test\bin\debug\axerror.test.dll" id="3e305784-9366-9cbf-b6a3-920a4315b63b" xmlns="AxError.Test">
      <Execution id="fd7ab53b-6adc-4768-af6f-7f2a56c67e5e" xmlns="http://microsoft.com/schemas/VisualStudio/TeamTest/2010" />
      <TestMethod codeBase="C:\Users\Axinesis\Desktop\Fusion\AxError.Test\bin\Debug\AxError.Test.dll" adapterTypeName="NUnitForVSTS.NUnitTest.NUnitTestAdapter, NUnitForVSTS.NUnitTest, Version=5.1.0.0, Culture=neutral, PublicKeyToken=null" className="AxError.Test.GestionErreurTest" name="Erreur_SqlException_Num18456_Bien_Traite" />
    </UnitTest>
  </TestDefinitions>
  <TestLists>
    <TestList name="Les résultats ne figurent pas dans une liste" id="8c84fa94-04c1-424b-9868-57a2d4851a1d" />
    <TestList name="Tous les résultats chargés" id="19431567-8539-422a-85d7-44ee4e166bda" />
  </TestLists>
  <TestEntries>
    <TestEntry testId="0474de96-8b72-8261-8e45-366c15433b15" executionId="ce98535c-6d8c-41de-ac0b-1c3e7fcffb08" testListId="8c84fa94-04c1-424b-9868-57a2d4851a1d" />
    <TestEntry testId="0929b123-960f-6dfd-d048-b9956810fb4f" executionId="14d2f72f-61e2-4cc2-9ee4-632a19b7c66d" testListId="8c84fa94-04c1-424b-9868-57a2d4851a1d" />
    <TestEntry testId="0ce6d8c4-d5f8-ce8a-decc-90cca63ec023" executionId="d4ed08d7-5d0b-4e87-8371-fcec7cd2488a" testListId="8c84fa94-04c1-424b-9868-57a2d4851a1d" />
    <TestEntry testId="0d760264-1fec-2999-c240-365c64ffbe15" executionId="fcce5364-4ad2-42d8-8f1c-84d198b2e5cf" testListId="8c84fa94-04c1-424b-9868-57a2d4851a1d" />
    <TestEntry testId="0e500537-d2d9-f5ab-8260-b5ce8dde6259" executionId="c75bb574-ca17-4c3f-ab32-01ec3a465421" testListId="8c84fa94-04c1-424b-9868-57a2d4851a1d" />
    <TestEntry testId="10be6209-de22-6fa7-f60a-ee638c41144c" executionId="72a17320-9481-49e7-9fca-f4c8b17bfc1a" testListId="8c84fa94-04c1-424b-9868-57a2d4851a1d" />
    <TestEntry testId="111b2230-432c-1643-3f22-8c807c7b6b0b" executionId="ed24952e-9463-4997-82f1-0eaade5864c5" testListId="8c84fa94-04c1-424b-9868-57a2d4851a1d" />
    <TestEntry testId="16cba0ff-f17e-3157-2151-135da05c3b77" executionId="ad5d7bc2-bde9-4369-a853-17b6f7d80b26" testListId="8c84fa94-04c1-424b-9868-57a2d4851a1d" />
    <TestEntry testId="1feb75d6-6075-769f-0ca5-c7a95c479767" executionId="ec7f45c9-4bee-4dd1-9bf9-1ca3d21f9faa" testListId="8c84fa94-04c1-424b-9868-57a2d4851a1d" />
    <TestEntry testId="20b118dc-27e8-ed17-0ac4-d5df103752d3" executionId="e9888b05-a00d-43ed-a0c7-f91c2882533f" testListId="8c84fa94-04c1-424b-9868-57a2d4851a1d" />
    <TestEntry testId="21e63970-9568-a62f-3790-26715f20f0e1" executionId="57d35e5f-652e-4a90-bb6c-35d728adcfbb" testListId="8c84fa94-04c1-424b-9868-57a2d4851a1d" />
    <TestEntry testId="23292fbe-adfa-993b-82f2-7c477d400857" executionId="7ebb5879-7763-45bf-9e8e-8b2d916c5d2c" testListId="8c84fa94-04c1-424b-9868-57a2d4851a1d" />
    <TestEntry testId="25abb7b9-1485-9596-f399-1468ba684cfa" executionId="30f26b54-1dc0-438a-aebd-7424de5c68d4" testListId="8c84fa94-04c1-424b-9868-57a2d4851a1d" />
    <TestEntry testId="25ecd32e-c21d-11c1-5e00-2394c558cc02" executionId="b88ae27c-0475-4a9e-96eb-5d2f8829b117" testListId="8c84fa94-04c1-424b-9868-57a2d4851a1d" />
    <TestEntry testId="2773513e-6b8c-7f26-cda7-ed323f58b406" executionId="803b4c20-40da-49c1-a799-785ec55720a4" testListId="8c84fa94-04c1-424b-9868-57a2d4851a1d" />
    <TestEntry testId="295107df-971f-3e27-197a-332cb8c3cc50" executionId="3f113cbc-a542-40c6-8af3-61ee4edfe99b" testListId="8c84fa94-04c1-424b-9868-57a2d4851a1d" />
    <TestEntry testId="29643fec-276c-0215-f794-e8f805cfc972" executionId="5ccc0197-b1b5-467d-8c4e-2367951b2b97" testListId="8c84fa94-04c1-424b-9868-57a2d4851a1d" />
    <TestEntry testId="2e360870-3d74-91af-79e4-be8d529dd362" executionId="43aecaea-ec76-4b12-8f88-eb2837497c1f" testListId="8c84fa94-04c1-424b-9868-57a2d4851a1d" />
    <TestEntry testId="354fc1a4-174b-33c4-c868-90f05d831a1a" executionId="c989f664-41eb-4b6a-82c9-759b0dc4a795" testListId="8c84fa94-04c1-424b-9868-57a2d4851a1d" />
    <TestEntry testId="35595230-5bd0-ff18-4c33-6a82b4105ca2" executionId="f2a06564-2fbb-46d4-811b-2dd4f1ecb0ba" testListId="8c84fa94-04c1-424b-9868-57a2d4851a1d" />
    <TestEntry testId="3be5bb77-d5a9-c355-1514-f9619c4abc76" executionId="77235997-0ef4-42b8-9ead-94d96bbc8318" testListId="8c84fa94-04c1-424b-9868-57a2d4851a1d" />
    <TestEntry testId="3e305784-9366-9cbf-b6a3-920a4315b63b" executionId="fd7ab53b-6adc-4768-af6f-7f2a56c67e5e" testListId="8c84fa94-04c1-424b-9868-57a2d4851a1d" />
    <TestEntry testId="41d929c7-83e1-d0ec-365b-6bff1ab9c1ef" executionId="b88ac624-466c-4aec-810f-b0acaabab6ba" testListId="8c84fa94-04c1-424b-9868-57a2d4851a1d" />
    <TestEntry testId="42784824-7f1f-8f16-8a9c-72a03e7e4177" executionId="29bd6ff4-b94b-4202-9eda-3bb7f7a7a22d" testListId="8c84fa94-04c1-424b-9868-57a2d4851a1d" />
    <TestEntry testId="432be06a-e2a8-0624-2aba-809b91f8a164" executionId="5e6c058a-6f7a-4cb1-b280-8b66bec0bdbd" testListId="8c84fa94-04c1-424b-9868-57a2d4851a1d" />
    <TestEntry testId="44ed4079-9453-ff0c-84c2-ac19b4af933d" executionId="5cb2e5fe-1b6f-402a-9abb-39b0429416c0" testListId="8c84fa94-04c1-424b-9868-57a2d4851a1d" />
    <TestEntry testId="454cd542-f819-baab-5e5e-809ca9946cca" executionId="7ed0c705-154a-4c28-8cf9-061ec082f2a8" testListId="8c84fa94-04c1-424b-9868-57a2d4851a1d" />
    <TestEntry testId="45e88d5d-f0bd-540d-1a6e-ca02f771c932" executionId="f511fcd2-3304-4233-b199-758380a9a909" testListId="8c84fa94-04c1-424b-9868-57a2d4851a1d" />
    <TestEntry testId="46f2fb7c-cbb5-3f4f-7fbb-54c6e13304f7" executionId="c55c83fe-0945-4303-a3f6-9a48aa153509" testListId="8c84fa94-04c1-424b-9868-57a2d4851a1d" />
    <TestEntry testId="470df629-581f-d9c4-ed6e-8910f13ce6a2" executionId="8d67dee1-7ba1-43e4-9aee-09f484548100" testListId="8c84fa94-04c1-424b-9868-57a2d4851a1d" />
    <TestEntry testId="4a086426-1df2-c9f6-a07f-48cc5355b1cf" executionId="7eda4902-8647-42d4-b0dc-e48b778be137" testListId="8c84fa94-04c1-424b-9868-57a2d4851a1d" />
    <TestEntry testId="4bc6e967-6d6d-55dc-5667-6491a42879ce" executionId="9cb81ad5-fdf3-491d-9e3f-9bc529615b92" testListId="8c84fa94-04c1-424b-9868-57a2d4851a1d" />
    <TestEntry testId="4be11f3f-9c9b-c3c0-0181-9cf372e78a39" executionId="f6cc4ce1-e2a5-41cc-b5d4-6c4cde5279dc" testListId="8c84fa94-04c1-424b-9868-57a2d4851a1d" />
    <TestEntry testId="4c328412-8a84-cec3-b518-5abcecc770c8" executionId="1bd7e8ab-831f-4fd3-aea6-f2feebff5e9f" testListId="8c84fa94-04c1-424b-9868-57a2d4851a1d" />
    <TestEntry testId="4d48ca6b-511b-39ac-a68c-91352d15b1df" executionId="cfe9b3ea-24cd-45cf-b077-d7376fc7780d" testListId="8c84fa94-04c1-424b-9868-57a2d4851a1d" />
    <TestEntry testId="4f482e75-1f13-6e68-c51e-899481bb394c" executionId="1ce33f63-2569-4e55-8011-8f5fe9d082f3" testListId="8c84fa94-04c1-424b-9868-57a2d4851a1d" />
    <TestEntry testId="4ff74c24-6e9b-810e-a11a-0426b9c06e93" executionId="ac265db6-2bc3-4bb0-80a3-1b2db6dc0f67" testListId="8c84fa94-04c1-424b-9868-57a2d4851a1d" />
    <TestEntry testId="5188289e-0f4c-4bba-4f87-aede2c765fd5" executionId="23c5c220-db43-40e8-9a82-7f1129e76703" testListId="8c84fa94-04c1-424b-9868-57a2d4851a1d" />
    <TestEntry testId="581c372c-5787-efa7-eb05-b82da31e13c9" executionId="cf51c9c4-3ba2-4cfa-b03e-322f1a1d51d4" testListId="8c84fa94-04c1-424b-9868-57a2d4851a1d" />
    <TestEntry testId="58267df6-27d7-de99-f3be-2ac90f317834" executionId="5e01a5df-abd8-46c0-b5f4-c4f4febb1115" testListId="8c84fa94-04c1-424b-9868-57a2d4851a1d" />
    <TestEntry testId="5e7d6af5-64cc-1804-ddd0-8cb7d33a7c25" executionId="16559485-de4d-41c7-85a5-daeff259def7" testListId="8c84fa94-04c1-424b-9868-57a2d4851a1d" />
    <TestEntry testId="5f4e2034-866f-4eb1-0441-6555f1681d32" executionId="715422bb-e1ef-46ef-bc93-ace4eab24350" testListId="8c84fa94-04c1-424b-9868-57a2d4851a1d" />
    <TestEntry testId="5f4e818c-59f5-ec74-a477-f33dd5087204" executionId="e40ed364-e342-4546-8dd7-726791717de7" testListId="8c84fa94-04c1-424b-9868-57a2d4851a1d" />
    <TestEntry testId="685bc9e4-6b9e-eafd-c8ef-4d24f897588d" executionId="c3a3e65e-9d05-4d4a-9503-39ea4a7380f1" testListId="8c84fa94-04c1-424b-9868-57a2d4851a1d" />
    <TestEntry testId="6baf9aec-dbb5-4f84-ed05-5b1fdabda1f6" executionId="d7ec12c8-8618-413f-8842-8169d40dd5e6" testListId="8c84fa94-04c1-424b-9868-57a2d4851a1d" />
    <TestEntry testId="6e7616cc-f5c3-4e0a-2f74-0b9986d66ed0" executionId="74672822-4873-455a-afb0-6bc9cd0d8012" testListId="8c84fa94-04c1-424b-9868-57a2d4851a1d" />
    <TestEntry testId="6e80c6e1-e5cc-e094-8690-e0b15e42b61e" executionId="6877e276-5ddb-45fb-829b-94acfd46c7c2" testListId="8c84fa94-04c1-424b-9868-57a2d4851a1d" />
    <TestEntry testId="70c3bcd2-30f3-dc55-d57b-3305735ab2fe" executionId="940e8020-0e1c-447c-8725-90c6dd05b401" testListId="8c84fa94-04c1-424b-9868-57a2d4851a1d" />
    <TestEntry testId="70ebb40d-5861-d5c1-a3ef-791dade40bd9" executionId="90db1633-6647-4830-92fa-8dbfa3f52f83" testListId="8c84fa94-04c1-424b-9868-57a2d4851a1d" />
    <TestEntry testId="73ff9664-9e53-3c8b-c732-477aeaf16de3" executionId="0c3b6f11-baca-40bc-a9eb-0924d7cf1e0e" testListId="8c84fa94-04c1-424b-9868-57a2d4851a1d" />
    <TestEntry testId="753937c8-a9eb-1241-f3c3-39b8d5bc3c92" executionId="353d3592-80de-4e25-b7fa-9036a9f2abdb" testListId="8c84fa94-04c1-424b-9868-57a2d4851a1d" />
    <TestEntry testId="79e0f4ac-752d-6854-5869-d79798ecc5d8" executionId="a464b2c9-72c3-4ca9-85ca-78e209305391" testListId="8c84fa94-04c1-424b-9868-57a2d4851a1d" />
    <TestEntry testId="7a5257a4-6838-27e7-097e-fee1f1076112" executionId="b534e3f8-c256-4632-a882-8a62e1495b7d" testListId="8c84fa94-04c1-424b-9868-57a2d4851a1d" />
    <TestEntry testId="7a8c8ab2-cc1f-665a-6687-1b4694c99073" executionId="6c9cabcb-b5d0-47d2-a462-2b2856ca0fbf" testListId="8c84fa94-04c1-424b-9868-57a2d4851a1d" />
    <TestEntry testId="7d2a5c74-8b81-7def-78d9-19fc9e6c2ea4" executionId="09c8e19b-7423-4768-a9ce-ea6930268693" testListId="8c84fa94-04c1-424b-9868-57a2d4851a1d" />
    <TestEntry testId="7f94dfe3-332f-6ad8-2375-32e045760356" executionId="e88a6798-8031-4996-b85f-47ad1986de98" testListId="8c84fa94-04c1-424b-9868-57a2d4851a1d" />
    <TestEntry testId="801619e0-4c6a-c192-158c-5c744706c07f" executionId="8588f54b-9e8c-4816-9a19-a9dc1efb2052" testListId="8c84fa94-04c1-424b-9868-57a2d4851a1d" />
    <TestEntry testId="84265baa-a0fc-9eb4-5420-2fc493c758dd" executionId="f9fb31fd-cb62-46f8-aab9-4f187199c074" testListId="8c84fa94-04c1-424b-9868-57a2d4851a1d" />
    <TestEntry testId="8786509f-e646-d735-fbae-09bb7ea9968d" executionId="ddc569de-6032-4eea-8e4e-0a5afb6809a8" testListId="8c84fa94-04c1-424b-9868-57a2d4851a1d" />
    <TestEntry testId="8ba1fb0e-b6e5-ffa6-335a-2d325b6a0e71" executionId="a623b922-8584-4177-9e3e-4c757f14c1c8" testListId="8c84fa94-04c1-424b-9868-57a2d4851a1d" />
    <TestEntry testId="8c12cfd0-1498-5bdd-91ca-78d79b86f9eb" executionId="ac50b914-fcc2-4ba2-b4e5-31490d6af9c0" testListId="8c84fa94-04c1-424b-9868-57a2d4851a1d" />
    <TestEntry testId="8df30bf8-76cd-877b-8f7e-5c4d83da39af" executionId="9432ddc9-08a3-4db8-bbab-cac757339a38" testListId="8c84fa94-04c1-424b-9868-57a2d4851a1d" />
    <TestEntry testId="92017067-14ad-573f-0247-6612b560f178" executionId="315b3fb8-ba0c-4a14-a367-73f7bdf2e3be" testListId="8c84fa94-04c1-424b-9868-57a2d4851a1d" />
    <TestEntry testId="92fd36a1-ca75-7f92-7bd2-2dc408eedb40" executionId="ed332b40-ef59-4b52-bc87-72b0d2f7eacf" testListId="8c84fa94-04c1-424b-9868-57a2d4851a1d" />
    <TestEntry testId="93a6a4eb-88a4-190c-4984-549fd5627b92" executionId="6e4b8568-4ab1-448e-b4db-21e9144b9f2b" testListId="8c84fa94-04c1-424b-9868-57a2d4851a1d" />
    <TestEntry testId="9675d6c5-a9f0-d1b1-dc83-f2159bbe4e61" executionId="21dce423-556d-4b69-a601-ffd55090e000" testListId="8c84fa94-04c1-424b-9868-57a2d4851a1d" />
    <TestEntry testId="99f400bb-0ada-6022-1c6a-8a51a33a69ad" executionId="3d9e1a6d-dc16-4bb1-99ac-860766217b12" testListId="8c84fa94-04c1-424b-9868-57a2d4851a1d" />
    <TestEntry testId="9a9c9aca-748b-bfa8-d869-cf515d3be60d" executionId="b803bbcd-ca64-4526-bdb6-8a922c0ebbff" testListId="8c84fa94-04c1-424b-9868-57a2d4851a1d" />
    <TestEntry testId="9ef9f365-076b-fb6f-67f0-e145ead2e579" executionId="ddf4f365-4276-4e98-9c20-d682340b16f6" testListId="8c84fa94-04c1-424b-9868-57a2d4851a1d" />
    <TestEntry testId="9f809847-62e4-7ae9-163a-caf99776f5c1" executionId="e19b0c10-c6ca-4fd1-958d-2031141b9a8c" testListId="8c84fa94-04c1-424b-9868-57a2d4851a1d" />
    <TestEntry testId="9fd9b1fa-6e42-0253-d530-aa3bc9535c48" executionId="d9ce7671-02a1-4f61-952f-45a2a78d03aa" testListId="8c84fa94-04c1-424b-9868-57a2d4851a1d" />
    <TestEntry testId="a1966c6a-89d2-337f-4636-dc1c68800169" executionId="411bea9c-c638-4006-b5f3-33416c3c3526" testListId="8c84fa94-04c1-424b-9868-57a2d4851a1d" />
    <TestEntry testId="a2846e84-e29a-ac6f-f43c-d07bf54453dd" executionId="4ca74413-334f-4363-b117-6bfd9d5e8cc8" testListId="8c84fa94-04c1-424b-9868-57a2d4851a1d" />
    <TestEntry testId="a7d2c1fe-6292-38c4-b190-463be3c8cf93" executionId="06b60de6-0bfe-445a-92d8-3c7b77b6d1bc" testListId="8c84fa94-04c1-424b-9868-57a2d4851a1d" />
    <TestEntry testId="a844c7b5-b6b2-c536-6130-0a3921ce9bd8" executionId="60135039-d117-434d-9034-f624e1ac7bcb" testListId="8c84fa94-04c1-424b-9868-57a2d4851a1d" />
    <TestEntry testId="a844de03-199c-2904-f987-af36e60b2367" executionId="35b5b610-deca-40dd-a9ae-50336f1d7761" testListId="8c84fa94-04c1-424b-9868-57a2d4851a1d" />
    <TestEntry testId="ae8642d5-07bc-0f18-4b31-bcbab057a0d0" executionId="647265f1-ae47-484c-8e97-1548d94e04a0" testListId="8c84fa94-04c1-424b-9868-57a2d4851a1d" />
    <TestEntry testId="b0e62a3f-dbda-5351-cdbf-e39911c0ab52" executionId="6edd4483-e1ac-4b40-8a0d-888442f2ef20" testListId="8c84fa94-04c1-424b-9868-57a2d4851a1d" />
    <TestEntry testId="b327e7c1-b25a-ea16-5827-7059ea867750" executionId="a91869c7-2e87-4e24-8a43-aea190d7b58f" testListId="8c84fa94-04c1-424b-9868-57a2d4851a1d" />
    <TestEntry testId="b7e43fdb-6e64-2c94-dcce-89d4bd434ec6" executionId="bbac0124-f289-43c3-aaa0-e3c552e56e2b" testListId="8c84fa94-04c1-424b-9868-57a2d4851a1d" />
    <TestEntry testId="b8fd7e59-747c-17d3-c6d0-98a165828ac4" executionId="30b1ffde-8561-44ec-9d01-3d682a6d578a" testListId="8c84fa94-04c1-424b-9868-57a2d4851a1d" />
    <TestEntry testId="b97e58f3-cbc0-bcdd-6669-a43c0d325371" executionId="03bf04cf-e43a-4bfe-b77f-ef484184ab79" testListId="8c84fa94-04c1-424b-9868-57a2d4851a1d" />
    <TestEntry testId="bbea477e-5527-ed14-9100-20bf91c8292e" executionId="6a3bb188-30cf-48ed-b6da-f0610ae605ea" testListId="8c84fa94-04c1-424b-9868-57a2d4851a1d" />
    <TestEntry testId="bda8b925-f57b-a41e-b5e4-cfda8f09d069" executionId="79cf188a-5bc8-41ab-883e-b35b878b7063" testListId="8c84fa94-04c1-424b-9868-57a2d4851a1d" />
    <TestEntry testId="bf764ba8-8696-c92f-3f57-afea2c1bfe57" executionId="1540d664-9fcb-4a7e-95d4-f60477ea926b" testListId="8c84fa94-04c1-424b-9868-57a2d4851a1d" />
    <TestEntry testId="c3232def-6f8e-d276-40a2-3789adf7a7e8" executionId="4d2e7fcd-1b31-4205-81f3-10846d626eff" testListId="8c84fa94-04c1-424b-9868-57a2d4851a1d" />
    <TestEntry testId="c49b8624-edd6-882f-a895-24bc1ddc98ef" executionId="35403c2b-efb1-4022-802f-46ed35015a5c" testListId="8c84fa94-04c1-424b-9868-57a2d4851a1d" />
    <TestEntry testId="c5df75b3-144c-2597-17e1-ed5cf6d153e4" executionId="c4952581-2eb3-479e-b602-b472c6c7529d" testListId="8c84fa94-04c1-424b-9868-57a2d4851a1d" />
    <TestEntry testId="c9cc9895-7dba-ba49-7119-f12ee348cb8e" executionId="af156215-3c06-40bb-947d-8fbb09bb10dc" testListId="8c84fa94-04c1-424b-9868-57a2d4851a1d" />
    <TestEntry testId="caa48818-36b7-d70b-1070-130edd123aaf" executionId="b2e56e57-22a0-4a71-90f8-ed8c9705dcd6" testListId="8c84fa94-04c1-424b-9868-57a2d4851a1d" />
    <TestEntry testId="d0376b53-97ff-8f3e-a747-fb79ebf2a3da" executionId="be97da28-257e-4b74-8e9e-e3e0d650eeee" testListId="8c84fa94-04c1-424b-9868-57a2d4851a1d" />
    <TestEntry testId="d1d5bdee-95e1-826a-6e8c-92bd1b1d1870" executionId="42bcc4fd-d0f7-4408-ad39-c964a2a46810" testListId="8c84fa94-04c1-424b-9868-57a2d4851a1d" />
    <TestEntry testId="d1e4e0aa-1b84-a4ad-c411-f5ed64c5a640" executionId="c2f3daf8-575b-4257-b620-d9e9b3c4c8b0" testListId="8c84fa94-04c1-424b-9868-57a2d4851a1d" />
    <TestEntry testId="d70d4846-e790-2791-a7f6-aea47d197ce3" executionId="3d4a8c82-d241-47a4-8dd7-51f957372c88" testListId="8c84fa94-04c1-424b-9868-57a2d4851a1d" />
    <TestEntry testId="d7da732c-fc15-83c6-835a-a08965ba8304" executionId="f15fb6e5-04da-4165-b2f1-eb3aeeb6a839" testListId="8c84fa94-04c1-424b-9868-57a2d4851a1d" />
    <TestEntry testId="dc5d423e-851c-6658-b8be-e6a841de2fd1" executionId="65f963f9-a8db-4456-864c-ca96e21f43e8" testListId="8c84fa94-04c1-424b-9868-57a2d4851a1d" />
    <TestEntry testId="dd92dc7b-d098-851b-826a-9944e389e494" executionId="8a4c1411-f393-480f-9e0f-7d792fc3f814" testListId="8c84fa94-04c1-424b-9868-57a2d4851a1d" />
    <TestEntry testId="de21bf2b-3c89-6540-e855-d73236ea78a8" executionId="e5b77782-5159-47e3-b9cb-0faf5818705e" testListId="8c84fa94-04c1-424b-9868-57a2d4851a1d" />
    <TestEntry testId="e0898479-7725-95c5-c9c2-c8ebc6704474" executionId="ac0f6923-178d-4af5-8724-5e010dac717b" testListId="8c84fa94-04c1-424b-9868-57a2d4851a1d" />
    <TestEntry testId="e1a4c390-c5f8-439f-c92b-f2ca8aad4a6c" executionId="09ceeae2-c209-41e9-868b-5041d8617a4b" testListId="8c84fa94-04c1-424b-9868-57a2d4851a1d" />
    <TestEntry testId="e2a9821c-c720-fc4f-49a9-2e55aa444d68" executionId="4236da96-333b-42b7-b296-6b46006ca094" testListId="8c84fa94-04c1-424b-9868-57a2d4851a1d" />
    <TestEntry testId="e4cae4cc-8a84-0f9d-ab32-770e0b7739a5" executionId="08e51435-612d-4b6f-a56d-11ee86833459" testListId="8c84fa94-04c1-424b-9868-57a2d4851a1d" />
    <TestEntry testId="e58b710a-1d4f-3221-e978-e68b6b040c54" executionId="8bd1a20d-b56b-4c1e-8b9b-a73434ca0698" testListId="8c84fa94-04c1-424b-9868-57a2d4851a1d" />
    <TestEntry testId="ea2c6b0a-c912-2fce-46c5-ac0346f15352" executionId="4e42e3dc-0e6a-45dc-9550-658fce6cb0b1" testListId="8c84fa94-04c1-424b-9868-57a2d4851a1d" />
    <TestEntry testId="ed5d1215-e582-5800-31ce-c5bd5d4ba85a" executionId="583040b2-d278-4125-9d60-486a21142a45" testListId="8c84fa94-04c1-424b-9868-57a2d4851a1d" />
    <TestEntry testId="ed899626-e988-333c-7742-04cd720ec9a7" executionId="a812d5f9-6e67-4352-a3dc-14db828944a0" testListId="8c84fa94-04c1-424b-9868-57a2d4851a1d" />
    <TestEntry testId="ee85c135-d168-c271-408c-240e4713e404" executionId="bd9ba58d-c500-4a26-9938-49664dcdbbc7" testListId="8c84fa94-04c1-424b-9868-57a2d4851a1d" />
    <TestEntry testId="ee9a69f6-cf44-b467-cc2a-1e750c89a07f" executionId="248ff096-817e-4f1b-a6aa-e39eb50aa6c8" testListId="8c84fa94-04c1-424b-9868-57a2d4851a1d" />
    <TestEntry testId="eefbf66d-ed2c-e00b-7d18-b2f0db937ce7" executionId="81f603cf-9ed8-4aaf-99c3-73df927d6f3f" testListId="8c84fa94-04c1-424b-9868-57a2d4851a1d" />
    <TestEntry testId="f00b5c2d-ca8b-087e-0e85-8f38ab6323e5" executionId="b0642b1b-1c6f-4829-832a-dc49493d1cb5" testListId="8c84fa94-04c1-424b-9868-57a2d4851a1d" />
    <TestEntry testId="f12e1a8a-71af-23d0-a32f-22bbf6d801ac" executionId="ff6fbb0c-3710-4b0a-a811-28df5e4d1f3a" testListId="8c84fa94-04c1-424b-9868-57a2d4851a1d" />
    <TestEntry testId="f3282b9f-62b9-2180-8977-69bed228d06a" executionId="519e2b77-eb60-477d-a0d2-c45815e45542" testListId="8c84fa94-04c1-424b-9868-57a2d4851a1d" />
    <TestEntry testId="f6381e6b-e08a-f44f-1c2d-4a4e13a50dfd" executionId="1c59cf11-02aa-4cee-b902-77b948e47ae1" testListId="8c84fa94-04c1-424b-9868-57a2d4851a1d" />
    <TestEntry testId="f6827a5d-d000-6b57-1a5d-244c917c4e49" executionId="838a0092-ee43-4040-9e1e-d549fb4ccc83" testListId="8c84fa94-04c1-424b-9868-57a2d4851a1d" />
    <TestEntry testId="f7916e99-2ca8-0ce5-1775-44086440dfca" executionId="0a01ba20-cb3b-49fb-b5d4-21d1c6d9a241" testListId="8c84fa94-04c1-424b-9868-57a2d4851a1d" />
  </TestEntries>
  <Results>
    <TestResultAggregation executionId="ce98535c-6d8c-41de-ac0b-1c3e7fcffb08" testId="0474de96-8b72-8261-8e45-366c15433b15" testName="Digit_Avant_Janvier_2000_Mauvais" computerName="PC-AXINESIS-004" startTime="2014-07-30T10:18:04.6536231+02:00" endTime="2014-07-30T10:18:04.6536231+02:00" testType="d6af2cae-ad69-4f6b-94e9-14e2609e2389" outcome="Passed" testListId="8c84fa94-04c1-424b-9868-57a2d4851a1d" relativeResultsDirectory="ce98535c-6d8c-41de-ac0b-1c3e7fcffb08">
    </TestResultAggregation>
    <TestResultAggregation executionId="14d2f72f-61e2-4cc2-9ee4-632a19b7c66d" testId="0929b123-960f-6dfd-d048-b9956810fb4f" testName="Erreur_Robot_SoftwareParameterError_Bien_Traite" computerName="PC-AXINESIS-004" startTime="2014-07-30T10:18:06.2474507+02:00" endTime="2014-07-30T10:18:06.2474507+02:00" testType="d6af2cae-ad69-4f6b-94e9-14e2609e2389" outcome="Passed" testListId="8c84fa94-04c1-424b-9868-57a2d4851a1d" relativeResultsDirectory="14d2f72f-61e2-4cc2-9ee4-632a19b7c66d">
    </TestResultAggregation>
    <TestResultAggregation executionId="d4ed08d7-5d0b-4e87-8371-fcec7cd2488a" testId="0ce6d8c4-d5f8-ce8a-decc-90cca63ec023" testName="Nom_Avec_Chiffre_Non_Valdie" computerName="PC-AXINESIS-004" startTime="2014-07-30T10:18:04.6536231+02:00" endTime="2014-07-30T10:18:04.6536231+02:00" testType="d6af2cae-ad69-4f6b-94e9-14e2609e2389" outcome="Passed" testListId="8c84fa94-04c1-424b-9868-57a2d4851a1d" relativeResultsDirectory="d4ed08d7-5d0b-4e87-8371-fcec7cd2488a">
    </TestResultAggregation>
    <TestResultAggregation executionId="fcce5364-4ad2-42d8-8f1c-84d198b2e5cf" testId="0d760264-1fec-2999-c240-365c64ffbe15" testName="Erreur_Robot_SupplyVoltageOutputStageTooLow_Bien_Traite" computerName="PC-AXINESIS-004" startTime="2014-07-30T10:18:06.2474507+02:00" endTime="2014-07-30T10:18:06.2474507+02:00" testType="d6af2cae-ad69-4f6b-94e9-14e2609e2389" outcome="Passed" testListId="8c84fa94-04c1-424b-9868-57a2d4851a1d" relativeResultsDirectory="fcce5364-4ad2-42d8-8f1c-84d198b2e5cf">
    </TestResultAggregation>
    <TestResultAggregation executionId="c75bb574-ca17-4c3f-ab32-01ec3a465421" testId="0e500537-d2d9-f5ab-8260-b5ce8dde6259" testName="Therapeute_Mot_De_Passe_Obligatoire" computerName="PC-AXINESIS-004" startTime="2014-07-30T10:18:07.2474971+02:00" endTime="2014-07-30T10:18:07.2474971+02:00" testType="d6af2cae-ad69-4f6b-94e9-14e2609e2389" outcome="Passed" testListId="8c84fa94-04c1-424b-9868-57a2d4851a1d" relativeResultsDirectory="c75bb574-ca17-4c3f-ab32-01ec3a465421">
    </TestResultAggregation>
    <TestResultAggregation executionId="72a17320-9481-49e7-9fca-f4c8b17bfc1a" testId="10be6209-de22-6fa7-f60a-ee638c41144c" testName="Erreur_Robot_InterpolatedPositionModeError_Bien_Traite" computerName="PC-AXINESIS-004" duration="00:00:00.0160000" startTime="2014-07-30T10:18:06.2158245+02:00" endTime="2014-07-30T10:18:06.2318245+02:00" testType="d6af2cae-ad69-4f6b-94e9-14e2609e2389" outcome="Passed" testListId="8c84fa94-04c1-424b-9868-57a2d4851a1d" relativeResultsDirectory="72a17320-9481-49e7-9fca-f4c8b17bfc1a">
    </TestResultAggregation>
    <TestResultAggregation executionId="ed24952e-9463-4997-82f1-0eaade5864c5" testId="111b2230-432c-1643-3f22-8c807c7b6b0b" testName="Therapeute_Prenom_Obligatoire" computerName="PC-AXINESIS-004" startTime="2014-07-30T10:18:07.2787501+02:00" endTime="2014-07-30T10:18:07.2787501+02:00" testType="d6af2cae-ad69-4f6b-94e9-14e2609e2389" outcome="Passed" testListId="8c84fa94-04c1-424b-9868-57a2d4851a1d" relativeResultsDirectory="ed24952e-9463-4997-82f1-0eaade5864c5">
    </TestResultAggregation>
    <TestResultAggregation executionId="ad5d7bc2-bde9-4369-a853-17b6f7d80b26" testId="16cba0ff-f17e-3157-2151-135da05c3b77" testName="Erreur_Robot_CanPdoLengthError_Bien_Traite" computerName="PC-AXINESIS-004" startTime="2014-07-30T10:18:06.1849465+02:00" endTime="2014-07-30T10:18:06.1849465+02:00" testType="d6af2cae-ad69-4f6b-94e9-14e2609e2389" outcome="Passed" testListId="8c84fa94-04c1-424b-9868-57a2d4851a1d" relativeResultsDirectory="ad5d7bc2-bde9-4369-a853-17b6f7d80b26">
    </TestResultAggregation>
    <TestResultAggregation executionId="ec7f45c9-4bee-4dd1-9bf9-1ca3d21f9faa" testId="1feb75d6-6075-769f-0ca5-c7a95c479767" testName="Jeu_Doit_Etre_Type_Jeu_Avec_Bon_Theme_Difficile" computerName="PC-AXINESIS-004" startTime="2014-07-30T10:18:07.8568990+02:00" endTime="2014-07-30T10:18:07.8568990+02:00" testType="d6af2cae-ad69-4f6b-94e9-14e2609e2389" outcome="Passed" testListId="8c84fa94-04c1-424b-9868-57a2d4851a1d" relativeResultsDirectory="ec7f45c9-4bee-4dd1-9bf9-1ca3d21f9faa">
    </TestResultAggregation>
    <TestResultAggregation executionId="e9888b05-a00d-43ed-a0c7-f91c2882533f" testId="20b118dc-27e8-ed17-0ac4-d5df103752d3" testName="Patient_Poids_Obligatoire" computerName="PC-AXINESIS-004" duration="00:00:00.0160000" startTime="2014-07-30T10:18:08.7471912+02:00" endTime="2014-07-30T10:18:08.7631912+02:00" testType="d6af2cae-ad69-4f6b-94e9-14e2609e2389" outcome="Passed" testListId="8c84fa94-04c1-424b-9868-57a2d4851a1d" relativeResultsDirectory="e9888b05-a00d-43ed-a0c7-f91c2882533f">
    </TestResultAggregation>
    <TestResultAggregation executionId="57d35e5f-652e-4a90-bb6c-35d728adcfbb" testId="21e63970-9568-a62f-3790-26715f20f0e1" testName="Quitter_Exercice_Vers_HomeViewModel" computerName="PC-AXINESIS-004" duration="00:00:00.0160000" startTime="2014-07-30T10:18:09.8878706+02:00" endTime="2014-07-30T10:18:09.9038706+02:00" testType="d6af2cae-ad69-4f6b-94e9-14e2609e2389" outcome="Failed" testListId="8c84fa94-04c1-424b-9868-57a2d4851a1d" relativeResultsDirectory="57d35e5f-652e-4a90-bb6c-35d728adcfbb">
      <Output>
        <ErrorInfo>
          <Message>Moq.MockException : 
Expected invocation on the mock at least once, but was never performed: n =&gt; n.NavigateTo&lt;HomeViewModel&gt;(False, new[] {  })
No setups configured.
No invocations performed.</Message>
          <StackTrace>   à Moq.Mock.ThrowVerifyException(MethodCall expected, IEnumerable`1 setups, IEnumerable`1 actualCalls, Expression expression, Times times, Int32 callCount)
   à Moq.Mock.VerifyCalls(Interceptor targetInterceptor, MethodCall expected, Expression expression, Times times)
   à Moq.Mock.Verify[T,TResult](Mock`1 mock, Expression`1 expression, Times times, String failMessage)
   à Moq.Mock`1.Verify[TResult](Expression`1 expression)
   à AxNavigation.Test.NavigationVisualisationViewModelTest.Quitter_Exercice_Vers_HomeViewModel() dans C:\Users\Axinesis\Desktop\Fusion\AxNavigation.Test\NavigationVisualisationViewModelTest.cs:ligne 35</StackTrace>
        </ErrorInfo>
        <TraceInfo>VisualisationViewModel OK

</TraceInfo>
        <TextMessages>
          <Message>Moq.MockException : 
Expected invocation on the mock at least once, but was never performed: n =&gt; n.NavigateTo&lt;HomeViewModel&gt;(False, new[] {  })
No setups configured.
No invocations performed.</Message>
        </TextMessages>
      </Output>
    </TestResultAggregation>
    <TestResultAggregation executionId="7ebb5879-7763-45bf-9e8e-8b2d916c5d2c" testId="23292fbe-adfa-993b-82f2-7c477d400857" testName="CalcSommeAbs_retourne_positif_quand_reponse_negative" computerName="PC-AXINESIS-004" duration="00:00:00.0310000" startTime="2014-07-30T10:18:10.2791387+02:00" endTime="2014-07-30T10:18:10.3101387+02:00" testType="d6af2cae-ad69-4f6b-94e9-14e2609e2389" outcome="Passed" testListId="8c84fa94-04c1-424b-9868-57a2d4851a1d" relativeResultsDirectory="7ebb5879-7763-45bf-9e8e-8b2d916c5d2c">
    </TestResultAggregation>
    <TestResultAggregation executionId="30f26b54-1dc0-438a-aebd-7424de5c68d4" testId="25abb7b9-1485-9596-f399-1468ba684cfa" testName="Poids_Trop_Grand" computerName="PC-AXINESIS-004" startTime="2014-07-30T10:18:04.6536231+02:00" endTime="2014-07-30T10:18:04.6536231+02:00" testType="d6af2cae-ad69-4f6b-94e9-14e2609e2389" outcome="Passed" testListId="8c84fa94-04c1-424b-9868-57a2d4851a1d" relativeResultsDirectory="30f26b54-1dc0-438a-aebd-7424de5c68d4">
    </TestResultAggregation>
    <TestResultAggregation executionId="b88ae27c-0475-4a9e-96eb-5d2f8829b117" testId="25ecd32e-c21d-11c1-5e00-2394c558cc02" testName="Erreur_Robot_ControllerGainError_Bien_Traite" computerName="PC-AXINESIS-004" startTime="2014-07-30T10:18:06.2005730+02:00" endTime="2014-07-30T10:18:06.2005730+02:00" testType="d6af2cae-ad69-4f6b-94e9-14e2609e2389" outcome="Passed" testListId="8c84fa94-04c1-424b-9868-57a2d4851a1d" relativeResultsDirectory="b88ae27c-0475-4a9e-96eb-5d2f8829b117">
    </TestResultAggregation>
    <TestResultAggregation executionId="803b4c20-40da-49c1-a799-785ec55720a4" testId="2773513e-6b8c-7f26-cda7-ed323f58b406" testName="Patient_Bien_Supprime" computerName="PC-AXINESIS-004" duration="00:00:00.0470000" startTime="2014-07-30T10:18:08.6693160+02:00" endTime="2014-07-30T10:18:08.7163160+02:00" testType="d6af2cae-ad69-4f6b-94e9-14e2609e2389" outcome="Passed" testListId="8c84fa94-04c1-424b-9868-57a2d4851a1d" relativeResultsDirectory="803b4c20-40da-49c1-a799-785ec55720a4">
    </TestResultAggregation>
    <TestResultAggregation executionId="3f113cbc-a542-40c6-8af3-61ee4edfe99b" testId="295107df-971f-3e27-197a-332cb8c3cc50" testName="Erreur_Robot_PositionSensorError_Bien_Traite" computerName="PC-AXINESIS-004" startTime="2014-07-30T10:18:06.2474507+02:00" endTime="2014-07-30T10:18:06.2474507+02:00" testType="d6af2cae-ad69-4f6b-94e9-14e2609e2389" outcome="Passed" testListId="8c84fa94-04c1-424b-9868-57a2d4851a1d" relativeResultsDirectory="3f113cbc-a542-40c6-8af3-61ee4edfe99b">
    </TestResultAggregation>
    <TestResultAggregation executionId="5ccc0197-b1b5-467d-8c4e-2367951b2b97" testId="29643fec-276c-0215-f794-e8f805cfc972" testName="Poids_Est_Valide" computerName="PC-AXINESIS-004" startTime="2014-07-30T10:18:04.6536231+02:00" endTime="2014-07-30T10:18:04.6536231+02:00" testType="d6af2cae-ad69-4f6b-94e9-14e2609e2389" outcome="Passed" testListId="8c84fa94-04c1-424b-9868-57a2d4851a1d" relativeResultsDirectory="5ccc0197-b1b5-467d-8c4e-2367951b2b97">
    </TestResultAggregation>
    <TestResultAggregation executionId="43aecaea-ec76-4b12-8f88-eb2837497c1f" testId="2e360870-3d74-91af-79e4-be8d529dd362" testName="Erreur_Robot_FollowingError_Bien_Traite" computerName="PC-AXINESIS-004" startTime="2014-07-30T10:18:06.2005730+02:00" endTime="2014-07-30T10:18:06.2005730+02:00" testType="d6af2cae-ad69-4f6b-94e9-14e2609e2389" outcome="Passed" testListId="8c84fa94-04c1-424b-9868-57a2d4851a1d" relativeResultsDirectory="43aecaea-ec76-4b12-8f88-eb2837497c1f">
    </TestResultAggregation>
    <TestResultAggregation executionId="c989f664-41eb-4b6a-82c9-759b0dc4a795" testId="354fc1a4-174b-33c4-c868-90f05d831a1a" testName="Therapeute_Login_Mdp_Doivent_Etre_Rempli" computerName="PC-AXINESIS-004" duration="00:00:00.0160000" startTime="2014-07-30T10:18:07.2314971+02:00" endTime="2014-07-30T10:18:07.2474971+02:00" testType="d6af2cae-ad69-4f6b-94e9-14e2609e2389" outcome="Passed" testListId="8c84fa94-04c1-424b-9868-57a2d4851a1d" relativeResultsDirectory="c989f664-41eb-4b6a-82c9-759b0dc4a795">
    </TestResultAggregation>
    <TestResultAggregation executionId="f2a06564-2fbb-46d4-811b-2dd4f1ecb0ba" testId="35595230-5bd0-ff18-4c33-6a82b4105ca2" testName="Therapeute_Prenom_Valide" computerName="PC-AXINESIS-004" duration="00:00:00.0160000" startTime="2014-07-30T10:18:07.2783750+02:00" endTime="2014-07-30T10:18:07.2943750+02:00" testType="d6af2cae-ad69-4f6b-94e9-14e2609e2389" outcome="Passed" testListId="8c84fa94-04c1-424b-9868-57a2d4851a1d" relativeResultsDirectory="f2a06564-2fbb-46d4-811b-2dd4f1ecb0ba">
    </TestResultAggregation>
    <TestResultAggregation executionId="77235997-0ef4-42b8-9ead-94d96bbc8318" testId="3be5bb77-d5a9-c355-1514-f9619c4abc76" testName="Exercice_Doit_Etre_Type_Carre_Sans_Theme" computerName="PC-AXINESIS-004" duration="00:00:00.0160000" startTime="2014-07-30T10:18:07.7627701+02:00" endTime="2014-07-30T10:18:07.7787701+02:00" testType="d6af2cae-ad69-4f6b-94e9-14e2609e2389" outcome="Passed" testListId="8c84fa94-04c1-424b-9868-57a2d4851a1d" relativeResultsDirectory="77235997-0ef4-42b8-9ead-94d96bbc8318">
    </TestResultAggregation>
    <TestResultAggregation executionId="fd7ab53b-6adc-4768-af6f-7f2a56c67e5e" testId="3e305784-9366-9cbf-b6a3-920a4315b63b" testName="Erreur_SqlException_Num18456_Bien_Traite" computerName="PC-AXINESIS-004" startTime="2014-07-30T10:18:06.2630769+02:00" endTime="2014-07-30T10:18:06.2630769+02:00" testType="d6af2cae-ad69-4f6b-94e9-14e2609e2389" outcome="Passed" testListId="8c84fa94-04c1-424b-9868-57a2d4851a1d" relativeResultsDirectory="fd7ab53b-6adc-4768-af6f-7f2a56c67e5e">
    </TestResultAggregation>
    <TestResultAggregation executionId="b88ac624-466c-4aec-810f-b0acaabab6ba" testId="41d929c7-83e1-d0ec-365b-6bff1ab9c1ef" testName="Exercice_Doit_Etre_Type_Target_Avec_Theme" computerName="PC-AXINESIS-004" duration="00:00:00.0160000" startTime="2014-07-30T10:18:07.8096472+02:00" endTime="2014-07-30T10:18:07.8256472+02:00" testType="d6af2cae-ad69-4f6b-94e9-14e2609e2389" outcome="Passed" testListId="8c84fa94-04c1-424b-9868-57a2d4851a1d" relativeResultsDirectory="b88ac624-466c-4aec-810f-b0acaabab6ba">
    </TestResultAggregation>
    <TestResultAggregation executionId="29bd6ff4-b94b-4202-9eda-3bb7f7a7a22d" testId="42784824-7f1f-8f16-8a9c-72a03e7e4177" testName="Erreur_SqlException_Num4060_Bien_Traite" computerName="PC-AXINESIS-004" startTime="2014-07-30T10:18:06.2630769+02:00" endTime="2014-07-30T10:18:06.2630769+02:00" testType="d6af2cae-ad69-4f6b-94e9-14e2609e2389" outcome="Passed" testListId="8c84fa94-04c1-424b-9868-57a2d4851a1d" relativeResultsDirectory="29bd6ff4-b94b-4202-9eda-3bb7f7a7a22d">
    </TestResultAggregation>
    <TestResultAggregation executionId="5e6c058a-6f7a-4cb1-b280-8b66bec0bdbd" testId="432be06a-e2a8-0624-2aba-809b91f8a164" testName="Quitter_Exercice_En_Cours_Oui_Vers_HomeViewModel" computerName="PC-AXINESIS-004" duration="00:00:00.7190000" startTime="2014-07-30T10:18:09.1692437+02:00" endTime="2014-07-30T10:18:09.8882437+02:00" testType="d6af2cae-ad69-4f6b-94e9-14e2609e2389" outcome="Passed" testListId="8c84fa94-04c1-424b-9868-57a2d4851a1d" relativeResultsDirectory="5e6c058a-6f7a-4cb1-b280-8b66bec0bdbd">
      <Output>
        <TraceInfo>VisualisationViewModel OK

</TraceInfo>
      </Output>
    </TestResultAggregation>
    <TestResultAggregation executionId="5cb2e5fe-1b6f-402a-9abb-39b0429416c0" testId="44ed4079-9453-ff0c-84c2-ac19b4af933d" testName="Bon_Prenom_Patient_Trouve" computerName="PC-AXINESIS-004" duration="00:00:00.0160000" startTime="2014-07-30T10:18:08.6534393+02:00" endTime="2014-07-30T10:18:08.6694393+02:00" testType="d6af2cae-ad69-4f6b-94e9-14e2609e2389" outcome="Passed" testListId="8c84fa94-04c1-424b-9868-57a2d4851a1d" relativeResultsDirectory="5cb2e5fe-1b6f-402a-9abb-39b0429416c0">
    </TestResultAggregation>
    <TestResultAggregation executionId="7ed0c705-154a-4c28-8cf9-061ec082f2a8" testId="454cd542-f819-baab-5e5e-809ca9946cca" testName="Therapeute_Connection_Login_Faux_Mdp_Bon" computerName="PC-AXINESIS-004" duration="00:00:00.0160000" startTime="2014-07-30T10:18:07.2158715+02:00" endTime="2014-07-30T10:18:07.2318715+02:00" testType="d6af2cae-ad69-4f6b-94e9-14e2609e2389" outcome="Passed" testListId="8c84fa94-04c1-424b-9868-57a2d4851a1d" relativeResultsDirectory="7ed0c705-154a-4c28-8cf9-061ec082f2a8">
    </TestResultAggregation>
    <TestResultAggregation executionId="f511fcd2-3304-4233-b199-758380a9a909" testId="45e88d5d-f0bd-540d-1a6e-ca02f771c932" testName="NavigateToHome_Vers_HomeViewModel" computerName="PC-AXINESIS-004" duration="00:00:10.4540000" startTime="2014-07-30T10:18:10.6847742+02:00" endTime="2014-07-30T10:18:21.1387742+02:00" testType="d6af2cae-ad69-4f6b-94e9-14e2609e2389" outcome="Failed" testListId="8c84fa94-04c1-424b-9868-57a2d4851a1d" relativeResultsDirectory="f511fcd2-3304-4233-b199-758380a9a909">
      <Output>
        <ErrorInfo>
          <Message>Moq.MockException : 
Expected invocation on the mock at least once, but was never performed: n =&gt; n.NavigateTo&lt;HomeViewModel&gt;(False, new[] {  })
No setups configured.
No invocations performed.</Message>
          <StackTrace>   à Moq.Mock.ThrowVerifyException(MethodCall expected, IEnumerable`1 setups, IEnumerable`1 actualCalls, Expression expression, Times times, Int32 callCount)
   à Moq.Mock.VerifyCalls(Interceptor targetInterceptor, MethodCall expected, Expression expression, Times times)
   à Moq.Mock.Verify[T,TResult](Mock`1 mock, Expression`1 expression, Times times, String failMessage)
   à Moq.Mock`1.Verify[TResult](Expression`1 expression)
   à AxNavigation.Test.NavigationEvaluationViewModelTest.NavigateToHome_Vers_HomeViewModel() dans C:\Users\Axinesis\Desktop\Fusion\AxNavigation.Test\NavigationEvaluationViewModelTest.cs:ligne 33</StackTrace>
        </ErrorInfo>
        <TextMessages>
          <Message>Moq.MockException : 
Expected invocation on the mock at least once, but was never performed: n =&gt; n.NavigateTo&lt;HomeViewModel&gt;(False, new[] {  })
No setups configured.
No invocations performed.</Message>
        </TextMessages>
      </Output>
    </TestResultAggregation>
    <TestResultAggregation executionId="c55c83fe-0945-4303-a3f6-9a48aa153509" testId="46f2fb7c-cbb5-3f4f-7fbb-54c6e13304f7" testName="Erreur_FileNotFoundException_Bien_Traite" computerName="PC-AXINESIS-004" startTime="2014-07-30T10:18:06.1693191+02:00" endTime="2014-07-30T10:18:06.1693191+02:00" testType="d6af2cae-ad69-4f6b-94e9-14e2609e2389" outcome="Passed" testListId="8c84fa94-04c1-424b-9868-57a2d4851a1d" relativeResultsDirectory="c55c83fe-0945-4303-a3f6-9a48aa153509">
    </TestResultAggregation>
    <TestResultAggregation executionId="8d67dee1-7ba1-43e4-9aee-09f484548100" testId="470df629-581f-d9c4-ed6e-8910f13ce6a2" testName="Exercice_Doit_Etre_Type_Target_Sans_Theme" computerName="PC-AXINESIS-004" duration="00:00:00.0160000" startTime="2014-07-30T10:18:07.8252731+02:00" endTime="2014-07-30T10:18:07.8412731+02:00" testType="d6af2cae-ad69-4f6b-94e9-14e2609e2389" outcome="Passed" testListId="8c84fa94-04c1-424b-9868-57a2d4851a1d" relativeResultsDirectory="8d67dee1-7ba1-43e4-9aee-09f484548100">
    </TestResultAggregation>
    <TestResultAggregation executionId="7eda4902-8647-42d4-b0dc-e48b778be137" testId="4a086426-1df2-c9f6-a07f-48cc5355b1cf" testName="Erreur_UnauthorizedAccessException_Bien_Traite" computerName="PC-AXINESIS-004" duration="00:00:00.0160000" startTime="2014-07-30T10:18:06.2627016+02:00" endTime="2014-07-30T10:18:06.2787016+02:00" testType="d6af2cae-ad69-4f6b-94e9-14e2609e2389" outcome="Passed" testListId="8c84fa94-04c1-424b-9868-57a2d4851a1d" relativeResultsDirectory="7eda4902-8647-42d4-b0dc-e48b778be137">
    </TestResultAggregation>
    <TestResultAggregation executionId="9cb81ad5-fdf3-491d-9e3f-9bc529615b92" testId="4bc6e967-6d6d-55dc-5667-6491a42879ce" testName="Erreur_Robot_CanRxQueueOverflowError_Bien_Traite" computerName="PC-AXINESIS-004" duration="00:00:00.0160000" startTime="2014-07-30T10:18:06.1845730+02:00" endTime="2014-07-30T10:18:06.2005730+02:00" testType="d6af2cae-ad69-4f6b-94e9-14e2609e2389" outcome="Passed" testListId="8c84fa94-04c1-424b-9868-57a2d4851a1d" relativeResultsDirectory="9cb81ad5-fdf3-491d-9e3f-9bc529615b92">
    </TestResultAggregation>
    <TestResultAggregation executionId="f6cc4ce1-e2a5-41cc-b5d4-6c4cde5279dc" testId="4be11f3f-9c9b-c3c0-0181-9cf372e78a39" testName="Digit_Avant_Janvier_2000_Correct" computerName="PC-AXINESIS-004" startTime="2014-07-30T10:18:04.6536231+02:00" endTime="2014-07-30T10:18:04.6536231+02:00" testType="d6af2cae-ad69-4f6b-94e9-14e2609e2389" outcome="Passed" testListId="8c84fa94-04c1-424b-9868-57a2d4851a1d" relativeResultsDirectory="f6cc4ce1-e2a5-41cc-b5d4-6c4cde5279dc">
    </TestResultAggregation>
    <TestResultAggregation executionId="1bd7e8ab-831f-4fd3-aea6-f2feebff5e9f" testId="4c328412-8a84-cec3-b518-5abcecc770c8" testName="Erreur_Robot_UndervoltageError_Bien_Traite" computerName="PC-AXINESIS-004" duration="00:00:00.0160000" startTime="2014-07-30T10:18:06.2470769+02:00" endTime="2014-07-30T10:18:06.2630769+02:00" testType="d6af2cae-ad69-4f6b-94e9-14e2609e2389" outcome="Passed" testListId="8c84fa94-04c1-424b-9868-57a2d4851a1d" relativeResultsDirectory="1bd7e8ab-831f-4fd3-aea6-f2feebff5e9f">
    </TestResultAggregation>
    <TestResultAggregation executionId="cfe9b3ea-24cd-45cf-b077-d7376fc7780d" testId="4d48ca6b-511b-39ac-a68c-91352d15b1df" testName="Erreur_SqlException_Num18452_Bien_Traite" computerName="PC-AXINESIS-004" startTime="2014-07-30T10:18:06.2630769+02:00" endTime="2014-07-30T10:18:06.2630769+02:00" testType="d6af2cae-ad69-4f6b-94e9-14e2609e2389" outcome="Passed" testListId="8c84fa94-04c1-424b-9868-57a2d4851a1d" relativeResultsDirectory="cfe9b3ea-24cd-45cf-b077-d7376fc7780d">
    </TestResultAggregation>
    <TestResultAggregation executionId="1ce33f63-2569-4e55-8011-8f5fe9d082f3" testId="4f482e75-1f13-6e68-c51e-899481bb394c" testName="Erreur_Robot_LogicSupplyVoltageTooLowError_Bien_Traite" computerName="PC-AXINESIS-004" startTime="2014-07-30T10:18:06.2318245+02:00" endTime="2014-07-30T10:18:06.2318245+02:00" testType="d6af2cae-ad69-4f6b-94e9-14e2609e2389" outcome="Passed" testListId="8c84fa94-04c1-424b-9868-57a2d4851a1d" relativeResultsDirectory="1ce33f63-2569-4e55-8011-8f5fe9d082f3">
    </TestResultAggregation>
    <TestResultAggregation executionId="ac265db6-2bc3-4bb0-80a3-1b2db6dc0f67" testId="4ff74c24-6e9b-810e-a11a-0426b9c06e93" testName="Erreur_Robot_OvercurrentError_Bien_Traite" computerName="PC-AXINESIS-004" startTime="2014-07-30T10:18:06.2318245+02:00" endTime="2014-07-30T10:18:06.2318245+02:00" testType="d6af2cae-ad69-4f6b-94e9-14e2609e2389" outcome="Passed" testListId="8c84fa94-04c1-424b-9868-57a2d4851a1d" relativeResultsDirectory="ac265db6-2bc3-4bb0-80a3-1b2db6dc0f67">
    </TestResultAggregation>
    <TestResultAggregation executionId="23c5c220-db43-40e8-9a82-7f1129e76703" testId="5188289e-0f4c-4bba-4f87-aede2c765fd5" testName="Erreur_OutOfMemoryException_Bien_Traite" computerName="PC-AXINESIS-004" startTime="2014-07-30T10:18:06.1693191+02:00" endTime="2014-07-30T10:18:06.1693191+02:00" testType="d6af2cae-ad69-4f6b-94e9-14e2609e2389" outcome="Passed" testListId="8c84fa94-04c1-424b-9868-57a2d4851a1d" relativeResultsDirectory="23c5c220-db43-40e8-9a82-7f1129e76703">
    </TestResultAggregation>
    <TestResultAggregation executionId="cf51c9c4-3ba2-4cfa-b03e-322f1a1d51d4" testId="581c372c-5787-efa7-eb05-b82da31e13c9" testName="Erreur_Robot_HallSensorError_Bien_Traite" computerName="PC-AXINESIS-004" startTime="2014-07-30T10:18:06.2161983+02:00" endTime="2014-07-30T10:18:06.2161983+02:00" testType="d6af2cae-ad69-4f6b-94e9-14e2609e2389" outcome="Passed" testListId="8c84fa94-04c1-424b-9868-57a2d4851a1d" relativeResultsDirectory="cf51c9c4-3ba2-4cfa-b03e-322f1a1d51d4">
    </TestResultAggregation>
    <TestResultAggregation executionId="5e01a5df-abd8-46c0-b5f4-c4f4febb1115" testId="58267df6-27d7-de99-f3be-2ac90f317834" testName="Erreur_Robot_OvervoltageError_Bien_Traite" computerName="PC-AXINESIS-004" duration="00:00:00.0160000" startTime="2014-07-30T10:18:06.2314507+02:00" endTime="2014-07-30T10:18:06.2474507+02:00" testType="d6af2cae-ad69-4f6b-94e9-14e2609e2389" outcome="Passed" testListId="8c84fa94-04c1-424b-9868-57a2d4851a1d" relativeResultsDirectory="5e01a5df-abd8-46c0-b5f4-c4f4febb1115">
    </TestResultAggregation>
    <TestResultAggregation executionId="16559485-de4d-41c7-85a5-daeff259def7" testId="5e7d6af5-64cc-1804-ddd0-8cb7d33a7c25" testName="Erreur_Robot_CanTxQueueOverflowError_Bien_Traite" computerName="PC-AXINESIS-004" startTime="2014-07-30T10:18:06.2005730+02:00" endTime="2014-07-30T10:18:06.2005730+02:00" testType="d6af2cae-ad69-4f6b-94e9-14e2609e2389" outcome="Passed" testListId="8c84fa94-04c1-424b-9868-57a2d4851a1d" relativeResultsDirectory="16559485-de4d-41c7-85a5-daeff259def7">
    </TestResultAggregation>
    <TestResultAggregation executionId="715422bb-e1ef-46ef-bc93-ace4eab24350" testId="5f4e2034-866f-4eb1-0441-6555f1681d32" testName="Erreur_Robot_GearScalingFactorError_Bien_Traite" computerName="PC-AXINESIS-004" duration="00:00:00.0160000" startTime="2014-07-30T10:18:06.2001983+02:00" endTime="2014-07-30T10:18:06.2161983+02:00" testType="d6af2cae-ad69-4f6b-94e9-14e2609e2389" outcome="Passed" testListId="8c84fa94-04c1-424b-9868-57a2d4851a1d" relativeResultsDirectory="715422bb-e1ef-46ef-bc93-ace4eab24350">
    </TestResultAggregation>
    <TestResultAggregation executionId="e40ed364-e342-4546-8dd7-726791717de7" testId="5f4e818c-59f5-ec74-a477-f33dd5087204" testName="Patient_Nom_Obligatoire" computerName="PC-AXINESIS-004" startTime="2014-07-30T10:18:08.7475684+02:00" endTime="2014-07-30T10:18:08.7475684+02:00" testType="d6af2cae-ad69-4f6b-94e9-14e2609e2389" outcome="Passed" testListId="8c84fa94-04c1-424b-9868-57a2d4851a1d" relativeResultsDirectory="e40ed364-e342-4546-8dd7-726791717de7">
    </TestResultAggregation>
    <TestResultAggregation executionId="c3a3e65e-9d05-4d4a-9503-39ea4a7380f1" testId="685bc9e4-6b9e-eafd-c8ef-4d24f897588d" testName="Erreur_SqlException_Num10054_Bien_Traite" computerName="PC-AXINESIS-004" startTime="2014-07-30T10:18:06.2630769+02:00" endTime="2014-07-30T10:18:06.2630769+02:00" testType="d6af2cae-ad69-4f6b-94e9-14e2609e2389" outcome="Passed" testListId="8c84fa94-04c1-424b-9868-57a2d4851a1d" relativeResultsDirectory="c3a3e65e-9d05-4d4a-9503-39ea4a7380f1">
    </TestResultAggregation>
    <TestResultAggregation executionId="d7ec12c8-8618-413f-8842-8169d40dd5e6" testId="6baf9aec-dbb5-4f84-ed05-5b1fdabda1f6" testName="Therapeute_Connection_Login_Bon_Mdp_Bon" computerName="PC-AXINESIS-004" duration="00:00:00.0160000" startTime="2014-07-30T10:18:07.2002447+02:00" endTime="2014-07-30T10:18:07.2162447+02:00" testType="d6af2cae-ad69-4f6b-94e9-14e2609e2389" outcome="Passed" testListId="8c84fa94-04c1-424b-9868-57a2d4851a1d" relativeResultsDirectory="d7ec12c8-8618-413f-8842-8169d40dd5e6">
    </TestResultAggregation>
    <TestResultAggregation executionId="74672822-4873-455a-afb0-6bc9cd0d8012" testId="6e7616cc-f5c3-4e0a-2f74-0b9986d66ed0" testName="Erreur_Robot_IndexProcessingError_Bien_Traite" computerName="PC-AXINESIS-004" startTime="2014-07-30T10:18:06.2161983+02:00" endTime="2014-07-30T10:18:06.2161983+02:00" testType="d6af2cae-ad69-4f6b-94e9-14e2609e2389" outcome="Passed" testListId="8c84fa94-04c1-424b-9868-57a2d4851a1d" relativeResultsDirectory="74672822-4873-455a-afb0-6bc9cd0d8012">
    </TestResultAggregation>
    <TestResultAggregation executionId="6877e276-5ddb-45fb-829b-94acfd46c7c2" testId="6e80c6e1-e5cc-e094-8690-e0b15e42b61e" testName="Exercice_Eval_Doit_Avoir_Big_Borne" computerName="PC-AXINESIS-004" duration="00:00:00.0160000" startTime="2014-07-30T10:18:07.8408990+02:00" endTime="2014-07-30T10:18:07.8568990+02:00" testType="d6af2cae-ad69-4f6b-94e9-14e2609e2389" outcome="Passed" testListId="8c84fa94-04c1-424b-9868-57a2d4851a1d" relativeResultsDirectory="6877e276-5ddb-45fb-829b-94acfd46c7c2">
    </TestResultAggregation>
    <TestResultAggregation executionId="940e8020-0e1c-447c-8725-90c6dd05b401" testId="70c3bcd2-30f3-dc55-d57b-3305735ab2fe" testName="Therapeute_Nom_Obligatoire" computerName="PC-AXINESIS-004" startTime="2014-07-30T10:18:07.2631229+02:00" endTime="2014-07-30T10:18:07.2631229+02:00" testType="d6af2cae-ad69-4f6b-94e9-14e2609e2389" outcome="Passed" testListId="8c84fa94-04c1-424b-9868-57a2d4851a1d" relativeResultsDirectory="940e8020-0e1c-447c-8725-90c6dd05b401">
    </TestResultAggregation>
    <TestResultAggregation executionId="90db1633-6647-4830-92fa-8dbfa3f52f83" testId="70ebb40d-5861-d5c1-a3ef-791dade40bd9" testName="Therapeute_Confirmation_Mot_De_Passe_Valide" computerName="PC-AXINESIS-004" startTime="2014-07-30T10:18:07.2006191+02:00" endTime="2014-07-30T10:18:07.2006191+02:00" testType="d6af2cae-ad69-4f6b-94e9-14e2609e2389" outcome="Passed" testListId="8c84fa94-04c1-424b-9868-57a2d4851a1d" relativeResultsDirectory="90db1633-6647-4830-92fa-8dbfa3f52f83">
    </TestResultAggregation>
    <TestResultAggregation executionId="0c3b6f11-baca-40bc-a9eb-0924d7cf1e0e" testId="73ff9664-9e53-3c8b-c732-477aeaf16de3" testName="Patient_Sexe_Obligatoire" computerName="PC-AXINESIS-004" startTime="2014-07-30T10:18:08.7631912+02:00" endTime="2014-07-30T10:18:08.7631912+02:00" testType="d6af2cae-ad69-4f6b-94e9-14e2609e2389" outcome="Passed" testListId="8c84fa94-04c1-424b-9868-57a2d4851a1d" relativeResultsDirectory="0c3b6f11-baca-40bc-a9eb-0924d7cf1e0e">
    </TestResultAggregation>
    <TestResultAggregation executionId="353d3592-80de-4e25-b7fa-9036a9f2abdb" testId="753937c8-a9eb-1241-f3c3-39b8d5bc3c92" testName="Patient_Prenom_Avec_Chiffre_Non_Valdie" computerName="PC-AXINESIS-004" startTime="2014-07-30T10:18:04.6536231+02:00" endTime="2014-07-30T10:18:04.6536231+02:00" testType="d6af2cae-ad69-4f6b-94e9-14e2609e2389" outcome="Passed" testListId="8c84fa94-04c1-424b-9868-57a2d4851a1d" relativeResultsDirectory="353d3592-80de-4e25-b7fa-9036a9f2abdb">
    </TestResultAggregation>
    <TestResultAggregation executionId="a464b2c9-72c3-4ca9-85ca-78e209305391" testId="79e0f4ac-752d-6854-5869-d79798ecc5d8" testName="Digit_Apres_Decembre_1999_Correct" computerName="PC-AXINESIS-004" duration="00:00:00.0160000" startTime="2014-07-30T10:18:04.6219975+02:00" endTime="2014-07-30T10:18:04.6379975+02:00" testType="d6af2cae-ad69-4f6b-94e9-14e2609e2389" outcome="Passed" testListId="8c84fa94-04c1-424b-9868-57a2d4851a1d" relativeResultsDirectory="a464b2c9-72c3-4ca9-85ca-78e209305391">
    </TestResultAggregation>
    <TestResultAggregation executionId="b534e3f8-c256-4632-a882-8a62e1495b7d" testId="7a5257a4-6838-27e7-097e-fee1f1076112" testName="Therapeute_Nom_Valide" computerName="PC-AXINESIS-004" startTime="2014-07-30T10:18:07.2787501+02:00" endTime="2014-07-30T10:18:07.2787501+02:00" testType="d6af2cae-ad69-4f6b-94e9-14e2609e2389" outcome="Passed" testListId="8c84fa94-04c1-424b-9868-57a2d4851a1d" relativeResultsDirectory="b534e3f8-c256-4632-a882-8a62e1495b7d">
    </TestResultAggregation>
    <TestResultAggregation executionId="6c9cabcb-b5d0-47d2-a462-2b2856ca0fbf" testId="7a8c8ab2-cc1f-665a-6687-1b4694c99073" testName="Ecart_Type" computerName="PC-AXINESIS-004" duration="00:00:00.0470000" startTime="2014-07-30T10:18:21.5605450+02:00" endTime="2014-07-30T10:18:21.6075450+02:00" testType="d6af2cae-ad69-4f6b-94e9-14e2609e2389" outcome="Passed" testListId="8c84fa94-04c1-424b-9868-57a2d4851a1d" relativeResultsDirectory="6c9cabcb-b5d0-47d2-a462-2b2856ca0fbf">
    </TestResultAggregation>
    <TestResultAggregation executionId="09c8e19b-7423-4768-a9ce-ea6930268693" testId="7d2a5c74-8b81-7def-78d9-19fc9e6c2ea4" testName="Patient_DateNaissance_Obligatoire" computerName="PC-AXINESIS-004" duration="00:00:00.0160000" startTime="2014-07-30T10:18:08.7159401+02:00" endTime="2014-07-30T10:18:08.7319401+02:00" testType="d6af2cae-ad69-4f6b-94e9-14e2609e2389" outcome="Passed" testListId="8c84fa94-04c1-424b-9868-57a2d4851a1d" relativeResultsDirectory="09c8e19b-7423-4768-a9ce-ea6930268693">
    </TestResultAggregation>
    <TestResultAggregation executionId="e88a6798-8031-4996-b85f-47ad1986de98" testId="7f94dfe3-332f-6ad8-2375-32e045760356" testName="Exercice_Doit_Etre_Type_FreeAmpl_Sans_Theme" computerName="PC-AXINESIS-004" startTime="2014-07-30T10:18:07.8100216+02:00" endTime="2014-07-30T10:18:07.8100216+02:00" testType="d6af2cae-ad69-4f6b-94e9-14e2609e2389" outcome="Passed" testListId="8c84fa94-04c1-424b-9868-57a2d4851a1d" relativeResultsDirectory="e88a6798-8031-4996-b85f-47ad1986de98">
    </TestResultAggregation>
    <TestResultAggregation executionId="8588f54b-9e8c-4816-9a19-a9dc1efb2052" testId="801619e0-4c6a-c192-158c-5c744706c07f" testName="Digit_Apres_Decembre_1999_Mauvais" computerName="PC-AXINESIS-004" startTime="2014-07-30T10:18:04.6536231+02:00" endTime="2014-07-30T10:18:04.6536231+02:00" testType="d6af2cae-ad69-4f6b-94e9-14e2609e2389" outcome="Passed" testListId="8c84fa94-04c1-424b-9868-57a2d4851a1d" relativeResultsDirectory="8588f54b-9e8c-4816-9a19-a9dc1efb2052">
    </TestResultAggregation>
    <TestResultAggregation executionId="f9fb31fd-cb62-46f8-aab9-4f187199c074" testId="84265baa-a0fc-9eb4-5420-2fc493c758dd" testName="Jeu_Doit_Etre_Type_Jeu_Avec_Bon_Theme_Facile" computerName="PC-AXINESIS-004" startTime="2014-07-30T10:18:07.9037763+02:00" endTime="2014-07-30T10:18:07.9037763+02:00" testType="d6af2cae-ad69-4f6b-94e9-14e2609e2389" outcome="Passed" testListId="8c84fa94-04c1-424b-9868-57a2d4851a1d" relativeResultsDirectory="f9fb31fd-cb62-46f8-aab9-4f187199c074">
    </TestResultAggregation>
    <TestResultAggregation executionId="ddc569de-6032-4eea-8e4e-0a5afb6809a8" testId="8786509f-e646-d735-fbae-09bb7ea9968d" testName="Deconnexion_Robot_Correcte" computerName="PC-AXINESIS-004" startTime="2014-07-30T10:18:22.1231950+02:00" endTime="2014-07-30T10:18:22.1231950+02:00" testType="d6af2cae-ad69-4f6b-94e9-14e2609e2389" outcome="Passed" testListId="8c84fa94-04c1-424b-9868-57a2d4851a1d" relativeResultsDirectory="ddc569de-6032-4eea-8e4e-0a5afb6809a8">
    </TestResultAggregation>
    <TestResultAggregation executionId="a623b922-8584-4177-9e3e-4c757f14c1c8" testId="8ba1fb0e-b6e5-ffa6-335a-2d325b6a0e71" testName="Patient_ID2_Obligatoire" computerName="PC-AXINESIS-004" startTime="2014-07-30T10:18:08.7475684+02:00" endTime="2014-07-30T10:18:08.7475684+02:00" testType="d6af2cae-ad69-4f6b-94e9-14e2609e2389" outcome="Passed" testListId="8c84fa94-04c1-424b-9868-57a2d4851a1d" relativeResultsDirectory="a623b922-8584-4177-9e3e-4c757f14c1c8">
    </TestResultAggregation>
    <TestResultAggregation executionId="ac50b914-fcc2-4ba2-b4e5-31490d6af9c0" testId="8c12cfd0-1498-5bdd-91ca-78d79b86f9eb" testName="Erreur_Robot_SystemOverloadedError_Bien_Traite" computerName="PC-AXINESIS-004" startTime="2014-07-30T10:18:06.2474507+02:00" endTime="2014-07-30T10:18:06.2474507+02:00" testType="d6af2cae-ad69-4f6b-94e9-14e2609e2389" outcome="Passed" testListId="8c84fa94-04c1-424b-9868-57a2d4851a1d" relativeResultsDirectory="ac50b914-fcc2-4ba2-b4e5-31490d6af9c0">
    </TestResultAggregation>
    <TestResultAggregation executionId="9432ddc9-08a3-4db8-bbab-cac757339a38" testId="8df30bf8-76cd-877b-8f7e-5c4d83da39af" testName="Therapeute_Doit_Etre_Admin" computerName="PC-AXINESIS-004" startTime="2014-07-30T10:18:07.2318715+02:00" endTime="2014-07-30T10:18:07.2318715+02:00" testType="d6af2cae-ad69-4f6b-94e9-14e2609e2389" outcome="Passed" testListId="8c84fa94-04c1-424b-9868-57a2d4851a1d" relativeResultsDirectory="9432ddc9-08a3-4db8-bbab-cac757339a38">
    </TestResultAggregation>
    <TestResultAggregation executionId="315b3fb8-ba0c-4a14-a367-73f7bdf2e3be" testId="92017067-14ad-573f-0247-6612b560f178" testName="Erreur_Robot_CanTransmitCobIdCollisionError_Bien_Traite" computerName="PC-AXINESIS-004" startTime="2014-07-30T10:18:06.2005730+02:00" endTime="2014-07-30T10:18:06.2005730+02:00" testType="d6af2cae-ad69-4f6b-94e9-14e2609e2389" outcome="Passed" testListId="8c84fa94-04c1-424b-9868-57a2d4851a1d" relativeResultsDirectory="315b3fb8-ba0c-4a14-a367-73f7bdf2e3be">
    </TestResultAggregation>
    <TestResultAggregation executionId="ed332b40-ef59-4b52-bc87-72b0d2f7eacf" testId="92fd36a1-ca75-7f92-7bd2-2dc408eedb40" testName="Erreur_Autres_Exception_Doit_Couper_Le_Programme" computerName="PC-AXINESIS-004" startTime="2014-07-30T10:18:06.1693191+02:00" endTime="2014-07-30T10:18:06.1693191+02:00" testType="d6af2cae-ad69-4f6b-94e9-14e2609e2389" outcome="Passed" testListId="8c84fa94-04c1-424b-9868-57a2d4851a1d" relativeResultsDirectory="ed332b40-ef59-4b52-bc87-72b0d2f7eacf">
    </TestResultAggregation>
    <TestResultAggregation executionId="6e4b8568-4ab1-448e-b4db-21e9144b9f2b" testId="93a6a4eb-88a4-190c-4984-549fd5627b92" testName="Erreur_SqlException_Autres_Num_Bien_Traite" computerName="PC-AXINESIS-004" startTime="2014-07-30T10:18:06.2630769+02:00" endTime="2014-07-30T10:18:06.2630769+02:00" testType="d6af2cae-ad69-4f6b-94e9-14e2609e2389" outcome="Passed" testListId="8c84fa94-04c1-424b-9868-57a2d4851a1d" relativeResultsDirectory="6e4b8568-4ab1-448e-b4db-21e9144b9f2b">
    </TestResultAggregation>
    <TestResultAggregation executionId="21dce423-556d-4b69-a601-ffd55090e000" testId="9675d6c5-a9f0-d1b1-dc83-f2159bbe4e61" testName="Erreur_SqlException_Num2_Bien_Traite" computerName="PC-AXINESIS-004" startTime="2014-07-30T10:18:06.2630769+02:00" endTime="2014-07-30T10:18:06.2630769+02:00" testType="d6af2cae-ad69-4f6b-94e9-14e2609e2389" outcome="Passed" testListId="8c84fa94-04c1-424b-9868-57a2d4851a1d" relativeResultsDirectory="21dce423-556d-4b69-a601-ffd55090e000">
    </TestResultAggregation>
    <TestResultAggregation executionId="3d9e1a6d-dc16-4bb1-99ac-860766217b12" testId="99f400bb-0ada-6022-1c6a-8a51a33a69ad" testName="Erreur_WrongSerialPortException_Bien_Traite" computerName="PC-AXINESIS-004" startTime="2014-07-30T10:18:06.2787016+02:00" endTime="2014-07-30T10:18:06.2787016+02:00" testType="d6af2cae-ad69-4f6b-94e9-14e2609e2389" outcome="Passed" testListId="8c84fa94-04c1-424b-9868-57a2d4851a1d" relativeResultsDirectory="3d9e1a6d-dc16-4bb1-99ac-860766217b12">
    </TestResultAggregation>
    <TestResultAggregation executionId="b803bbcd-ca64-4526-bdb6-8a922c0ebbff" testId="9a9c9aca-748b-bfa8-d869-cf515d3be60d" testName="Bonne_Date_Patient_Trouve" computerName="PC-AXINESIS-004" startTime="2014-07-30T10:18:08.6694393+02:00" endTime="2014-07-30T10:18:08.6694393+02:00" testType="d6af2cae-ad69-4f6b-94e9-14e2609e2389" outcome="Passed" testListId="8c84fa94-04c1-424b-9868-57a2d4851a1d" relativeResultsDirectory="b803bbcd-ca64-4526-bdb6-8a922c0ebbff">
    </TestResultAggregation>
    <TestResultAggregation executionId="ddf4f365-4276-4e98-9c20-d682340b16f6" testId="9ef9f365-076b-fb6f-67f0-e145ead2e579" testName="Inscription_Administrateur" computerName="PC-AXINESIS-004" startTime="2014-07-30T10:18:07.1693673+02:00" endTime="2014-07-30T10:18:07.1693673+02:00" testType="d6af2cae-ad69-4f6b-94e9-14e2609e2389" outcome="Passed" testListId="8c84fa94-04c1-424b-9868-57a2d4851a1d" relativeResultsDirectory="ddf4f365-4276-4e98-9c20-d682340b16f6">
    </TestResultAggregation>
    <TestResultAggregation executionId="e19b0c10-c6ca-4fd1-958d-2031141b9a8c" testId="9f809847-62e4-7ae9-163a-caf99776f5c1" testName="Jeu_Doit_Etre_Type_Jeu_Avec_Bon_Theme_Expert" computerName="PC-AXINESIS-004" duration="00:00:00.0470000" startTime="2014-07-30T10:18:07.8567763+02:00" endTime="2014-07-30T10:18:07.9037763+02:00" testType="d6af2cae-ad69-4f6b-94e9-14e2609e2389" outcome="Passed" testListId="8c84fa94-04c1-424b-9868-57a2d4851a1d" relativeResultsDirectory="e19b0c10-c6ca-4fd1-958d-2031141b9a8c">
    </TestResultAggregation>
    <TestResultAggregation executionId="d9ce7671-02a1-4f61-952f-45a2a78d03aa" testId="9fd9b1fa-6e42-0253-d530-aa3bc9535c48" testName="Taille_Trop_Petite" computerName="PC-AXINESIS-004" startTime="2014-07-30T10:18:04.6536231+02:00" endTime="2014-07-30T10:18:04.6536231+02:00" testType="d6af2cae-ad69-4f6b-94e9-14e2609e2389" outcome="Passed" testListId="8c84fa94-04c1-424b-9868-57a2d4851a1d" relativeResultsDirectory="d9ce7671-02a1-4f61-952f-45a2a78d03aa">
    </TestResultAggregation>
    <TestResultAggregation executionId="411bea9c-c638-4006-b5f3-33416c3c3526" testId="a1966c6a-89d2-337f-4636-dc1c68800169" testName="Exercice_Doit_Etre_Type_FreeAmpl_Avec_Theme" computerName="PC-AXINESIS-004" duration="00:00:00.0160000" startTime="2014-07-30T10:18:07.7940216+02:00" endTime="2014-07-30T10:18:07.8100216+02:00" testType="d6af2cae-ad69-4f6b-94e9-14e2609e2389" outcome="Passed" testListId="8c84fa94-04c1-424b-9868-57a2d4851a1d" relativeResultsDirectory="411bea9c-c638-4006-b5f3-33416c3c3526">
    </TestResultAggregation>
    <TestResultAggregation executionId="4ca74413-334f-4363-b117-6bfd9d5e8cc8" testId="a2846e84-e29a-ac6f-f43c-d07bf54453dd" testName="Therapeute_Confirmation_Mot_De_Passe" computerName="PC-AXINESIS-004" duration="00:00:00.0310000" startTime="2014-07-30T10:18:07.1696191+02:00" endTime="2014-07-30T10:18:07.2006191+02:00" testType="d6af2cae-ad69-4f6b-94e9-14e2609e2389" outcome="Passed" testListId="8c84fa94-04c1-424b-9868-57a2d4851a1d" relativeResultsDirectory="4ca74413-334f-4363-b117-6bfd9d5e8cc8">
    </TestResultAggregation>
    <TestResultAggregation executionId="06b60de6-0bfe-445a-92d8-3c7b77b6d1bc" testId="a7d2c1fe-6292-38c4-b190-463be3c8cf93" testName="Patient_Taille_Obligatoire" computerName="PC-AXINESIS-004" duration="00:00:00.0160000" startTime="2014-07-30T10:18:08.7628205+02:00" endTime="2014-07-30T10:18:08.7788205+02:00" testType="d6af2cae-ad69-4f6b-94e9-14e2609e2389" outcome="Passed" testListId="8c84fa94-04c1-424b-9868-57a2d4851a1d" relativeResultsDirectory="06b60de6-0bfe-445a-92d8-3c7b77b6d1bc">
    </TestResultAggregation>
    <TestResultAggregation executionId="60135039-d117-434d-9034-f624e1ac7bcb" testId="a844c7b5-b6b2-c536-6130-0a3921ce9bd8" testName="Taille_Est_Valide" computerName="PC-AXINESIS-004" startTime="2014-07-30T10:18:04.6536231+02:00" endTime="2014-07-30T10:18:04.6536231+02:00" testType="d6af2cae-ad69-4f6b-94e9-14e2609e2389" outcome="Passed" testListId="8c84fa94-04c1-424b-9868-57a2d4851a1d" relativeResultsDirectory="60135039-d117-434d-9034-f624e1ac7bcb">
    </TestResultAggregation>
    <TestResultAggregation executionId="35b5b610-deca-40dd-a9ae-50336f1d7761" testId="a844de03-199c-2904-f987-af36e60b2367" testName="Erreur_Robot_HallAngleDetectionError_Bien_Traite" computerName="PC-AXINESIS-004" startTime="2014-07-30T10:18:06.2161983+02:00" endTime="2014-07-30T10:18:06.2161983+02:00" testType="d6af2cae-ad69-4f6b-94e9-14e2609e2389" outcome="Passed" testListId="8c84fa94-04c1-424b-9868-57a2d4851a1d" relativeResultsDirectory="35b5b610-deca-40dd-a9ae-50336f1d7761">
    </TestResultAggregation>
    <TestResultAggregation executionId="647265f1-ae47-484c-8e97-1548d94e04a0" testId="ae8642d5-07bc-0f18-4b31-bcbab057a0d0" testName="Connexion_Robot_Correcte" computerName="PC-AXINESIS-004" duration="00:00:00.1560000" startTime="2014-07-30T10:18:21.9671950+02:00" endTime="2014-07-30T10:18:22.1231950+02:00" testType="d6af2cae-ad69-4f6b-94e9-14e2609e2389" outcome="Passed" testListId="8c84fa94-04c1-424b-9868-57a2d4851a1d" relativeResultsDirectory="647265f1-ae47-484c-8e97-1548d94e04a0">
    </TestResultAggregation>
    <TestResultAggregation executionId="6edd4483-e1ac-4b40-8a0d-888442f2ef20" testId="b0e62a3f-dbda-5351-cdbf-e39911c0ab52" testName="Poids_Trop_Petit" computerName="PC-AXINESIS-004" startTime="2014-07-30T10:18:04.6536231+02:00" endTime="2014-07-30T10:18:04.6536231+02:00" testType="d6af2cae-ad69-4f6b-94e9-14e2609e2389" outcome="Passed" testListId="8c84fa94-04c1-424b-9868-57a2d4851a1d" relativeResultsDirectory="6edd4483-e1ac-4b40-8a0d-888442f2ef20">
    </TestResultAggregation>
    <TestResultAggregation executionId="a91869c7-2e87-4e24-8a43-aea190d7b58f" testId="b327e7c1-b25a-ea16-5827-7059ea867750" testName="Erreur_Robot_CanOverrunErrorObjectsLost_Bien_Traite" computerName="PC-AXINESIS-004" startTime="2014-07-30T10:18:06.1849465+02:00" endTime="2014-07-30T10:18:06.1849465+02:00" testType="d6af2cae-ad69-4f6b-94e9-14e2609e2389" outcome="Passed" testListId="8c84fa94-04c1-424b-9868-57a2d4851a1d" relativeResultsDirectory="a91869c7-2e87-4e24-8a43-aea190d7b58f">
    </TestResultAggregation>
    <TestResultAggregation executionId="bbac0124-f289-43c3-aaa0-e3c552e56e2b" testId="b7e43fdb-6e64-2c94-dcce-89d4bd434ec6" testName="Therapeute_Mot_De_Passe_Longeur_Valide" computerName="PC-AXINESIS-004" startTime="2014-07-30T10:18:07.2474971+02:00" endTime="2014-07-30T10:18:07.2474971+02:00" testType="d6af2cae-ad69-4f6b-94e9-14e2609e2389" outcome="Passed" testListId="8c84fa94-04c1-424b-9868-57a2d4851a1d" relativeResultsDirectory="bbac0124-f289-43c3-aaa0-e3c552e56e2b">
    </TestResultAggregation>
    <TestResultAggregation executionId="30b1ffde-8561-44ec-9d01-3d682a6d578a" testId="b8fd7e59-747c-17d3-c6d0-98a165828ac4" testName="Nom_Est_Valide" computerName="PC-AXINESIS-004" startTime="2014-07-30T10:18:04.6536231+02:00" endTime="2014-07-30T10:18:04.6536231+02:00" testType="d6af2cae-ad69-4f6b-94e9-14e2609e2389" outcome="Passed" testListId="8c84fa94-04c1-424b-9868-57a2d4851a1d" relativeResultsDirectory="30b1ffde-8561-44ec-9d01-3d682a6d578a">
    </TestResultAggregation>
    <TestResultAggregation executionId="03bf04cf-e43a-4bfe-b77f-ef484184ab79" testId="b97e58f3-cbc0-bcdd-6669-a43c0d325371" testName="Erreur_Robot_InternalSoftwareError_Bien_Traite" computerName="PC-AXINESIS-004" startTime="2014-07-30T10:18:06.2161983+02:00" endTime="2014-07-30T10:18:06.2161983+02:00" testType="d6af2cae-ad69-4f6b-94e9-14e2609e2389" outcome="Passed" testListId="8c84fa94-04c1-424b-9868-57a2d4851a1d" relativeResultsDirectory="03bf04cf-e43a-4bfe-b77f-ef484184ab79">
    </TestResultAggregation>
    <TestResultAggregation executionId="6a3bb188-30cf-48ed-b6da-f0610ae605ea" testId="bbea477e-5527-ed14-9100-20bf91c8292e" testName="Therapeute_Nom_Utilisateur_Longeur_Valide" computerName="PC-AXINESIS-004" duration="00:00:00.0160000" startTime="2014-07-30T10:18:07.2627501+02:00" endTime="2014-07-30T10:18:07.2787501+02:00" testType="d6af2cae-ad69-4f6b-94e9-14e2609e2389" outcome="Passed" testListId="8c84fa94-04c1-424b-9868-57a2d4851a1d" relativeResultsDirectory="6a3bb188-30cf-48ed-b6da-f0610ae605ea">
    </TestResultAggregation>
    <TestResultAggregation executionId="79cf188a-5bc8-41ab-883e-b35b878b7063" testId="bda8b925-f57b-a41e-b5e4-cfda8f09d069" testName="Patient_Prenom_Obligatoire" computerName="PC-AXINESIS-004" startTime="2014-07-30T10:18:08.7631912+02:00" endTime="2014-07-30T10:18:08.7631912+02:00" testType="d6af2cae-ad69-4f6b-94e9-14e2609e2389" outcome="Passed" testListId="8c84fa94-04c1-424b-9868-57a2d4851a1d" relativeResultsDirectory="79cf188a-5bc8-41ab-883e-b35b878b7063">
    </TestResultAggregation>
    <TestResultAggregation executionId="1540d664-9fcb-4a7e-95d4-f60477ea926b" testId="bf764ba8-8696-c92f-3f57-afea2c1bfe57" testName="Erreur_Robot_OvertemperatureError_Bien_Traite" computerName="PC-AXINESIS-004" startTime="2014-07-30T10:18:06.2318245+02:00" endTime="2014-07-30T10:18:06.2318245+02:00" testType="d6af2cae-ad69-4f6b-94e9-14e2609e2389" outcome="Passed" testListId="8c84fa94-04c1-424b-9868-57a2d4851a1d" relativeResultsDirectory="1540d664-9fcb-4a7e-95d4-f60477ea926b">
    </TestResultAggregation>
    <TestResultAggregation executionId="4d2e7fcd-1b31-4205-81f3-10846d626eff" testId="c3232def-6f8e-d276-40a2-3789adf7a7e8" testName="Distance_Entre_Deux_Points_Positive" computerName="PC-AXINESIS-004" startTime="2014-07-30T10:18:10.3101387+02:00" endTime="2014-07-30T10:18:10.3101387+02:00" testType="d6af2cae-ad69-4f6b-94e9-14e2609e2389" outcome="Passed" testListId="8c84fa94-04c1-424b-9868-57a2d4851a1d" relativeResultsDirectory="4d2e7fcd-1b31-4205-81f3-10846d626eff">
    </TestResultAggregation>
    <TestResultAggregation executionId="35403c2b-efb1-4022-802f-46ed35015a5c" testId="c49b8624-edd6-882f-a895-24bc1ddc98ef" testName="Patient_ID1_Obligatoire" computerName="PC-AXINESIS-004" duration="00:00:00.0160000" startTime="2014-07-30T10:18:08.7315684+02:00" endTime="2014-07-30T10:18:08.7475684+02:00" testType="d6af2cae-ad69-4f6b-94e9-14e2609e2389" outcome="Passed" testListId="8c84fa94-04c1-424b-9868-57a2d4851a1d" relativeResultsDirectory="35403c2b-efb1-4022-802f-46ed35015a5c">
    </TestResultAggregation>
    <TestResultAggregation executionId="c4952581-2eb3-479e-b602-b472c6c7529d" testId="c5df75b3-144c-2597-17e1-ed5cf6d153e4" testName="Distance_Entre_Plusieur_Points" computerName="PC-AXINESIS-004" startTime="2014-07-30T10:18:10.3101387+02:00" endTime="2014-07-30T10:18:10.3101387+02:00" testType="d6af2cae-ad69-4f6b-94e9-14e2609e2389" outcome="Passed" testListId="8c84fa94-04c1-424b-9868-57a2d4851a1d" relativeResultsDirectory="c4952581-2eb3-479e-b602-b472c6c7529d">
    </TestResultAggregation>
    <TestResultAggregation executionId="af156215-3c06-40bb-947d-8fbb09bb10dc" testId="c9cc9895-7dba-ba49-7119-f12ee348cb8e" testName="Admin_Pas_Dans_La_Bd" computerName="PC-AXINESIS-004" duration="00:00:00.0160000" startTime="2014-07-30T10:18:07.1533673+02:00" endTime="2014-07-30T10:18:07.1693673+02:00" testType="d6af2cae-ad69-4f6b-94e9-14e2609e2389" outcome="Passed" testListId="8c84fa94-04c1-424b-9868-57a2d4851a1d" relativeResultsDirectory="af156215-3c06-40bb-947d-8fbb09bb10dc">
    </TestResultAggregation>
    <TestResultAggregation executionId="b2e56e57-22a0-4a71-90f8-ed8c9705dcd6" testId="caa48818-36b7-d70b-1070-130edd123aaf" testName="Bon_Nom_Patient_Trouve" computerName="PC-AXINESIS-004" duration="00:00:00.3750000" startTime="2014-07-30T10:18:08.2788122+02:00" endTime="2014-07-30T10:18:08.6538122+02:00" testType="d6af2cae-ad69-4f6b-94e9-14e2609e2389" outcome="Passed" testListId="8c84fa94-04c1-424b-9868-57a2d4851a1d" relativeResultsDirectory="b2e56e57-22a0-4a71-90f8-ed8c9705dcd6">
    </TestResultAggregation>
    <TestResultAggregation executionId="be97da28-257e-4b74-8e9e-e3e0d650eeee" testId="d0376b53-97ff-8f3e-a747-fb79ebf2a3da" testName="Therapeute_Ne_Doit_Pas_Etre_Admin" computerName="PC-AXINESIS-004" duration="00:00:00.0160000" startTime="2014-07-30T10:18:07.2471229+02:00" endTime="2014-07-30T10:18:07.2631229+02:00" testType="d6af2cae-ad69-4f6b-94e9-14e2609e2389" outcome="Passed" testListId="8c84fa94-04c1-424b-9868-57a2d4851a1d" relativeResultsDirectory="be97da28-257e-4b74-8e9e-e3e0d650eeee">
    </TestResultAggregation>
    <TestResultAggregation executionId="42bcc4fd-d0f7-4408-ad39-c964a2a46810" testId="d1d5bdee-95e1-826a-6e8c-92bd1b1d1870" testName="Taille_Trop_Grande" computerName="PC-AXINESIS-004" startTime="2014-07-30T10:18:04.6536231+02:00" endTime="2014-07-30T10:18:04.6536231+02:00" testType="d6af2cae-ad69-4f6b-94e9-14e2609e2389" outcome="Passed" testListId="8c84fa94-04c1-424b-9868-57a2d4851a1d" relativeResultsDirectory="42bcc4fd-d0f7-4408-ad39-c964a2a46810">
    </TestResultAggregation>
    <TestResultAggregation executionId="c2f3daf8-575b-4257-b620-d9e9b3c4c8b0" testId="d1e4e0aa-1b84-a4ad-c411-f5ed64c5a640" testName="Vitesse_Moyenne" computerName="PC-AXINESIS-004" startTime="2014-07-30T10:18:10.3101387+02:00" endTime="2014-07-30T10:18:10.3101387+02:00" testType="d6af2cae-ad69-4f6b-94e9-14e2609e2389" outcome="Passed" testListId="8c84fa94-04c1-424b-9868-57a2d4851a1d" relativeResultsDirectory="c2f3daf8-575b-4257-b620-d9e9b3c4c8b0">
    </TestResultAggregation>
    <TestResultAggregation executionId="3d4a8c82-d241-47a4-8dd7-51f957372c88" testId="d70d4846-e790-2791-a7f6-aea47d197ce3" testName="Erreur_Robot_CanPassiveModeError_Bien_Traite" computerName="PC-AXINESIS-004" startTime="2014-07-30T10:18:06.1849465+02:00" endTime="2014-07-30T10:18:06.1849465+02:00" testType="d6af2cae-ad69-4f6b-94e9-14e2609e2389" outcome="Passed" testListId="8c84fa94-04c1-424b-9868-57a2d4851a1d" relativeResultsDirectory="3d4a8c82-d241-47a4-8dd7-51f957372c88">
    </TestResultAggregation>
    <TestResultAggregation executionId="f15fb6e5-04da-4165-b2f1-eb3aeeb6a839" testId="d7da732c-fc15-83c6-835a-a08965ba8304" testName="Therapeute_Nom_Utilisateur_Obligatoire" computerName="PC-AXINESIS-004" startTime="2014-07-30T10:18:07.2787501+02:00" endTime="2014-07-30T10:18:07.2787501+02:00" testType="d6af2cae-ad69-4f6b-94e9-14e2609e2389" outcome="Passed" testListId="8c84fa94-04c1-424b-9868-57a2d4851a1d" relativeResultsDirectory="f15fb6e5-04da-4165-b2f1-eb3aeeb6a839">
    </TestResultAggregation>
    <TestResultAggregation executionId="65f963f9-a8db-4456-864c-ca96e21f43e8" testId="dc5d423e-851c-6658-b8be-e6a841de2fd1" testName="CalcSommeAbs_retourne_positif_quand_reponse_positive" computerName="PC-AXINESIS-004" startTime="2014-07-30T10:18:10.3101387+02:00" endTime="2014-07-30T10:18:10.3101387+02:00" testType="d6af2cae-ad69-4f6b-94e9-14e2609e2389" outcome="Passed" testListId="8c84fa94-04c1-424b-9868-57a2d4851a1d" relativeResultsDirectory="65f963f9-a8db-4456-864c-ca96e21f43e8">
    </TestResultAggregation>
    <TestResultAggregation executionId="8a4c1411-f393-480f-9e0f-7d792fc3f814" testId="dd92dc7b-d098-851b-826a-9944e389e494" testName="Erreur_Robot_AuxiliarySensorDirectionError_Bien_Traite" computerName="PC-AXINESIS-004" startTime="2014-07-30T10:18:06.1849465+02:00" endTime="2014-07-30T10:18:06.1849465+02:00" testType="d6af2cae-ad69-4f6b-94e9-14e2609e2389" outcome="Passed" testListId="8c84fa94-04c1-424b-9868-57a2d4851a1d" relativeResultsDirectory="8a4c1411-f393-480f-9e0f-7d792fc3f814">
    </TestResultAggregation>
    <TestResultAggregation executionId="e5b77782-5159-47e3-b9cb-0faf5818705e" testId="de21bf2b-3c89-6540-e855-d73236ea78a8" testName="Erreur_Robot_CanOverrunError_Bien_Traite" computerName="PC-AXINESIS-004" startTime="2014-07-30T10:18:06.1849465+02:00" endTime="2014-07-30T10:18:06.1849465+02:00" testType="d6af2cae-ad69-4f6b-94e9-14e2609e2389" outcome="Passed" testListId="8c84fa94-04c1-424b-9868-57a2d4851a1d" relativeResultsDirectory="e5b77782-5159-47e3-b9cb-0faf5818705e">
    </TestResultAggregation>
    <TestResultAggregation executionId="ac0f6923-178d-4af5-8724-5e010dac717b" testId="e0898479-7725-95c5-c9c2-c8ebc6704474" testName="Erreur_Robot_AutoTuningIdentificationError_Bien_Traite" computerName="PC-AXINESIS-004" duration="00:00:00.0160000" startTime="2014-07-30T10:18:06.1689465+02:00" endTime="2014-07-30T10:18:06.1849465+02:00" testType="d6af2cae-ad69-4f6b-94e9-14e2609e2389" outcome="Passed" testListId="8c84fa94-04c1-424b-9868-57a2d4851a1d" relativeResultsDirectory="ac0f6923-178d-4af5-8724-5e010dac717b">
    </TestResultAggregation>
    <TestResultAggregation executionId="09ceeae2-c209-41e9-868b-5041d8617a4b" testId="e1a4c390-c5f8-439f-c92b-f2ca8aad4a6c" testName="Erreur_Robot_MainSensorDirectionError_Bien_Traite" computerName="PC-AXINESIS-004" startTime="2014-07-30T10:18:06.2318245+02:00" endTime="2014-07-30T10:18:06.2318245+02:00" testType="d6af2cae-ad69-4f6b-94e9-14e2609e2389" outcome="Passed" testListId="8c84fa94-04c1-424b-9868-57a2d4851a1d" relativeResultsDirectory="09ceeae2-c209-41e9-868b-5041d8617a4b">
    </TestResultAggregation>
    <TestResultAggregation executionId="4236da96-333b-42b7-b296-6b46006ca094" testId="e2a9821c-c720-fc4f-49a9-2e55aa444d68" testName="DecoThérapeute_Oui_Vers_ConnexionTherapeuteViewModel" computerName="PC-AXINESIS-004" duration="00:00:00.7340000" startTime="2014-07-30T10:18:22.5298740+02:00" endTime="2014-07-30T10:18:23.2638740+02:00" testType="d6af2cae-ad69-4f6b-94e9-14e2609e2389" outcome="Passed" testListId="8c84fa94-04c1-424b-9868-57a2d4851a1d" relativeResultsDirectory="4236da96-333b-42b7-b296-6b46006ca094">
    </TestResultAggregation>
    <TestResultAggregation executionId="08e51435-612d-4b6f-a56d-11ee86833459" testId="e4cae4cc-8a84-0f9d-ab32-770e0b7739a5" testName="Exercice_Doit_Etre_Type_Cercle_Sans_Theme" computerName="PC-AXINESIS-004" startTime="2014-07-30T10:18:07.7943960+02:00" endTime="2014-07-30T10:18:07.7943960+02:00" testType="d6af2cae-ad69-4f6b-94e9-14e2609e2389" outcome="Passed" testListId="8c84fa94-04c1-424b-9868-57a2d4851a1d" relativeResultsDirectory="08e51435-612d-4b6f-a56d-11ee86833459">
    </TestResultAggregation>
    <TestResultAggregation executionId="8bd1a20d-b56b-4c1e-8b9b-a73434ca0698" testId="e58b710a-1d4f-3221-e978-e68b6b040c54" testName="Exercice_Doit_Etre_Type_Cercle_Avec_Theme" computerName="PC-AXINESIS-004" duration="00:00:00.0160000" startTime="2014-07-30T10:18:07.7783960+02:00" endTime="2014-07-30T10:18:07.7943960+02:00" testType="d6af2cae-ad69-4f6b-94e9-14e2609e2389" outcome="Passed" testListId="8c84fa94-04c1-424b-9868-57a2d4851a1d" relativeResultsDirectory="8bd1a20d-b56b-4c1e-8b9b-a73434ca0698">
    </TestResultAggregation>
    <TestResultAggregation executionId="4e42e3dc-0e6a-45dc-9550-658fce6cb0b1" testId="ea2c6b0a-c912-2fce-46c5-ac0346f15352" testName="Erreur_SqlException_Num53_Bien_Traite" computerName="PC-AXINESIS-004" startTime="2014-07-30T10:18:06.2630769+02:00" endTime="2014-07-30T10:18:06.2630769+02:00" testType="d6af2cae-ad69-4f6b-94e9-14e2609e2389" outcome="Passed" testListId="8c84fa94-04c1-424b-9868-57a2d4851a1d" relativeResultsDirectory="4e42e3dc-0e6a-45dc-9550-658fce6cb0b1">
    </TestResultAggregation>
    <TestResultAggregation executionId="583040b2-d278-4125-9d60-486a21142a45" testId="ed5d1215-e582-5800-31ce-c5bd5d4ba85a" testName="Distance_Entre_Deux_Points_Negative" computerName="PC-AXINESIS-004" startTime="2014-07-30T10:18:10.3101387+02:00" endTime="2014-07-30T10:18:10.3101387+02:00" testType="d6af2cae-ad69-4f6b-94e9-14e2609e2389" outcome="Passed" testListId="8c84fa94-04c1-424b-9868-57a2d4851a1d" relativeResultsDirectory="583040b2-d278-4125-9d60-486a21142a45">
    </TestResultAggregation>
    <TestResultAggregation executionId="a812d5f9-6e67-4352-a3dc-14db828944a0" testId="ed899626-e988-333c-7742-04cd720ec9a7" testName="Erreur_AlreadyOpenSerialPortException_Bien_Traite" computerName="PC-AXINESIS-004" duration="00:00:01.1560000" startTime="2014-07-30T10:18:05.0133191+02:00" endTime="2014-07-30T10:18:06.1693191+02:00" testType="d6af2cae-ad69-4f6b-94e9-14e2609e2389" outcome="Passed" testListId="8c84fa94-04c1-424b-9868-57a2d4851a1d" relativeResultsDirectory="a812d5f9-6e67-4352-a3dc-14db828944a0">
    </TestResultAggregation>
    <TestResultAggregation executionId="bd9ba58d-c500-4a26-9938-49664dcdbbc7" testId="ee85c135-d168-c271-408c-240e4713e404" testName="Patient_Prenom_Est_Valide" computerName="PC-AXINESIS-004" startTime="2014-07-30T10:18:04.6536231+02:00" endTime="2014-07-30T10:18:04.6536231+02:00" testType="d6af2cae-ad69-4f6b-94e9-14e2609e2389" outcome="Passed" testListId="8c84fa94-04c1-424b-9868-57a2d4851a1d" relativeResultsDirectory="bd9ba58d-c500-4a26-9938-49664dcdbbc7">
    </TestResultAggregation>
    <TestResultAggregation executionId="248ff096-817e-4f1b-a6aa-e39eb50aa6c8" testId="ee9a69f6-cf44-b467-cc2a-1e750c89a07f" testName="Admin_Dans_La_Bd" computerName="PC-AXINESIS-004" duration="00:00:00.3750000" startTime="2014-07-30T10:18:06.7631168+02:00" endTime="2014-07-30T10:18:07.1381168+02:00" testType="d6af2cae-ad69-4f6b-94e9-14e2609e2389" outcome="Passed" testListId="8c84fa94-04c1-424b-9868-57a2d4851a1d" relativeResultsDirectory="248ff096-817e-4f1b-a6aa-e39eb50aa6c8">
    </TestResultAggregation>
    <TestResultAggregation executionId="81f603cf-9ed8-4aaf-99c3-73df927d6f3f" testId="eefbf66d-ed2c-e00b-7d18-b2f0db937ce7" testName="Erreur_Robot_HallSensorNotFoundError_Bien_Traite" computerName="PC-AXINESIS-004" startTime="2014-07-30T10:18:06.2161983+02:00" endTime="2014-07-30T10:18:06.2161983+02:00" testType="d6af2cae-ad69-4f6b-94e9-14e2609e2389" outcome="Passed" testListId="8c84fa94-04c1-424b-9868-57a2d4851a1d" relativeResultsDirectory="81f603cf-9ed8-4aaf-99c3-73df927d6f3f">
    </TestResultAggregation>
    <TestResultAggregation executionId="b0642b1b-1c6f-4829-832a-dc49493d1cb5" testId="f00b5c2d-ca8b-087e-0e85-8f38ab6323e5" testName="Jeu_Doit_Etre_Type_Jeu_Avec_Bon_Theme_Moyen" computerName="PC-AXINESIS-004" duration="00:00:00.0160000" startTime="2014-07-30T10:18:07.9034016+02:00" endTime="2014-07-30T10:18:07.9194016+02:00" testType="d6af2cae-ad69-4f6b-94e9-14e2609e2389" outcome="Passed" testListId="8c84fa94-04c1-424b-9868-57a2d4851a1d" relativeResultsDirectory="b0642b1b-1c6f-4829-832a-dc49493d1cb5">
    </TestResultAggregation>
    <TestResultAggregation executionId="ff6fbb0c-3710-4b0a-a811-28df5e4d1f3a" testId="f12e1a8a-71af-23d0-a32f-22bbf6d801ac" testName="DecoPatient_Oui_Vers_HomeViewModel" computerName="PC-AXINESIS-004" duration="00:00:00.8130000" startTime="2014-07-30T10:18:23.6384295+02:00" endTime="2014-07-30T10:18:24.4514295+02:00" testType="d6af2cae-ad69-4f6b-94e9-14e2609e2389" outcome="Passed" testListId="8c84fa94-04c1-424b-9868-57a2d4851a1d" relativeResultsDirectory="ff6fbb0c-3710-4b0a-a811-28df5e4d1f3a">
      <Output>
        <TraceInfo>PortSerieModel OK

MainViewModel OK

PortSerieModel OK

</TraceInfo>
      </Output>
    </TestResultAggregation>
    <TestResultAggregation executionId="519e2b77-eb60-477d-a0d2-c45815e45542" testId="f3282b9f-62b9-2180-8977-69bed228d06a" testName="Erreur_Robot_SoftwarePositionLimitError_Bien_Traite" computerName="PC-AXINESIS-004" startTime="2014-07-30T10:18:06.2474507+02:00" endTime="2014-07-30T10:18:06.2474507+02:00" testType="d6af2cae-ad69-4f6b-94e9-14e2609e2389" outcome="Passed" testListId="8c84fa94-04c1-424b-9868-57a2d4851a1d" relativeResultsDirectory="519e2b77-eb60-477d-a0d2-c45815e45542">
    </TestResultAggregation>
    <TestResultAggregation executionId="1c59cf11-02aa-4cee-b902-77b948e47ae1" testId="f6381e6b-e08a-f44f-1c2d-4a4e13a50dfd" testName="Erreur_Robot_EncoderResolutionError_Bien_Traite" computerName="PC-AXINESIS-004" startTime="2014-07-30T10:18:06.2005730+02:00" endTime="2014-07-30T10:18:06.2005730+02:00" testType="d6af2cae-ad69-4f6b-94e9-14e2609e2389" outcome="Passed" testListId="8c84fa94-04c1-424b-9868-57a2d4851a1d" relativeResultsDirectory="1c59cf11-02aa-4cee-b902-77b948e47ae1">
    </TestResultAggregation>
    <TestResultAggregation executionId="838a0092-ee43-4040-9e1e-d549fb4ccc83" testId="f6827a5d-d000-6b57-1a5d-244c917c4e49" testName="Exercice_Doit_Etre_Type_Carre_Avec_Theme" computerName="PC-AXINESIS-004" duration="00:00:00.0160000" startTime="2014-07-30T10:18:07.7471442+02:00" endTime="2014-07-30T10:18:07.7631442+02:00" testType="d6af2cae-ad69-4f6b-94e9-14e2609e2389" outcome="Passed" testListId="8c84fa94-04c1-424b-9868-57a2d4851a1d" relativeResultsDirectory="838a0092-ee43-4040-9e1e-d549fb4ccc83">
    </TestResultAggregation>
    <TestResultAggregation executionId="0a01ba20-cb3b-49fb-b5d4-21d1c6d9a241" testId="f7916e99-2ca8-0ce5-1775-44086440dfca" testName="Exercice_Doit_Avoir_Base_Config" computerName="PC-AXINESIS-004" duration="00:00:00.1090000" startTime="2014-07-30T10:18:07.6385215+02:00" endTime="2014-07-30T10:18:07.7475215+02:00" testType="d6af2cae-ad69-4f6b-94e9-14e2609e2389" outcome="Passed" testListId="8c84fa94-04c1-424b-9868-57a2d4851a1d" relativeResultsDirectory="0a01ba20-cb3b-49fb-b5d4-21d1c6d9a241">
    </TestResultAggregation>
  </Results>
</TestRun>