<?xml version="1.0" encoding="UTF-8"?>
<TestRun id="9e227183-ef5e-44f5-a432-591e5f25dcd5" name="Axinesis@PC-AXINESIS-004 2014-07-30 10:24:04" runUser="PC-AXINESIS-004\Axinesis" xmlns="http://microsoft.com/schemas/VisualStudio/TeamTest/2010">
  <TestSettings name="Paramètres de test par défaut" id="ceace163-447f-4845-a8d5-b8ac42f24424">
    <Deployment runDeploymentRoot="Axinesis_PC-AXINESIS-004 2014-07-30 10_24_04">
      <DeploymentItem filename="C:\Users\Axinesis\Desktop\Fusion\packages\MvvmLightLibs.4.4.32.1\lib\net40\GalaSoft.MvvmLight.dll" />
      <DeploymentItem filename="C:\Users\Axinesis\Desktop\Fusion\packages\MvvmLightLibs.4.4.32.1\lib\net40\System.Windows.Interactivity.dll" />
      <DeploymentItem filename="C:\Users\Axinesis\Desktop\Fusion\AxModel\bin\Debug\AxModel.dll" />
      <DeploymentItem filename="C:\Users\Axinesis\Desktop\Fusion\packages\Moq.4.2.1402.2112\lib\net40\Moq.dll" />
      <DeploymentItem filename="C:\Users\Axinesis\Desktop\Fusion\packages\MvvmLightLibs.4.4.32.1\lib\net40\GalaSoft.MvvmLight.Extras.dll" />
      <DeploymentItem filename="C:\Users\Axinesis\Desktop\Fusion\AxNavigation\NavegarLib\Navegar.WPF4\bin\Debug\Navegar.WPF4.dll" />
      <DeploymentItem filename="C:\Users\Axinesis\Desktop\Fusion\AxViewModel\bin\Debug\AxViewModel.dll" />
      <DeploymentItem filename="C:\Users\Axinesis\Desktop\Fusion\AxAction\bin\Debug\AxAction.dll" />
      <DeploymentItem filename="C:\Program Files (x86)\NUnit 2.6.3\bin\framework\nunit.framework.dll" />
      <DeploymentItem filename="C:\Users\Axinesis\Desktop\Fusion\packages\CommonServiceLocator.1.3\lib\portable-net4+sl5+netcore45+wpa81+wp8\Microsoft.Practices.ServiceLocation.dll" />
    </Deployment>
    <Execution>
      <TestTypeSpecific />
      <AgentRule name="Execution Agents">
      </AgentRule>
    </Execution>
  </TestSettings>
  <Times creation="2014-07-30T10:24:04.1023165+02:00" queuing="2014-07-30T10:24:04.5554630+02:00" start="2014-07-30T10:24:04.5554630+02:00" finish="2014-07-30T10:24:05.7742683+02:00" />
  <ResultSummary outcome="Completed">
    <Counters total="1" executed="1" passed="1" error="0" failed="0" timeout="0" aborted="0" inconclusive="0" passedButRunAborted="0" notRunnable="0" notExecuted="0" disconnected="0" warning="0" completed="0" inProgress="0" pending="0" />
  </ResultSummary>
  <TestDefinitions>
    <UnitTest name="NavigateToHome_Vers_HomeViewModel" storage="c:\users\axinesis\desktop\fusion\axnavigation.test\bin\debug\axnavigation.test.dll" id="45e88d5d-f0bd-540d-1a6e-ca02f771c932" xmlns="AxNavigation.Test">
      <Execution id="1b186e98-c468-4651-b529-bc2b0c1e9853" xmlns="http://microsoft.com/schemas/VisualStudio/TeamTest/2010" />
      <TestMethod codeBase="C:\Users\Axinesis\Desktop\Fusion\AxNavigation.Test\bin\Debug\AxNavigation.Test.dll" adapterTypeName="NUnitForVSTS.NUnitTest.NUnitTestAdapter, NUnitForVSTS.NUnitTest, Version=5.1.0.0, Culture=neutral, PublicKeyToken=null" className="AxNavigation.Test.NavigationEvaluationViewModelTest" name="NavigateToHome_Vers_HomeViewModel" />
    </UnitTest>
  </TestDefinitions>
  <TestLists>
    <TestList name="Les résultats ne figurent pas dans une liste" id="8c84fa94-04c1-424b-9868-57a2d4851a1d" />
    <TestList name="Tous les résultats chargés" id="19431567-8539-422a-85d7-44ee4e166bda" />
  </TestLists>
  <TestEntries>
    <TestEntry testId="45e88d5d-f0bd-540d-1a6e-ca02f771c932" executionId="1b186e98-c468-4651-b529-bc2b0c1e9853" testListId="8c84fa94-04c1-424b-9868-57a2d4851a1d" />
  </TestEntries>
  <Results>
    <TestResultAggregation executionId="1b186e98-c468-4651-b529-bc2b0c1e9853" testId="45e88d5d-f0bd-540d-1a6e-ca02f771c932" testName="NavigateToHome_Vers_HomeViewModel" computerName="PC-AXINESIS-004" duration="00:00:00.7660000" startTime="2014-07-30T10:24:04.9457657+02:00" endTime="2014-07-30T10:24:05.7117657+02:00" testType="d6af2cae-ad69-4f6b-94e9-14e2609e2389" outcome="Passed" testListId="8c84fa94-04c1-424b-9868-57a2d4851a1d" relativeResultsDirectory="1b186e98-c468-4651-b529-bc2b0c1e9853">
    </TestResultAggregation>
  </Results>
</TestRun>