<?xml version="1.0" encoding="UTF-8"?>
<TestRun id="f8b2e851-df4d-411e-9103-9d4c5a5d5731" name="Axinesis@PC-AXINESIS-004 2014-07-30 10:11:11" runUser="PC-AXINESIS-004\Axinesis" xmlns="http://microsoft.com/schemas/VisualStudio/TeamTest/2010">
  <TestSettings name="Paramètres de test par défaut" id="89f7e578-d29b-442f-ab67-d87b37d55977">
    <Deployment runDeploymentRoot="Axinesis_PC-AXINESIS-004 2014-07-30 10_11_11">
      <DeploymentItem filename="C:\Users\Axinesis\Desktop\Fusion\packages\CommonServiceLocator.1.3\lib\portable-net4+sl5+netcore45+wpa81+wp8\Microsoft.Practices.ServiceLocation.dll" />
      <DeploymentItem filename="C:\Users\Axinesis\Desktop\Fusion\packages\MvvmLightLibs.4.4.32.1\lib\net40\System.Windows.Interactivity.dll" />
      <DeploymentItem filename="C:\Users\Axinesis\Desktop\Fusion\AxCommunication\bin\Debug\AxCommunication.dll" />
      <DeploymentItem filename="C:\Users\Axinesis\Desktop\Fusion\packages\MvvmLightLibs.4.4.32.1\lib\net40\GalaSoft.MvvmLight.Extras.dll" />
      <DeploymentItem filename="C:\Users\Axinesis\Desktop\Fusion\AxViewModel\bin\Debug\AxViewModel.dll" />
      <DeploymentItem filename="C:\Users\Axinesis\Desktop\Fusion\AxData\bin\Debug\AxData.dll" />
      <DeploymentItem filename="C:\Users\Axinesis\Desktop\Fusion\packages\Effort.1.1.0\lib\net40\Effort.dll" />
      <DeploymentItem filename="C:\Users\Axinesis\Desktop\Fusion\AxNavigation\NavegarLib\Navegar.WPF4\bin\Debug\Navegar.WPF4.dll" />
      <DeploymentItem filename="C:\Users\Axinesis\Desktop\Fusion\AxError.Test\bin\Debug\NLog.dll" />
      <DeploymentItem filename="C:\Program Files (x86)\NUnit 2.6.3\bin\framework\nunit.framework.dll" />
      <DeploymentItem filename="C:\Users\Axinesis\Desktop\Fusion\packages\Common.Logging.2.2.0\lib\net40\Common.Logging.dll" />
      <DeploymentItem filename="C:\Users\Axinesis\Desktop\Fusion\packages\Common.Logging.NLog20.2.2.0\lib\net40\Common.Logging.NLog20.dll" />
      <DeploymentItem filename="C:\Users\Axinesis\Desktop\Fusion\AxModel\bin\Debug\AxModel.dll" />
      <DeploymentItem filename="C:\Users\Axinesis\Desktop\Fusion\AxError.Test\bin\Debug\Common.Logging.Core.dll" />
      <DeploymentItem filename="C:\Users\Axinesis\Desktop\Fusion\AxAction\bin\Debug\AxAction.dll" />
      <DeploymentItem filename="C:\Users\Axinesis\Desktop\Fusion\packages\MvvmLightLibs.4.4.32.1\lib\net40\GalaSoft.MvvmLight.dll" />
      <DeploymentItem filename="C:\Users\Axinesis\Desktop\Fusion\AxExerciceConfig\bin\Debug\AxExerciceConfig.dll" />
      <DeploymentItem filename="C:\Program Files (x86)\NUnit 2.6.3\bin\framework\nunit.mocks.dll" />
      <DeploymentItem filename="C:\Users\Axinesis\Desktop\Fusion\AxExerciceGeneric\bin\Debug\AxExerciceGenerator.dll" />
      <DeploymentItem filename="C:\Users\Axinesis\Desktop\Fusion\AxError\bin\Debug\AxError.dll" />
      <DeploymentItem filename="C:\Users\Axinesis\Desktop\Fusion\packages\Moq.4.2.1402.2112\lib\net40\Moq.dll" />
      <DeploymentItem filename="C:\Users\Axinesis\Desktop\Fusion\packages\NMemory.1.0.0\lib\net40\NMemory.dll" />
      <DeploymentItem filename="C:\Users\Axinesis\Desktop\Fusion\AxModelExercice\bin\Debug\AxModelExercice.dll" />
      <DeploymentItem filename="C:\Users\Axinesis\Desktop\Fusion\AxAnalyse\bin\Debug\AxAnalyse.dll" />
      <DeploymentItem filename="C:\Users\Axinesis\Desktop\Fusion\AxLanguage\bin\Debug\AxLanguage.dll" />
    </Deployment>
    <Execution>
      <TestTypeSpecific />
      <AgentRule name="Execution Agents">
      </AgentRule>
    </Execution>
  </TestSettings>
  <Times creation="2014-07-30T10:11:11.7077854+02:00" queuing="2014-07-30T10:11:12.6922081+02:00" start="2014-07-30T10:11:12.7234574+02:00" finish="2014-07-30T10:11:28.4898251+02:00" />
  <ResultSummary outcome="Failed">
    <Counters total="114" executed="114" passed="113" error="0" failed="1" timeout="0" aborted="0" inconclusive="0" passedButRunAborted="0" notRunnable="0" notExecuted="0" disconnected="0" warning="0" completed="0" inProgress="0" pending="0" />
  </ResultSummary>
  <TestDefinitions>
    <UnitTest name="Erreur_Robot_LogicSupplyVoltageTooLowError_Bien_Traite" storage="c:\users\axinesis\desktop\fusion\axerror.test\bin\debug\axerror.test.dll" id="4f482e75-1f13-6e68-c51e-899481bb394c" xmlns="AxError.Test">
      <Execution id="013dacc2-7128-43a1-b29b-565dc1237fe2" xmlns="http://microsoft.com/schemas/VisualStudio/TeamTest/2010" />
      <TestMethod codeBase="C:\Users\Axinesis\Desktop\Fusion\AxError.Test\bin\Debug\AxError.Test.dll" adapterTypeName="NUnitForVSTS.NUnitTest.NUnitTestAdapter, NUnitForVSTS.NUnitTest, Version=5.1.0.0, Culture=neutral, PublicKeyToken=null" className="AxError.Test.GestionErreurTest" name="Erreur_Robot_LogicSupplyVoltageTooLowError_Bien_Traite" />
    </UnitTest>
    <UnitTest name="Bon_Prenom_Patient_Trouve" storage="c:\users\axinesis\desktop\fusion\axdata.test\bin\debug\axdata.test.dll" id="44ed4079-9453-ff0c-84c2-ac19b4af933d" xmlns="AxData.Test">
      <Execution id="9677310f-e633-4584-8deb-c63029a790c3" xmlns="http://microsoft.com/schemas/VisualStudio/TeamTest/2010" />
      <TestMethod codeBase="C:\Users\Axinesis\Desktop\Fusion\AxData.Test\bin\Debug\AxData.Test.dll" adapterTypeName="NUnitForVSTS.NUnitTest.NUnitTestAdapter, NUnitForVSTS.NUnitTest, Version=5.1.0.0, Culture=neutral, PublicKeyToken=null" className="AxData.Test.DataPatientTest" name="Bon_Prenom_Patient_Trouve" />
    </UnitTest>
    <UnitTest name="Erreur_Robot_GearScalingFactorError_Bien_Traite" storage="c:\users\axinesis\desktop\fusion\axerror.test\bin\debug\axerror.test.dll" id="5f4e2034-866f-4eb1-0441-6555f1681d32" xmlns="AxError.Test">
      <Execution id="41acc21a-d4a7-4e80-83c2-4a7fe0b91759" xmlns="http://microsoft.com/schemas/VisualStudio/TeamTest/2010" />
      <TestMethod codeBase="C:\Users\Axinesis\Desktop\Fusion\AxError.Test\bin\Debug\AxError.Test.dll" adapterTypeName="NUnitForVSTS.NUnitTest.NUnitTestAdapter, NUnitForVSTS.NUnitTest, Version=5.1.0.0, Culture=neutral, PublicKeyToken=null" className="AxError.Test.GestionErreurTest" name="Erreur_Robot_GearScalingFactorError_Bien_Traite" />
    </UnitTest>
    <UnitTest name="Ecart_Type" storage="c:\users\axinesis\desktop\fusion\axmodel.test\bin\debug\axmodel.test.dll" id="7a8c8ab2-cc1f-665a-6687-1b4694c99073" xmlns="AxModel.Test">
      <Execution id="c16b5d0c-ee6b-4ccb-ba0f-9b16cedb2086" xmlns="http://microsoft.com/schemas/VisualStudio/TeamTest/2010" />
      <TestMethod codeBase="C:\Users\Axinesis\Desktop\Fusion\AxModel.Test\bin\Debug\AxModel.Test.dll" adapterTypeName="NUnitForVSTS.NUnitTest.NUnitTestAdapter, NUnitForVSTS.NUnitTest, Version=5.1.0.0, Culture=neutral, PublicKeyToken=null" className="AxModel.Test.ModelTest" name="Ecart_Type" />
    </UnitTest>
    <UnitTest name="Patient_DateNaissance_Obligatoire" storage="c:\users\axinesis\desktop\fusion\axdata.test\bin\debug\axdata.test.dll" id="7d2a5c74-8b81-7def-78d9-19fc9e6c2ea4" xmlns="AxData.Test">
      <Execution id="5f9f68a7-0f7a-43b3-b0d7-b9218e510071" xmlns="http://microsoft.com/schemas/VisualStudio/TeamTest/2010" />
      <TestMethod codeBase="C:\Users\Axinesis\Desktop\Fusion\AxData.Test\bin\Debug\AxData.Test.dll" adapterTypeName="NUnitForVSTS.NUnitTest.NUnitTestAdapter, NUnitForVSTS.NUnitTest, Version=5.1.0.0, Culture=neutral, PublicKeyToken=null" className="AxData.Test.DataPatientTest" name="Patient_DateNaissance_Obligatoire" />
    </UnitTest>
    <UnitTest name="Connexion_Robot_Correcte" storage="c:\users\axinesis\desktop\fusion\axcommunication.test\bin\debug\axcommunication.test.dll" id="ae8642d5-07bc-0f18-4b31-bcbab057a0d0" xmlns="AxCommunication.Test">
      <Execution id="9536049b-a09a-43d4-aef7-d1a99dadbbd5" xmlns="http://microsoft.com/schemas/VisualStudio/TeamTest/2010" />
      <TestMethod codeBase="C:\Users\Axinesis\Desktop\Fusion\AxCommunication.Test\bin\Debug\AxCommunication.Test.dll" adapterTypeName="NUnitForVSTS.NUnitTest.NUnitTestAdapter, NUnitForVSTS.NUnitTest, Version=5.1.0.0, Culture=neutral, PublicKeyToken=null" className="AxCommunication.Test.PortSerieTest" name="Connexion_Robot_Correcte" />
    </UnitTest>
    <UnitTest name="Erreur_Autres_Exception_Doit_Couper_Le_Programme" storage="c:\users\axinesis\desktop\fusion\axerror.test\bin\debug\axerror.test.dll" id="92fd36a1-ca75-7f92-7bd2-2dc408eedb40" xmlns="AxError.Test">
      <Execution id="e2573336-1392-4e40-bce9-8795bb0c9e1e" xmlns="http://microsoft.com/schemas/VisualStudio/TeamTest/2010" />
      <TestMethod codeBase="C:\Users\Axinesis\Desktop\Fusion\AxError.Test\bin\Debug\AxError.Test.dll" adapterTypeName="NUnitForVSTS.NUnitTest.NUnitTestAdapter, NUnitForVSTS.NUnitTest, Version=5.1.0.0, Culture=neutral, PublicKeyToken=null" className="AxError.Test.GestionErreurTest" name="Erreur_Autres_Exception_Doit_Couper_Le_Programme" />
    </UnitTest>
    <UnitTest name="Jeu_Doit_Etre_Type_Jeu_Avec_Bon_Theme_Facile" storage="c:\users\axinesis\desktop\fusion\axexercicegenerator.test\bin\debug\axexercicegenerator.test.dll" id="84265baa-a0fc-9eb4-5420-2fc493c758dd" xmlns="AxExerciceGenerator.Test">
      <Execution id="3b04aa2d-067d-46da-9ca5-e767aab98c06" xmlns="http://microsoft.com/schemas/VisualStudio/TeamTest/2010" />
      <TestMethod codeBase="C:\Users\Axinesis\Desktop\Fusion\AxExerciceGenerator.Test\bin\Debug\AxExerciceGenerator.Test.dll" adapterTypeName="NUnitForVSTS.NUnitTest.NUnitTestAdapter, NUnitForVSTS.NUnitTest, Version=5.1.0.0, Culture=neutral, PublicKeyToken=null" className="AxExerciceGenerator.Test.ExerciceGeneratorTest" name="Jeu_Doit_Etre_Type_Jeu_Avec_Bon_Theme_Facile" />
    </UnitTest>
    <UnitTest name="Patient_Taille_Obligatoire" storage="c:\users\axinesis\desktop\fusion\axdata.test\bin\debug\axdata.test.dll" id="a7d2c1fe-6292-38c4-b190-463be3c8cf93" xmlns="AxData.Test">
      <Execution id="18d6b528-de10-4c67-80d4-f141e1cb235d" xmlns="http://microsoft.com/schemas/VisualStudio/TeamTest/2010" />
      <TestMethod codeBase="C:\Users\Axinesis\Desktop\Fusion\AxData.Test\bin\Debug\AxData.Test.dll" adapterTypeName="NUnitForVSTS.NUnitTest.NUnitTestAdapter, NUnitForVSTS.NUnitTest, Version=5.1.0.0, Culture=neutral, PublicKeyToken=null" className="AxData.Test.DataPatientTest" name="Patient_Taille_Obligatoire" />
    </UnitTest>
    <UnitTest name="Erreur_Robot_InternalSoftwareError_Bien_Traite" storage="c:\users\axinesis\desktop\fusion\axerror.test\bin\debug\axerror.test.dll" id="b97e58f3-cbc0-bcdd-6669-a43c0d325371" xmlns="AxError.Test">
      <Execution id="dcbe7764-0ffc-4e90-bcd1-3f0468309c44" xmlns="http://microsoft.com/schemas/VisualStudio/TeamTest/2010" />
      <TestMethod codeBase="C:\Users\Axinesis\Desktop\Fusion\AxError.Test\bin\Debug\AxError.Test.dll" adapterTypeName="NUnitForVSTS.NUnitTest.NUnitTestAdapter, NUnitForVSTS.NUnitTest, Version=5.1.0.0, Culture=neutral, PublicKeyToken=null" className="AxError.Test.GestionErreurTest" name="Erreur_Robot_InternalSoftwareError_Bien_Traite" />
    </UnitTest>
    <UnitTest name="Exercice_Doit_Etre_Type_Carre_Avec_Theme" storage="c:\users\axinesis\desktop\fusion\axexercicegenerator.test\bin\debug\axexercicegenerator.test.dll" id="f6827a5d-d000-6b57-1a5d-244c917c4e49" xmlns="AxExerciceGenerator.Test">
      <Execution id="2d8cc20d-4cce-428d-8adc-95efd3f5708c" xmlns="http://microsoft.com/schemas/VisualStudio/TeamTest/2010" />
      <TestMethod codeBase="C:\Users\Axinesis\Desktop\Fusion\AxExerciceGenerator.Test\bin\Debug\AxExerciceGenerator.Test.dll" adapterTypeName="NUnitForVSTS.NUnitTest.NUnitTestAdapter, NUnitForVSTS.NUnitTest, Version=5.1.0.0, Culture=neutral, PublicKeyToken=null" className="AxExerciceGenerator.Test.ExerciceGeneratorTest" name="Exercice_Doit_Etre_Type_Carre_Avec_Theme" />
    </UnitTest>
    <UnitTest name="Erreur_OutOfMemoryException_Bien_Traite" storage="c:\users\axinesis\desktop\fusion\axerror.test\bin\debug\axerror.test.dll" id="5188289e-0f4c-4bba-4f87-aede2c765fd5" xmlns="AxError.Test">
      <Execution id="b6d69ed7-bd34-4dc7-9169-295df8277eb6" xmlns="http://microsoft.com/schemas/VisualStudio/TeamTest/2010" />
      <TestMethod codeBase="C:\Users\Axinesis\Desktop\Fusion\AxError.Test\bin\Debug\AxError.Test.dll" adapterTypeName="NUnitForVSTS.NUnitTest.NUnitTestAdapter, NUnitForVSTS.NUnitTest, Version=5.1.0.0, Culture=neutral, PublicKeyToken=null" className="AxError.Test.GestionErreurTest" name="Erreur_OutOfMemoryException_Bien_Traite" />
    </UnitTest>
    <UnitTest name="Erreur_Robot_OvertemperatureError_Bien_Traite" storage="c:\users\axinesis\desktop\fusion\axerror.test\bin\debug\axerror.test.dll" id="bf764ba8-8696-c92f-3f57-afea2c1bfe57" xmlns="AxError.Test">
      <Execution id="acd85d95-f3e5-4d04-966d-c965f2b2669a" xmlns="http://microsoft.com/schemas/VisualStudio/TeamTest/2010" />
      <TestMethod codeBase="C:\Users\Axinesis\Desktop\Fusion\AxError.Test\bin\Debug\AxError.Test.dll" adapterTypeName="NUnitForVSTS.NUnitTest.NUnitTestAdapter, NUnitForVSTS.NUnitTest, Version=5.1.0.0, Culture=neutral, PublicKeyToken=null" className="AxError.Test.GestionErreurTest" name="Erreur_Robot_OvertemperatureError_Bien_Traite" />
    </UnitTest>
    <UnitTest name="Therapeute_Connection_Login_Faux_Mdp_Bon" storage="c:\users\axinesis\desktop\fusion\axdata.test\bin\debug\axdata.test.dll" id="454cd542-f819-baab-5e5e-809ca9946cca" xmlns="AxData.Test">
      <Execution id="c68b68bb-8c9d-4c2d-aa05-f04982e1f961" xmlns="http://microsoft.com/schemas/VisualStudio/TeamTest/2010" />
      <TestMethod codeBase="C:\Users\Axinesis\Desktop\Fusion\AxData.Test\bin\Debug\AxData.Test.dll" adapterTypeName="NUnitForVSTS.NUnitTest.NUnitTestAdapter, NUnitForVSTS.NUnitTest, Version=5.1.0.0, Culture=neutral, PublicKeyToken=null" className="AxData.Test.DataTherapeuteTest" name="Therapeute_Connection_Login_Faux_Mdp_Bon" />
    </UnitTest>
    <UnitTest name="Erreur_SqlException_Num53_Bien_Traite" storage="c:\users\axinesis\desktop\fusion\axerror.test\bin\debug\axerror.test.dll" id="ea2c6b0a-c912-2fce-46c5-ac0346f15352" xmlns="AxError.Test">
      <Execution id="38d247d3-5a38-4876-b041-63634c4ba59c" xmlns="http://microsoft.com/schemas/VisualStudio/TeamTest/2010" />
      <TestMethod codeBase="C:\Users\Axinesis\Desktop\Fusion\AxError.Test\bin\Debug\AxError.Test.dll" adapterTypeName="NUnitForVSTS.NUnitTest.NUnitTestAdapter, NUnitForVSTS.NUnitTest, Version=5.1.0.0, Culture=neutral, PublicKeyToken=null" className="AxError.Test.GestionErreurTest" name="Erreur_SqlException_Num53_Bien_Traite" />
    </UnitTest>
    <UnitTest name="Exercice_Eval_Doit_Avoir_Big_Borne" storage="c:\users\axinesis\desktop\fusion\axexercicegenerator.test\bin\debug\axexercicegenerator.test.dll" id="6e80c6e1-e5cc-e094-8690-e0b15e42b61e" xmlns="AxExerciceGenerator.Test">
      <Execution id="460bdd87-8a85-466a-9eee-5ded354841ea" xmlns="http://microsoft.com/schemas/VisualStudio/TeamTest/2010" />
      <TestMethod codeBase="C:\Users\Axinesis\Desktop\Fusion\AxExerciceGenerator.Test\bin\Debug\AxExerciceGenerator.Test.dll" adapterTypeName="NUnitForVSTS.NUnitTest.NUnitTestAdapter, NUnitForVSTS.NUnitTest, Version=5.1.0.0, Culture=neutral, PublicKeyToken=null" className="AxExerciceGenerator.Test.ExerciceGeneratorTest" name="Exercice_Eval_Doit_Avoir_Big_Borne" />
    </UnitTest>
    <UnitTest name="Patient_ID1_Obligatoire" storage="c:\users\axinesis\desktop\fusion\axdata.test\bin\debug\axdata.test.dll" id="c49b8624-edd6-882f-a895-24bc1ddc98ef" xmlns="AxData.Test">
      <Execution id="c41952e2-9396-4f0c-ad21-615103590080" xmlns="http://microsoft.com/schemas/VisualStudio/TeamTest/2010" />
      <TestMethod codeBase="C:\Users\Axinesis\Desktop\Fusion\AxData.Test\bin\Debug\AxData.Test.dll" adapterTypeName="NUnitForVSTS.NUnitTest.NUnitTestAdapter, NUnitForVSTS.NUnitTest, Version=5.1.0.0, Culture=neutral, PublicKeyToken=null" className="AxData.Test.DataPatientTest" name="Patient_ID1_Obligatoire" />
    </UnitTest>
    <UnitTest name="Jeu_Doit_Etre_Type_Jeu_Avec_Bon_Theme_Difficile" storage="c:\users\axinesis\desktop\fusion\axexercicegenerator.test\bin\debug\axexercicegenerator.test.dll" id="1feb75d6-6075-769f-0ca5-c7a95c479767" xmlns="AxExerciceGenerator.Test">
      <Execution id="ff68a368-5643-4774-b09b-97f6bea100f4" xmlns="http://microsoft.com/schemas/VisualStudio/TeamTest/2010" />
      <TestMethod codeBase="C:\Users\Axinesis\Desktop\Fusion\AxExerciceGenerator.Test\bin\Debug\AxExerciceGenerator.Test.dll" adapterTypeName="NUnitForVSTS.NUnitTest.NUnitTestAdapter, NUnitForVSTS.NUnitTest, Version=5.1.0.0, Culture=neutral, PublicKeyToken=null" className="AxExerciceGenerator.Test.ExerciceGeneratorTest" name="Jeu_Doit_Etre_Type_Jeu_Avec_Bon_Theme_Difficile" />
    </UnitTest>
    <UnitTest name="CalcSommeAbs_retourne_positif_quand_reponse_positive" storage="c:\users\axinesis\desktop\fusion\axanalyse.test\bin\debug\axanalyse.test.dll" id="dc5d423e-851c-6658-b8be-e6a841de2fd1" xmlns="AxAnalyse.Test">
      <Execution id="59f7b0b7-2e87-4194-9eb1-0f9b865410d3" xmlns="http://microsoft.com/schemas/VisualStudio/TeamTest/2010" />
      <TestMethod codeBase="C:\Users\Axinesis\Desktop\Fusion\AxAnalyse.Test\bin\Debug\AxAnalyse.Test.dll" adapterTypeName="NUnitForVSTS.NUnitTest.NUnitTestAdapter, NUnitForVSTS.NUnitTest, Version=5.1.0.0, Culture=neutral, PublicKeyToken=null" className="AxAnalyse.Test.AnalyseTest" name="CalcSommeAbs_retourne_positif_quand_reponse_positive" />
    </UnitTest>
    <UnitTest name="Patient_Poids_Obligatoire" storage="c:\users\axinesis\desktop\fusion\axdata.test\bin\debug\axdata.test.dll" id="20b118dc-27e8-ed17-0ac4-d5df103752d3" xmlns="AxData.Test">
      <Execution id="fcf4d749-72ec-47d0-aa98-016e4ca22c89" xmlns="http://microsoft.com/schemas/VisualStudio/TeamTest/2010" />
      <TestMethod codeBase="C:\Users\Axinesis\Desktop\Fusion\AxData.Test\bin\Debug\AxData.Test.dll" adapterTypeName="NUnitForVSTS.NUnitTest.NUnitTestAdapter, NUnitForVSTS.NUnitTest, Version=5.1.0.0, Culture=neutral, PublicKeyToken=null" className="AxData.Test.DataPatientTest" name="Patient_Poids_Obligatoire" />
    </UnitTest>
    <UnitTest name="Therapeute_Nom_Obligatoire" storage="c:\users\axinesis\desktop\fusion\axdata.test\bin\debug\axdata.test.dll" id="70c3bcd2-30f3-dc55-d57b-3305735ab2fe" xmlns="AxData.Test">
      <Execution id="ad6d596e-9967-4974-88c4-13f7e84020fd" xmlns="http://microsoft.com/schemas/VisualStudio/TeamTest/2010" />
      <TestMethod codeBase="C:\Users\Axinesis\Desktop\Fusion\AxData.Test\bin\Debug\AxData.Test.dll" adapterTypeName="NUnitForVSTS.NUnitTest.NUnitTestAdapter, NUnitForVSTS.NUnitTest, Version=5.1.0.0, Culture=neutral, PublicKeyToken=null" className="AxData.Test.DataTherapeuteTest" name="Therapeute_Nom_Obligatoire" />
    </UnitTest>
    <UnitTest name="Erreur_SqlException_Num10054_Bien_Traite" storage="c:\users\axinesis\desktop\fusion\axerror.test\bin\debug\axerror.test.dll" id="685bc9e4-6b9e-eafd-c8ef-4d24f897588d" xmlns="AxError.Test">
      <Execution id="e7e9001e-d21c-4231-acf7-24fdc18787a9" xmlns="http://microsoft.com/schemas/VisualStudio/TeamTest/2010" />
      <TestMethod codeBase="C:\Users\Axinesis\Desktop\Fusion\AxError.Test\bin\Debug\AxError.Test.dll" adapterTypeName="NUnitForVSTS.NUnitTest.NUnitTestAdapter, NUnitForVSTS.NUnitTest, Version=5.1.0.0, Culture=neutral, PublicKeyToken=null" className="AxError.Test.GestionErreurTest" name="Erreur_SqlException_Num10054_Bien_Traite" />
    </UnitTest>
    <UnitTest name="Therapeute_Confirmation_Mot_De_Passe_Valide" storage="c:\users\axinesis\desktop\fusion\axdata.test\bin\debug\axdata.test.dll" id="70ebb40d-5861-d5c1-a3ef-791dade40bd9" xmlns="AxData.Test">
      <Execution id="141f0d37-760c-4504-affd-63101d607c51" xmlns="http://microsoft.com/schemas/VisualStudio/TeamTest/2010" />
      <TestMethod codeBase="C:\Users\Axinesis\Desktop\Fusion\AxData.Test\bin\Debug\AxData.Test.dll" adapterTypeName="NUnitForVSTS.NUnitTest.NUnitTestAdapter, NUnitForVSTS.NUnitTest, Version=5.1.0.0, Culture=neutral, PublicKeyToken=null" className="AxData.Test.DataTherapeuteTest" name="Therapeute_Confirmation_Mot_De_Passe_Valide" />
    </UnitTest>
    <UnitTest name="Erreur_SqlException_Num18452_Bien_Traite" storage="c:\users\axinesis\desktop\fusion\axerror.test\bin\debug\axerror.test.dll" id="4d48ca6b-511b-39ac-a68c-91352d15b1df" xmlns="AxError.Test">
      <Execution id="d4283326-7692-4b19-b966-8856bcc09bde" xmlns="http://microsoft.com/schemas/VisualStudio/TeamTest/2010" />
      <TestMethod codeBase="C:\Users\Axinesis\Desktop\Fusion\AxError.Test\bin\Debug\AxError.Test.dll" adapterTypeName="NUnitForVSTS.NUnitTest.NUnitTestAdapter, NUnitForVSTS.NUnitTest, Version=5.1.0.0, Culture=neutral, PublicKeyToken=null" className="AxError.Test.GestionErreurTest" name="Erreur_SqlException_Num18452_Bien_Traite" />
    </UnitTest>
    <UnitTest name="Taille_Trop_Grande" storage="c:\users\axinesis\desktop\fusion\axerror.test\bin\debug\axerror.test.dll" id="d1d5bdee-95e1-826a-6e8c-92bd1b1d1870" xmlns="AxError.Test">
      <Execution id="53a98cc5-0218-4200-bae2-befb12d05abd" xmlns="http://microsoft.com/schemas/VisualStudio/TeamTest/2010" />
      <TestMethod codeBase="C:\Users\Axinesis\Desktop\Fusion\AxError.Test\bin\Debug\AxError.Test.dll" adapterTypeName="NUnitForVSTS.NUnitTest.NUnitTestAdapter, NUnitForVSTS.NUnitTest, Version=5.1.0.0, Culture=neutral, PublicKeyToken=null" className="AxError.Test.ErrorInterfaceTest" name="Taille_Trop_Grande" />
    </UnitTest>
    <UnitTest name="Therapeute_Mot_De_Passe_Longeur_Valide" storage="c:\users\axinesis\desktop\fusion\axdata.test\bin\debug\axdata.test.dll" id="b7e43fdb-6e64-2c94-dcce-89d4bd434ec6" xmlns="AxData.Test">
      <Execution id="b5615777-ba31-4cd1-ae39-45f941788e7b" xmlns="http://microsoft.com/schemas/VisualStudio/TeamTest/2010" />
      <TestMethod codeBase="C:\Users\Axinesis\Desktop\Fusion\AxData.Test\bin\Debug\AxData.Test.dll" adapterTypeName="NUnitForVSTS.NUnitTest.NUnitTestAdapter, NUnitForVSTS.NUnitTest, Version=5.1.0.0, Culture=neutral, PublicKeyToken=null" className="AxData.Test.DataTherapeuteTest" name="Therapeute_Mot_De_Passe_Longeur_Valide" />
    </UnitTest>
    <UnitTest name="Jeu_Doit_Etre_Type_Jeu_Avec_Bon_Theme_Moyen" storage="c:\users\axinesis\desktop\fusion\axexercicegenerator.test\bin\debug\axexercicegenerator.test.dll" id="f00b5c2d-ca8b-087e-0e85-8f38ab6323e5" xmlns="AxExerciceGenerator.Test">
      <Execution id="64ef50f7-35b0-40c1-90a4-a5df1e010ac9" xmlns="http://microsoft.com/schemas/VisualStudio/TeamTest/2010" />
      <TestMethod codeBase="C:\Users\Axinesis\Desktop\Fusion\AxExerciceGenerator.Test\bin\Debug\AxExerciceGenerator.Test.dll" adapterTypeName="NUnitForVSTS.NUnitTest.NUnitTestAdapter, NUnitForVSTS.NUnitTest, Version=5.1.0.0, Culture=neutral, PublicKeyToken=null" className="AxExerciceGenerator.Test.ExerciceGeneratorTest" name="Jeu_Doit_Etre_Type_Jeu_Avec_Bon_Theme_Moyen" />
    </UnitTest>
    <UnitTest name="Patient_Prenom_Avec_Chiffre_Non_Valdie" storage="c:\users\axinesis\desktop\fusion\axerror.test\bin\debug\axerror.test.dll" id="753937c8-a9eb-1241-f3c3-39b8d5bc3c92" xmlns="AxError.Test">
      <Execution id="5b335ec3-3c4b-4eca-9aa4-8d7dd566a670" xmlns="http://microsoft.com/schemas/VisualStudio/TeamTest/2010" />
      <TestMethod codeBase="C:\Users\Axinesis\Desktop\Fusion\AxError.Test\bin\Debug\AxError.Test.dll" adapterTypeName="NUnitForVSTS.NUnitTest.NUnitTestAdapter, NUnitForVSTS.NUnitTest, Version=5.1.0.0, Culture=neutral, PublicKeyToken=null" className="AxError.Test.ErrorInterfaceTest" name="Patient_Prenom_Avec_Chiffre_Non_Valdie" />
    </UnitTest>
    <UnitTest name="Digit_Apres_Decembre_1999_Correct" storage="c:\users\axinesis\desktop\fusion\axerror.test\bin\debug\axerror.test.dll" id="79e0f4ac-752d-6854-5869-d79798ecc5d8" xmlns="AxError.Test">
      <Execution id="7a1671c2-e1c3-4d5a-b29a-5338bec7b996" xmlns="http://microsoft.com/schemas/VisualStudio/TeamTest/2010" />
      <TestMethod codeBase="C:\Users\Axinesis\Desktop\Fusion\AxError.Test\bin\Debug\AxError.Test.dll" adapterTypeName="NUnitForVSTS.NUnitTest.NUnitTestAdapter, NUnitForVSTS.NUnitTest, Version=5.1.0.0, Culture=neutral, PublicKeyToken=null" className="AxError.Test.ErrorInterfaceTest" name="Digit_Apres_Decembre_1999_Correct" />
    </UnitTest>
    <UnitTest name="Poids_Trop_Grand" storage="c:\users\axinesis\desktop\fusion\axerror.test\bin\debug\axerror.test.dll" id="25abb7b9-1485-9596-f399-1468ba684cfa" xmlns="AxError.Test">
      <Execution id="5af2eea9-7920-48db-8824-26331245897a" xmlns="http://microsoft.com/schemas/VisualStudio/TeamTest/2010" />
      <TestMethod codeBase="C:\Users\Axinesis\Desktop\Fusion\AxError.Test\bin\Debug\AxError.Test.dll" adapterTypeName="NUnitForVSTS.NUnitTest.NUnitTestAdapter, NUnitForVSTS.NUnitTest, Version=5.1.0.0, Culture=neutral, PublicKeyToken=null" className="AxError.Test.ErrorInterfaceTest" name="Poids_Trop_Grand" />
    </UnitTest>
    <UnitTest name="Admin_Dans_La_Bd" storage="c:\users\axinesis\desktop\fusion\axdata.test\bin\debug\axdata.test.dll" id="ee9a69f6-cf44-b467-cc2a-1e750c89a07f" xmlns="AxData.Test">
      <Execution id="1c79bcbd-ee5d-4f56-8827-3bcb90478f2a" xmlns="http://microsoft.com/schemas/VisualStudio/TeamTest/2010" />
      <TestMethod codeBase="C:\Users\Axinesis\Desktop\Fusion\AxData.Test\bin\Debug\AxData.Test.dll" adapterTypeName="NUnitForVSTS.NUnitTest.NUnitTestAdapter, NUnitForVSTS.NUnitTest, Version=5.1.0.0, Culture=neutral, PublicKeyToken=null" className="AxData.Test.DataTherapeuteTest" name="Admin_Dans_La_Bd" />
    </UnitTest>
    <UnitTest name="CalcSommeAbs_retourne_positif_quand_reponse_negative" storage="c:\users\axinesis\desktop\fusion\axanalyse.test\bin\debug\axanalyse.test.dll" id="23292fbe-adfa-993b-82f2-7c477d400857" xmlns="AxAnalyse.Test">
      <Execution id="7d10c361-1013-4a1b-92ab-0b01090c31c7" xmlns="http://microsoft.com/schemas/VisualStudio/TeamTest/2010" />
      <TestMethod codeBase="C:\Users\Axinesis\Desktop\Fusion\AxAnalyse.Test\bin\Debug\AxAnalyse.Test.dll" adapterTypeName="NUnitForVSTS.NUnitTest.NUnitTestAdapter, NUnitForVSTS.NUnitTest, Version=5.1.0.0, Culture=neutral, PublicKeyToken=null" className="AxAnalyse.Test.AnalyseTest" name="CalcSommeAbs_retourne_positif_quand_reponse_negative" />
    </UnitTest>
    <UnitTest name="Deconnexion_Robot_Correcte" storage="c:\users\axinesis\desktop\fusion\axcommunication.test\bin\debug\axcommunication.test.dll" id="8786509f-e646-d735-fbae-09bb7ea9968d" xmlns="AxCommunication.Test">
      <Execution id="144a3269-ca5e-4536-be74-3ad6726c640b" xmlns="http://microsoft.com/schemas/VisualStudio/TeamTest/2010" />
      <TestMethod codeBase="C:\Users\Axinesis\Desktop\Fusion\AxCommunication.Test\bin\Debug\AxCommunication.Test.dll" adapterTypeName="NUnitForVSTS.NUnitTest.NUnitTestAdapter, NUnitForVSTS.NUnitTest, Version=5.1.0.0, Culture=neutral, PublicKeyToken=null" className="AxCommunication.Test.PortSerieTest" name="Deconnexion_Robot_Correcte" />
    </UnitTest>
    <UnitTest name="Erreur_FileNotFoundException_Bien_Traite" storage="c:\users\axinesis\desktop\fusion\axerror.test\bin\debug\axerror.test.dll" id="46f2fb7c-cbb5-3f4f-7fbb-54c6e13304f7" xmlns="AxError.Test">
      <Execution id="c9dff272-afdf-40b0-b336-92ce0fb9cbbb" xmlns="http://microsoft.com/schemas/VisualStudio/TeamTest/2010" />
      <TestMethod codeBase="C:\Users\Axinesis\Desktop\Fusion\AxError.Test\bin\Debug\AxError.Test.dll" adapterTypeName="NUnitForVSTS.NUnitTest.NUnitTestAdapter, NUnitForVSTS.NUnitTest, Version=5.1.0.0, Culture=neutral, PublicKeyToken=null" className="AxError.Test.GestionErreurTest" name="Erreur_FileNotFoundException_Bien_Traite" />
    </UnitTest>
    <UnitTest name="Poids_Est_Valide" storage="c:\users\axinesis\desktop\fusion\axerror.test\bin\debug\axerror.test.dll" id="29643fec-276c-0215-f794-e8f805cfc972" xmlns="AxError.Test">
      <Execution id="2aa6f2ac-f990-4ea9-a50e-d3ebd72b61cf" xmlns="http://microsoft.com/schemas/VisualStudio/TeamTest/2010" />
      <TestMethod codeBase="C:\Users\Axinesis\Desktop\Fusion\AxError.Test\bin\Debug\AxError.Test.dll" adapterTypeName="NUnitForVSTS.NUnitTest.NUnitTestAdapter, NUnitForVSTS.NUnitTest, Version=5.1.0.0, Culture=neutral, PublicKeyToken=null" className="AxError.Test.ErrorInterfaceTest" name="Poids_Est_Valide" />
    </UnitTest>
    <UnitTest name="Erreur_Robot_CanPassiveModeError_Bien_Traite" storage="c:\users\axinesis\desktop\fusion\axerror.test\bin\debug\axerror.test.dll" id="d70d4846-e790-2791-a7f6-aea47d197ce3" xmlns="AxError.Test">
      <Execution id="272df61d-324b-42ac-a347-f92c30594738" xmlns="http://microsoft.com/schemas/VisualStudio/TeamTest/2010" />
      <TestMethod codeBase="C:\Users\Axinesis\Desktop\Fusion\AxError.Test\bin\Debug\AxError.Test.dll" adapterTypeName="NUnitForVSTS.NUnitTest.NUnitTestAdapter, NUnitForVSTS.NUnitTest, Version=5.1.0.0, Culture=neutral, PublicKeyToken=null" className="AxError.Test.GestionErreurTest" name="Erreur_Robot_CanPassiveModeError_Bien_Traite" />
    </UnitTest>
    <UnitTest name="Erreur_Robot_CanPdoLengthError_Bien_Traite" storage="c:\users\axinesis\desktop\fusion\axerror.test\bin\debug\axerror.test.dll" id="16cba0ff-f17e-3157-2151-135da05c3b77" xmlns="AxError.Test">
      <Execution id="536de1b8-4749-4f88-94c3-337458290f2b" xmlns="http://microsoft.com/schemas/VisualStudio/TeamTest/2010" />
      <TestMethod codeBase="C:\Users\Axinesis\Desktop\Fusion\AxError.Test\bin\Debug\AxError.Test.dll" adapterTypeName="NUnitForVSTS.NUnitTest.NUnitTestAdapter, NUnitForVSTS.NUnitTest, Version=5.1.0.0, Culture=neutral, PublicKeyToken=null" className="AxError.Test.GestionErreurTest" name="Erreur_Robot_CanPdoLengthError_Bien_Traite" />
    </UnitTest>
    <UnitTest name="Erreur_Robot_CanRxQueueOverflowError_Bien_Traite" storage="c:\users\axinesis\desktop\fusion\axerror.test\bin\debug\axerror.test.dll" id="4bc6e967-6d6d-55dc-5667-6491a42879ce" xmlns="AxError.Test">
      <Execution id="50212465-a52e-4276-b086-7c04c64aa1d5" xmlns="http://microsoft.com/schemas/VisualStudio/TeamTest/2010" />
      <TestMethod codeBase="C:\Users\Axinesis\Desktop\Fusion\AxError.Test\bin\Debug\AxError.Test.dll" adapterTypeName="NUnitForVSTS.NUnitTest.NUnitTestAdapter, NUnitForVSTS.NUnitTest, Version=5.1.0.0, Culture=neutral, PublicKeyToken=null" className="AxError.Test.GestionErreurTest" name="Erreur_Robot_CanRxQueueOverflowError_Bien_Traite" />
    </UnitTest>
    <UnitTest name="Therapeute_Nom_Utilisateur_Obligatoire" storage="c:\users\axinesis\desktop\fusion\axdata.test\bin\debug\axdata.test.dll" id="d7da732c-fc15-83c6-835a-a08965ba8304" xmlns="AxData.Test">
      <Execution id="3f636b8b-ec2e-4c14-97cf-586c46552e03" xmlns="http://microsoft.com/schemas/VisualStudio/TeamTest/2010" />
      <TestMethod codeBase="C:\Users\Axinesis\Desktop\Fusion\AxData.Test\bin\Debug\AxData.Test.dll" adapterTypeName="NUnitForVSTS.NUnitTest.NUnitTestAdapter, NUnitForVSTS.NUnitTest, Version=5.1.0.0, Culture=neutral, PublicKeyToken=null" className="AxData.Test.DataTherapeuteTest" name="Therapeute_Nom_Utilisateur_Obligatoire" />
    </UnitTest>
    <UnitTest name="Erreur_SqlException_Autres_Num_Bien_Traite" storage="c:\users\axinesis\desktop\fusion\axerror.test\bin\debug\axerror.test.dll" id="93a6a4eb-88a4-190c-4984-549fd5627b92" xmlns="AxError.Test">
      <Execution id="516c0b66-83d7-4be9-9d2a-2b91705e04da" xmlns="http://microsoft.com/schemas/VisualStudio/TeamTest/2010" />
      <TestMethod codeBase="C:\Users\Axinesis\Desktop\Fusion\AxError.Test\bin\Debug\AxError.Test.dll" adapterTypeName="NUnitForVSTS.NUnitTest.NUnitTestAdapter, NUnitForVSTS.NUnitTest, Version=5.1.0.0, Culture=neutral, PublicKeyToken=null" className="AxError.Test.GestionErreurTest" name="Erreur_SqlException_Autres_Num_Bien_Traite" />
    </UnitTest>
    <UnitTest name="Therapeute_Mot_De_Passe_Obligatoire" storage="c:\users\axinesis\desktop\fusion\axdata.test\bin\debug\axdata.test.dll" id="0e500537-d2d9-f5ab-8260-b5ce8dde6259" xmlns="AxData.Test">
      <Execution id="321bf8e2-0d0f-45b2-a0ab-2b5f9dd743c4" xmlns="http://microsoft.com/schemas/VisualStudio/TeamTest/2010" />
      <TestMethod codeBase="C:\Users\Axinesis\Desktop\Fusion\AxData.Test\bin\Debug\AxData.Test.dll" adapterTypeName="NUnitForVSTS.NUnitTest.NUnitTestAdapter, NUnitForVSTS.NUnitTest, Version=5.1.0.0, Culture=neutral, PublicKeyToken=null" className="AxData.Test.DataTherapeuteTest" name="Therapeute_Mot_De_Passe_Obligatoire" />
    </UnitTest>
    <UnitTest name="Vitesse_Moyenne" storage="c:\users\axinesis\desktop\fusion\axanalyse.test\bin\debug\axanalyse.test.dll" id="d1e4e0aa-1b84-a4ad-c411-f5ed64c5a640" xmlns="AxAnalyse.Test">
      <Execution id="3c9294e8-f89d-468a-a6da-73d2bd3c5ce0" xmlns="http://microsoft.com/schemas/VisualStudio/TeamTest/2010" />
      <TestMethod codeBase="C:\Users\Axinesis\Desktop\Fusion\AxAnalyse.Test\bin\Debug\AxAnalyse.Test.dll" adapterTypeName="NUnitForVSTS.NUnitTest.NUnitTestAdapter, NUnitForVSTS.NUnitTest, Version=5.1.0.0, Culture=neutral, PublicKeyToken=null" className="AxAnalyse.Test.AnalyseTest" name="Vitesse_Moyenne" />
    </UnitTest>
    <UnitTest name="Erreur_Robot_InterpolatedPositionModeError_Bien_Traite" storage="c:\users\axinesis\desktop\fusion\axerror.test\bin\debug\axerror.test.dll" id="10be6209-de22-6fa7-f60a-ee638c41144c" xmlns="AxError.Test">
      <Execution id="c464fc9f-afba-4b32-9e58-c58fcccf70e2" xmlns="http://microsoft.com/schemas/VisualStudio/TeamTest/2010" />
      <TestMethod codeBase="C:\Users\Axinesis\Desktop\Fusion\AxError.Test\bin\Debug\AxError.Test.dll" adapterTypeName="NUnitForVSTS.NUnitTest.NUnitTestAdapter, NUnitForVSTS.NUnitTest, Version=5.1.0.0, Culture=neutral, PublicKeyToken=null" className="AxError.Test.GestionErreurTest" name="Erreur_Robot_InterpolatedPositionModeError_Bien_Traite" />
    </UnitTest>
    <UnitTest name="Digit_Avant_Janvier_2000_Correct" storage="c:\users\axinesis\desktop\fusion\axerror.test\bin\debug\axerror.test.dll" id="4be11f3f-9c9b-c3c0-0181-9cf372e78a39" xmlns="AxError.Test">
      <Execution id="0254e87d-5a64-4b9f-a146-6c0f2a4ce05c" xmlns="http://microsoft.com/schemas/VisualStudio/TeamTest/2010" />
      <TestMethod codeBase="C:\Users\Axinesis\Desktop\Fusion\AxError.Test\bin\Debug\AxError.Test.dll" adapterTypeName="NUnitForVSTS.NUnitTest.NUnitTestAdapter, NUnitForVSTS.NUnitTest, Version=5.1.0.0, Culture=neutral, PublicKeyToken=null" className="AxError.Test.ErrorInterfaceTest" name="Digit_Avant_Janvier_2000_Correct" />
    </UnitTest>
    <UnitTest name="Patient_Sexe_Obligatoire" storage="c:\users\axinesis\desktop\fusion\axdata.test\bin\debug\axdata.test.dll" id="73ff9664-9e53-3c8b-c732-477aeaf16de3" xmlns="AxData.Test">
      <Execution id="4fdfc6ea-ac57-4acb-ade1-19278608e06a" xmlns="http://microsoft.com/schemas/VisualStudio/TeamTest/2010" />
      <TestMethod codeBase="C:\Users\Axinesis\Desktop\Fusion\AxData.Test\bin\Debug\AxData.Test.dll" adapterTypeName="NUnitForVSTS.NUnitTest.NUnitTestAdapter, NUnitForVSTS.NUnitTest, Version=5.1.0.0, Culture=neutral, PublicKeyToken=null" className="AxData.Test.DataPatientTest" name="Patient_Sexe_Obligatoire" />
    </UnitTest>
    <UnitTest name="Erreur_Robot_HallSensorNotFoundError_Bien_Traite" storage="c:\users\axinesis\desktop\fusion\axerror.test\bin\debug\axerror.test.dll" id="eefbf66d-ed2c-e00b-7d18-b2f0db937ce7" xmlns="AxError.Test">
      <Execution id="74c27d79-2c6e-41fa-b64a-b5110358b0b1" xmlns="http://microsoft.com/schemas/VisualStudio/TeamTest/2010" />
      <TestMethod codeBase="C:\Users\Axinesis\Desktop\Fusion\AxError.Test\bin\Debug\AxError.Test.dll" adapterTypeName="NUnitForVSTS.NUnitTest.NUnitTestAdapter, NUnitForVSTS.NUnitTest, Version=5.1.0.0, Culture=neutral, PublicKeyToken=null" className="AxError.Test.GestionErreurTest" name="Erreur_Robot_HallSensorNotFoundError_Bien_Traite" />
    </UnitTest>
    <UnitTest name="Erreur_Robot_CanTxQueueOverflowError_Bien_Traite" storage="c:\users\axinesis\desktop\fusion\axerror.test\bin\debug\axerror.test.dll" id="5e7d6af5-64cc-1804-ddd0-8cb7d33a7c25" xmlns="AxError.Test">
      <Execution id="60eaf1cc-5461-4f9d-906c-8075cbb7e08a" xmlns="http://microsoft.com/schemas/VisualStudio/TeamTest/2010" />
      <TestMethod codeBase="C:\Users\Axinesis\Desktop\Fusion\AxError.Test\bin\Debug\AxError.Test.dll" adapterTypeName="NUnitForVSTS.NUnitTest.NUnitTestAdapter, NUnitForVSTS.NUnitTest, Version=5.1.0.0, Culture=neutral, PublicKeyToken=null" className="AxError.Test.GestionErreurTest" name="Erreur_Robot_CanTxQueueOverflowError_Bien_Traite" />
    </UnitTest>
    <UnitTest name="Patient_Nom_Obligatoire" storage="c:\users\axinesis\desktop\fusion\axdata.test\bin\debug\axdata.test.dll" id="5f4e818c-59f5-ec74-a477-f33dd5087204" xmlns="AxData.Test">
      <Execution id="21cffc93-f1f4-4746-9b88-7689d1de8d14" xmlns="http://microsoft.com/schemas/VisualStudio/TeamTest/2010" />
      <TestMethod codeBase="C:\Users\Axinesis\Desktop\Fusion\AxData.Test\bin\Debug\AxData.Test.dll" adapterTypeName="NUnitForVSTS.NUnitTest.NUnitTestAdapter, NUnitForVSTS.NUnitTest, Version=5.1.0.0, Culture=neutral, PublicKeyToken=null" className="AxData.Test.DataPatientTest" name="Patient_Nom_Obligatoire" />
    </UnitTest>
    <UnitTest name="Jeu_Doit_Etre_Type_Jeu_Avec_Bon_Theme_Expert" storage="c:\users\axinesis\desktop\fusion\axexercicegenerator.test\bin\debug\axexercicegenerator.test.dll" id="9f809847-62e4-7ae9-163a-caf99776f5c1" xmlns="AxExerciceGenerator.Test">
      <Execution id="efa5695f-490a-4580-93ea-fe06f4f283fb" xmlns="http://microsoft.com/schemas/VisualStudio/TeamTest/2010" />
      <TestMethod codeBase="C:\Users\Axinesis\Desktop\Fusion\AxExerciceGenerator.Test\bin\Debug\AxExerciceGenerator.Test.dll" adapterTypeName="NUnitForVSTS.NUnitTest.NUnitTestAdapter, NUnitForVSTS.NUnitTest, Version=5.1.0.0, Culture=neutral, PublicKeyToken=null" className="AxExerciceGenerator.Test.ExerciceGeneratorTest" name="Jeu_Doit_Etre_Type_Jeu_Avec_Bon_Theme_Expert" />
    </UnitTest>
    <UnitTest name="Erreur_Robot_CanOverrunErrorObjectsLost_Bien_Traite" storage="c:\users\axinesis\desktop\fusion\axerror.test\bin\debug\axerror.test.dll" id="b327e7c1-b25a-ea16-5827-7059ea867750" xmlns="AxError.Test">
      <Execution id="5814dacd-07b5-49c7-b049-715038eaefb3" xmlns="http://microsoft.com/schemas/VisualStudio/TeamTest/2010" />
      <TestMethod codeBase="C:\Users\Axinesis\Desktop\Fusion\AxError.Test\bin\Debug\AxError.Test.dll" adapterTypeName="NUnitForVSTS.NUnitTest.NUnitTestAdapter, NUnitForVSTS.NUnitTest, Version=5.1.0.0, Culture=neutral, PublicKeyToken=null" className="AxError.Test.GestionErreurTest" name="Erreur_Robot_CanOverrunErrorObjectsLost_Bien_Traite" />
    </UnitTest>
    <UnitTest name="Taille_Est_Valide" storage="c:\users\axinesis\desktop\fusion\axerror.test\bin\debug\axerror.test.dll" id="a844c7b5-b6b2-c536-6130-0a3921ce9bd8" xmlns="AxError.Test">
      <Execution id="7c193221-2f2e-4136-b19e-0d8f23328d8f" xmlns="http://microsoft.com/schemas/VisualStudio/TeamTest/2010" />
      <TestMethod codeBase="C:\Users\Axinesis\Desktop\Fusion\AxError.Test\bin\Debug\AxError.Test.dll" adapterTypeName="NUnitForVSTS.NUnitTest.NUnitTestAdapter, NUnitForVSTS.NUnitTest, Version=5.1.0.0, Culture=neutral, PublicKeyToken=null" className="AxError.Test.ErrorInterfaceTest" name="Taille_Est_Valide" />
    </UnitTest>
    <UnitTest name="Exercice_Doit_Etre_Type_Carre_Sans_Theme" storage="c:\users\axinesis\desktop\fusion\axexercicegenerator.test\bin\debug\axexercicegenerator.test.dll" id="3be5bb77-d5a9-c355-1514-f9619c4abc76" xmlns="AxExerciceGenerator.Test">
      <Execution id="da0af6a1-b504-43e9-b33f-2afeb8dbb69b" xmlns="http://microsoft.com/schemas/VisualStudio/TeamTest/2010" />
      <TestMethod codeBase="C:\Users\Axinesis\Desktop\Fusion\AxExerciceGenerator.Test\bin\Debug\AxExerciceGenerator.Test.dll" adapterTypeName="NUnitForVSTS.NUnitTest.NUnitTestAdapter, NUnitForVSTS.NUnitTest, Version=5.1.0.0, Culture=neutral, PublicKeyToken=null" className="AxExerciceGenerator.Test.ExerciceGeneratorTest" name="Exercice_Doit_Etre_Type_Carre_Sans_Theme" />
    </UnitTest>
    <UnitTest name="Therapeute_Nom_Valide" storage="c:\users\axinesis\desktop\fusion\axdata.test\bin\debug\axdata.test.dll" id="7a5257a4-6838-27e7-097e-fee1f1076112" xmlns="AxData.Test">
      <Execution id="3b38c7b0-e942-4623-88f7-b1f546f165ce" xmlns="http://microsoft.com/schemas/VisualStudio/TeamTest/2010" />
      <TestMethod codeBase="C:\Users\Axinesis\Desktop\Fusion\AxData.Test\bin\Debug\AxData.Test.dll" adapterTypeName="NUnitForVSTS.NUnitTest.NUnitTestAdapter, NUnitForVSTS.NUnitTest, Version=5.1.0.0, Culture=neutral, PublicKeyToken=null" className="AxData.Test.DataTherapeuteTest" name="Therapeute_Nom_Valide" />
    </UnitTest>
    <UnitTest name="Erreur_WrongSerialPortException_Bien_Traite" storage="c:\users\axinesis\desktop\fusion\axerror.test\bin\debug\axerror.test.dll" id="99f400bb-0ada-6022-1c6a-8a51a33a69ad" xmlns="AxError.Test">
      <Execution id="fbab2894-fc63-4683-994c-3950e33280ca" xmlns="http://microsoft.com/schemas/VisualStudio/TeamTest/2010" />
      <TestMethod codeBase="C:\Users\Axinesis\Desktop\Fusion\AxError.Test\bin\Debug\AxError.Test.dll" adapterTypeName="NUnitForVSTS.NUnitTest.NUnitTestAdapter, NUnitForVSTS.NUnitTest, Version=5.1.0.0, Culture=neutral, PublicKeyToken=null" className="AxError.Test.GestionErreurTest" name="Erreur_WrongSerialPortException_Bien_Traite" />
    </UnitTest>
    <UnitTest name="Erreur_Robot_FollowingError_Bien_Traite" storage="c:\users\axinesis\desktop\fusion\axerror.test\bin\debug\axerror.test.dll" id="2e360870-3d74-91af-79e4-be8d529dd362" xmlns="AxError.Test">
      <Execution id="7b0af5a7-bea6-412f-87dd-32806e6397b5" xmlns="http://microsoft.com/schemas/VisualStudio/TeamTest/2010" />
      <TestMethod codeBase="C:\Users\Axinesis\Desktop\Fusion\AxError.Test\bin\Debug\AxError.Test.dll" adapterTypeName="NUnitForVSTS.NUnitTest.NUnitTestAdapter, NUnitForVSTS.NUnitTest, Version=5.1.0.0, Culture=neutral, PublicKeyToken=null" className="AxError.Test.GestionErreurTest" name="Erreur_Robot_FollowingError_Bien_Traite" />
    </UnitTest>
    <UnitTest name="Erreur_Robot_AutoTuningIdentificationError_Bien_Traite" storage="c:\users\axinesis\desktop\fusion\axerror.test\bin\debug\axerror.test.dll" id="e0898479-7725-95c5-c9c2-c8ebc6704474" xmlns="AxError.Test">
      <Execution id="150c676c-8cc2-4654-96d2-dc4b99991512" xmlns="http://microsoft.com/schemas/VisualStudio/TeamTest/2010" />
      <TestMethod codeBase="C:\Users\Axinesis\Desktop\Fusion\AxError.Test\bin\Debug\AxError.Test.dll" adapterTypeName="NUnitForVSTS.NUnitTest.NUnitTestAdapter, NUnitForVSTS.NUnitTest, Version=5.1.0.0, Culture=neutral, PublicKeyToken=null" className="AxError.Test.GestionErreurTest" name="Erreur_Robot_AutoTuningIdentificationError_Bien_Traite" />
    </UnitTest>
    <UnitTest name="Therapeute_Doit_Etre_Admin" storage="c:\users\axinesis\desktop\fusion\axdata.test\bin\debug\axdata.test.dll" id="8df30bf8-76cd-877b-8f7e-5c4d83da39af" xmlns="AxData.Test">
      <Execution id="df3395e4-bf84-4f09-893b-ac7b70525010" xmlns="http://microsoft.com/schemas/VisualStudio/TeamTest/2010" />
      <TestMethod codeBase="C:\Users\Axinesis\Desktop\Fusion\AxData.Test\bin\Debug\AxData.Test.dll" adapterTypeName="NUnitForVSTS.NUnitTest.NUnitTestAdapter, NUnitForVSTS.NUnitTest, Version=5.1.0.0, Culture=neutral, PublicKeyToken=null" className="AxData.Test.DataTherapeuteTest" name="Therapeute_Doit_Etre_Admin" />
    </UnitTest>
    <UnitTest name="Exercice_Doit_Etre_Type_FreeAmpl_Avec_Theme" storage="c:\users\axinesis\desktop\fusion\axexercicegenerator.test\bin\debug\axexercicegenerator.test.dll" id="a1966c6a-89d2-337f-4636-dc1c68800169" xmlns="AxExerciceGenerator.Test">
      <Execution id="e3bf84a3-4de1-42cc-9eae-e21566c31508" xmlns="http://microsoft.com/schemas/VisualStudio/TeamTest/2010" />
      <TestMethod codeBase="C:\Users\Axinesis\Desktop\Fusion\AxExerciceGenerator.Test\bin\Debug\AxExerciceGenerator.Test.dll" adapterTypeName="NUnitForVSTS.NUnitTest.NUnitTestAdapter, NUnitForVSTS.NUnitTest, Version=5.1.0.0, Culture=neutral, PublicKeyToken=null" className="AxExerciceGenerator.Test.ExerciceGeneratorTest" name="Exercice_Doit_Etre_Type_FreeAmpl_Avec_Theme" />
    </UnitTest>
    <UnitTest name="Quitter_Exercice_En_Cours_Oui_Vers_HomeViewModel" storage="c:\users\axinesis\desktop\fusion\axnavigation.test\bin\debug\axnavigation.test.dll" id="432be06a-e2a8-0624-2aba-809b91f8a164" xmlns="AxNavigation.Test">
      <Execution id="1c8834dd-6907-45f7-9cf9-8c007d505871" xmlns="http://microsoft.com/schemas/VisualStudio/TeamTest/2010" />
      <TestMethod codeBase="C:\Users\Axinesis\Desktop\Fusion\AxNavigation.Test\bin\Debug\AxNavigation.Test.dll" adapterTypeName="NUnitForVSTS.NUnitTest.NUnitTestAdapter, NUnitForVSTS.NUnitTest, Version=5.1.0.0, Culture=neutral, PublicKeyToken=null" className="AxNavigation.Test.NavigationVisualisationViewModelTest" name="Quitter_Exercice_En_Cours_Oui_Vers_HomeViewModel" />
    </UnitTest>
    <UnitTest name="Erreur_Robot_EncoderResolutionError_Bien_Traite" storage="c:\users\axinesis\desktop\fusion\axerror.test\bin\debug\axerror.test.dll" id="f6381e6b-e08a-f44f-1c2d-4a4e13a50dfd" xmlns="AxError.Test">
      <Execution id="2e3ff655-1370-4053-ac7c-b79826b16155" xmlns="http://microsoft.com/schemas/VisualStudio/TeamTest/2010" />
      <TestMethod codeBase="C:\Users\Axinesis\Desktop\Fusion\AxError.Test\bin\Debug\AxError.Test.dll" adapterTypeName="NUnitForVSTS.NUnitTest.NUnitTestAdapter, NUnitForVSTS.NUnitTest, Version=5.1.0.0, Culture=neutral, PublicKeyToken=null" className="AxError.Test.GestionErreurTest" name="Erreur_Robot_EncoderResolutionError_Bien_Traite" />
    </UnitTest>
    <UnitTest name="Therapeute_Prenom_Valide" storage="c:\users\axinesis\desktop\fusion\axdata.test\bin\debug\axdata.test.dll" id="35595230-5bd0-ff18-4c33-6a82b4105ca2" xmlns="AxData.Test">
      <Execution id="10cc717c-dbac-4e18-b699-c3097c3c5064" xmlns="http://microsoft.com/schemas/VisualStudio/TeamTest/2010" />
      <TestMethod codeBase="C:\Users\Axinesis\Desktop\Fusion\AxData.Test\bin\Debug\AxData.Test.dll" adapterTypeName="NUnitForVSTS.NUnitTest.NUnitTestAdapter, NUnitForVSTS.NUnitTest, Version=5.1.0.0, Culture=neutral, PublicKeyToken=null" className="AxData.Test.DataTherapeuteTest" name="Therapeute_Prenom_Valide" />
    </UnitTest>
    <UnitTest name="Erreur_Robot_SupplyVoltageOutputStageTooLow_Bien_Traite" storage="c:\users\axinesis\desktop\fusion\axerror.test\bin\debug\axerror.test.dll" id="0d760264-1fec-2999-c240-365c64ffbe15" xmlns="AxError.Test">
      <Execution id="230e19df-00a2-40db-ad9e-ebe6c1207f1e" xmlns="http://microsoft.com/schemas/VisualStudio/TeamTest/2010" />
      <TestMethod codeBase="C:\Users\Axinesis\Desktop\Fusion\AxError.Test\bin\Debug\AxError.Test.dll" adapterTypeName="NUnitForVSTS.NUnitTest.NUnitTestAdapter, NUnitForVSTS.NUnitTest, Version=5.1.0.0, Culture=neutral, PublicKeyToken=null" className="AxError.Test.GestionErreurTest" name="Erreur_Robot_SupplyVoltageOutputStageTooLow_Bien_Traite" />
    </UnitTest>
    <UnitTest name="Therapeute_Login_Mdp_Doivent_Etre_Rempli" storage="c:\users\axinesis\desktop\fusion\axdata.test\bin\debug\axdata.test.dll" id="354fc1a4-174b-33c4-c868-90f05d831a1a" xmlns="AxData.Test">
      <Execution id="62c0c81f-37ee-4e07-9d69-9f055ecb6f6e" xmlns="http://microsoft.com/schemas/VisualStudio/TeamTest/2010" />
      <TestMethod codeBase="C:\Users\Axinesis\Desktop\Fusion\AxData.Test\bin\Debug\AxData.Test.dll" adapterTypeName="NUnitForVSTS.NUnitTest.NUnitTestAdapter, NUnitForVSTS.NUnitTest, Version=5.1.0.0, Culture=neutral, PublicKeyToken=null" className="AxData.Test.DataTherapeuteTest" name="Therapeute_Login_Mdp_Doivent_Etre_Rempli" />
    </UnitTest>
    <UnitTest name="Erreur_Robot_OvercurrentError_Bien_Traite" storage="c:\users\axinesis\desktop\fusion\axerror.test\bin\debug\axerror.test.dll" id="4ff74c24-6e9b-810e-a11a-0426b9c06e93" xmlns="AxError.Test">
      <Execution id="cca03cb3-44cc-4d7d-92f5-ba456cf8f813" xmlns="http://microsoft.com/schemas/VisualStudio/TeamTest/2010" />
      <TestMethod codeBase="C:\Users\Axinesis\Desktop\Fusion\AxError.Test\bin\Debug\AxError.Test.dll" adapterTypeName="NUnitForVSTS.NUnitTest.NUnitTestAdapter, NUnitForVSTS.NUnitTest, Version=5.1.0.0, Culture=neutral, PublicKeyToken=null" className="AxError.Test.GestionErreurTest" name="Erreur_Robot_OvercurrentError_Bien_Traite" />
    </UnitTest>
    <UnitTest name="Patient_Prenom_Est_Valide" storage="c:\users\axinesis\desktop\fusion\axerror.test\bin\debug\axerror.test.dll" id="ee85c135-d168-c271-408c-240e4713e404" xmlns="AxError.Test">
      <Execution id="0e2871ff-5cf0-40b5-8545-82e7f3146260" xmlns="http://microsoft.com/schemas/VisualStudio/TeamTest/2010" />
      <TestMethod codeBase="C:\Users\Axinesis\Desktop\Fusion\AxError.Test\bin\Debug\AxError.Test.dll" adapterTypeName="NUnitForVSTS.NUnitTest.NUnitTestAdapter, NUnitForVSTS.NUnitTest, Version=5.1.0.0, Culture=neutral, PublicKeyToken=null" className="AxError.Test.ErrorInterfaceTest" name="Patient_Prenom_Est_Valide" />
    </UnitTest>
    <UnitTest name="Distance_Entre_Plusieur_Points" storage="c:\users\axinesis\desktop\fusion\axanalyse.test\bin\debug\axanalyse.test.dll" id="c5df75b3-144c-2597-17e1-ed5cf6d153e4" xmlns="AxAnalyse.Test">
      <Execution id="f5fedb9c-68de-4608-9eb5-f20cf49047f5" xmlns="http://microsoft.com/schemas/VisualStudio/TeamTest/2010" />
      <TestMethod codeBase="C:\Users\Axinesis\Desktop\Fusion\AxAnalyse.Test\bin\Debug\AxAnalyse.Test.dll" adapterTypeName="NUnitForVSTS.NUnitTest.NUnitTestAdapter, NUnitForVSTS.NUnitTest, Version=5.1.0.0, Culture=neutral, PublicKeyToken=null" className="AxAnalyse.Test.AnalyseTest" name="Distance_Entre_Plusieur_Points" />
    </UnitTest>
    <UnitTest name="Patient_ID2_Obligatoire" storage="c:\users\axinesis\desktop\fusion\axdata.test\bin\debug\axdata.test.dll" id="8ba1fb0e-b6e5-ffa6-335a-2d325b6a0e71" xmlns="AxData.Test">
      <Execution id="1a597043-8469-429c-84a5-dbb3eae6097e" xmlns="http://microsoft.com/schemas/VisualStudio/TeamTest/2010" />
      <TestMethod codeBase="C:\Users\Axinesis\Desktop\Fusion\AxData.Test\bin\Debug\AxData.Test.dll" adapterTypeName="NUnitForVSTS.NUnitTest.NUnitTestAdapter, NUnitForVSTS.NUnitTest, Version=5.1.0.0, Culture=neutral, PublicKeyToken=null" className="AxData.Test.DataPatientTest" name="Patient_ID2_Obligatoire" />
    </UnitTest>
    <UnitTest name="Patient_Bien_Supprime" storage="c:\users\axinesis\desktop\fusion\axdata.test\bin\debug\axdata.test.dll" id="2773513e-6b8c-7f26-cda7-ed323f58b406" xmlns="AxData.Test">
      <Execution id="6614a296-c3b4-470e-b62e-fa47bd67b2f9" xmlns="http://microsoft.com/schemas/VisualStudio/TeamTest/2010" />
      <TestMethod codeBase="C:\Users\Axinesis\Desktop\Fusion\AxData.Test\bin\Debug\AxData.Test.dll" adapterTypeName="NUnitForVSTS.NUnitTest.NUnitTestAdapter, NUnitForVSTS.NUnitTest, Version=5.1.0.0, Culture=neutral, PublicKeyToken=null" className="AxData.Test.DataPatientTest" name="Patient_Bien_Supprime" />
    </UnitTest>
    <UnitTest name="Bonne_Date_Patient_Trouve" storage="c:\users\axinesis\desktop\fusion\axdata.test\bin\debug\axdata.test.dll" id="9a9c9aca-748b-bfa8-d869-cf515d3be60d" xmlns="AxData.Test">
      <Execution id="386cf65d-4ac3-4b61-a6a4-717f69d806ee" xmlns="http://microsoft.com/schemas/VisualStudio/TeamTest/2010" />
      <TestMethod codeBase="C:\Users\Axinesis\Desktop\Fusion\AxData.Test\bin\Debug\AxData.Test.dll" adapterTypeName="NUnitForVSTS.NUnitTest.NUnitTestAdapter, NUnitForVSTS.NUnitTest, Version=5.1.0.0, Culture=neutral, PublicKeyToken=null" className="AxData.Test.DataPatientTest" name="Bonne_Date_Patient_Trouve" />
    </UnitTest>
    <UnitTest name="Digit_Apres_Decembre_1999_Mauvais" storage="c:\users\axinesis\desktop\fusion\axerror.test\bin\debug\axerror.test.dll" id="801619e0-4c6a-c192-158c-5c744706c07f" xmlns="AxError.Test">
      <Execution id="8b5602cb-b2c0-49c7-a6a1-aa683d25c921" xmlns="http://microsoft.com/schemas/VisualStudio/TeamTest/2010" />
      <TestMethod codeBase="C:\Users\Axinesis\Desktop\Fusion\AxError.Test\bin\Debug\AxError.Test.dll" adapterTypeName="NUnitForVSTS.NUnitTest.NUnitTestAdapter, NUnitForVSTS.NUnitTest, Version=5.1.0.0, Culture=neutral, PublicKeyToken=null" className="AxError.Test.ErrorInterfaceTest" name="Digit_Apres_Decembre_1999_Mauvais" />
    </UnitTest>
    <UnitTest name="Erreur_SqlException_Num2_Bien_Traite" storage="c:\users\axinesis\desktop\fusion\axerror.test\bin\debug\axerror.test.dll" id="9675d6c5-a9f0-d1b1-dc83-f2159bbe4e61" xmlns="AxError.Test">
      <Execution id="9165a096-3f3b-4d43-9a06-11f72b154567" xmlns="http://microsoft.com/schemas/VisualStudio/TeamTest/2010" />
      <TestMethod codeBase="C:\Users\Axinesis\Desktop\Fusion\AxError.Test\bin\Debug\AxError.Test.dll" adapterTypeName="NUnitForVSTS.NUnitTest.NUnitTestAdapter, NUnitForVSTS.NUnitTest, Version=5.1.0.0, Culture=neutral, PublicKeyToken=null" className="AxError.Test.GestionErreurTest" name="Erreur_SqlException_Num2_Bien_Traite" />
    </UnitTest>
    <UnitTest name="DecoThérapeute_Oui_Vers_ConnexionTherapeuteViewModel" storage="c:\users\axinesis\desktop\fusion\axnavigation.test\bin\debug\axnavigation.test.dll" id="e2a9821c-c720-fc4f-49a9-2e55aa444d68" xmlns="AxNavigation.Test">
      <Execution id="6c4d9f99-5f33-4261-924b-014717e0c3df" xmlns="http://microsoft.com/schemas/VisualStudio/TeamTest/2010" />
      <TestMethod codeBase="C:\Users\Axinesis\Desktop\Fusion\AxNavigation.Test\bin\Debug\AxNavigation.Test.dll" adapterTypeName="NUnitForVSTS.NUnitTest.NUnitTestAdapter, NUnitForVSTS.NUnitTest, Version=5.1.0.0, Culture=neutral, PublicKeyToken=null" className="AxNavigation.Test.NavigationHomeViewModelTest" name="DecoThérapeute_Oui_Vers_ConnexionTherapeuteViewModel" />
    </UnitTest>
    <UnitTest name="Erreur_Robot_SoftwareParameterError_Bien_Traite" storage="c:\users\axinesis\desktop\fusion\axerror.test\bin\debug\axerror.test.dll" id="0929b123-960f-6dfd-d048-b9956810fb4f" xmlns="AxError.Test">
      <Execution id="c8eb44e4-dd7f-4116-ad8e-a0de6813b658" xmlns="http://microsoft.com/schemas/VisualStudio/TeamTest/2010" />
      <TestMethod codeBase="C:\Users\Axinesis\Desktop\Fusion\AxError.Test\bin\Debug\AxError.Test.dll" adapterTypeName="NUnitForVSTS.NUnitTest.NUnitTestAdapter, NUnitForVSTS.NUnitTest, Version=5.1.0.0, Culture=neutral, PublicKeyToken=null" className="AxError.Test.GestionErreurTest" name="Erreur_Robot_SoftwareParameterError_Bien_Traite" />
    </UnitTest>
    <UnitTest name="Quitter_Exercice_Vers_HomeViewModel" storage="c:\users\axinesis\desktop\fusion\axnavigation.test\bin\debug\axnavigation.test.dll" id="21e63970-9568-a62f-3790-26715f20f0e1" xmlns="AxNavigation.Test">
      <Execution id="82035e1b-572e-4b1d-89e2-1da017cde65e" xmlns="http://microsoft.com/schemas/VisualStudio/TeamTest/2010" />
      <TestMethod codeBase="C:\Users\Axinesis\Desktop\Fusion\AxNavigation.Test\bin\Debug\AxNavigation.Test.dll" adapterTypeName="NUnitForVSTS.NUnitTest.NUnitTestAdapter, NUnitForVSTS.NUnitTest, Version=5.1.0.0, Culture=neutral, PublicKeyToken=null" className="AxNavigation.Test.NavigationVisualisationViewModelTest" name="Quitter_Exercice_Vers_HomeViewModel" />
    </UnitTest>
    <UnitTest name="Erreur_Robot_MainSensorDirectionError_Bien_Traite" storage="c:\users\axinesis\desktop\fusion\axerror.test\bin\debug\axerror.test.dll" id="e1a4c390-c5f8-439f-c92b-f2ca8aad4a6c" xmlns="AxError.Test">
      <Execution id="310a6fb9-8fe1-430c-a89e-5f63b2e7d0ff" xmlns="http://microsoft.com/schemas/VisualStudio/TeamTest/2010" />
      <TestMethod codeBase="C:\Users\Axinesis\Desktop\Fusion\AxError.Test\bin\Debug\AxError.Test.dll" adapterTypeName="NUnitForVSTS.NUnitTest.NUnitTestAdapter, NUnitForVSTS.NUnitTest, Version=5.1.0.0, Culture=neutral, PublicKeyToken=null" className="AxError.Test.GestionErreurTest" name="Erreur_Robot_MainSensorDirectionError_Bien_Traite" />
    </UnitTest>
    <UnitTest name="Bon_Nom_Patient_Trouve" storage="c:\users\axinesis\desktop\fusion\axdata.test\bin\debug\axdata.test.dll" id="caa48818-36b7-d70b-1070-130edd123aaf" xmlns="AxData.Test">
      <Execution id="2b53c729-3e3b-4afd-b6e7-4b809612cb2f" xmlns="http://microsoft.com/schemas/VisualStudio/TeamTest/2010" />
      <TestMethod codeBase="C:\Users\Axinesis\Desktop\Fusion\AxData.Test\bin\Debug\AxData.Test.dll" adapterTypeName="NUnitForVSTS.NUnitTest.NUnitTestAdapter, NUnitForVSTS.NUnitTest, Version=5.1.0.0, Culture=neutral, PublicKeyToken=null" className="AxData.Test.DataPatientTest" name="Bon_Nom_Patient_Trouve" />
    </UnitTest>
    <UnitTest name="Exercice_Doit_Etre_Type_Cercle_Avec_Theme" storage="c:\users\axinesis\desktop\fusion\axexercicegenerator.test\bin\debug\axexercicegenerator.test.dll" id="e58b710a-1d4f-3221-e978-e68b6b040c54" xmlns="AxExerciceGenerator.Test">
      <Execution id="ccb3c571-8ed9-4095-bfde-dcf5c6cf5583" xmlns="http://microsoft.com/schemas/VisualStudio/TeamTest/2010" />
      <TestMethod codeBase="C:\Users\Axinesis\Desktop\Fusion\AxExerciceGenerator.Test\bin\Debug\AxExerciceGenerator.Test.dll" adapterTypeName="NUnitForVSTS.NUnitTest.NUnitTestAdapter, NUnitForVSTS.NUnitTest, Version=5.1.0.0, Culture=neutral, PublicKeyToken=null" className="AxExerciceGenerator.Test.ExerciceGeneratorTest" name="Exercice_Doit_Etre_Type_Cercle_Avec_Theme" />
    </UnitTest>
    <UnitTest name="Admin_Pas_Dans_La_Bd" storage="c:\users\axinesis\desktop\fusion\axdata.test\bin\debug\axdata.test.dll" id="c9cc9895-7dba-ba49-7119-f12ee348cb8e" xmlns="AxData.Test">
      <Execution id="f9a49aa4-a7d3-44ae-9d20-71ab1db9a8bf" xmlns="http://microsoft.com/schemas/VisualStudio/TeamTest/2010" />
      <TestMethod codeBase="C:\Users\Axinesis\Desktop\Fusion\AxData.Test\bin\Debug\AxData.Test.dll" adapterTypeName="NUnitForVSTS.NUnitTest.NUnitTestAdapter, NUnitForVSTS.NUnitTest, Version=5.1.0.0, Culture=neutral, PublicKeyToken=null" className="AxData.Test.DataTherapeuteTest" name="Admin_Pas_Dans_La_Bd" />
    </UnitTest>
    <UnitTest name="Therapeute_Confirmation_Mot_De_Passe" storage="c:\users\axinesis\desktop\fusion\axdata.test\bin\debug\axdata.test.dll" id="a2846e84-e29a-ac6f-f43c-d07bf54453dd" xmlns="AxData.Test">
      <Execution id="05f90a74-5da1-4774-8e40-e2e831a25cb6" xmlns="http://microsoft.com/schemas/VisualStudio/TeamTest/2010" />
      <TestMethod codeBase="C:\Users\Axinesis\Desktop\Fusion\AxData.Test\bin\Debug\AxData.Test.dll" adapterTypeName="NUnitForVSTS.NUnitTest.NUnitTestAdapter, NUnitForVSTS.NUnitTest, Version=5.1.0.0, Culture=neutral, PublicKeyToken=null" className="AxData.Test.DataTherapeuteTest" name="Therapeute_Confirmation_Mot_De_Passe" />
    </UnitTest>
    <UnitTest name="Erreur_Robot_IndexProcessingError_Bien_Traite" storage="c:\users\axinesis\desktop\fusion\axerror.test\bin\debug\axerror.test.dll" id="6e7616cc-f5c3-4e0a-2f74-0b9986d66ed0" xmlns="AxError.Test">
      <Execution id="0cd8e917-d0ce-4b0e-b373-00aeeaa23083" xmlns="http://microsoft.com/schemas/VisualStudio/TeamTest/2010" />
      <TestMethod codeBase="C:\Users\Axinesis\Desktop\Fusion\AxError.Test\bin\Debug\AxError.Test.dll" adapterTypeName="NUnitForVSTS.NUnitTest.NUnitTestAdapter, NUnitForVSTS.NUnitTest, Version=5.1.0.0, Culture=neutral, PublicKeyToken=null" className="AxError.Test.GestionErreurTest" name="Erreur_Robot_IndexProcessingError_Bien_Traite" />
    </UnitTest>
    <UnitTest name="Exercice_Doit_Etre_Type_Target_Sans_Theme" storage="c:\users\axinesis\desktop\fusion\axexercicegenerator.test\bin\debug\axexercicegenerator.test.dll" id="470df629-581f-d9c4-ed6e-8910f13ce6a2" xmlns="AxExerciceGenerator.Test">
      <Execution id="a135c9ed-e0ce-459e-8c8c-b72fe6dcd794" xmlns="http://microsoft.com/schemas/VisualStudio/TeamTest/2010" />
      <TestMethod codeBase="C:\Users\Axinesis\Desktop\Fusion\AxExerciceGenerator.Test\bin\Debug\AxExerciceGenerator.Test.dll" adapterTypeName="NUnitForVSTS.NUnitTest.NUnitTestAdapter, NUnitForVSTS.NUnitTest, Version=5.1.0.0, Culture=neutral, PublicKeyToken=null" className="AxExerciceGenerator.Test.ExerciceGeneratorTest" name="Exercice_Doit_Etre_Type_Target_Sans_Theme" />
    </UnitTest>
    <UnitTest name="Erreur_Robot_CanTransmitCobIdCollisionError_Bien_Traite" storage="c:\users\axinesis\desktop\fusion\axerror.test\bin\debug\axerror.test.dll" id="92017067-14ad-573f-0247-6612b560f178" xmlns="AxError.Test">
      <Execution id="380cb0de-63e3-4871-8ed1-153615b74909" xmlns="http://microsoft.com/schemas/VisualStudio/TeamTest/2010" />
      <TestMethod codeBase="C:\Users\Axinesis\Desktop\Fusion\AxError.Test\bin\Debug\AxError.Test.dll" adapterTypeName="NUnitForVSTS.NUnitTest.NUnitTestAdapter, NUnitForVSTS.NUnitTest, Version=5.1.0.0, Culture=neutral, PublicKeyToken=null" className="AxError.Test.GestionErreurTest" name="Erreur_Robot_CanTransmitCobIdCollisionError_Bien_Traite" />
    </UnitTest>
    <UnitTest name="Distance_Entre_Deux_Points_Positive" storage="c:\users\axinesis\desktop\fusion\axanalyse.test\bin\debug\axanalyse.test.dll" id="c3232def-6f8e-d276-40a2-3789adf7a7e8" xmlns="AxAnalyse.Test">
      <Execution id="337a70c1-44b8-4d28-b0aa-7a06a9e1d67e" xmlns="http://microsoft.com/schemas/VisualStudio/TeamTest/2010" />
      <TestMethod codeBase="C:\Users\Axinesis\Desktop\Fusion\AxAnalyse.Test\bin\Debug\AxAnalyse.Test.dll" adapterTypeName="NUnitForVSTS.NUnitTest.NUnitTestAdapter, NUnitForVSTS.NUnitTest, Version=5.1.0.0, Culture=neutral, PublicKeyToken=null" className="AxAnalyse.Test.AnalyseTest" name="Distance_Entre_Deux_Points_Positive" />
    </UnitTest>
    <UnitTest name="Erreur_Robot_AuxiliarySensorDirectionError_Bien_Traite" storage="c:\users\axinesis\desktop\fusion\axerror.test\bin\debug\axerror.test.dll" id="dd92dc7b-d098-851b-826a-9944e389e494" xmlns="AxError.Test">
      <Execution id="114e7232-aae6-454e-b753-d6800df9db38" xmlns="http://microsoft.com/schemas/VisualStudio/TeamTest/2010" />
      <TestMethod codeBase="C:\Users\Axinesis\Desktop\Fusion\AxError.Test\bin\Debug\AxError.Test.dll" adapterTypeName="NUnitForVSTS.NUnitTest.NUnitTestAdapter, NUnitForVSTS.NUnitTest, Version=5.1.0.0, Culture=neutral, PublicKeyToken=null" className="AxError.Test.GestionErreurTest" name="Erreur_Robot_AuxiliarySensorDirectionError_Bien_Traite" />
    </UnitTest>
    <UnitTest name="Exercice_Doit_Etre_Type_FreeAmpl_Sans_Theme" storage="c:\users\axinesis\desktop\fusion\axexercicegenerator.test\bin\debug\axexercicegenerator.test.dll" id="7f94dfe3-332f-6ad8-2375-32e045760356" xmlns="AxExerciceGenerator.Test">
      <Execution id="a1a5bca9-cc31-48f7-a7a8-811751b6f56f" xmlns="http://microsoft.com/schemas/VisualStudio/TeamTest/2010" />
      <TestMethod codeBase="C:\Users\Axinesis\Desktop\Fusion\AxExerciceGenerator.Test\bin\Debug\AxExerciceGenerator.Test.dll" adapterTypeName="NUnitForVSTS.NUnitTest.NUnitTestAdapter, NUnitForVSTS.NUnitTest, Version=5.1.0.0, Culture=neutral, PublicKeyToken=null" className="AxExerciceGenerator.Test.ExerciceGeneratorTest" name="Exercice_Doit_Etre_Type_FreeAmpl_Sans_Theme" />
    </UnitTest>
    <UnitTest name="Patient_Prenom_Obligatoire" storage="c:\users\axinesis\desktop\fusion\axdata.test\bin\debug\axdata.test.dll" id="bda8b925-f57b-a41e-b5e4-cfda8f09d069" xmlns="AxData.Test">
      <Execution id="04908aa2-7b06-4f2e-b77f-91a3df64892c" xmlns="http://microsoft.com/schemas/VisualStudio/TeamTest/2010" />
      <TestMethod codeBase="C:\Users\Axinesis\Desktop\Fusion\AxData.Test\bin\Debug\AxData.Test.dll" adapterTypeName="NUnitForVSTS.NUnitTest.NUnitTestAdapter, NUnitForVSTS.NUnitTest, Version=5.1.0.0, Culture=neutral, PublicKeyToken=null" className="AxData.Test.DataPatientTest" name="Patient_Prenom_Obligatoire" />
    </UnitTest>
    <UnitTest name="Exercice_Doit_Etre_Type_Cercle_Sans_Theme" storage="c:\users\axinesis\desktop\fusion\axexercicegenerator.test\bin\debug\axexercicegenerator.test.dll" id="e4cae4cc-8a84-0f9d-ab32-770e0b7739a5" xmlns="AxExerciceGenerator.Test">
      <Execution id="253942c5-346a-483d-bfca-d672e6e640b8" xmlns="http://microsoft.com/schemas/VisualStudio/TeamTest/2010" />
      <TestMethod codeBase="C:\Users\Axinesis\Desktop\Fusion\AxExerciceGenerator.Test\bin\Debug\AxExerciceGenerator.Test.dll" adapterTypeName="NUnitForVSTS.NUnitTest.NUnitTestAdapter, NUnitForVSTS.NUnitTest, Version=5.1.0.0, Culture=neutral, PublicKeyToken=null" className="AxExerciceGenerator.Test.ExerciceGeneratorTest" name="Exercice_Doit_Etre_Type_Cercle_Sans_Theme" />
    </UnitTest>
    <UnitTest name="Therapeute_Ne_Doit_Pas_Etre_Admin" storage="c:\users\axinesis\desktop\fusion\axdata.test\bin\debug\axdata.test.dll" id="d0376b53-97ff-8f3e-a747-fb79ebf2a3da" xmlns="AxData.Test">
      <Execution id="8bdff92d-2b4a-470d-a9df-2116ec207b0b" xmlns="http://microsoft.com/schemas/VisualStudio/TeamTest/2010" />
      <TestMethod codeBase="C:\Users\Axinesis\Desktop\Fusion\AxData.Test\bin\Debug\AxData.Test.dll" adapterTypeName="NUnitForVSTS.NUnitTest.NUnitTestAdapter, NUnitForVSTS.NUnitTest, Version=5.1.0.0, Culture=neutral, PublicKeyToken=null" className="AxData.Test.DataTherapeuteTest" name="Therapeute_Ne_Doit_Pas_Etre_Admin" />
    </UnitTest>
    <UnitTest name="Erreur_Robot_HallSensorError_Bien_Traite" storage="c:\users\axinesis\desktop\fusion\axerror.test\bin\debug\axerror.test.dll" id="581c372c-5787-efa7-eb05-b82da31e13c9" xmlns="AxError.Test">
      <Execution id="6dec6ed8-2114-4416-80ac-f3472c426432" xmlns="http://microsoft.com/schemas/VisualStudio/TeamTest/2010" />
      <TestMethod codeBase="C:\Users\Axinesis\Desktop\Fusion\AxError.Test\bin\Debug\AxError.Test.dll" adapterTypeName="NUnitForVSTS.NUnitTest.NUnitTestAdapter, NUnitForVSTS.NUnitTest, Version=5.1.0.0, Culture=neutral, PublicKeyToken=null" className="AxError.Test.GestionErreurTest" name="Erreur_Robot_HallSensorError_Bien_Traite" />
    </UnitTest>
    <UnitTest name="Therapeute_Nom_Utilisateur_Longeur_Valide" storage="c:\users\axinesis\desktop\fusion\axdata.test\bin\debug\axdata.test.dll" id="bbea477e-5527-ed14-9100-20bf91c8292e" xmlns="AxData.Test">
      <Execution id="3475566d-62c4-4bc7-9ce1-17f83bb50a69" xmlns="http://microsoft.com/schemas/VisualStudio/TeamTest/2010" />
      <TestMethod codeBase="C:\Users\Axinesis\Desktop\Fusion\AxData.Test\bin\Debug\AxData.Test.dll" adapterTypeName="NUnitForVSTS.NUnitTest.NUnitTestAdapter, NUnitForVSTS.NUnitTest, Version=5.1.0.0, Culture=neutral, PublicKeyToken=null" className="AxData.Test.DataTherapeuteTest" name="Therapeute_Nom_Utilisateur_Longeur_Valide" />
    </UnitTest>
    <UnitTest name="Erreur_Robot_HallAngleDetectionError_Bien_Traite" storage="c:\users\axinesis\desktop\fusion\axerror.test\bin\debug\axerror.test.dll" id="a844de03-199c-2904-f987-af36e60b2367" xmlns="AxError.Test">
      <Execution id="5ca0a2be-8047-4504-b816-a53d113d28d5" xmlns="http://microsoft.com/schemas/VisualStudio/TeamTest/2010" />
      <TestMethod codeBase="C:\Users\Axinesis\Desktop\Fusion\AxError.Test\bin\Debug\AxError.Test.dll" adapterTypeName="NUnitForVSTS.NUnitTest.NUnitTestAdapter, NUnitForVSTS.NUnitTest, Version=5.1.0.0, Culture=neutral, PublicKeyToken=null" className="AxError.Test.GestionErreurTest" name="Erreur_Robot_HallAngleDetectionError_Bien_Traite" />
    </UnitTest>
    <UnitTest name="Exercice_Doit_Etre_Type_Target_Avec_Theme" storage="c:\users\axinesis\desktop\fusion\axexercicegenerator.test\bin\debug\axexercicegenerator.test.dll" id="41d929c7-83e1-d0ec-365b-6bff1ab9c1ef" xmlns="AxExerciceGenerator.Test">
      <Execution id="22fabfdf-41d4-4ca3-85fc-10ca18aa1c10" xmlns="http://microsoft.com/schemas/VisualStudio/TeamTest/2010" />
      <TestMethod codeBase="C:\Users\Axinesis\Desktop\Fusion\AxExerciceGenerator.Test\bin\Debug\AxExerciceGenerator.Test.dll" adapterTypeName="NUnitForVSTS.NUnitTest.NUnitTestAdapter, NUnitForVSTS.NUnitTest, Version=5.1.0.0, Culture=neutral, PublicKeyToken=null" className="AxExerciceGenerator.Test.ExerciceGeneratorTest" name="Exercice_Doit_Etre_Type_Target_Avec_Theme" />
    </UnitTest>
    <UnitTest name="Erreur_Robot_UndervoltageError_Bien_Traite" storage="c:\users\axinesis\desktop\fusion\axerror.test\bin\debug\axerror.test.dll" id="4c328412-8a84-cec3-b518-5abcecc770c8" xmlns="AxError.Test">
      <Execution id="1a6b1c59-027c-416c-a426-14d8f2cc6c7b" xmlns="http://microsoft.com/schemas/VisualStudio/TeamTest/2010" />
      <TestMethod codeBase="C:\Users\Axinesis\Desktop\Fusion\AxError.Test\bin\Debug\AxError.Test.dll" adapterTypeName="NUnitForVSTS.NUnitTest.NUnitTestAdapter, NUnitForVSTS.NUnitTest, Version=5.1.0.0, Culture=neutral, PublicKeyToken=null" className="AxError.Test.GestionErreurTest" name="Erreur_Robot_UndervoltageError_Bien_Traite" />
    </UnitTest>
    <UnitTest name="Erreur_Robot_SoftwarePositionLimitError_Bien_Traite" storage="c:\users\axinesis\desktop\fusion\axerror.test\bin\debug\axerror.test.dll" id="f3282b9f-62b9-2180-8977-69bed228d06a" xmlns="AxError.Test">
      <Execution id="098c2968-9547-43d3-9236-b8fd6413fc50" xmlns="http://microsoft.com/schemas/VisualStudio/TeamTest/2010" />
      <TestMethod codeBase="C:\Users\Axinesis\Desktop\Fusion\AxError.Test\bin\Debug\AxError.Test.dll" adapterTypeName="NUnitForVSTS.NUnitTest.NUnitTestAdapter, NUnitForVSTS.NUnitTest, Version=5.1.0.0, Culture=neutral, PublicKeyToken=null" className="AxError.Test.GestionErreurTest" name="Erreur_Robot_SoftwarePositionLimitError_Bien_Traite" />
    </UnitTest>
    <UnitTest name="Nom_Avec_Chiffre_Non_Valdie" storage="c:\users\axinesis\desktop\fusion\axerror.test\bin\debug\axerror.test.dll" id="0ce6d8c4-d5f8-ce8a-decc-90cca63ec023" xmlns="AxError.Test">
      <Execution id="b081d29a-c198-4730-b7a1-4c9f228f5f08" xmlns="http://microsoft.com/schemas/VisualStudio/TeamTest/2010" />
      <TestMethod codeBase="C:\Users\Axinesis\Desktop\Fusion\AxError.Test\bin\Debug\AxError.Test.dll" adapterTypeName="NUnitForVSTS.NUnitTest.NUnitTestAdapter, NUnitForVSTS.NUnitTest, Version=5.1.0.0, Culture=neutral, PublicKeyToken=null" className="AxError.Test.ErrorInterfaceTest" name="Nom_Avec_Chiffre_Non_Valdie" />
    </UnitTest>
    <UnitTest name="Therapeute_Prenom_Obligatoire" storage="c:\users\axinesis\desktop\fusion\axdata.test\bin\debug\axdata.test.dll" id="111b2230-432c-1643-3f22-8c807c7b6b0b" xmlns="AxData.Test">
      <Execution id="d5f68bb0-ff14-4f91-80ed-50a992fd04b0" xmlns="http://microsoft.com/schemas/VisualStudio/TeamTest/2010" />
      <TestMethod codeBase="C:\Users\Axinesis\Desktop\Fusion\AxData.Test\bin\Debug\AxData.Test.dll" adapterTypeName="NUnitForVSTS.NUnitTest.NUnitTestAdapter, NUnitForVSTS.NUnitTest, Version=5.1.0.0, Culture=neutral, PublicKeyToken=null" className="AxData.Test.DataTherapeuteTest" name="Therapeute_Prenom_Obligatoire" />
    </UnitTest>
    <UnitTest name="NavigateToHome_Vers_HomeViewModel" storage="c:\users\axinesis\desktop\fusion\axnavigation.test\bin\debug\axnavigation.test.dll" id="45e88d5d-f0bd-540d-1a6e-ca02f771c932" xmlns="AxNavigation.Test">
      <Execution id="757d6d45-15f9-4375-aae5-eee696a5fb50" xmlns="http://microsoft.com/schemas/VisualStudio/TeamTest/2010" />
      <TestMethod codeBase="C:\Users\Axinesis\Desktop\Fusion\AxNavigation.Test\bin\Debug\AxNavigation.Test.dll" adapterTypeName="NUnitForVSTS.NUnitTest.NUnitTestAdapter, NUnitForVSTS.NUnitTest, Version=5.1.0.0, Culture=neutral, PublicKeyToken=null" className="AxNavigation.Test.NavigationEvaluationViewModelTest" name="NavigateToHome_Vers_HomeViewModel" />
    </UnitTest>
    <UnitTest name="Erreur_Robot_SystemOverloadedError_Bien_Traite" storage="c:\users\axinesis\desktop\fusion\axerror.test\bin\debug\axerror.test.dll" id="8c12cfd0-1498-5bdd-91ca-78d79b86f9eb" xmlns="AxError.Test">
      <Execution id="defa4888-a75e-4f4d-a0b6-577711667a91" xmlns="http://microsoft.com/schemas/VisualStudio/TeamTest/2010" />
      <TestMethod codeBase="C:\Users\Axinesis\Desktop\Fusion\AxError.Test\bin\Debug\AxError.Test.dll" adapterTypeName="NUnitForVSTS.NUnitTest.NUnitTestAdapter, NUnitForVSTS.NUnitTest, Version=5.1.0.0, Culture=neutral, PublicKeyToken=null" className="AxError.Test.GestionErreurTest" name="Erreur_Robot_SystemOverloadedError_Bien_Traite" />
    </UnitTest>
    <UnitTest name="Erreur_Robot_PositionSensorError_Bien_Traite" storage="c:\users\axinesis\desktop\fusion\axerror.test\bin\debug\axerror.test.dll" id="295107df-971f-3e27-197a-332cb8c3cc50" xmlns="AxError.Test">
      <Execution id="9522d150-fa5d-4939-85f7-0fa79498cfd6" xmlns="http://microsoft.com/schemas/VisualStudio/TeamTest/2010" />
      <TestMethod codeBase="C:\Users\Axinesis\Desktop\Fusion\AxError.Test\bin\Debug\AxError.Test.dll" adapterTypeName="NUnitForVSTS.NUnitTest.NUnitTestAdapter, NUnitForVSTS.NUnitTest, Version=5.1.0.0, Culture=neutral, PublicKeyToken=null" className="AxError.Test.GestionErreurTest" name="Erreur_Robot_PositionSensorError_Bien_Traite" />
    </UnitTest>
    <UnitTest name="Taille_Trop_Petite" storage="c:\users\axinesis\desktop\fusion\axerror.test\bin\debug\axerror.test.dll" id="9fd9b1fa-6e42-0253-d530-aa3bc9535c48" xmlns="AxError.Test">
      <Execution id="2085b6f0-ae54-4d28-abb7-25d17b8542c4" xmlns="http://microsoft.com/schemas/VisualStudio/TeamTest/2010" />
      <TestMethod codeBase="C:\Users\Axinesis\Desktop\Fusion\AxError.Test\bin\Debug\AxError.Test.dll" adapterTypeName="NUnitForVSTS.NUnitTest.NUnitTestAdapter, NUnitForVSTS.NUnitTest, Version=5.1.0.0, Culture=neutral, PublicKeyToken=null" className="AxError.Test.ErrorInterfaceTest" name="Taille_Trop_Petite" />
    </UnitTest>
    <UnitTest name="Digit_Avant_Janvier_2000_Mauvais" storage="c:\users\axinesis\desktop\fusion\axerror.test\bin\debug\axerror.test.dll" id="0474de96-8b72-8261-8e45-366c15433b15" xmlns="AxError.Test">
      <Execution id="075efb8e-733a-4abb-adb6-373ff576241c" xmlns="http://microsoft.com/schemas/VisualStudio/TeamTest/2010" />
      <TestMethod codeBase="C:\Users\Axinesis\Desktop\Fusion\AxError.Test\bin\Debug\AxError.Test.dll" adapterTypeName="NUnitForVSTS.NUnitTest.NUnitTestAdapter, NUnitForVSTS.NUnitTest, Version=5.1.0.0, Culture=neutral, PublicKeyToken=null" className="AxError.Test.ErrorInterfaceTest" name="Digit_Avant_Janvier_2000_Mauvais" />
    </UnitTest>
    <UnitTest name="Erreur_Robot_CanOverrunError_Bien_Traite" storage="c:\users\axinesis\desktop\fusion\axerror.test\bin\debug\axerror.test.dll" id="de21bf2b-3c89-6540-e855-d73236ea78a8" xmlns="AxError.Test">
      <Execution id="c8b1aded-6c13-4ec4-8907-7968867fdca5" xmlns="http://microsoft.com/schemas/VisualStudio/TeamTest/2010" />
      <TestMethod codeBase="C:\Users\Axinesis\Desktop\Fusion\AxError.Test\bin\Debug\AxError.Test.dll" adapterTypeName="NUnitForVSTS.NUnitTest.NUnitTestAdapter, NUnitForVSTS.NUnitTest, Version=5.1.0.0, Culture=neutral, PublicKeyToken=null" className="AxError.Test.GestionErreurTest" name="Erreur_Robot_CanOverrunError_Bien_Traite" />
    </UnitTest>
    <UnitTest name="DecoPatient_Oui_Vers_HomeViewModel" storage="c:\users\axinesis\desktop\fusion\axnavigation.test\bin\debug\axnavigation.test.dll" id="f12e1a8a-71af-23d0-a32f-22bbf6d801ac" xmlns="AxNavigation.Test">
      <Execution id="18ca275f-11a7-42e5-8d48-b6cbf6ab8089" xmlns="http://microsoft.com/schemas/VisualStudio/TeamTest/2010" />
      <TestMethod codeBase="C:\Users\Axinesis\Desktop\Fusion\AxNavigation.Test\bin\Debug\AxNavigation.Test.dll" adapterTypeName="NUnitForVSTS.NUnitTest.NUnitTestAdapter, NUnitForVSTS.NUnitTest, Version=5.1.0.0, Culture=neutral, PublicKeyToken=null" className="AxNavigation.Test.NavigationMainViewModelTest" name="DecoPatient_Oui_Vers_HomeViewModel" />
    </UnitTest>
    <UnitTest name="Erreur_AlreadyOpenSerialPortException_Bien_Traite" storage="c:\users\axinesis\desktop\fusion\axerror.test\bin\debug\axerror.test.dll" id="ed899626-e988-333c-7742-04cd720ec9a7" xmlns="AxError.Test">
      <Execution id="4459faf6-f8dd-43d6-a382-1589159cd28a" xmlns="http://microsoft.com/schemas/VisualStudio/TeamTest/2010" />
      <TestMethod codeBase="C:\Users\Axinesis\Desktop\Fusion\AxError.Test\bin\Debug\AxError.Test.dll" adapterTypeName="NUnitForVSTS.NUnitTest.NUnitTestAdapter, NUnitForVSTS.NUnitTest, Version=5.1.0.0, Culture=neutral, PublicKeyToken=null" className="AxError.Test.GestionErreurTest" name="Erreur_AlreadyOpenSerialPortException_Bien_Traite" />
    </UnitTest>
    <UnitTest name="Erreur_SqlException_Num4060_Bien_Traite" storage="c:\users\axinesis\desktop\fusion\axerror.test\bin\debug\axerror.test.dll" id="42784824-7f1f-8f16-8a9c-72a03e7e4177" xmlns="AxError.Test">
      <Execution id="3cbdba0b-45eb-40c9-8df0-8a5b08205a81" xmlns="http://microsoft.com/schemas/VisualStudio/TeamTest/2010" />
      <TestMethod codeBase="C:\Users\Axinesis\Desktop\Fusion\AxError.Test\bin\Debug\AxError.Test.dll" adapterTypeName="NUnitForVSTS.NUnitTest.NUnitTestAdapter, NUnitForVSTS.NUnitTest, Version=5.1.0.0, Culture=neutral, PublicKeyToken=null" className="AxError.Test.GestionErreurTest" name="Erreur_SqlException_Num4060_Bien_Traite" />
    </UnitTest>
    <UnitTest name="Erreur_Robot_OvervoltageError_Bien_Traite" storage="c:\users\axinesis\desktop\fusion\axerror.test\bin\debug\axerror.test.dll" id="58267df6-27d7-de99-f3be-2ac90f317834" xmlns="AxError.Test">
      <Execution id="93052354-f561-40e3-b143-573c6537cbb2" xmlns="http://microsoft.com/schemas/VisualStudio/TeamTest/2010" />
      <TestMethod codeBase="C:\Users\Axinesis\Desktop\Fusion\AxError.Test\bin\Debug\AxError.Test.dll" adapterTypeName="NUnitForVSTS.NUnitTest.NUnitTestAdapter, NUnitForVSTS.NUnitTest, Version=5.1.0.0, Culture=neutral, PublicKeyToken=null" className="AxError.Test.GestionErreurTest" name="Erreur_Robot_OvervoltageError_Bien_Traite" />
    </UnitTest>
    <UnitTest name="Nom_Est_Valide" storage="c:\users\axinesis\desktop\fusion\axerror.test\bin\debug\axerror.test.dll" id="b8fd7e59-747c-17d3-c6d0-98a165828ac4" xmlns="AxError.Test">
      <Execution id="89110a19-cd15-4576-80ea-a53d601c5e33" xmlns="http://microsoft.com/schemas/VisualStudio/TeamTest/2010" />
      <TestMethod codeBase="C:\Users\Axinesis\Desktop\Fusion\AxError.Test\bin\Debug\AxError.Test.dll" adapterTypeName="NUnitForVSTS.NUnitTest.NUnitTestAdapter, NUnitForVSTS.NUnitTest, Version=5.1.0.0, Culture=neutral, PublicKeyToken=null" className="AxError.Test.ErrorInterfaceTest" name="Nom_Est_Valide" />
    </UnitTest>
    <UnitTest name="Therapeute_Connection_Login_Bon_Mdp_Bon" storage="c:\users\axinesis\desktop\fusion\axdata.test\bin\debug\axdata.test.dll" id="6baf9aec-dbb5-4f84-ed05-5b1fdabda1f6" xmlns="AxData.Test">
      <Execution id="b6c3fb55-ae59-4dac-b48b-743b441341ff" xmlns="http://microsoft.com/schemas/VisualStudio/TeamTest/2010" />
      <TestMethod codeBase="C:\Users\Axinesis\Desktop\Fusion\AxData.Test\bin\Debug\AxData.Test.dll" adapterTypeName="NUnitForVSTS.NUnitTest.NUnitTestAdapter, NUnitForVSTS.NUnitTest, Version=5.1.0.0, Culture=neutral, PublicKeyToken=null" className="AxData.Test.DataTherapeuteTest" name="Therapeute_Connection_Login_Bon_Mdp_Bon" />
    </UnitTest>
    <UnitTest name="Erreur_Robot_ControllerGainError_Bien_Traite" storage="c:\users\axinesis\desktop\fusion\axerror.test\bin\debug\axerror.test.dll" id="25ecd32e-c21d-11c1-5e00-2394c558cc02" xmlns="AxError.Test">
      <Execution id="c6a9b57a-6931-4849-be37-c5260de17671" xmlns="http://microsoft.com/schemas/VisualStudio/TeamTest/2010" />
      <TestMethod codeBase="C:\Users\Axinesis\Desktop\Fusion\AxError.Test\bin\Debug\AxError.Test.dll" adapterTypeName="NUnitForVSTS.NUnitTest.NUnitTestAdapter, NUnitForVSTS.NUnitTest, Version=5.1.0.0, Culture=neutral, PublicKeyToken=null" className="AxError.Test.GestionErreurTest" name="Erreur_Robot_ControllerGainError_Bien_Traite" />
    </UnitTest>
    <UnitTest name="Distance_Entre_Deux_Points_Negative" storage="c:\users\axinesis\desktop\fusion\axanalyse.test\bin\debug\axanalyse.test.dll" id="ed5d1215-e582-5800-31ce-c5bd5d4ba85a" xmlns="AxAnalyse.Test">
      <Execution id="79240f95-15e9-4a31-b107-858e9f8c1072" xmlns="http://microsoft.com/schemas/VisualStudio/TeamTest/2010" />
      <TestMethod codeBase="C:\Users\Axinesis\Desktop\Fusion\AxAnalyse.Test\bin\Debug\AxAnalyse.Test.dll" adapterTypeName="NUnitForVSTS.NUnitTest.NUnitTestAdapter, NUnitForVSTS.NUnitTest, Version=5.1.0.0, Culture=neutral, PublicKeyToken=null" className="AxAnalyse.Test.AnalyseTest" name="Distance_Entre_Deux_Points_Negative" />
    </UnitTest>
    <UnitTest name="Exercice_Doit_Avoir_Base_Config" storage="c:\users\axinesis\desktop\fusion\axexercicegenerator.test\bin\debug\axexercicegenerator.test.dll" id="f7916e99-2ca8-0ce5-1775-44086440dfca" xmlns="AxExerciceGenerator.Test">
      <Execution id="d6cb38fb-c158-4ed8-be3b-3ea6bdac9039" xmlns="http://microsoft.com/schemas/VisualStudio/TeamTest/2010" />
      <TestMethod codeBase="C:\Users\Axinesis\Desktop\Fusion\AxExerciceGenerator.Test\bin\Debug\AxExerciceGenerator.Test.dll" adapterTypeName="NUnitForVSTS.NUnitTest.NUnitTestAdapter, NUnitForVSTS.NUnitTest, Version=5.1.0.0, Culture=neutral, PublicKeyToken=null" className="AxExerciceGenerator.Test.ExerciceGeneratorTest" name="Exercice_Doit_Avoir_Base_Config" />
    </UnitTest>
    <UnitTest name="Poids_Trop_Petit" storage="c:\users\axinesis\desktop\fusion\axerror.test\bin\debug\axerror.test.dll" id="b0e62a3f-dbda-5351-cdbf-e39911c0ab52" xmlns="AxError.Test">
      <Execution id="f63146b6-06bd-4bf1-86d1-5c5332d55803" xmlns="http://microsoft.com/schemas/VisualStudio/TeamTest/2010" />
      <TestMethod codeBase="C:\Users\Axinesis\Desktop\Fusion\AxError.Test\bin\Debug\AxError.Test.dll" adapterTypeName="NUnitForVSTS.NUnitTest.NUnitTestAdapter, NUnitForVSTS.NUnitTest, Version=5.1.0.0, Culture=neutral, PublicKeyToken=null" className="AxError.Test.ErrorInterfaceTest" name="Poids_Trop_Petit" />
    </UnitTest>
    <UnitTest name="Erreur_UnauthorizedAccessException_Bien_Traite" storage="c:\users\axinesis\desktop\fusion\axerror.test\bin\debug\axerror.test.dll" id="4a086426-1df2-c9f6-a07f-48cc5355b1cf" xmlns="AxError.Test">
      <Execution id="b638194f-a029-413b-9e8f-392466f32d45" xmlns="http://microsoft.com/schemas/VisualStudio/TeamTest/2010" />
      <TestMethod codeBase="C:\Users\Axinesis\Desktop\Fusion\AxError.Test\bin\Debug\AxError.Test.dll" adapterTypeName="NUnitForVSTS.NUnitTest.NUnitTestAdapter, NUnitForVSTS.NUnitTest, Version=5.1.0.0, Culture=neutral, PublicKeyToken=null" className="AxError.Test.GestionErreurTest" name="Erreur_UnauthorizedAccessException_Bien_Traite" />
    </UnitTest>
    <UnitTest name="Erreur_SqlException_Num18456_Bien_Traite" storage="c:\users\axinesis\desktop\fusion\axerror.test\bin\debug\axerror.test.dll" id="3e305784-9366-9cbf-b6a3-920a4315b63b" xmlns="AxError.Test">
      <Execution id="16b61b35-5905-4068-b223-374e61641ab8" xmlns="http://microsoft.com/schemas/VisualStudio/TeamTest/2010" />
      <TestMethod codeBase="C:\Users\Axinesis\Desktop\Fusion\AxError.Test\bin\Debug\AxError.Test.dll" adapterTypeName="NUnitForVSTS.NUnitTest.NUnitTestAdapter, NUnitForVSTS.NUnitTest, Version=5.1.0.0, Culture=neutral, PublicKeyToken=null" className="AxError.Test.GestionErreurTest" name="Erreur_SqlException_Num18456_Bien_Traite" />
    </UnitTest>
  </TestDefinitions>
  <TestLists>
    <TestList name="Les résultats ne figurent pas dans une liste" id="8c84fa94-04c1-424b-9868-57a2d4851a1d" />
    <TestList name="Tous les résultats chargés" id="19431567-8539-422a-85d7-44ee4e166bda" />
  </TestLists>
  <TestEntries>
    <TestEntry testId="0474de96-8b72-8261-8e45-366c15433b15" executionId="075efb8e-733a-4abb-adb6-373ff576241c" testListId="8c84fa94-04c1-424b-9868-57a2d4851a1d" />
    <TestEntry testId="0929b123-960f-6dfd-d048-b9956810fb4f" executionId="c8eb44e4-dd7f-4116-ad8e-a0de6813b658" testListId="8c84fa94-04c1-424b-9868-57a2d4851a1d" />
    <TestEntry testId="0ce6d8c4-d5f8-ce8a-decc-90cca63ec023" executionId="b081d29a-c198-4730-b7a1-4c9f228f5f08" testListId="8c84fa94-04c1-424b-9868-57a2d4851a1d" />
    <TestEntry testId="0d760264-1fec-2999-c240-365c64ffbe15" executionId="230e19df-00a2-40db-ad9e-ebe6c1207f1e" testListId="8c84fa94-04c1-424b-9868-57a2d4851a1d" />
    <TestEntry testId="0e500537-d2d9-f5ab-8260-b5ce8dde6259" executionId="321bf8e2-0d0f-45b2-a0ab-2b5f9dd743c4" testListId="8c84fa94-04c1-424b-9868-57a2d4851a1d" />
    <TestEntry testId="10be6209-de22-6fa7-f60a-ee638c41144c" executionId="c464fc9f-afba-4b32-9e58-c58fcccf70e2" testListId="8c84fa94-04c1-424b-9868-57a2d4851a1d" />
    <TestEntry testId="111b2230-432c-1643-3f22-8c807c7b6b0b" executionId="d5f68bb0-ff14-4f91-80ed-50a992fd04b0" testListId="8c84fa94-04c1-424b-9868-57a2d4851a1d" />
    <TestEntry testId="16cba0ff-f17e-3157-2151-135da05c3b77" executionId="536de1b8-4749-4f88-94c3-337458290f2b" testListId="8c84fa94-04c1-424b-9868-57a2d4851a1d" />
    <TestEntry testId="1feb75d6-6075-769f-0ca5-c7a95c479767" executionId="ff68a368-5643-4774-b09b-97f6bea100f4" testListId="8c84fa94-04c1-424b-9868-57a2d4851a1d" />
    <TestEntry testId="20b118dc-27e8-ed17-0ac4-d5df103752d3" executionId="fcf4d749-72ec-47d0-aa98-016e4ca22c89" testListId="8c84fa94-04c1-424b-9868-57a2d4851a1d" />
    <TestEntry testId="21e63970-9568-a62f-3790-26715f20f0e1" executionId="82035e1b-572e-4b1d-89e2-1da017cde65e" testListId="8c84fa94-04c1-424b-9868-57a2d4851a1d" />
    <TestEntry testId="23292fbe-adfa-993b-82f2-7c477d400857" executionId="7d10c361-1013-4a1b-92ab-0b01090c31c7" testListId="8c84fa94-04c1-424b-9868-57a2d4851a1d" />
    <TestEntry testId="25abb7b9-1485-9596-f399-1468ba684cfa" executionId="5af2eea9-7920-48db-8824-26331245897a" testListId="8c84fa94-04c1-424b-9868-57a2d4851a1d" />
    <TestEntry testId="25ecd32e-c21d-11c1-5e00-2394c558cc02" executionId="c6a9b57a-6931-4849-be37-c5260de17671" testListId="8c84fa94-04c1-424b-9868-57a2d4851a1d" />
    <TestEntry testId="2773513e-6b8c-7f26-cda7-ed323f58b406" executionId="6614a296-c3b4-470e-b62e-fa47bd67b2f9" testListId="8c84fa94-04c1-424b-9868-57a2d4851a1d" />
    <TestEntry testId="295107df-971f-3e27-197a-332cb8c3cc50" executionId="9522d150-fa5d-4939-85f7-0fa79498cfd6" testListId="8c84fa94-04c1-424b-9868-57a2d4851a1d" />
    <TestEntry testId="29643fec-276c-0215-f794-e8f805cfc972" executionId="2aa6f2ac-f990-4ea9-a50e-d3ebd72b61cf" testListId="8c84fa94-04c1-424b-9868-57a2d4851a1d" />
    <TestEntry testId="2e360870-3d74-91af-79e4-be8d529dd362" executionId="7b0af5a7-bea6-412f-87dd-32806e6397b5" testListId="8c84fa94-04c1-424b-9868-57a2d4851a1d" />
    <TestEntry testId="354fc1a4-174b-33c4-c868-90f05d831a1a" executionId="62c0c81f-37ee-4e07-9d69-9f055ecb6f6e" testListId="8c84fa94-04c1-424b-9868-57a2d4851a1d" />
    <TestEntry testId="35595230-5bd0-ff18-4c33-6a82b4105ca2" executionId="10cc717c-dbac-4e18-b699-c3097c3c5064" testListId="8c84fa94-04c1-424b-9868-57a2d4851a1d" />
    <TestEntry testId="3be5bb77-d5a9-c355-1514-f9619c4abc76" executionId="da0af6a1-b504-43e9-b33f-2afeb8dbb69b" testListId="8c84fa94-04c1-424b-9868-57a2d4851a1d" />
    <TestEntry testId="3e305784-9366-9cbf-b6a3-920a4315b63b" executionId="16b61b35-5905-4068-b223-374e61641ab8" testListId="8c84fa94-04c1-424b-9868-57a2d4851a1d" />
    <TestEntry testId="41d929c7-83e1-d0ec-365b-6bff1ab9c1ef" executionId="22fabfdf-41d4-4ca3-85fc-10ca18aa1c10" testListId="8c84fa94-04c1-424b-9868-57a2d4851a1d" />
    <TestEntry testId="42784824-7f1f-8f16-8a9c-72a03e7e4177" executionId="3cbdba0b-45eb-40c9-8df0-8a5b08205a81" testListId="8c84fa94-04c1-424b-9868-57a2d4851a1d" />
    <TestEntry testId="432be06a-e2a8-0624-2aba-809b91f8a164" executionId="1c8834dd-6907-45f7-9cf9-8c007d505871" testListId="8c84fa94-04c1-424b-9868-57a2d4851a1d" />
    <TestEntry testId="44ed4079-9453-ff0c-84c2-ac19b4af933d" executionId="9677310f-e633-4584-8deb-c63029a790c3" testListId="8c84fa94-04c1-424b-9868-57a2d4851a1d" />
    <TestEntry testId="454cd542-f819-baab-5e5e-809ca9946cca" executionId="c68b68bb-8c9d-4c2d-aa05-f04982e1f961" testListId="8c84fa94-04c1-424b-9868-57a2d4851a1d" />
    <TestEntry testId="45e88d5d-f0bd-540d-1a6e-ca02f771c932" executionId="757d6d45-15f9-4375-aae5-eee696a5fb50" testListId="8c84fa94-04c1-424b-9868-57a2d4851a1d" />
    <TestEntry testId="46f2fb7c-cbb5-3f4f-7fbb-54c6e13304f7" executionId="c9dff272-afdf-40b0-b336-92ce0fb9cbbb" testListId="8c84fa94-04c1-424b-9868-57a2d4851a1d" />
    <TestEntry testId="470df629-581f-d9c4-ed6e-8910f13ce6a2" executionId="a135c9ed-e0ce-459e-8c8c-b72fe6dcd794" testListId="8c84fa94-04c1-424b-9868-57a2d4851a1d" />
    <TestEntry testId="4a086426-1df2-c9f6-a07f-48cc5355b1cf" executionId="b638194f-a029-413b-9e8f-392466f32d45" testListId="8c84fa94-04c1-424b-9868-57a2d4851a1d" />
    <TestEntry testId="4bc6e967-6d6d-55dc-5667-6491a42879ce" executionId="50212465-a52e-4276-b086-7c04c64aa1d5" testListId="8c84fa94-04c1-424b-9868-57a2d4851a1d" />
    <TestEntry testId="4be11f3f-9c9b-c3c0-0181-9cf372e78a39" executionId="0254e87d-5a64-4b9f-a146-6c0f2a4ce05c" testListId="8c84fa94-04c1-424b-9868-57a2d4851a1d" />
    <TestEntry testId="4c328412-8a84-cec3-b518-5abcecc770c8" executionId="1a6b1c59-027c-416c-a426-14d8f2cc6c7b" testListId="8c84fa94-04c1-424b-9868-57a2d4851a1d" />
    <TestEntry testId="4d48ca6b-511b-39ac-a68c-91352d15b1df" executionId="d4283326-7692-4b19-b966-8856bcc09bde" testListId="8c84fa94-04c1-424b-9868-57a2d4851a1d" />
    <TestEntry testId="4f482e75-1f13-6e68-c51e-899481bb394c" executionId="013dacc2-7128-43a1-b29b-565dc1237fe2" testListId="8c84fa94-04c1-424b-9868-57a2d4851a1d" />
    <TestEntry testId="4ff74c24-6e9b-810e-a11a-0426b9c06e93" executionId="cca03cb3-44cc-4d7d-92f5-ba456cf8f813" testListId="8c84fa94-04c1-424b-9868-57a2d4851a1d" />
    <TestEntry testId="5188289e-0f4c-4bba-4f87-aede2c765fd5" executionId="b6d69ed7-bd34-4dc7-9169-295df8277eb6" testListId="8c84fa94-04c1-424b-9868-57a2d4851a1d" />
    <TestEntry testId="581c372c-5787-efa7-eb05-b82da31e13c9" executionId="6dec6ed8-2114-4416-80ac-f3472c426432" testListId="8c84fa94-04c1-424b-9868-57a2d4851a1d" />
    <TestEntry testId="58267df6-27d7-de99-f3be-2ac90f317834" executionId="93052354-f561-40e3-b143-573c6537cbb2" testListId="8c84fa94-04c1-424b-9868-57a2d4851a1d" />
    <TestEntry testId="5e7d6af5-64cc-1804-ddd0-8cb7d33a7c25" executionId="60eaf1cc-5461-4f9d-906c-8075cbb7e08a" testListId="8c84fa94-04c1-424b-9868-57a2d4851a1d" />
    <TestEntry testId="5f4e2034-866f-4eb1-0441-6555f1681d32" executionId="41acc21a-d4a7-4e80-83c2-4a7fe0b91759" testListId="8c84fa94-04c1-424b-9868-57a2d4851a1d" />
    <TestEntry testId="5f4e818c-59f5-ec74-a477-f33dd5087204" executionId="21cffc93-f1f4-4746-9b88-7689d1de8d14" testListId="8c84fa94-04c1-424b-9868-57a2d4851a1d" />
    <TestEntry testId="685bc9e4-6b9e-eafd-c8ef-4d24f897588d" executionId="e7e9001e-d21c-4231-acf7-24fdc18787a9" testListId="8c84fa94-04c1-424b-9868-57a2d4851a1d" />
    <TestEntry testId="6baf9aec-dbb5-4f84-ed05-5b1fdabda1f6" executionId="b6c3fb55-ae59-4dac-b48b-743b441341ff" testListId="8c84fa94-04c1-424b-9868-57a2d4851a1d" />
    <TestEntry testId="6e7616cc-f5c3-4e0a-2f74-0b9986d66ed0" executionId="0cd8e917-d0ce-4b0e-b373-00aeeaa23083" testListId="8c84fa94-04c1-424b-9868-57a2d4851a1d" />
    <TestEntry testId="6e80c6e1-e5cc-e094-8690-e0b15e42b61e" executionId="460bdd87-8a85-466a-9eee-5ded354841ea" testListId="8c84fa94-04c1-424b-9868-57a2d4851a1d" />
    <TestEntry testId="70c3bcd2-30f3-dc55-d57b-3305735ab2fe" executionId="ad6d596e-9967-4974-88c4-13f7e84020fd" testListId="8c84fa94-04c1-424b-9868-57a2d4851a1d" />
    <TestEntry testId="70ebb40d-5861-d5c1-a3ef-791dade40bd9" executionId="141f0d37-760c-4504-affd-63101d607c51" testListId="8c84fa94-04c1-424b-9868-57a2d4851a1d" />
    <TestEntry testId="73ff9664-9e53-3c8b-c732-477aeaf16de3" executionId="4fdfc6ea-ac57-4acb-ade1-19278608e06a" testListId="8c84fa94-04c1-424b-9868-57a2d4851a1d" />
    <TestEntry testId="753937c8-a9eb-1241-f3c3-39b8d5bc3c92" executionId="5b335ec3-3c4b-4eca-9aa4-8d7dd566a670" testListId="8c84fa94-04c1-424b-9868-57a2d4851a1d" />
    <TestEntry testId="79e0f4ac-752d-6854-5869-d79798ecc5d8" executionId="7a1671c2-e1c3-4d5a-b29a-5338bec7b996" testListId="8c84fa94-04c1-424b-9868-57a2d4851a1d" />
    <TestEntry testId="7a5257a4-6838-27e7-097e-fee1f1076112" executionId="3b38c7b0-e942-4623-88f7-b1f546f165ce" testListId="8c84fa94-04c1-424b-9868-57a2d4851a1d" />
    <TestEntry testId="7a8c8ab2-cc1f-665a-6687-1b4694c99073" executionId="c16b5d0c-ee6b-4ccb-ba0f-9b16cedb2086" testListId="8c84fa94-04c1-424b-9868-57a2d4851a1d" />
    <TestEntry testId="7d2a5c74-8b81-7def-78d9-19fc9e6c2ea4" executionId="5f9f68a7-0f7a-43b3-b0d7-b9218e510071" testListId="8c84fa94-04c1-424b-9868-57a2d4851a1d" />
    <TestEntry testId="7f94dfe3-332f-6ad8-2375-32e045760356" executionId="a1a5bca9-cc31-48f7-a7a8-811751b6f56f" testListId="8c84fa94-04c1-424b-9868-57a2d4851a1d" />
    <TestEntry testId="801619e0-4c6a-c192-158c-5c744706c07f" executionId="8b5602cb-b2c0-49c7-a6a1-aa683d25c921" testListId="8c84fa94-04c1-424b-9868-57a2d4851a1d" />
    <TestEntry testId="84265baa-a0fc-9eb4-5420-2fc493c758dd" executionId="3b04aa2d-067d-46da-9ca5-e767aab98c06" testListId="8c84fa94-04c1-424b-9868-57a2d4851a1d" />
    <TestEntry testId="8786509f-e646-d735-fbae-09bb7ea9968d" executionId="144a3269-ca5e-4536-be74-3ad6726c640b" testListId="8c84fa94-04c1-424b-9868-57a2d4851a1d" />
    <TestEntry testId="8ba1fb0e-b6e5-ffa6-335a-2d325b6a0e71" executionId="1a597043-8469-429c-84a5-dbb3eae6097e" testListId="8c84fa94-04c1-424b-9868-57a2d4851a1d" />
    <TestEntry testId="8c12cfd0-1498-5bdd-91ca-78d79b86f9eb" executionId="defa4888-a75e-4f4d-a0b6-577711667a91" testListId="8c84fa94-04c1-424b-9868-57a2d4851a1d" />
    <TestEntry testId="8df30bf8-76cd-877b-8f7e-5c4d83da39af" executionId="df3395e4-bf84-4f09-893b-ac7b70525010" testListId="8c84fa94-04c1-424b-9868-57a2d4851a1d" />
    <TestEntry testId="92017067-14ad-573f-0247-6612b560f178" executionId="380cb0de-63e3-4871-8ed1-153615b74909" testListId="8c84fa94-04c1-424b-9868-57a2d4851a1d" />
    <TestEntry testId="92fd36a1-ca75-7f92-7bd2-2dc408eedb40" executionId="e2573336-1392-4e40-bce9-8795bb0c9e1e" testListId="8c84fa94-04c1-424b-9868-57a2d4851a1d" />
    <TestEntry testId="93a6a4eb-88a4-190c-4984-549fd5627b92" executionId="516c0b66-83d7-4be9-9d2a-2b91705e04da" testListId="8c84fa94-04c1-424b-9868-57a2d4851a1d" />
    <TestEntry testId="9675d6c5-a9f0-d1b1-dc83-f2159bbe4e61" executionId="9165a096-3f3b-4d43-9a06-11f72b154567" testListId="8c84fa94-04c1-424b-9868-57a2d4851a1d" />
    <TestEntry testId="99f400bb-0ada-6022-1c6a-8a51a33a69ad" executionId="fbab2894-fc63-4683-994c-3950e33280ca" testListId="8c84fa94-04c1-424b-9868-57a2d4851a1d" />
    <TestEntry testId="9a9c9aca-748b-bfa8-d869-cf515d3be60d" executionId="386cf65d-4ac3-4b61-a6a4-717f69d806ee" testListId="8c84fa94-04c1-424b-9868-57a2d4851a1d" />
    <TestEntry testId="9f809847-62e4-7ae9-163a-caf99776f5c1" executionId="efa5695f-490a-4580-93ea-fe06f4f283fb" testListId="8c84fa94-04c1-424b-9868-57a2d4851a1d" />
    <TestEntry testId="9fd9b1fa-6e42-0253-d530-aa3bc9535c48" executionId="2085b6f0-ae54-4d28-abb7-25d17b8542c4" testListId="8c84fa94-04c1-424b-9868-57a2d4851a1d" />
    <TestEntry testId="a1966c6a-89d2-337f-4636-dc1c68800169" executionId="e3bf84a3-4de1-42cc-9eae-e21566c31508" testListId="8c84fa94-04c1-424b-9868-57a2d4851a1d" />
    <TestEntry testId="a2846e84-e29a-ac6f-f43c-d07bf54453dd" executionId="05f90a74-5da1-4774-8e40-e2e831a25cb6" testListId="8c84fa94-04c1-424b-9868-57a2d4851a1d" />
    <TestEntry testId="a7d2c1fe-6292-38c4-b190-463be3c8cf93" executionId="18d6b528-de10-4c67-80d4-f141e1cb235d" testListId="8c84fa94-04c1-424b-9868-57a2d4851a1d" />
    <TestEntry testId="a844c7b5-b6b2-c536-6130-0a3921ce9bd8" executionId="7c193221-2f2e-4136-b19e-0d8f23328d8f" testListId="8c84fa94-04c1-424b-9868-57a2d4851a1d" />
    <TestEntry testId="a844de03-199c-2904-f987-af36e60b2367" executionId="5ca0a2be-8047-4504-b816-a53d113d28d5" testListId="8c84fa94-04c1-424b-9868-57a2d4851a1d" />
    <TestEntry testId="ae8642d5-07bc-0f18-4b31-bcbab057a0d0" executionId="9536049b-a09a-43d4-aef7-d1a99dadbbd5" testListId="8c84fa94-04c1-424b-9868-57a2d4851a1d" />
    <TestEntry testId="b0e62a3f-dbda-5351-cdbf-e39911c0ab52" executionId="f63146b6-06bd-4bf1-86d1-5c5332d55803" testListId="8c84fa94-04c1-424b-9868-57a2d4851a1d" />
    <TestEntry testId="b327e7c1-b25a-ea16-5827-7059ea867750" executionId="5814dacd-07b5-49c7-b049-715038eaefb3" testListId="8c84fa94-04c1-424b-9868-57a2d4851a1d" />
    <TestEntry testId="b7e43fdb-6e64-2c94-dcce-89d4bd434ec6" executionId="b5615777-ba31-4cd1-ae39-45f941788e7b" testListId="8c84fa94-04c1-424b-9868-57a2d4851a1d" />
    <TestEntry testId="b8fd7e59-747c-17d3-c6d0-98a165828ac4" executionId="89110a19-cd15-4576-80ea-a53d601c5e33" testListId="8c84fa94-04c1-424b-9868-57a2d4851a1d" />
    <TestEntry testId="b97e58f3-cbc0-bcdd-6669-a43c0d325371" executionId="dcbe7764-0ffc-4e90-bcd1-3f0468309c44" testListId="8c84fa94-04c1-424b-9868-57a2d4851a1d" />
    <TestEntry testId="bbea477e-5527-ed14-9100-20bf91c8292e" executionId="3475566d-62c4-4bc7-9ce1-17f83bb50a69" testListId="8c84fa94-04c1-424b-9868-57a2d4851a1d" />
    <TestEntry testId="bda8b925-f57b-a41e-b5e4-cfda8f09d069" executionId="04908aa2-7b06-4f2e-b77f-91a3df64892c" testListId="8c84fa94-04c1-424b-9868-57a2d4851a1d" />
    <TestEntry testId="bf764ba8-8696-c92f-3f57-afea2c1bfe57" executionId="acd85d95-f3e5-4d04-966d-c965f2b2669a" testListId="8c84fa94-04c1-424b-9868-57a2d4851a1d" />
    <TestEntry testId="c3232def-6f8e-d276-40a2-3789adf7a7e8" executionId="337a70c1-44b8-4d28-b0aa-7a06a9e1d67e" testListId="8c84fa94-04c1-424b-9868-57a2d4851a1d" />
    <TestEntry testId="c49b8624-edd6-882f-a895-24bc1ddc98ef" executionId="c41952e2-9396-4f0c-ad21-615103590080" testListId="8c84fa94-04c1-424b-9868-57a2d4851a1d" />
    <TestEntry testId="c5df75b3-144c-2597-17e1-ed5cf6d153e4" executionId="f5fedb9c-68de-4608-9eb5-f20cf49047f5" testListId="8c84fa94-04c1-424b-9868-57a2d4851a1d" />
    <TestEntry testId="c9cc9895-7dba-ba49-7119-f12ee348cb8e" executionId="f9a49aa4-a7d3-44ae-9d20-71ab1db9a8bf" testListId="8c84fa94-04c1-424b-9868-57a2d4851a1d" />
    <TestEntry testId="caa48818-36b7-d70b-1070-130edd123aaf" executionId="2b53c729-3e3b-4afd-b6e7-4b809612cb2f" testListId="8c84fa94-04c1-424b-9868-57a2d4851a1d" />
    <TestEntry testId="d0376b53-97ff-8f3e-a747-fb79ebf2a3da" executionId="8bdff92d-2b4a-470d-a9df-2116ec207b0b" testListId="8c84fa94-04c1-424b-9868-57a2d4851a1d" />
    <TestEntry testId="d1d5bdee-95e1-826a-6e8c-92bd1b1d1870" executionId="53a98cc5-0218-4200-bae2-befb12d05abd" testListId="8c84fa94-04c1-424b-9868-57a2d4851a1d" />
    <TestEntry testId="d1e4e0aa-1b84-a4ad-c411-f5ed64c5a640" executionId="3c9294e8-f89d-468a-a6da-73d2bd3c5ce0" testListId="8c84fa94-04c1-424b-9868-57a2d4851a1d" />
    <TestEntry testId="d70d4846-e790-2791-a7f6-aea47d197ce3" executionId="272df61d-324b-42ac-a347-f92c30594738" testListId="8c84fa94-04c1-424b-9868-57a2d4851a1d" />
    <TestEntry testId="d7da732c-fc15-83c6-835a-a08965ba8304" executionId="3f636b8b-ec2e-4c14-97cf-586c46552e03" testListId="8c84fa94-04c1-424b-9868-57a2d4851a1d" />
    <TestEntry testId="dc5d423e-851c-6658-b8be-e6a841de2fd1" executionId="59f7b0b7-2e87-4194-9eb1-0f9b865410d3" testListId="8c84fa94-04c1-424b-9868-57a2d4851a1d" />
    <TestEntry testId="dd92dc7b-d098-851b-826a-9944e389e494" executionId="114e7232-aae6-454e-b753-d6800df9db38" testListId="8c84fa94-04c1-424b-9868-57a2d4851a1d" />
    <TestEntry testId="de21bf2b-3c89-6540-e855-d73236ea78a8" executionId="c8b1aded-6c13-4ec4-8907-7968867fdca5" testListId="8c84fa94-04c1-424b-9868-57a2d4851a1d" />
    <TestEntry testId="e0898479-7725-95c5-c9c2-c8ebc6704474" executionId="150c676c-8cc2-4654-96d2-dc4b99991512" testListId="8c84fa94-04c1-424b-9868-57a2d4851a1d" />
    <TestEntry testId="e1a4c390-c5f8-439f-c92b-f2ca8aad4a6c" executionId="310a6fb9-8fe1-430c-a89e-5f63b2e7d0ff" testListId="8c84fa94-04c1-424b-9868-57a2d4851a1d" />
    <TestEntry testId="e2a9821c-c720-fc4f-49a9-2e55aa444d68" executionId="6c4d9f99-5f33-4261-924b-014717e0c3df" testListId="8c84fa94-04c1-424b-9868-57a2d4851a1d" />
    <TestEntry testId="e4cae4cc-8a84-0f9d-ab32-770e0b7739a5" executionId="253942c5-346a-483d-bfca-d672e6e640b8" testListId="8c84fa94-04c1-424b-9868-57a2d4851a1d" />
    <TestEntry testId="e58b710a-1d4f-3221-e978-e68b6b040c54" executionId="ccb3c571-8ed9-4095-bfde-dcf5c6cf5583" testListId="8c84fa94-04c1-424b-9868-57a2d4851a1d" />
    <TestEntry testId="ea2c6b0a-c912-2fce-46c5-ac0346f15352" executionId="38d247d3-5a38-4876-b041-63634c4ba59c" testListId="8c84fa94-04c1-424b-9868-57a2d4851a1d" />
    <TestEntry testId="ed5d1215-e582-5800-31ce-c5bd5d4ba85a" executionId="79240f95-15e9-4a31-b107-858e9f8c1072" testListId="8c84fa94-04c1-424b-9868-57a2d4851a1d" />
    <TestEntry testId="ed899626-e988-333c-7742-04cd720ec9a7" executionId="4459faf6-f8dd-43d6-a382-1589159cd28a" testListId="8c84fa94-04c1-424b-9868-57a2d4851a1d" />
    <TestEntry testId="ee85c135-d168-c271-408c-240e4713e404" executionId="0e2871ff-5cf0-40b5-8545-82e7f3146260" testListId="8c84fa94-04c1-424b-9868-57a2d4851a1d" />
    <TestEntry testId="ee9a69f6-cf44-b467-cc2a-1e750c89a07f" executionId="1c79bcbd-ee5d-4f56-8827-3bcb90478f2a" testListId="8c84fa94-04c1-424b-9868-57a2d4851a1d" />
    <TestEntry testId="eefbf66d-ed2c-e00b-7d18-b2f0db937ce7" executionId="74c27d79-2c6e-41fa-b64a-b5110358b0b1" testListId="8c84fa94-04c1-424b-9868-57a2d4851a1d" />
    <TestEntry testId="f00b5c2d-ca8b-087e-0e85-8f38ab6323e5" executionId="64ef50f7-35b0-40c1-90a4-a5df1e010ac9" testListId="8c84fa94-04c1-424b-9868-57a2d4851a1d" />
    <TestEntry testId="f12e1a8a-71af-23d0-a32f-22bbf6d801ac" executionId="18ca275f-11a7-42e5-8d48-b6cbf6ab8089" testListId="8c84fa94-04c1-424b-9868-57a2d4851a1d" />
    <TestEntry testId="f3282b9f-62b9-2180-8977-69bed228d06a" executionId="098c2968-9547-43d3-9236-b8fd6413fc50" testListId="8c84fa94-04c1-424b-9868-57a2d4851a1d" />
    <TestEntry testId="f6381e6b-e08a-f44f-1c2d-4a4e13a50dfd" executionId="2e3ff655-1370-4053-ac7c-b79826b16155" testListId="8c84fa94-04c1-424b-9868-57a2d4851a1d" />
    <TestEntry testId="f6827a5d-d000-6b57-1a5d-244c917c4e49" executionId="2d8cc20d-4cce-428d-8adc-95efd3f5708c" testListId="8c84fa94-04c1-424b-9868-57a2d4851a1d" />
    <TestEntry testId="f7916e99-2ca8-0ce5-1775-44086440dfca" executionId="d6cb38fb-c158-4ed8-be3b-3ea6bdac9039" testListId="8c84fa94-04c1-424b-9868-57a2d4851a1d" />
  </TestEntries>
  <Results>
    <TestResultAggregation executionId="075efb8e-733a-4abb-adb6-373ff576241c" testId="0474de96-8b72-8261-8e45-366c15433b15" testName="Digit_Avant_Janvier_2000_Mauvais" computerName="PC-AXINESIS-004" startTime="2014-07-30T10:11:13.1609785+02:00" endTime="2014-07-30T10:11:13.1609785+02:00" testType="d6af2cae-ad69-4f6b-94e9-14e2609e2389" outcome="Passed" testListId="8c84fa94-04c1-424b-9868-57a2d4851a1d" relativeResultsDirectory="075efb8e-733a-4abb-adb6-373ff576241c">
    </TestResultAggregation>
    <TestResultAggregation executionId="c8eb44e4-dd7f-4116-ad8e-a0de6813b658" testId="0929b123-960f-6dfd-d048-b9956810fb4f" testName="Erreur_Robot_SoftwareParameterError_Bien_Traite" computerName="PC-AXINESIS-004" startTime="2014-07-30T10:11:15.1141951+02:00" endTime="2014-07-30T10:11:15.1141951+02:00" testType="d6af2cae-ad69-4f6b-94e9-14e2609e2389" outcome="Passed" testListId="8c84fa94-04c1-424b-9868-57a2d4851a1d" relativeResultsDirectory="c8eb44e4-dd7f-4116-ad8e-a0de6813b658">
    </TestResultAggregation>
    <TestResultAggregation executionId="b081d29a-c198-4730-b7a1-4c9f228f5f08" testId="0ce6d8c4-d5f8-ce8a-decc-90cca63ec023" testName="Nom_Avec_Chiffre_Non_Valdie" computerName="PC-AXINESIS-004" duration="00:00:00.0160000" startTime="2014-07-30T10:11:13.1606041+02:00" endTime="2014-07-30T10:11:13.1766041+02:00" testType="d6af2cae-ad69-4f6b-94e9-14e2609e2389" outcome="Passed" testListId="8c84fa94-04c1-424b-9868-57a2d4851a1d" relativeResultsDirectory="b081d29a-c198-4730-b7a1-4c9f228f5f08">
    </TestResultAggregation>
    <TestResultAggregation executionId="230e19df-00a2-40db-ad9e-ebe6c1207f1e" testId="0d760264-1fec-2999-c240-365c64ffbe15" testName="Erreur_Robot_SupplyVoltageOutputStageTooLow_Bien_Traite" computerName="PC-AXINESIS-004" startTime="2014-07-30T10:11:15.1141951+02:00" endTime="2014-07-30T10:11:15.1141951+02:00" testType="d6af2cae-ad69-4f6b-94e9-14e2609e2389" outcome="Passed" testListId="8c84fa94-04c1-424b-9868-57a2d4851a1d" relativeResultsDirectory="230e19df-00a2-40db-ad9e-ebe6c1207f1e">
    </TestResultAggregation>
    <TestResultAggregation executionId="321bf8e2-0d0f-45b2-a0ab-2b5f9dd743c4" testId="0e500537-d2d9-f5ab-8260-b5ce8dde6259" testName="Therapeute_Mot_De_Passe_Obligatoire" computerName="PC-AXINESIS-004" duration="00:00:00.0160000" startTime="2014-07-30T10:11:16.0201163+02:00" endTime="2014-07-30T10:11:16.0361163+02:00" testType="d6af2cae-ad69-4f6b-94e9-14e2609e2389" outcome="Passed" testListId="8c84fa94-04c1-424b-9868-57a2d4851a1d" relativeResultsDirectory="321bf8e2-0d0f-45b2-a0ab-2b5f9dd743c4">
    </TestResultAggregation>
    <TestResultAggregation executionId="c464fc9f-afba-4b32-9e58-c58fcccf70e2" testId="10be6209-de22-6fa7-f60a-ee638c41144c" testName="Erreur_Robot_InterpolatedPositionModeError_Bien_Traite" computerName="PC-AXINESIS-004" startTime="2014-07-30T10:11:15.0985686+02:00" endTime="2014-07-30T10:11:15.0985686+02:00" testType="d6af2cae-ad69-4f6b-94e9-14e2609e2389" outcome="Passed" testListId="8c84fa94-04c1-424b-9868-57a2d4851a1d" relativeResultsDirectory="c464fc9f-afba-4b32-9e58-c58fcccf70e2">
    </TestResultAggregation>
    <TestResultAggregation executionId="d5f68bb0-ff14-4f91-80ed-50a992fd04b0" testId="111b2230-432c-1643-3f22-8c807c7b6b0b" testName="Therapeute_Prenom_Obligatoire" computerName="PC-AXINESIS-004" startTime="2014-07-30T10:11:16.0829903+02:00" endTime="2014-07-30T10:11:16.0829903+02:00" testType="d6af2cae-ad69-4f6b-94e9-14e2609e2389" outcome="Passed" testListId="8c84fa94-04c1-424b-9868-57a2d4851a1d" relativeResultsDirectory="d5f68bb0-ff14-4f91-80ed-50a992fd04b0">
    </TestResultAggregation>
    <TestResultAggregation executionId="536de1b8-4749-4f88-94c3-337458290f2b" testId="16cba0ff-f17e-3157-2151-135da05c3b77" testName="Erreur_Robot_CanPdoLengthError_Bien_Traite" computerName="PC-AXINESIS-004" startTime="2014-07-30T10:11:15.0204398+02:00" endTime="2014-07-30T10:11:15.0204398+02:00" testType="d6af2cae-ad69-4f6b-94e9-14e2609e2389" outcome="Passed" testListId="8c84fa94-04c1-424b-9868-57a2d4851a1d" relativeResultsDirectory="536de1b8-4749-4f88-94c3-337458290f2b">
    </TestResultAggregation>
    <TestResultAggregation executionId="ff68a368-5643-4774-b09b-97f6bea100f4" testId="1feb75d6-6075-769f-0ca5-c7a95c479767" testName="Jeu_Doit_Etre_Type_Jeu_Avec_Bon_Theme_Difficile" computerName="PC-AXINESIS-004" startTime="2014-07-30T10:11:16.6611432+02:00" endTime="2014-07-30T10:11:16.6611432+02:00" testType="d6af2cae-ad69-4f6b-94e9-14e2609e2389" outcome="Passed" testListId="8c84fa94-04c1-424b-9868-57a2d4851a1d" relativeResultsDirectory="ff68a368-5643-4774-b09b-97f6bea100f4">
    </TestResultAggregation>
    <TestResultAggregation executionId="fcf4d749-72ec-47d0-aa98-016e4ca22c89" testId="20b118dc-27e8-ed17-0ac4-d5df103752d3" testName="Patient_Poids_Obligatoire" computerName="PC-AXINESIS-004" startTime="2014-07-30T10:11:17.5674364+02:00" endTime="2014-07-30T10:11:17.5674364+02:00" testType="d6af2cae-ad69-4f6b-94e9-14e2609e2389" outcome="Passed" testListId="8c84fa94-04c1-424b-9868-57a2d4851a1d" relativeResultsDirectory="fcf4d749-72ec-47d0-aa98-016e4ca22c89">
    </TestResultAggregation>
    <TestResultAggregation executionId="82035e1b-572e-4b1d-89e2-1da017cde65e" testId="21e63970-9568-a62f-3790-26715f20f0e1" testName="Quitter_Exercice_Vers_HomeViewModel" computerName="PC-AXINESIS-004" startTime="2014-07-30T10:11:18.6924889+02:00" endTime="2014-07-30T10:11:18.6924889+02:00" testType="d6af2cae-ad69-4f6b-94e9-14e2609e2389" outcome="Failed" testListId="8c84fa94-04c1-424b-9868-57a2d4851a1d" relativeResultsDirectory="82035e1b-572e-4b1d-89e2-1da017cde65e">
      <Output>
        <ErrorInfo>
          <Message>Moq.MockException : 
Expected invocation on the mock at least once, but was never performed: n =&gt; n.NavigateTo&lt;HomeViewModel&gt;(False, new[] {  })
No setups configured.
No invocations performed.</Message>
          <StackTrace>   à Moq.Mock.ThrowVerifyException(MethodCall expected, IEnumerable`1 setups, IEnumerable`1 actualCalls, Expression expression, Times times, Int32 callCount)
   à Moq.Mock.VerifyCalls(Interceptor targetInterceptor, MethodCall expected, Expression expression, Times times)
   à Moq.Mock.Verify[T,TResult](Mock`1 mock, Expression`1 expression, Times times, String failMessage)
   à Moq.Mock`1.Verify[TResult](Expression`1 expression)
   à AxNavigation.Test.NavigationVisualisationViewModelTest.Quitter_Exercice_Vers_HomeViewModel() dans C:\Users\Axinesis\Desktop\Fusion\AxNavigation.Test\NavigationVisualisationViewModelTest.cs:ligne 35</StackTrace>
        </ErrorInfo>
        <TraceInfo>VisualisationViewModel OK

</TraceInfo>
        <TextMessages>
          <Message>Moq.MockException : 
Expected invocation on the mock at least once, but was never performed: n =&gt; n.NavigateTo&lt;HomeViewModel&gt;(False, new[] {  })
No setups configured.
No invocations performed.</Message>
        </TextMessages>
      </Output>
    </TestResultAggregation>
    <TestResultAggregation executionId="7d10c361-1013-4a1b-92ab-0b01090c31c7" testId="23292fbe-adfa-993b-82f2-7c477d400857" testName="CalcSommeAbs_retourne_positif_quand_reponse_negative" computerName="PC-AXINESIS-004" duration="00:00:00.0310000" startTime="2014-07-30T10:11:19.0677580+02:00" endTime="2014-07-30T10:11:19.0987580+02:00" testType="d6af2cae-ad69-4f6b-94e9-14e2609e2389" outcome="Passed" testListId="8c84fa94-04c1-424b-9868-57a2d4851a1d" relativeResultsDirectory="7d10c361-1013-4a1b-92ab-0b01090c31c7">
    </TestResultAggregation>
    <TestResultAggregation executionId="5af2eea9-7920-48db-8824-26331245897a" testId="25abb7b9-1485-9596-f399-1468ba684cfa" testName="Poids_Trop_Grand" computerName="PC-AXINESIS-004" startTime="2014-07-30T10:11:13.1766041+02:00" endTime="2014-07-30T10:11:13.1766041+02:00" testType="d6af2cae-ad69-4f6b-94e9-14e2609e2389" outcome="Passed" testListId="8c84fa94-04c1-424b-9868-57a2d4851a1d" relativeResultsDirectory="5af2eea9-7920-48db-8824-26331245897a">
    </TestResultAggregation>
    <TestResultAggregation executionId="c6a9b57a-6931-4849-be37-c5260de17671" testId="25ecd32e-c21d-11c1-5e00-2394c558cc02" testName="Erreur_Robot_ControllerGainError_Bien_Traite" computerName="PC-AXINESIS-004" startTime="2014-07-30T10:11:15.0204398+02:00" endTime="2014-07-30T10:11:15.0204398+02:00" testType="d6af2cae-ad69-4f6b-94e9-14e2609e2389" outcome="Passed" testListId="8c84fa94-04c1-424b-9868-57a2d4851a1d" relativeResultsDirectory="c6a9b57a-6931-4849-be37-c5260de17671">
    </TestResultAggregation>
    <TestResultAggregation executionId="6614a296-c3b4-470e-b62e-fa47bd67b2f9" testId="2773513e-6b8c-7f26-cda7-ed323f58b406" testName="Patient_Bien_Supprime" computerName="PC-AXINESIS-004" duration="00:00:00.0470000" startTime="2014-07-30T10:11:17.4735569+02:00" endTime="2014-07-30T10:11:17.5205569+02:00" testType="d6af2cae-ad69-4f6b-94e9-14e2609e2389" outcome="Passed" testListId="8c84fa94-04c1-424b-9868-57a2d4851a1d" relativeResultsDirectory="6614a296-c3b4-470e-b62e-fa47bd67b2f9">
    </TestResultAggregation>
    <TestResultAggregation executionId="9522d150-fa5d-4939-85f7-0fa79498cfd6" testId="295107df-971f-3e27-197a-332cb8c3cc50" testName="Erreur_Robot_PositionSensorError_Bien_Traite" computerName="PC-AXINESIS-004" startTime="2014-07-30T10:11:15.1141951+02:00" endTime="2014-07-30T10:11:15.1141951+02:00" testType="d6af2cae-ad69-4f6b-94e9-14e2609e2389" outcome="Passed" testListId="8c84fa94-04c1-424b-9868-57a2d4851a1d" relativeResultsDirectory="9522d150-fa5d-4939-85f7-0fa79498cfd6">
    </TestResultAggregation>
    <TestResultAggregation executionId="2aa6f2ac-f990-4ea9-a50e-d3ebd72b61cf" testId="29643fec-276c-0215-f794-e8f805cfc972" testName="Poids_Est_Valide" computerName="PC-AXINESIS-004" startTime="2014-07-30T10:11:13.1766041+02:00" endTime="2014-07-30T10:11:13.1766041+02:00" testType="d6af2cae-ad69-4f6b-94e9-14e2609e2389" outcome="Passed" testListId="8c84fa94-04c1-424b-9868-57a2d4851a1d" relativeResultsDirectory="2aa6f2ac-f990-4ea9-a50e-d3ebd72b61cf">
    </TestResultAggregation>
    <TestResultAggregation executionId="7b0af5a7-bea6-412f-87dd-32806e6397b5" testId="2e360870-3d74-91af-79e4-be8d529dd362" testName="Erreur_Robot_FollowingError_Bien_Traite" computerName="PC-AXINESIS-004" startTime="2014-07-30T10:11:15.0360672+02:00" endTime="2014-07-30T10:11:15.0360672+02:00" testType="d6af2cae-ad69-4f6b-94e9-14e2609e2389" outcome="Passed" testListId="8c84fa94-04c1-424b-9868-57a2d4851a1d" relativeResultsDirectory="7b0af5a7-bea6-412f-87dd-32806e6397b5">
    </TestResultAggregation>
    <TestResultAggregation executionId="62c0c81f-37ee-4e07-9d69-9f055ecb6f6e" testId="354fc1a4-174b-33c4-c868-90f05d831a1a" testName="Therapeute_Login_Mdp_Doivent_Etre_Rempli" computerName="PC-AXINESIS-004" duration="00:00:00.0160000" startTime="2014-07-30T10:11:16.0044892+02:00" endTime="2014-07-30T10:11:16.0204892+02:00" testType="d6af2cae-ad69-4f6b-94e9-14e2609e2389" outcome="Passed" testListId="8c84fa94-04c1-424b-9868-57a2d4851a1d" relativeResultsDirectory="62c0c81f-37ee-4e07-9d69-9f055ecb6f6e">
    </TestResultAggregation>
    <TestResultAggregation executionId="10cc717c-dbac-4e18-b699-c3097c3c5064" testId="35595230-5bd0-ff18-4c33-6a82b4105ca2" testName="Therapeute_Prenom_Valide" computerName="PC-AXINESIS-004" duration="00:00:00.0160000" startTime="2014-07-30T10:11:16.0826180+02:00" endTime="2014-07-30T10:11:16.0986180+02:00" testType="d6af2cae-ad69-4f6b-94e9-14e2609e2389" outcome="Passed" testListId="8c84fa94-04c1-424b-9868-57a2d4851a1d" relativeResultsDirectory="10cc717c-dbac-4e18-b699-c3097c3c5064">
    </TestResultAggregation>
    <TestResultAggregation executionId="da0af6a1-b504-43e9-b33f-2afeb8dbb69b" testId="3be5bb77-d5a9-c355-1514-f9619c4abc76" testName="Exercice_Doit_Etre_Type_Carre_Sans_Theme" computerName="PC-AXINESIS-004" duration="00:00:00.0160000" startTime="2014-07-30T10:11:16.5670131+02:00" endTime="2014-07-30T10:11:16.5830131+02:00" testType="d6af2cae-ad69-4f6b-94e9-14e2609e2389" outcome="Passed" testListId="8c84fa94-04c1-424b-9868-57a2d4851a1d" relativeResultsDirectory="da0af6a1-b504-43e9-b33f-2afeb8dbb69b">
    </TestResultAggregation>
    <TestResultAggregation executionId="16b61b35-5905-4068-b223-374e61641ab8" testId="3e305784-9366-9cbf-b6a3-920a4315b63b" testName="Erreur_SqlException_Num18456_Bien_Traite" computerName="PC-AXINESIS-004" startTime="2014-07-30T10:11:15.1298210+02:00" endTime="2014-07-30T10:11:15.1298210+02:00" testType="d6af2cae-ad69-4f6b-94e9-14e2609e2389" outcome="Passed" testListId="8c84fa94-04c1-424b-9868-57a2d4851a1d" relativeResultsDirectory="16b61b35-5905-4068-b223-374e61641ab8">
    </TestResultAggregation>
    <TestResultAggregation executionId="22fabfdf-41d4-4ca3-85fc-10ca18aa1c10" testId="41d929c7-83e1-d0ec-365b-6bff1ab9c1ef" testName="Exercice_Doit_Etre_Type_Target_Avec_Theme" computerName="PC-AXINESIS-004" duration="00:00:00.0160000" startTime="2014-07-30T10:11:16.6138902+02:00" endTime="2014-07-30T10:11:16.6298902+02:00" testType="d6af2cae-ad69-4f6b-94e9-14e2609e2389" outcome="Passed" testListId="8c84fa94-04c1-424b-9868-57a2d4851a1d" relativeResultsDirectory="22fabfdf-41d4-4ca3-85fc-10ca18aa1c10">
    </TestResultAggregation>
    <TestResultAggregation executionId="3cbdba0b-45eb-40c9-8df0-8a5b08205a81" testId="42784824-7f1f-8f16-8a9c-72a03e7e4177" testName="Erreur_SqlException_Num4060_Bien_Traite" computerName="PC-AXINESIS-004" duration="00:00:00.0160000" startTime="2014-07-30T10:11:15.1294456+02:00" endTime="2014-07-30T10:11:15.1454456+02:00" testType="d6af2cae-ad69-4f6b-94e9-14e2609e2389" outcome="Passed" testListId="8c84fa94-04c1-424b-9868-57a2d4851a1d" relativeResultsDirectory="3cbdba0b-45eb-40c9-8df0-8a5b08205a81">
    </TestResultAggregation>
    <TestResultAggregation executionId="1c8834dd-6907-45f7-9cf9-8c007d505871" testId="432be06a-e2a8-0624-2aba-809b91f8a164" testName="Quitter_Exercice_En_Cours_Oui_Vers_HomeViewModel" computerName="PC-AXINESIS-004" duration="00:00:00.7500000" startTime="2014-07-30T10:11:17.9424889+02:00" endTime="2014-07-30T10:11:18.6924889+02:00" testType="d6af2cae-ad69-4f6b-94e9-14e2609e2389" outcome="Passed" testListId="8c84fa94-04c1-424b-9868-57a2d4851a1d" relativeResultsDirectory="1c8834dd-6907-45f7-9cf9-8c007d505871">
      <Output>
        <TraceInfo>VisualisationViewModel OK

</TraceInfo>
      </Output>
    </TestResultAggregation>
    <TestResultAggregation executionId="9677310f-e633-4584-8deb-c63029a790c3" testId="44ed4079-9453-ff0c-84c2-ac19b4af933d" testName="Bon_Prenom_Patient_Trouve" computerName="PC-AXINESIS-004" duration="00:00:00.0160000" startTime="2014-07-30T10:11:17.4576801+02:00" endTime="2014-07-30T10:11:17.4736801+02:00" testType="d6af2cae-ad69-4f6b-94e9-14e2609e2389" outcome="Passed" testListId="8c84fa94-04c1-424b-9868-57a2d4851a1d" relativeResultsDirectory="9677310f-e633-4584-8deb-c63029a790c3">
    </TestResultAggregation>
    <TestResultAggregation executionId="c68b68bb-8c9d-4c2d-aa05-f04982e1f961" testId="454cd542-f819-baab-5e5e-809ca9946cca" testName="Therapeute_Connection_Login_Faux_Mdp_Bon" computerName="PC-AXINESIS-004" duration="00:00:00.0160000" startTime="2014-07-30T10:11:15.9888646+02:00" endTime="2014-07-30T10:11:16.0048646+02:00" testType="d6af2cae-ad69-4f6b-94e9-14e2609e2389" outcome="Passed" testListId="8c84fa94-04c1-424b-9868-57a2d4851a1d" relativeResultsDirectory="c68b68bb-8c9d-4c2d-aa05-f04982e1f961">
    </TestResultAggregation>
    <TestResultAggregation executionId="757d6d45-15f9-4375-aae5-eee696a5fb50" testId="45e88d5d-f0bd-540d-1a6e-ca02f771c932" testName="NavigateToHome_Vers_HomeViewModel" computerName="PC-AXINESIS-004" duration="00:00:05.5780000" startTime="2014-07-30T10:11:19.4897864+02:00" endTime="2014-07-30T10:11:25.0677864+02:00" testType="d6af2cae-ad69-4f6b-94e9-14e2609e2389" outcome="Passed" testListId="8c84fa94-04c1-424b-9868-57a2d4851a1d" relativeResultsDirectory="757d6d45-15f9-4375-aae5-eee696a5fb50">
    </TestResultAggregation>
    <TestResultAggregation executionId="c9dff272-afdf-40b0-b336-92ce0fb9cbbb" testId="46f2fb7c-cbb5-3f4f-7fbb-54c6e13304f7" testName="Erreur_FileNotFoundException_Bien_Traite" computerName="PC-AXINESIS-004" startTime="2014-07-30T10:11:14.9891898+02:00" endTime="2014-07-30T10:11:14.9891898+02:00" testType="d6af2cae-ad69-4f6b-94e9-14e2609e2389" outcome="Passed" testListId="8c84fa94-04c1-424b-9868-57a2d4851a1d" relativeResultsDirectory="c9dff272-afdf-40b0-b336-92ce0fb9cbbb">
    </TestResultAggregation>
    <TestResultAggregation executionId="a135c9ed-e0ce-459e-8c8c-b72fe6dcd794" testId="470df629-581f-d9c4-ed6e-8910f13ce6a2" testName="Exercice_Doit_Etre_Type_Target_Sans_Theme" computerName="PC-AXINESIS-004" startTime="2014-07-30T10:11:16.6298902+02:00" endTime="2014-07-30T10:11:16.6298902+02:00" testType="d6af2cae-ad69-4f6b-94e9-14e2609e2389" outcome="Passed" testListId="8c84fa94-04c1-424b-9868-57a2d4851a1d" relativeResultsDirectory="a135c9ed-e0ce-459e-8c8c-b72fe6dcd794">
    </TestResultAggregation>
    <TestResultAggregation executionId="b638194f-a029-413b-9e8f-392466f32d45" testId="4a086426-1df2-c9f6-a07f-48cc5355b1cf" testName="Erreur_UnauthorizedAccessException_Bien_Traite" computerName="PC-AXINESIS-004" startTime="2014-07-30T10:11:15.1454456+02:00" endTime="2014-07-30T10:11:15.1454456+02:00" testType="d6af2cae-ad69-4f6b-94e9-14e2609e2389" outcome="Passed" testListId="8c84fa94-04c1-424b-9868-57a2d4851a1d" relativeResultsDirectory="b638194f-a029-413b-9e8f-392466f32d45">
    </TestResultAggregation>
    <TestResultAggregation executionId="50212465-a52e-4276-b086-7c04c64aa1d5" testId="4bc6e967-6d6d-55dc-5667-6491a42879ce" testName="Erreur_Robot_CanRxQueueOverflowError_Bien_Traite" computerName="PC-AXINESIS-004" startTime="2014-07-30T10:11:15.0204398+02:00" endTime="2014-07-30T10:11:15.0204398+02:00" testType="d6af2cae-ad69-4f6b-94e9-14e2609e2389" outcome="Passed" testListId="8c84fa94-04c1-424b-9868-57a2d4851a1d" relativeResultsDirectory="50212465-a52e-4276-b086-7c04c64aa1d5">
    </TestResultAggregation>
    <TestResultAggregation executionId="0254e87d-5a64-4b9f-a146-6c0f2a4ce05c" testId="4be11f3f-9c9b-c3c0-0181-9cf372e78a39" testName="Digit_Avant_Janvier_2000_Correct" computerName="PC-AXINESIS-004" startTime="2014-07-30T10:11:13.1609785+02:00" endTime="2014-07-30T10:11:13.1609785+02:00" testType="d6af2cae-ad69-4f6b-94e9-14e2609e2389" outcome="Passed" testListId="8c84fa94-04c1-424b-9868-57a2d4851a1d" relativeResultsDirectory="0254e87d-5a64-4b9f-a146-6c0f2a4ce05c">
    </TestResultAggregation>
    <TestResultAggregation executionId="1a6b1c59-027c-416c-a426-14d8f2cc6c7b" testId="4c328412-8a84-cec3-b518-5abcecc770c8" testName="Erreur_Robot_UndervoltageError_Bien_Traite" computerName="PC-AXINESIS-004" startTime="2014-07-30T10:11:15.1298210+02:00" endTime="2014-07-30T10:11:15.1298210+02:00" testType="d6af2cae-ad69-4f6b-94e9-14e2609e2389" outcome="Passed" testListId="8c84fa94-04c1-424b-9868-57a2d4851a1d" relativeResultsDirectory="1a6b1c59-027c-416c-a426-14d8f2cc6c7b">
    </TestResultAggregation>
    <TestResultAggregation executionId="d4283326-7692-4b19-b966-8856bcc09bde" testId="4d48ca6b-511b-39ac-a68c-91352d15b1df" testName="Erreur_SqlException_Num18452_Bien_Traite" computerName="PC-AXINESIS-004" startTime="2014-07-30T10:11:15.1298210+02:00" endTime="2014-07-30T10:11:15.1298210+02:00" testType="d6af2cae-ad69-4f6b-94e9-14e2609e2389" outcome="Passed" testListId="8c84fa94-04c1-424b-9868-57a2d4851a1d" relativeResultsDirectory="d4283326-7692-4b19-b966-8856bcc09bde">
    </TestResultAggregation>
    <TestResultAggregation executionId="013dacc2-7128-43a1-b29b-565dc1237fe2" testId="4f482e75-1f13-6e68-c51e-899481bb394c" testName="Erreur_Robot_LogicSupplyVoltageTooLowError_Bien_Traite" computerName="PC-AXINESIS-004" startTime="2014-07-30T10:11:15.0985686+02:00" endTime="2014-07-30T10:11:15.0985686+02:00" testType="d6af2cae-ad69-4f6b-94e9-14e2609e2389" outcome="Passed" testListId="8c84fa94-04c1-424b-9868-57a2d4851a1d" relativeResultsDirectory="013dacc2-7128-43a1-b29b-565dc1237fe2">
    </TestResultAggregation>
    <TestResultAggregation executionId="cca03cb3-44cc-4d7d-92f5-ba456cf8f813" testId="4ff74c24-6e9b-810e-a11a-0426b9c06e93" testName="Erreur_Robot_OvercurrentError_Bien_Traite" computerName="PC-AXINESIS-004" startTime="2014-07-30T10:11:15.0985686+02:00" endTime="2014-07-30T10:11:15.0985686+02:00" testType="d6af2cae-ad69-4f6b-94e9-14e2609e2389" outcome="Passed" testListId="8c84fa94-04c1-424b-9868-57a2d4851a1d" relativeResultsDirectory="cca03cb3-44cc-4d7d-92f5-ba456cf8f813">
    </TestResultAggregation>
    <TestResultAggregation executionId="b6d69ed7-bd34-4dc7-9169-295df8277eb6" testId="5188289e-0f4c-4bba-4f87-aede2c765fd5" testName="Erreur_OutOfMemoryException_Bien_Traite" computerName="PC-AXINESIS-004" duration="00:00:00.0160000" startTime="2014-07-30T10:11:14.9888139+02:00" endTime="2014-07-30T10:11:15.0048139+02:00" testType="d6af2cae-ad69-4f6b-94e9-14e2609e2389" outcome="Passed" testListId="8c84fa94-04c1-424b-9868-57a2d4851a1d" relativeResultsDirectory="b6d69ed7-bd34-4dc7-9169-295df8277eb6">
    </TestResultAggregation>
    <TestResultAggregation executionId="6dec6ed8-2114-4416-80ac-f3472c426432" testId="581c372c-5787-efa7-eb05-b82da31e13c9" testName="Erreur_Robot_HallSensorError_Bien_Traite" computerName="PC-AXINESIS-004" duration="00:00:00.0160000" startTime="2014-07-30T10:11:15.0669430+02:00" endTime="2014-07-30T10:11:15.0829430+02:00" testType="d6af2cae-ad69-4f6b-94e9-14e2609e2389" outcome="Passed" testListId="8c84fa94-04c1-424b-9868-57a2d4851a1d" relativeResultsDirectory="6dec6ed8-2114-4416-80ac-f3472c426432">
    </TestResultAggregation>
    <TestResultAggregation executionId="93052354-f561-40e3-b143-573c6537cbb2" testId="58267df6-27d7-de99-f3be-2ac90f317834" testName="Erreur_Robot_OvervoltageError_Bien_Traite" computerName="PC-AXINESIS-004" startTime="2014-07-30T10:11:15.1141951+02:00" endTime="2014-07-30T10:11:15.1141951+02:00" testType="d6af2cae-ad69-4f6b-94e9-14e2609e2389" outcome="Passed" testListId="8c84fa94-04c1-424b-9868-57a2d4851a1d" relativeResultsDirectory="93052354-f561-40e3-b143-573c6537cbb2">
    </TestResultAggregation>
    <TestResultAggregation executionId="60eaf1cc-5461-4f9d-906c-8075cbb7e08a" testId="5e7d6af5-64cc-1804-ddd0-8cb7d33a7c25" testName="Erreur_Robot_CanTxQueueOverflowError_Bien_Traite" computerName="PC-AXINESIS-004" startTime="2014-07-30T10:11:15.0204398+02:00" endTime="2014-07-30T10:11:15.0204398+02:00" testType="d6af2cae-ad69-4f6b-94e9-14e2609e2389" outcome="Passed" testListId="8c84fa94-04c1-424b-9868-57a2d4851a1d" relativeResultsDirectory="60eaf1cc-5461-4f9d-906c-8075cbb7e08a">
    </TestResultAggregation>
    <TestResultAggregation executionId="41acc21a-d4a7-4e80-83c2-4a7fe0b91759" testId="5f4e2034-866f-4eb1-0441-6555f1681d32" testName="Erreur_Robot_GearScalingFactorError_Bien_Traite" computerName="PC-AXINESIS-004" startTime="2014-07-30T10:11:15.0360672+02:00" endTime="2014-07-30T10:11:15.0360672+02:00" testType="d6af2cae-ad69-4f6b-94e9-14e2609e2389" outcome="Passed" testListId="8c84fa94-04c1-424b-9868-57a2d4851a1d" relativeResultsDirectory="41acc21a-d4a7-4e80-83c2-4a7fe0b91759">
    </TestResultAggregation>
    <TestResultAggregation executionId="21cffc93-f1f4-4746-9b88-7689d1de8d14" testId="5f4e818c-59f5-ec74-a477-f33dd5087204" testName="Patient_Nom_Obligatoire" computerName="PC-AXINESIS-004" duration="00:00:00.0160000" startTime="2014-07-30T10:11:17.5514364+02:00" endTime="2014-07-30T10:11:17.5674364+02:00" testType="d6af2cae-ad69-4f6b-94e9-14e2609e2389" outcome="Passed" testListId="8c84fa94-04c1-424b-9868-57a2d4851a1d" relativeResultsDirectory="21cffc93-f1f4-4746-9b88-7689d1de8d14">
    </TestResultAggregation>
    <TestResultAggregation executionId="e7e9001e-d21c-4231-acf7-24fdc18787a9" testId="685bc9e4-6b9e-eafd-c8ef-4d24f897588d" testName="Erreur_SqlException_Num10054_Bien_Traite" computerName="PC-AXINESIS-004" startTime="2014-07-30T10:11:15.1298210+02:00" endTime="2014-07-30T10:11:15.1298210+02:00" testType="d6af2cae-ad69-4f6b-94e9-14e2609e2389" outcome="Passed" testListId="8c84fa94-04c1-424b-9868-57a2d4851a1d" relativeResultsDirectory="e7e9001e-d21c-4231-acf7-24fdc18787a9">
    </TestResultAggregation>
    <TestResultAggregation executionId="b6c3fb55-ae59-4dac-b48b-743b441341ff" testId="6baf9aec-dbb5-4f84-ed05-5b1fdabda1f6" testName="Therapeute_Connection_Login_Bon_Mdp_Bon" computerName="PC-AXINESIS-004" duration="00:00:00.0470000" startTime="2014-07-30T10:11:15.9422390+02:00" endTime="2014-07-30T10:11:15.9892390+02:00" testType="d6af2cae-ad69-4f6b-94e9-14e2609e2389" outcome="Passed" testListId="8c84fa94-04c1-424b-9868-57a2d4851a1d" relativeResultsDirectory="b6c3fb55-ae59-4dac-b48b-743b441341ff">
    </TestResultAggregation>
    <TestResultAggregation executionId="0cd8e917-d0ce-4b0e-b373-00aeeaa23083" testId="6e7616cc-f5c3-4e0a-2f74-0b9986d66ed0" testName="Erreur_Robot_IndexProcessingError_Bien_Traite" computerName="PC-AXINESIS-004" startTime="2014-07-30T10:11:15.0829430+02:00" endTime="2014-07-30T10:11:15.0829430+02:00" testType="d6af2cae-ad69-4f6b-94e9-14e2609e2389" outcome="Passed" testListId="8c84fa94-04c1-424b-9868-57a2d4851a1d" relativeResultsDirectory="0cd8e917-d0ce-4b0e-b373-00aeeaa23083">
    </TestResultAggregation>
    <TestResultAggregation executionId="460bdd87-8a85-466a-9eee-5ded354841ea" testId="6e80c6e1-e5cc-e094-8690-e0b15e42b61e" testName="Exercice_Eval_Doit_Avoir_Big_Borne" computerName="PC-AXINESIS-004" duration="00:00:00.0160000" startTime="2014-07-30T10:11:16.6295164+02:00" endTime="2014-07-30T10:11:16.6455164+02:00" testType="d6af2cae-ad69-4f6b-94e9-14e2609e2389" outcome="Passed" testListId="8c84fa94-04c1-424b-9868-57a2d4851a1d" relativeResultsDirectory="460bdd87-8a85-466a-9eee-5ded354841ea">
    </TestResultAggregation>
    <TestResultAggregation executionId="ad6d596e-9967-4974-88c4-13f7e84020fd" testId="70c3bcd2-30f3-dc55-d57b-3305735ab2fe" testName="Therapeute_Nom_Obligatoire" computerName="PC-AXINESIS-004" duration="00:00:00.0160000" startTime="2014-07-30T10:11:16.0513644+02:00" endTime="2014-07-30T10:11:16.0673644+02:00" testType="d6af2cae-ad69-4f6b-94e9-14e2609e2389" outcome="Passed" testListId="8c84fa94-04c1-424b-9868-57a2d4851a1d" relativeResultsDirectory="ad6d596e-9967-4974-88c4-13f7e84020fd">
    </TestResultAggregation>
    <TestResultAggregation executionId="141f0d37-760c-4504-affd-63101d607c51" testId="70ebb40d-5861-d5c1-a3ef-791dade40bd9" testName="Therapeute_Confirmation_Mot_De_Passe_Valide" computerName="PC-AXINESIS-004" startTime="2014-07-30T10:11:15.9423579+02:00" endTime="2014-07-30T10:11:15.9423579+02:00" testType="d6af2cae-ad69-4f6b-94e9-14e2609e2389" outcome="Passed" testListId="8c84fa94-04c1-424b-9868-57a2d4851a1d" relativeResultsDirectory="141f0d37-760c-4504-affd-63101d607c51">
    </TestResultAggregation>
    <TestResultAggregation executionId="4fdfc6ea-ac57-4acb-ade1-19278608e06a" testId="73ff9664-9e53-3c8b-c732-477aeaf16de3" testName="Patient_Sexe_Obligatoire" computerName="PC-AXINESIS-004" startTime="2014-07-30T10:11:17.5674364+02:00" endTime="2014-07-30T10:11:17.5674364+02:00" testType="d6af2cae-ad69-4f6b-94e9-14e2609e2389" outcome="Passed" testListId="8c84fa94-04c1-424b-9868-57a2d4851a1d" relativeResultsDirectory="4fdfc6ea-ac57-4acb-ade1-19278608e06a">
    </TestResultAggregation>
    <TestResultAggregation executionId="5b335ec3-3c4b-4eca-9aa4-8d7dd566a670" testId="753937c8-a9eb-1241-f3c3-39b8d5bc3c92" testName="Patient_Prenom_Avec_Chiffre_Non_Valdie" computerName="PC-AXINESIS-004" startTime="2014-07-30T10:11:13.1766041+02:00" endTime="2014-07-30T10:11:13.1766041+02:00" testType="d6af2cae-ad69-4f6b-94e9-14e2609e2389" outcome="Passed" testListId="8c84fa94-04c1-424b-9868-57a2d4851a1d" relativeResultsDirectory="5b335ec3-3c4b-4eca-9aa4-8d7dd566a670">
    </TestResultAggregation>
    <TestResultAggregation executionId="7a1671c2-e1c3-4d5a-b29a-5338bec7b996" testId="79e0f4ac-752d-6854-5869-d79798ecc5d8" testName="Digit_Apres_Decembre_1999_Correct" computerName="PC-AXINESIS-004" duration="00:00:00.0310000" startTime="2014-07-30T10:11:13.1299785+02:00" endTime="2014-07-30T10:11:13.1609785+02:00" testType="d6af2cae-ad69-4f6b-94e9-14e2609e2389" outcome="Passed" testListId="8c84fa94-04c1-424b-9868-57a2d4851a1d" relativeResultsDirectory="7a1671c2-e1c3-4d5a-b29a-5338bec7b996">
    </TestResultAggregation>
    <TestResultAggregation executionId="3b38c7b0-e942-4623-88f7-b1f546f165ce" testId="7a5257a4-6838-27e7-097e-fee1f1076112" testName="Therapeute_Nom_Valide" computerName="PC-AXINESIS-004" startTime="2014-07-30T10:11:16.0829903+02:00" endTime="2014-07-30T10:11:16.0829903+02:00" testType="d6af2cae-ad69-4f6b-94e9-14e2609e2389" outcome="Passed" testListId="8c84fa94-04c1-424b-9868-57a2d4851a1d" relativeResultsDirectory="3b38c7b0-e942-4623-88f7-b1f546f165ce">
    </TestResultAggregation>
    <TestResultAggregation executionId="c16b5d0c-ee6b-4ccb-ba0f-9b16cedb2086" testId="7a8c8ab2-cc1f-665a-6687-1b4694c99073" testName="Ecart_Type" computerName="PC-AXINESIS-004" duration="00:00:00.0310000" startTime="2014-07-30T10:11:25.4743098+02:00" endTime="2014-07-30T10:11:25.5053098+02:00" testType="d6af2cae-ad69-4f6b-94e9-14e2609e2389" outcome="Passed" testListId="8c84fa94-04c1-424b-9868-57a2d4851a1d" relativeResultsDirectory="c16b5d0c-ee6b-4ccb-ba0f-9b16cedb2086">
    </TestResultAggregation>
    <TestResultAggregation executionId="5f9f68a7-0f7a-43b3-b0d7-b9218e510071" testId="7d2a5c74-8b81-7def-78d9-19fc9e6c2ea4" testName="Patient_DateNaissance_Obligatoire" computerName="PC-AXINESIS-004" duration="00:00:00.0310000" startTime="2014-07-30T10:11:17.5208099+02:00" endTime="2014-07-30T10:11:17.5518099+02:00" testType="d6af2cae-ad69-4f6b-94e9-14e2609e2389" outcome="Passed" testListId="8c84fa94-04c1-424b-9868-57a2d4851a1d" relativeResultsDirectory="5f9f68a7-0f7a-43b3-b0d7-b9218e510071">
    </TestResultAggregation>
    <TestResultAggregation executionId="a1a5bca9-cc31-48f7-a7a8-811751b6f56f" testId="7f94dfe3-332f-6ad8-2375-32e045760356" testName="Exercice_Doit_Etre_Type_FreeAmpl_Sans_Theme" computerName="PC-AXINESIS-004" startTime="2014-07-30T10:11:16.6142646+02:00" endTime="2014-07-30T10:11:16.6142646+02:00" testType="d6af2cae-ad69-4f6b-94e9-14e2609e2389" outcome="Passed" testListId="8c84fa94-04c1-424b-9868-57a2d4851a1d" relativeResultsDirectory="a1a5bca9-cc31-48f7-a7a8-811751b6f56f">
    </TestResultAggregation>
    <TestResultAggregation executionId="8b5602cb-b2c0-49c7-a6a1-aa683d25c921" testId="801619e0-4c6a-c192-158c-5c744706c07f" testName="Digit_Apres_Decembre_1999_Mauvais" computerName="PC-AXINESIS-004" startTime="2014-07-30T10:11:13.1609785+02:00" endTime="2014-07-30T10:11:13.1609785+02:00" testType="d6af2cae-ad69-4f6b-94e9-14e2609e2389" outcome="Passed" testListId="8c84fa94-04c1-424b-9868-57a2d4851a1d" relativeResultsDirectory="8b5602cb-b2c0-49c7-a6a1-aa683d25c921">
    </TestResultAggregation>
    <TestResultAggregation executionId="3b04aa2d-067d-46da-9ca5-e767aab98c06" testId="84265baa-a0fc-9eb4-5420-2fc493c758dd" testName="Jeu_Doit_Etre_Type_Jeu_Avec_Bon_Theme_Facile" computerName="PC-AXINESIS-004" duration="00:00:00.0160000" startTime="2014-07-30T10:11:16.6607672+02:00" endTime="2014-07-30T10:11:16.6767672+02:00" testType="d6af2cae-ad69-4f6b-94e9-14e2609e2389" outcome="Passed" testListId="8c84fa94-04c1-424b-9868-57a2d4851a1d" relativeResultsDirectory="3b04aa2d-067d-46da-9ca5-e767aab98c06">
    </TestResultAggregation>
    <TestResultAggregation executionId="144a3269-ca5e-4536-be74-3ad6726c640b" testId="8786509f-e646-d735-fbae-09bb7ea9968d" testName="Deconnexion_Robot_Correcte" computerName="PC-AXINESIS-004" startTime="2014-07-30T10:11:26.0209579+02:00" endTime="2014-07-30T10:11:26.0209579+02:00" testType="d6af2cae-ad69-4f6b-94e9-14e2609e2389" outcome="Passed" testListId="8c84fa94-04c1-424b-9868-57a2d4851a1d" relativeResultsDirectory="144a3269-ca5e-4536-be74-3ad6726c640b">
    </TestResultAggregation>
    <TestResultAggregation executionId="1a597043-8469-429c-84a5-dbb3eae6097e" testId="8ba1fb0e-b6e5-ffa6-335a-2d325b6a0e71" testName="Patient_ID2_Obligatoire" computerName="PC-AXINESIS-004" startTime="2014-07-30T10:11:17.5518099+02:00" endTime="2014-07-30T10:11:17.5518099+02:00" testType="d6af2cae-ad69-4f6b-94e9-14e2609e2389" outcome="Passed" testListId="8c84fa94-04c1-424b-9868-57a2d4851a1d" relativeResultsDirectory="1a597043-8469-429c-84a5-dbb3eae6097e">
    </TestResultAggregation>
    <TestResultAggregation executionId="defa4888-a75e-4f4d-a0b6-577711667a91" testId="8c12cfd0-1498-5bdd-91ca-78d79b86f9eb" testName="Erreur_Robot_SystemOverloadedError_Bien_Traite" computerName="PC-AXINESIS-004" duration="00:00:00.0160000" startTime="2014-07-30T10:11:15.1138210+02:00" endTime="2014-07-30T10:11:15.1298210+02:00" testType="d6af2cae-ad69-4f6b-94e9-14e2609e2389" outcome="Passed" testListId="8c84fa94-04c1-424b-9868-57a2d4851a1d" relativeResultsDirectory="defa4888-a75e-4f4d-a0b6-577711667a91">
    </TestResultAggregation>
    <TestResultAggregation executionId="df3395e4-bf84-4f09-893b-ac7b70525010" testId="8df30bf8-76cd-877b-8f7e-5c4d83da39af" testName="Therapeute_Doit_Etre_Admin" computerName="PC-AXINESIS-004" startTime="2014-07-30T10:11:16.0048646+02:00" endTime="2014-07-30T10:11:16.0048646+02:00" testType="d6af2cae-ad69-4f6b-94e9-14e2609e2389" outcome="Passed" testListId="8c84fa94-04c1-424b-9868-57a2d4851a1d" relativeResultsDirectory="df3395e4-bf84-4f09-893b-ac7b70525010">
    </TestResultAggregation>
    <TestResultAggregation executionId="380cb0de-63e3-4871-8ed1-153615b74909" testId="92017067-14ad-573f-0247-6612b560f178" testName="Erreur_Robot_CanTransmitCobIdCollisionError_Bien_Traite" computerName="PC-AXINESIS-004" startTime="2014-07-30T10:11:15.0204398+02:00" endTime="2014-07-30T10:11:15.0204398+02:00" testType="d6af2cae-ad69-4f6b-94e9-14e2609e2389" outcome="Passed" testListId="8c84fa94-04c1-424b-9868-57a2d4851a1d" relativeResultsDirectory="380cb0de-63e3-4871-8ed1-153615b74909">
    </TestResultAggregation>
    <TestResultAggregation executionId="e2573336-1392-4e40-bce9-8795bb0c9e1e" testId="92fd36a1-ca75-7f92-7bd2-2dc408eedb40" testName="Erreur_Autres_Exception_Doit_Couper_Le_Programme" computerName="PC-AXINESIS-004" startTime="2014-07-30T10:11:14.9891898+02:00" endTime="2014-07-30T10:11:14.9891898+02:00" testType="d6af2cae-ad69-4f6b-94e9-14e2609e2389" outcome="Passed" testListId="8c84fa94-04c1-424b-9868-57a2d4851a1d" relativeResultsDirectory="e2573336-1392-4e40-bce9-8795bb0c9e1e">
    </TestResultAggregation>
    <TestResultAggregation executionId="516c0b66-83d7-4be9-9d2a-2b91705e04da" testId="93a6a4eb-88a4-190c-4984-549fd5627b92" testName="Erreur_SqlException_Autres_Num_Bien_Traite" computerName="PC-AXINESIS-004" startTime="2014-07-30T10:11:15.1298210+02:00" endTime="2014-07-30T10:11:15.1298210+02:00" testType="d6af2cae-ad69-4f6b-94e9-14e2609e2389" outcome="Passed" testListId="8c84fa94-04c1-424b-9868-57a2d4851a1d" relativeResultsDirectory="516c0b66-83d7-4be9-9d2a-2b91705e04da">
    </TestResultAggregation>
    <TestResultAggregation executionId="9165a096-3f3b-4d43-9a06-11f72b154567" testId="9675d6c5-a9f0-d1b1-dc83-f2159bbe4e61" testName="Erreur_SqlException_Num2_Bien_Traite" computerName="PC-AXINESIS-004" startTime="2014-07-30T10:11:15.1298210+02:00" endTime="2014-07-30T10:11:15.1298210+02:00" testType="d6af2cae-ad69-4f6b-94e9-14e2609e2389" outcome="Passed" testListId="8c84fa94-04c1-424b-9868-57a2d4851a1d" relativeResultsDirectory="9165a096-3f3b-4d43-9a06-11f72b154567">
    </TestResultAggregation>
    <TestResultAggregation executionId="fbab2894-fc63-4683-994c-3950e33280ca" testId="99f400bb-0ada-6022-1c6a-8a51a33a69ad" testName="Erreur_WrongSerialPortException_Bien_Traite" computerName="PC-AXINESIS-004" startTime="2014-07-30T10:11:15.1454456+02:00" endTime="2014-07-30T10:11:15.1454456+02:00" testType="d6af2cae-ad69-4f6b-94e9-14e2609e2389" outcome="Passed" testListId="8c84fa94-04c1-424b-9868-57a2d4851a1d" relativeResultsDirectory="fbab2894-fc63-4683-994c-3950e33280ca">
    </TestResultAggregation>
    <TestResultAggregation executionId="386cf65d-4ac3-4b61-a6a4-717f69d806ee" testId="9a9c9aca-748b-bfa8-d869-cf515d3be60d" testName="Bonne_Date_Patient_Trouve" computerName="PC-AXINESIS-004" startTime="2014-07-30T10:11:17.4736801+02:00" endTime="2014-07-30T10:11:17.4736801+02:00" testType="d6af2cae-ad69-4f6b-94e9-14e2609e2389" outcome="Passed" testListId="8c84fa94-04c1-424b-9868-57a2d4851a1d" relativeResultsDirectory="386cf65d-4ac3-4b61-a6a4-717f69d806ee">
    </TestResultAggregation>
    <TestResultAggregation executionId="efa5695f-490a-4580-93ea-fe06f4f283fb" testId="9f809847-62e4-7ae9-163a-caf99776f5c1" testName="Jeu_Doit_Etre_Type_Jeu_Avec_Bon_Theme_Expert" computerName="PC-AXINESIS-004" startTime="2014-07-30T10:11:16.6611432+02:00" endTime="2014-07-30T10:11:16.6611432+02:00" testType="d6af2cae-ad69-4f6b-94e9-14e2609e2389" outcome="Passed" testListId="8c84fa94-04c1-424b-9868-57a2d4851a1d" relativeResultsDirectory="efa5695f-490a-4580-93ea-fe06f4f283fb">
    </TestResultAggregation>
    <TestResultAggregation executionId="2085b6f0-ae54-4d28-abb7-25d17b8542c4" testId="9fd9b1fa-6e42-0253-d530-aa3bc9535c48" testName="Taille_Trop_Petite" computerName="PC-AXINESIS-004" startTime="2014-07-30T10:11:13.1766041+02:00" endTime="2014-07-30T10:11:13.1766041+02:00" testType="d6af2cae-ad69-4f6b-94e9-14e2609e2389" outcome="Passed" testListId="8c84fa94-04c1-424b-9868-57a2d4851a1d" relativeResultsDirectory="2085b6f0-ae54-4d28-abb7-25d17b8542c4">
    </TestResultAggregation>
    <TestResultAggregation executionId="e3bf84a3-4de1-42cc-9eae-e21566c31508" testId="a1966c6a-89d2-337f-4636-dc1c68800169" testName="Exercice_Doit_Etre_Type_FreeAmpl_Avec_Theme" computerName="PC-AXINESIS-004" duration="00:00:00.0160000" startTime="2014-07-30T10:11:16.5982646+02:00" endTime="2014-07-30T10:11:16.6142646+02:00" testType="d6af2cae-ad69-4f6b-94e9-14e2609e2389" outcome="Passed" testListId="8c84fa94-04c1-424b-9868-57a2d4851a1d" relativeResultsDirectory="e3bf84a3-4de1-42cc-9eae-e21566c31508">
    </TestResultAggregation>
    <TestResultAggregation executionId="05f90a74-5da1-4774-8e40-e2e831a25cb6" testId="a2846e84-e29a-ac6f-f43c-d07bf54453dd" testName="Therapeute_Confirmation_Mot_De_Passe" computerName="PC-AXINESIS-004" duration="00:00:00.0310000" startTime="2014-07-30T10:11:15.9113579+02:00" endTime="2014-07-30T10:11:15.9423579+02:00" testType="d6af2cae-ad69-4f6b-94e9-14e2609e2389" outcome="Passed" testListId="8c84fa94-04c1-424b-9868-57a2d4851a1d" relativeResultsDirectory="05f90a74-5da1-4774-8e40-e2e831a25cb6">
    </TestResultAggregation>
    <TestResultAggregation executionId="18d6b528-de10-4c67-80d4-f141e1cb235d" testId="a7d2c1fe-6292-38c4-b190-463be3c8cf93" testName="Patient_Taille_Obligatoire" computerName="PC-AXINESIS-004" duration="00:00:00.0160000" startTime="2014-07-30T10:11:17.5670620+02:00" endTime="2014-07-30T10:11:17.5830620+02:00" testType="d6af2cae-ad69-4f6b-94e9-14e2609e2389" outcome="Passed" testListId="8c84fa94-04c1-424b-9868-57a2d4851a1d" relativeResultsDirectory="18d6b528-de10-4c67-80d4-f141e1cb235d">
    </TestResultAggregation>
    <TestResultAggregation executionId="7c193221-2f2e-4136-b19e-0d8f23328d8f" testId="a844c7b5-b6b2-c536-6130-0a3921ce9bd8" testName="Taille_Est_Valide" computerName="PC-AXINESIS-004" startTime="2014-07-30T10:11:13.1766041+02:00" endTime="2014-07-30T10:11:13.1766041+02:00" testType="d6af2cae-ad69-4f6b-94e9-14e2609e2389" outcome="Passed" testListId="8c84fa94-04c1-424b-9868-57a2d4851a1d" relativeResultsDirectory="7c193221-2f2e-4136-b19e-0d8f23328d8f">
    </TestResultAggregation>
    <TestResultAggregation executionId="5ca0a2be-8047-4504-b816-a53d113d28d5" testId="a844de03-199c-2904-f987-af36e60b2367" testName="Erreur_Robot_HallAngleDetectionError_Bien_Traite" computerName="PC-AXINESIS-004" duration="00:00:00.0310000" startTime="2014-07-30T10:11:15.0363184+02:00" endTime="2014-07-30T10:11:15.0673184+02:00" testType="d6af2cae-ad69-4f6b-94e9-14e2609e2389" outcome="Passed" testListId="8c84fa94-04c1-424b-9868-57a2d4851a1d" relativeResultsDirectory="5ca0a2be-8047-4504-b816-a53d113d28d5">
    </TestResultAggregation>
    <TestResultAggregation executionId="9536049b-a09a-43d4-aef7-d1a99dadbbd5" testId="ae8642d5-07bc-0f18-4b31-bcbab057a0d0" testName="Connexion_Robot_Correcte" computerName="PC-AXINESIS-004" duration="00:00:00.1560000" startTime="2014-07-30T10:11:25.8649579+02:00" endTime="2014-07-30T10:11:26.0209579+02:00" testType="d6af2cae-ad69-4f6b-94e9-14e2609e2389" outcome="Passed" testListId="8c84fa94-04c1-424b-9868-57a2d4851a1d" relativeResultsDirectory="9536049b-a09a-43d4-aef7-d1a99dadbbd5">
    </TestResultAggregation>
    <TestResultAggregation executionId="f63146b6-06bd-4bf1-86d1-5c5332d55803" testId="b0e62a3f-dbda-5351-cdbf-e39911c0ab52" testName="Poids_Trop_Petit" computerName="PC-AXINESIS-004" startTime="2014-07-30T10:11:13.1766041+02:00" endTime="2014-07-30T10:11:13.1766041+02:00" testType="d6af2cae-ad69-4f6b-94e9-14e2609e2389" outcome="Passed" testListId="8c84fa94-04c1-424b-9868-57a2d4851a1d" relativeResultsDirectory="f63146b6-06bd-4bf1-86d1-5c5332d55803">
    </TestResultAggregation>
    <TestResultAggregation executionId="5814dacd-07b5-49c7-b049-715038eaefb3" testId="b327e7c1-b25a-ea16-5827-7059ea867750" testName="Erreur_Robot_CanOverrunErrorObjectsLost_Bien_Traite" computerName="PC-AXINESIS-004" startTime="2014-07-30T10:11:15.0048139+02:00" endTime="2014-07-30T10:11:15.0048139+02:00" testType="d6af2cae-ad69-4f6b-94e9-14e2609e2389" outcome="Passed" testListId="8c84fa94-04c1-424b-9868-57a2d4851a1d" relativeResultsDirectory="5814dacd-07b5-49c7-b049-715038eaefb3">
    </TestResultAggregation>
    <TestResultAggregation executionId="b5615777-ba31-4cd1-ae39-45f941788e7b" testId="b7e43fdb-6e64-2c94-dcce-89d4bd434ec6" testName="Therapeute_Mot_De_Passe_Longeur_Valide" computerName="PC-AXINESIS-004" startTime="2014-07-30T10:11:16.0204892+02:00" endTime="2014-07-30T10:11:16.0204892+02:00" testType="d6af2cae-ad69-4f6b-94e9-14e2609e2389" outcome="Passed" testListId="8c84fa94-04c1-424b-9868-57a2d4851a1d" relativeResultsDirectory="b5615777-ba31-4cd1-ae39-45f941788e7b">
    </TestResultAggregation>
    <TestResultAggregation executionId="89110a19-cd15-4576-80ea-a53d601c5e33" testId="b8fd7e59-747c-17d3-c6d0-98a165828ac4" testName="Nom_Est_Valide" computerName="PC-AXINESIS-004" startTime="2014-07-30T10:11:13.1766041+02:00" endTime="2014-07-30T10:11:13.1766041+02:00" testType="d6af2cae-ad69-4f6b-94e9-14e2609e2389" outcome="Passed" testListId="8c84fa94-04c1-424b-9868-57a2d4851a1d" relativeResultsDirectory="89110a19-cd15-4576-80ea-a53d601c5e33">
    </TestResultAggregation>
    <TestResultAggregation executionId="dcbe7764-0ffc-4e90-bcd1-3f0468309c44" testId="b97e58f3-cbc0-bcdd-6669-a43c0d325371" testName="Erreur_Robot_InternalSoftwareError_Bien_Traite" computerName="PC-AXINESIS-004" duration="00:00:00.0160000" startTime="2014-07-30T10:11:15.0825686+02:00" endTime="2014-07-30T10:11:15.0985686+02:00" testType="d6af2cae-ad69-4f6b-94e9-14e2609e2389" outcome="Passed" testListId="8c84fa94-04c1-424b-9868-57a2d4851a1d" relativeResultsDirectory="dcbe7764-0ffc-4e90-bcd1-3f0468309c44">
    </TestResultAggregation>
    <TestResultAggregation executionId="3475566d-62c4-4bc7-9ce1-17f83bb50a69" testId="bbea477e-5527-ed14-9100-20bf91c8292e" testName="Therapeute_Nom_Utilisateur_Longeur_Valide" computerName="PC-AXINESIS-004" startTime="2014-07-30T10:11:16.0673644+02:00" endTime="2014-07-30T10:11:16.0673644+02:00" testType="d6af2cae-ad69-4f6b-94e9-14e2609e2389" outcome="Passed" testListId="8c84fa94-04c1-424b-9868-57a2d4851a1d" relativeResultsDirectory="3475566d-62c4-4bc7-9ce1-17f83bb50a69">
    </TestResultAggregation>
    <TestResultAggregation executionId="04908aa2-7b06-4f2e-b77f-91a3df64892c" testId="bda8b925-f57b-a41e-b5e4-cfda8f09d069" testName="Patient_Prenom_Obligatoire" computerName="PC-AXINESIS-004" startTime="2014-07-30T10:11:17.5674364+02:00" endTime="2014-07-30T10:11:17.5674364+02:00" testType="d6af2cae-ad69-4f6b-94e9-14e2609e2389" outcome="Passed" testListId="8c84fa94-04c1-424b-9868-57a2d4851a1d" relativeResultsDirectory="04908aa2-7b06-4f2e-b77f-91a3df64892c">
    </TestResultAggregation>
    <TestResultAggregation executionId="acd85d95-f3e5-4d04-966d-c965f2b2669a" testId="bf764ba8-8696-c92f-3f57-afea2c1bfe57" testName="Erreur_Robot_OvertemperatureError_Bien_Traite" computerName="PC-AXINESIS-004" duration="00:00:00.0160000" startTime="2014-07-30T10:11:15.0981951+02:00" endTime="2014-07-30T10:11:15.1141951+02:00" testType="d6af2cae-ad69-4f6b-94e9-14e2609e2389" outcome="Passed" testListId="8c84fa94-04c1-424b-9868-57a2d4851a1d" relativeResultsDirectory="acd85d95-f3e5-4d04-966d-c965f2b2669a">
    </TestResultAggregation>
    <TestResultAggregation executionId="337a70c1-44b8-4d28-b0aa-7a06a9e1d67e" testId="c3232def-6f8e-d276-40a2-3789adf7a7e8" testName="Distance_Entre_Deux_Points_Positive" computerName="PC-AXINESIS-004" startTime="2014-07-30T10:11:19.0987580+02:00" endTime="2014-07-30T10:11:19.0987580+02:00" testType="d6af2cae-ad69-4f6b-94e9-14e2609e2389" outcome="Passed" testListId="8c84fa94-04c1-424b-9868-57a2d4851a1d" relativeResultsDirectory="337a70c1-44b8-4d28-b0aa-7a06a9e1d67e">
    </TestResultAggregation>
    <TestResultAggregation executionId="c41952e2-9396-4f0c-ad21-615103590080" testId="c49b8624-edd6-882f-a895-24bc1ddc98ef" testName="Patient_ID1_Obligatoire" computerName="PC-AXINESIS-004" startTime="2014-07-30T10:11:17.5518099+02:00" endTime="2014-07-30T10:11:17.5518099+02:00" testType="d6af2cae-ad69-4f6b-94e9-14e2609e2389" outcome="Passed" testListId="8c84fa94-04c1-424b-9868-57a2d4851a1d" relativeResultsDirectory="c41952e2-9396-4f0c-ad21-615103590080">
    </TestResultAggregation>
    <TestResultAggregation executionId="f5fedb9c-68de-4608-9eb5-f20cf49047f5" testId="c5df75b3-144c-2597-17e1-ed5cf6d153e4" testName="Distance_Entre_Plusieur_Points" computerName="PC-AXINESIS-004" startTime="2014-07-30T10:11:19.0987580+02:00" endTime="2014-07-30T10:11:19.0987580+02:00" testType="d6af2cae-ad69-4f6b-94e9-14e2609e2389" outcome="Passed" testListId="8c84fa94-04c1-424b-9868-57a2d4851a1d" relativeResultsDirectory="f5fedb9c-68de-4608-9eb5-f20cf49047f5">
    </TestResultAggregation>
    <TestResultAggregation executionId="f9a49aa4-a7d3-44ae-9d20-71ab1db9a8bf" testId="c9cc9895-7dba-ba49-7119-f12ee348cb8e" testName="Admin_Pas_Dans_La_Bd" computerName="PC-AXINESIS-004" duration="00:00:00.0160000" startTime="2014-07-30T10:11:15.8951092+02:00" endTime="2014-07-30T10:11:15.9111092+02:00" testType="d6af2cae-ad69-4f6b-94e9-14e2609e2389" outcome="Passed" testListId="8c84fa94-04c1-424b-9868-57a2d4851a1d" relativeResultsDirectory="f9a49aa4-a7d3-44ae-9d20-71ab1db9a8bf">
    </TestResultAggregation>
    <TestResultAggregation executionId="2b53c729-3e3b-4afd-b6e7-4b809612cb2f" testId="caa48818-36b7-d70b-1070-130edd123aaf" testName="Bon_Nom_Patient_Trouve" computerName="PC-AXINESIS-004" duration="00:00:00.4220000" startTime="2014-07-30T10:11:17.0360545+02:00" endTime="2014-07-30T10:11:17.4580545+02:00" testType="d6af2cae-ad69-4f6b-94e9-14e2609e2389" outcome="Passed" testListId="8c84fa94-04c1-424b-9868-57a2d4851a1d" relativeResultsDirectory="2b53c729-3e3b-4afd-b6e7-4b809612cb2f">
    </TestResultAggregation>
    <TestResultAggregation executionId="8bdff92d-2b4a-470d-a9df-2116ec207b0b" testId="d0376b53-97ff-8f3e-a747-fb79ebf2a3da" testName="Therapeute_Ne_Doit_Pas_Etre_Admin" computerName="PC-AXINESIS-004" duration="00:00:00.0160000" startTime="2014-07-30T10:11:16.0357397+02:00" endTime="2014-07-30T10:11:16.0517397+02:00" testType="d6af2cae-ad69-4f6b-94e9-14e2609e2389" outcome="Passed" testListId="8c84fa94-04c1-424b-9868-57a2d4851a1d" relativeResultsDirectory="8bdff92d-2b4a-470d-a9df-2116ec207b0b">
    </TestResultAggregation>
    <TestResultAggregation executionId="53a98cc5-0218-4200-bae2-befb12d05abd" testId="d1d5bdee-95e1-826a-6e8c-92bd1b1d1870" testName="Taille_Trop_Grande" computerName="PC-AXINESIS-004" startTime="2014-07-30T10:11:13.1766041+02:00" endTime="2014-07-30T10:11:13.1766041+02:00" testType="d6af2cae-ad69-4f6b-94e9-14e2609e2389" outcome="Passed" testListId="8c84fa94-04c1-424b-9868-57a2d4851a1d" relativeResultsDirectory="53a98cc5-0218-4200-bae2-befb12d05abd">
    </TestResultAggregation>
    <TestResultAggregation executionId="3c9294e8-f89d-468a-a6da-73d2bd3c5ce0" testId="d1e4e0aa-1b84-a4ad-c411-f5ed64c5a640" testName="Vitesse_Moyenne" computerName="PC-AXINESIS-004" startTime="2014-07-30T10:11:19.0987580+02:00" endTime="2014-07-30T10:11:19.0987580+02:00" testType="d6af2cae-ad69-4f6b-94e9-14e2609e2389" outcome="Passed" testListId="8c84fa94-04c1-424b-9868-57a2d4851a1d" relativeResultsDirectory="3c9294e8-f89d-468a-a6da-73d2bd3c5ce0">
    </TestResultAggregation>
    <TestResultAggregation executionId="272df61d-324b-42ac-a347-f92c30594738" testId="d70d4846-e790-2791-a7f6-aea47d197ce3" testName="Erreur_Robot_CanPassiveModeError_Bien_Traite" computerName="PC-AXINESIS-004" duration="00:00:00.0160000" startTime="2014-07-30T10:11:15.0044398+02:00" endTime="2014-07-30T10:11:15.0204398+02:00" testType="d6af2cae-ad69-4f6b-94e9-14e2609e2389" outcome="Passed" testListId="8c84fa94-04c1-424b-9868-57a2d4851a1d" relativeResultsDirectory="272df61d-324b-42ac-a347-f92c30594738">
    </TestResultAggregation>
    <TestResultAggregation executionId="3f636b8b-ec2e-4c14-97cf-586c46552e03" testId="d7da732c-fc15-83c6-835a-a08965ba8304" testName="Therapeute_Nom_Utilisateur_Obligatoire" computerName="PC-AXINESIS-004" duration="00:00:00.0160000" startTime="2014-07-30T10:11:16.0669903+02:00" endTime="2014-07-30T10:11:16.0829903+02:00" testType="d6af2cae-ad69-4f6b-94e9-14e2609e2389" outcome="Passed" testListId="8c84fa94-04c1-424b-9868-57a2d4851a1d" relativeResultsDirectory="3f636b8b-ec2e-4c14-97cf-586c46552e03">
    </TestResultAggregation>
    <TestResultAggregation executionId="59f7b0b7-2e87-4194-9eb1-0f9b865410d3" testId="dc5d423e-851c-6658-b8be-e6a841de2fd1" testName="CalcSommeAbs_retourne_positif_quand_reponse_positive" computerName="PC-AXINESIS-004" startTime="2014-07-30T10:11:19.0987580+02:00" endTime="2014-07-30T10:11:19.0987580+02:00" testType="d6af2cae-ad69-4f6b-94e9-14e2609e2389" outcome="Passed" testListId="8c84fa94-04c1-424b-9868-57a2d4851a1d" relativeResultsDirectory="59f7b0b7-2e87-4194-9eb1-0f9b865410d3">
    </TestResultAggregation>
    <TestResultAggregation executionId="114e7232-aae6-454e-b753-d6800df9db38" testId="dd92dc7b-d098-851b-826a-9944e389e494" testName="Erreur_Robot_AuxiliarySensorDirectionError_Bien_Traite" computerName="PC-AXINESIS-004" startTime="2014-07-30T10:11:15.0048139+02:00" endTime="2014-07-30T10:11:15.0048139+02:00" testType="d6af2cae-ad69-4f6b-94e9-14e2609e2389" outcome="Passed" testListId="8c84fa94-04c1-424b-9868-57a2d4851a1d" relativeResultsDirectory="114e7232-aae6-454e-b753-d6800df9db38">
    </TestResultAggregation>
    <TestResultAggregation executionId="c8b1aded-6c13-4ec4-8907-7968867fdca5" testId="de21bf2b-3c89-6540-e855-d73236ea78a8" testName="Erreur_Robot_CanOverrunError_Bien_Traite" computerName="PC-AXINESIS-004" startTime="2014-07-30T10:11:15.0048139+02:00" endTime="2014-07-30T10:11:15.0048139+02:00" testType="d6af2cae-ad69-4f6b-94e9-14e2609e2389" outcome="Passed" testListId="8c84fa94-04c1-424b-9868-57a2d4851a1d" relativeResultsDirectory="c8b1aded-6c13-4ec4-8907-7968867fdca5">
    </TestResultAggregation>
    <TestResultAggregation executionId="150c676c-8cc2-4654-96d2-dc4b99991512" testId="e0898479-7725-95c5-c9c2-c8ebc6704474" testName="Erreur_Robot_AutoTuningIdentificationError_Bien_Traite" computerName="PC-AXINESIS-004" startTime="2014-07-30T10:11:15.0048139+02:00" endTime="2014-07-30T10:11:15.0048139+02:00" testType="d6af2cae-ad69-4f6b-94e9-14e2609e2389" outcome="Passed" testListId="8c84fa94-04c1-424b-9868-57a2d4851a1d" relativeResultsDirectory="150c676c-8cc2-4654-96d2-dc4b99991512">
    </TestResultAggregation>
    <TestResultAggregation executionId="310a6fb9-8fe1-430c-a89e-5f63b2e7d0ff" testId="e1a4c390-c5f8-439f-c92b-f2ca8aad4a6c" testName="Erreur_Robot_MainSensorDirectionError_Bien_Traite" computerName="PC-AXINESIS-004" startTime="2014-07-30T10:11:15.0985686+02:00" endTime="2014-07-30T10:11:15.0985686+02:00" testType="d6af2cae-ad69-4f6b-94e9-14e2609e2389" outcome="Passed" testListId="8c84fa94-04c1-424b-9868-57a2d4851a1d" relativeResultsDirectory="310a6fb9-8fe1-430c-a89e-5f63b2e7d0ff">
    </TestResultAggregation>
    <TestResultAggregation executionId="6c4d9f99-5f33-4261-924b-014717e0c3df" testId="e2a9821c-c720-fc4f-49a9-2e55aa444d68" testName="DecoThérapeute_Oui_Vers_ConnexionTherapeuteViewModel" computerName="PC-AXINESIS-004" duration="00:00:00.7340000" startTime="2014-07-30T10:11:26.4276363+02:00" endTime="2014-07-30T10:11:27.1616363+02:00" testType="d6af2cae-ad69-4f6b-94e9-14e2609e2389" outcome="Passed" testListId="8c84fa94-04c1-424b-9868-57a2d4851a1d" relativeResultsDirectory="6c4d9f99-5f33-4261-924b-014717e0c3df">
    </TestResultAggregation>
    <TestResultAggregation executionId="253942c5-346a-483d-bfca-d672e6e640b8" testId="e4cae4cc-8a84-0f9d-ab32-770e0b7739a5" testName="Exercice_Doit_Etre_Type_Cercle_Sans_Theme" computerName="PC-AXINESIS-004" duration="00:00:00.0160000" startTime="2014-07-30T10:11:16.5826390+02:00" endTime="2014-07-30T10:11:16.5986390+02:00" testType="d6af2cae-ad69-4f6b-94e9-14e2609e2389" outcome="Passed" testListId="8c84fa94-04c1-424b-9868-57a2d4851a1d" relativeResultsDirectory="253942c5-346a-483d-bfca-d672e6e640b8">
    </TestResultAggregation>
    <TestResultAggregation executionId="ccb3c571-8ed9-4095-bfde-dcf5c6cf5583" testId="e58b710a-1d4f-3221-e978-e68b6b040c54" testName="Exercice_Doit_Etre_Type_Cercle_Avec_Theme" computerName="PC-AXINESIS-004" startTime="2014-07-30T10:11:16.5830131+02:00" endTime="2014-07-30T10:11:16.5830131+02:00" testType="d6af2cae-ad69-4f6b-94e9-14e2609e2389" outcome="Passed" testListId="8c84fa94-04c1-424b-9868-57a2d4851a1d" relativeResultsDirectory="ccb3c571-8ed9-4095-bfde-dcf5c6cf5583">
    </TestResultAggregation>
    <TestResultAggregation executionId="38d247d3-5a38-4876-b041-63634c4ba59c" testId="ea2c6b0a-c912-2fce-46c5-ac0346f15352" testName="Erreur_SqlException_Num53_Bien_Traite" computerName="PC-AXINESIS-004" startTime="2014-07-30T10:11:15.1454456+02:00" endTime="2014-07-30T10:11:15.1454456+02:00" testType="d6af2cae-ad69-4f6b-94e9-14e2609e2389" outcome="Passed" testListId="8c84fa94-04c1-424b-9868-57a2d4851a1d" relativeResultsDirectory="38d247d3-5a38-4876-b041-63634c4ba59c">
    </TestResultAggregation>
    <TestResultAggregation executionId="79240f95-15e9-4a31-b107-858e9f8c1072" testId="ed5d1215-e582-5800-31ce-c5bd5d4ba85a" testName="Distance_Entre_Deux_Points_Negative" computerName="PC-AXINESIS-004" startTime="2014-07-30T10:11:19.0987580+02:00" endTime="2014-07-30T10:11:19.0987580+02:00" testType="d6af2cae-ad69-4f6b-94e9-14e2609e2389" outcome="Passed" testListId="8c84fa94-04c1-424b-9868-57a2d4851a1d" relativeResultsDirectory="79240f95-15e9-4a31-b107-858e9f8c1072">
    </TestResultAggregation>
    <TestResultAggregation executionId="4459faf6-f8dd-43d6-a382-1589159cd28a" testId="ed899626-e988-333c-7742-04cd720ec9a7" testName="Erreur_AlreadyOpenSerialPortException_Bien_Traite" computerName="PC-AXINESIS-004" duration="00:00:01.4530000" startTime="2014-07-30T10:11:13.5361898+02:00" endTime="2014-07-30T10:11:14.9891898+02:00" testType="d6af2cae-ad69-4f6b-94e9-14e2609e2389" outcome="Passed" testListId="8c84fa94-04c1-424b-9868-57a2d4851a1d" relativeResultsDirectory="4459faf6-f8dd-43d6-a382-1589159cd28a">
    </TestResultAggregation>
    <TestResultAggregation executionId="0e2871ff-5cf0-40b5-8545-82e7f3146260" testId="ee85c135-d168-c271-408c-240e4713e404" testName="Patient_Prenom_Est_Valide" computerName="PC-AXINESIS-004" startTime="2014-07-30T10:11:13.1766041+02:00" endTime="2014-07-30T10:11:13.1766041+02:00" testType="d6af2cae-ad69-4f6b-94e9-14e2609e2389" outcome="Passed" testListId="8c84fa94-04c1-424b-9868-57a2d4851a1d" relativeResultsDirectory="0e2871ff-5cf0-40b5-8545-82e7f3146260">
    </TestResultAggregation>
    <TestResultAggregation executionId="1c79bcbd-ee5d-4f56-8827-3bcb90478f2a" testId="ee9a69f6-cf44-b467-cc2a-1e750c89a07f" testName="Admin_Dans_La_Bd" computerName="PC-AXINESIS-004" duration="00:00:00.3590000" startTime="2014-07-30T10:11:15.5364827+02:00" endTime="2014-07-30T10:11:15.8954827+02:00" testType="d6af2cae-ad69-4f6b-94e9-14e2609e2389" outcome="Passed" testListId="8c84fa94-04c1-424b-9868-57a2d4851a1d" relativeResultsDirectory="1c79bcbd-ee5d-4f56-8827-3bcb90478f2a">
    </TestResultAggregation>
    <TestResultAggregation executionId="74c27d79-2c6e-41fa-b64a-b5110358b0b1" testId="eefbf66d-ed2c-e00b-7d18-b2f0db937ce7" testName="Erreur_Robot_HallSensorNotFoundError_Bien_Traite" computerName="PC-AXINESIS-004" startTime="2014-07-30T10:11:15.0829430+02:00" endTime="2014-07-30T10:11:15.0829430+02:00" testType="d6af2cae-ad69-4f6b-94e9-14e2609e2389" outcome="Passed" testListId="8c84fa94-04c1-424b-9868-57a2d4851a1d" relativeResultsDirectory="74c27d79-2c6e-41fa-b64a-b5110358b0b1">
    </TestResultAggregation>
    <TestResultAggregation executionId="64ef50f7-35b0-40c1-90a4-a5df1e010ac9" testId="f00b5c2d-ca8b-087e-0e85-8f38ab6323e5" testName="Jeu_Doit_Etre_Type_Jeu_Avec_Bon_Theme_Moyen" computerName="PC-AXINESIS-004" startTime="2014-07-30T10:11:16.6767672+02:00" endTime="2014-07-30T10:11:16.6767672+02:00" testType="d6af2cae-ad69-4f6b-94e9-14e2609e2389" outcome="Passed" testListId="8c84fa94-04c1-424b-9868-57a2d4851a1d" relativeResultsDirectory="64ef50f7-35b0-40c1-90a4-a5df1e010ac9">
    </TestResultAggregation>
    <TestResultAggregation executionId="18ca275f-11a7-42e5-8d48-b6cbf6ab8089" testId="f12e1a8a-71af-23d0-a32f-22bbf6d801ac" testName="DecoPatient_Oui_Vers_HomeViewModel" computerName="PC-AXINESIS-004" duration="00:00:00.8280000" startTime="2014-07-30T10:11:27.5680676+02:00" endTime="2014-07-30T10:11:28.3960676+02:00" testType="d6af2cae-ad69-4f6b-94e9-14e2609e2389" outcome="Passed" testListId="8c84fa94-04c1-424b-9868-57a2d4851a1d" relativeResultsDirectory="18ca275f-11a7-42e5-8d48-b6cbf6ab8089">
      <Output>
        <TraceInfo>PortSerieModel OK

MainViewModel OK

PortSerieModel OK

</TraceInfo>
      </Output>
    </TestResultAggregation>
    <TestResultAggregation executionId="098c2968-9547-43d3-9236-b8fd6413fc50" testId="f3282b9f-62b9-2180-8977-69bed228d06a" testName="Erreur_Robot_SoftwarePositionLimitError_Bien_Traite" computerName="PC-AXINESIS-004" startTime="2014-07-30T10:11:15.1141951+02:00" endTime="2014-07-30T10:11:15.1141951+02:00" testType="d6af2cae-ad69-4f6b-94e9-14e2609e2389" outcome="Passed" testListId="8c84fa94-04c1-424b-9868-57a2d4851a1d" relativeResultsDirectory="098c2968-9547-43d3-9236-b8fd6413fc50">
    </TestResultAggregation>
    <TestResultAggregation executionId="2e3ff655-1370-4053-ac7c-b79826b16155" testId="f6381e6b-e08a-f44f-1c2d-4a4e13a50dfd" testName="Erreur_Robot_EncoderResolutionError_Bien_Traite" computerName="PC-AXINESIS-004" duration="00:00:00.0160000" startTime="2014-07-30T10:11:15.0200672+02:00" endTime="2014-07-30T10:11:15.0360672+02:00" testType="d6af2cae-ad69-4f6b-94e9-14e2609e2389" outcome="Passed" testListId="8c84fa94-04c1-424b-9868-57a2d4851a1d" relativeResultsDirectory="2e3ff655-1370-4053-ac7c-b79826b16155">
    </TestResultAggregation>
    <TestResultAggregation executionId="2d8cc20d-4cce-428d-8adc-95efd3f5708c" testId="f6827a5d-d000-6b57-1a5d-244c917c4e49" testName="Exercice_Doit_Etre_Type_Carre_Avec_Theme" computerName="PC-AXINESIS-004" duration="00:00:00.0160000" startTime="2014-07-30T10:11:16.5513876+02:00" endTime="2014-07-30T10:11:16.5673876+02:00" testType="d6af2cae-ad69-4f6b-94e9-14e2609e2389" outcome="Passed" testListId="8c84fa94-04c1-424b-9868-57a2d4851a1d" relativeResultsDirectory="2d8cc20d-4cce-428d-8adc-95efd3f5708c">
    </TestResultAggregation>
    <TestResultAggregation executionId="d6cb38fb-c158-4ed8-be3b-3ea6bdac9039" testId="f7916e99-2ca8-0ce5-1775-44086440dfca" testName="Exercice_Doit_Avoir_Base_Config" computerName="PC-AXINESIS-004" duration="00:00:00.1090000" startTime="2014-07-30T10:11:16.4427632+02:00" endTime="2014-07-30T10:11:16.5517632+02:00" testType="d6af2cae-ad69-4f6b-94e9-14e2609e2389" outcome="Passed" testListId="8c84fa94-04c1-424b-9868-57a2d4851a1d" relativeResultsDirectory="d6cb38fb-c158-4ed8-be3b-3ea6bdac9039">
    </TestResultAggregation>
  </Results>
</TestRun>