<?xml version="1.0" encoding="UTF-8"?>
<TestRun id="bb0f3a40-505b-4558-b086-9796a530bf62" name="Axinesis@PC-AXINESIS-004 2014-08-12 15:29:20" runUser="PC-AXINESIS-004\Axinesis" xmlns="http://microsoft.com/schemas/VisualStudio/TeamTest/2010">
  <TestSettings name="Paramètres de test par défaut" id="be5f1d48-4f20-4c97-a8fa-3bec89881e86">
    <Deployment runDeploymentRoot="Axinesis_PC-AXINESIS-004 2014-08-12 15_29_20">
      <DeploymentItem filename="C:\Program Files (x86)\NUnit 2.6.3\bin\framework\nunit.framework.dll" />
      <DeploymentItem filename="C:\Users\Axinesis\Desktop\ihm_base\AxAnalyse\bin\Debug\AxAnalyse.dll" />
      <DeploymentItem filename="C:\Users\Axinesis\Desktop\ihm_base\packages\MvvmLightLibs.4.4.32.1\lib\net40\System.Windows.Interactivity.dll" />
      <DeploymentItem filename="C:\Users\Axinesis\Desktop\ihm_base\packages\MvvmLightLibs.4.4.32.1\lib\net40\GalaSoft.MvvmLight.dll" />
      <DeploymentItem filename="C:\Users\Axinesis\Desktop\ihm_base\AxModel\bin\Debug\AxModel.dll" />
      <DeploymentItem filename="C:\Program Files (x86)\NUnit 2.6.3\bin\framework\nunit.mocks.dll" />
      <DeploymentItem filename="C:\Users\Axinesis\Desktop\ihm_base\packages\CommonServiceLocator.1.3\lib\portable-net4+sl5+netcore45+wpa81+wp8\Microsoft.Practices.ServiceLocation.dll" />
      <DeploymentItem filename="C:\Users\Axinesis\Desktop\ihm_base\packages\MvvmLightLibs.4.4.32.1\lib\net40\GalaSoft.MvvmLight.Extras.dll" />
    </Deployment>
    <Execution>
      <TestTypeSpecific />
      <AgentRule name="Execution Agents">
      </AgentRule>
    </Execution>
  </TestSettings>
  <Times creation="2014-08-12T15:29:20.1940770+02:00" queuing="2014-08-12T15:29:21.4319116+02:00" start="2014-08-12T15:29:21.5159691+02:00" finish="2014-08-12T15:29:54.4181757+02:00" />
  <ResultSummary outcome="Error">
    <Counters total="7" executed="1" error="0" failed="0" timeout="0" aborted="1" inconclusive="0" passedButRunAborted="0" notRunnable="0" notExecuted="6" disconnected="0" warning="0" passed="0" completed="0" inProgress="0" pending="0" />
    <RunInfos>
      <RunInfo computerName="PC-AXINESIS-004" outcome="Error" timestamp="2014-08-12T15:29:54.4171749+02:00">
        <Text>Le processus hôte du test s'est fermé de manière inattendue.</Text>
      </RunInfo>
    </RunInfos>
  </ResultSummary>
  <TestDefinitions>
    <UnitTest name="CalcSommeAbs_retourne_positif_quand_reponse_positive" storage="c:\users\axinesis\desktop\ihm_base\axanalyse.test\bin\debug\axanalyse.test.dll" id="dc5d423e-851c-6658-b8be-e6a841de2fd1" xmlns="AxAnalyse.Test">
      <Execution id="80ba4be3-5791-4f9c-8356-e527d33f4709" xmlns="http://microsoft.com/schemas/VisualStudio/TeamTest/2010" />
      <TestMethod codeBase="C:\Users\Axinesis\Desktop\ihm_base\AxAnalyse.Test\bin\Debug\AxAnalyse.Test.dll" adapterTypeName="NUnitForVSTS.NUnitTest.NUnitTestAdapter, NUnitForVSTS.NUnitTest, Version=5.1.0.0, Culture=neutral, PublicKeyToken=null" className="AxAnalyse.Test.AnalyseTest" name="CalcSommeAbs_retourne_positif_quand_reponse_positive" />
    </UnitTest>
    <UnitTest name="CalcSommeAbs_retourne_positif_quand_reponse_negative" storage="c:\users\axinesis\desktop\ihm_base\axanalyse.test\bin\debug\axanalyse.test.dll" id="23292fbe-adfa-993b-82f2-7c477d400857" xmlns="AxAnalyse.Test">
      <Execution id="27c41225-5551-463e-b613-37bbc70d9810" xmlns="http://microsoft.com/schemas/VisualStudio/TeamTest/2010" />
      <TestMethod codeBase="C:\Users\Axinesis\Desktop\ihm_base\AxAnalyse.Test\bin\Debug\AxAnalyse.Test.dll" adapterTypeName="NUnitForVSTS.NUnitTest.NUnitTestAdapter, NUnitForVSTS.NUnitTest, Version=5.1.0.0, Culture=neutral, PublicKeyToken=null" className="AxAnalyse.Test.AnalyseTest" name="CalcSommeAbs_retourne_positif_quand_reponse_negative" />
    </UnitTest>
    <UnitTest name="Distance_Entre_Deux_Points_Negative" storage="c:\users\axinesis\desktop\ihm_base\axanalyse.test\bin\debug\axanalyse.test.dll" id="ed5d1215-e582-5800-31ce-c5bd5d4ba85a" xmlns="AxAnalyse.Test">
      <Execution id="ba15baaa-9534-4b16-b32c-871cb820e629" xmlns="http://microsoft.com/schemas/VisualStudio/TeamTest/2010" />
      <TestMethod codeBase="C:\Users\Axinesis\Desktop\ihm_base\AxAnalyse.Test\bin\Debug\AxAnalyse.Test.dll" adapterTypeName="NUnitForVSTS.NUnitTest.NUnitTestAdapter, NUnitForVSTS.NUnitTest, Version=5.1.0.0, Culture=neutral, PublicKeyToken=null" className="AxAnalyse.Test.AnalyseTest" name="Distance_Entre_Deux_Points_Negative" />
    </UnitTest>
    <UnitTest name="Vitesse_Moyenne" storage="c:\users\axinesis\desktop\ihm_base\axanalyse.test\bin\debug\axanalyse.test.dll" id="d1e4e0aa-1b84-a4ad-c411-f5ed64c5a640" xmlns="AxAnalyse.Test">
      <Execution id="58a2223a-5021-4ce6-8f42-344f920f8682" xmlns="http://microsoft.com/schemas/VisualStudio/TeamTest/2010" />
      <TestMethod codeBase="C:\Users\Axinesis\Desktop\ihm_base\AxAnalyse.Test\bin\Debug\AxAnalyse.Test.dll" adapterTypeName="NUnitForVSTS.NUnitTest.NUnitTestAdapter, NUnitForVSTS.NUnitTest, Version=5.1.0.0, Culture=neutral, PublicKeyToken=null" className="AxAnalyse.Test.AnalyseTest" name="Vitesse_Moyenne" />
    </UnitTest>
    <UnitTest name="Distance_Entre_Deux_Points_Positive" storage="c:\users\axinesis\desktop\ihm_base\axanalyse.test\bin\debug\axanalyse.test.dll" id="c3232def-6f8e-d276-40a2-3789adf7a7e8" xmlns="AxAnalyse.Test">
      <Execution id="f38d807b-3ffa-4f18-9a24-9ee3c138a7be" xmlns="http://microsoft.com/schemas/VisualStudio/TeamTest/2010" />
      <TestMethod codeBase="C:\Users\Axinesis\Desktop\ihm_base\AxAnalyse.Test\bin\Debug\AxAnalyse.Test.dll" adapterTypeName="NUnitForVSTS.NUnitTest.NUnitTestAdapter, NUnitForVSTS.NUnitTest, Version=5.1.0.0, Culture=neutral, PublicKeyToken=null" className="AxAnalyse.Test.AnalyseTest" name="Distance_Entre_Deux_Points_Positive" />
    </UnitTest>
    <UnitTest name="Vitesse_Peak" storage="c:\users\axinesis\desktop\ihm_base\axanalyse.test\bin\debug\axanalyse.test.dll" id="b628823a-dabd-b674-c93a-e5940f53020d" xmlns="AxAnalyse.Test">
      <Execution id="a95131dd-174e-4cb0-8239-62171c786e2a" xmlns="http://microsoft.com/schemas/VisualStudio/TeamTest/2010" />
      <TestMethod codeBase="C:\Users\Axinesis\Desktop\ihm_base\AxAnalyse.Test\bin\Debug\AxAnalyse.Test.dll" adapterTypeName="NUnitForVSTS.NUnitTest.NUnitTestAdapter, NUnitForVSTS.NUnitTest, Version=5.1.0.0, Culture=neutral, PublicKeyToken=null" className="AxAnalyse.Test.AnalyseTest" name="Vitesse_Peak" />
    </UnitTest>
    <UnitTest name="Distance_Entre_Plusieur_Points" storage="c:\users\axinesis\desktop\ihm_base\axanalyse.test\bin\debug\axanalyse.test.dll" id="c5df75b3-144c-2597-17e1-ed5cf6d153e4" xmlns="AxAnalyse.Test">
      <Execution id="64e95d76-0625-4551-964e-265a7e0e4b0a" xmlns="http://microsoft.com/schemas/VisualStudio/TeamTest/2010" />
      <TestMethod codeBase="C:\Users\Axinesis\Desktop\ihm_base\AxAnalyse.Test\bin\Debug\AxAnalyse.Test.dll" adapterTypeName="NUnitForVSTS.NUnitTest.NUnitTestAdapter, NUnitForVSTS.NUnitTest, Version=5.1.0.0, Culture=neutral, PublicKeyToken=null" className="AxAnalyse.Test.AnalyseTest" name="Distance_Entre_Plusieur_Points" />
    </UnitTest>
  </TestDefinitions>
  <TestLists>
    <TestList name="Les résultats ne figurent pas dans une liste" id="8c84fa94-04c1-424b-9868-57a2d4851a1d" />
    <TestList name="Tous les résultats chargés" id="19431567-8539-422a-85d7-44ee4e166bda" />
  </TestLists>
  <TestEntries>
    <TestEntry testId="d1e4e0aa-1b84-a4ad-c411-f5ed64c5a640" executionId="58a2223a-5021-4ce6-8f42-344f920f8682" testListId="8c84fa94-04c1-424b-9868-57a2d4851a1d" />
    <TestEntry testId="c5df75b3-144c-2597-17e1-ed5cf6d153e4" executionId="64e95d76-0625-4551-964e-265a7e0e4b0a" testListId="8c84fa94-04c1-424b-9868-57a2d4851a1d" />
    <TestEntry testId="c3232def-6f8e-d276-40a2-3789adf7a7e8" executionId="f38d807b-3ffa-4f18-9a24-9ee3c138a7be" testListId="8c84fa94-04c1-424b-9868-57a2d4851a1d" />
    <TestEntry testId="ed5d1215-e582-5800-31ce-c5bd5d4ba85a" executionId="ba15baaa-9534-4b16-b32c-871cb820e629" testListId="8c84fa94-04c1-424b-9868-57a2d4851a1d" />
    <TestEntry testId="dc5d423e-851c-6658-b8be-e6a841de2fd1" executionId="80ba4be3-5791-4f9c-8356-e527d33f4709" testListId="8c84fa94-04c1-424b-9868-57a2d4851a1d" />
    <TestEntry testId="23292fbe-adfa-993b-82f2-7c477d400857" executionId="27c41225-5551-463e-b613-37bbc70d9810" testListId="8c84fa94-04c1-424b-9868-57a2d4851a1d" />
    <TestEntry testId="b628823a-dabd-b674-c93a-e5940f53020d" executionId="a95131dd-174e-4cb0-8239-62171c786e2a" testListId="8c84fa94-04c1-424b-9868-57a2d4851a1d" />
  </TestEntries>
  <Results>
    <TestResultAggregation executionId="58a2223a-5021-4ce6-8f42-344f920f8682" testId="d1e4e0aa-1b84-a4ad-c411-f5ed64c5a640" testName="Vitesse_Moyenne" computerName="PC-AXINESIS-004" duration="00:00:32.7070770" startTime="2014-08-12T15:29:21.7100979+02:00" endTime="2014-08-12T15:29:54.4171749+02:00" testType="d6af2cae-ad69-4f6b-94e9-14e2609e2389" outcome="Aborted" testListId="8c84fa94-04c1-424b-9868-57a2d4851a1d" relativeResultsDirectory="58a2223a-5021-4ce6-8f42-344f920f8682">
    </TestResultAggregation>
    <TestResultAggregation executionId="64e95d76-0625-4551-964e-265a7e0e4b0a" testId="c5df75b3-144c-2597-17e1-ed5cf6d153e4" testName="Distance_Entre_Plusieur_Points" computerName="PC-AXINESIS-004" testType="d6af2cae-ad69-4f6b-94e9-14e2609e2389" outcome="NotExecuted" testListId="8c84fa94-04c1-424b-9868-57a2d4851a1d" relativeResultsDirectory="64e95d76-0625-4551-964e-265a7e0e4b0a">
    </TestResultAggregation>
    <TestResultAggregation executionId="f38d807b-3ffa-4f18-9a24-9ee3c138a7be" testId="c3232def-6f8e-d276-40a2-3789adf7a7e8" testName="Distance_Entre_Deux_Points_Positive" computerName="PC-AXINESIS-004" testType="d6af2cae-ad69-4f6b-94e9-14e2609e2389" outcome="NotExecuted" testListId="8c84fa94-04c1-424b-9868-57a2d4851a1d" relativeResultsDirectory="f38d807b-3ffa-4f18-9a24-9ee3c138a7be">
    </TestResultAggregation>
    <TestResultAggregation executionId="ba15baaa-9534-4b16-b32c-871cb820e629" testId="ed5d1215-e582-5800-31ce-c5bd5d4ba85a" testName="Distance_Entre_Deux_Points_Negative" computerName="PC-AXINESIS-004" testType="d6af2cae-ad69-4f6b-94e9-14e2609e2389" outcome="NotExecuted" testListId="8c84fa94-04c1-424b-9868-57a2d4851a1d" relativeResultsDirectory="ba15baaa-9534-4b16-b32c-871cb820e629">
    </TestResultAggregation>
    <TestResultAggregation executionId="80ba4be3-5791-4f9c-8356-e527d33f4709" testId="dc5d423e-851c-6658-b8be-e6a841de2fd1" testName="CalcSommeAbs_retourne_positif_quand_reponse_positive" computerName="PC-AXINESIS-004" testType="d6af2cae-ad69-4f6b-94e9-14e2609e2389" outcome="NotExecuted" testListId="8c84fa94-04c1-424b-9868-57a2d4851a1d" relativeResultsDirectory="80ba4be3-5791-4f9c-8356-e527d33f4709">
    </TestResultAggregation>
    <TestResultAggregation executionId="27c41225-5551-463e-b613-37bbc70d9810" testId="23292fbe-adfa-993b-82f2-7c477d400857" testName="CalcSommeAbs_retourne_positif_quand_reponse_negative" computerName="PC-AXINESIS-004" testType="d6af2cae-ad69-4f6b-94e9-14e2609e2389" outcome="NotExecuted" testListId="8c84fa94-04c1-424b-9868-57a2d4851a1d" relativeResultsDirectory="27c41225-5551-463e-b613-37bbc70d9810">
    </TestResultAggregation>
    <TestResultAggregation executionId="a95131dd-174e-4cb0-8239-62171c786e2a" testId="b628823a-dabd-b674-c93a-e5940f53020d" testName="Vitesse_Peak" computerName="PC-AXINESIS-004" testType="d6af2cae-ad69-4f6b-94e9-14e2609e2389" outcome="NotExecuted" testListId="8c84fa94-04c1-424b-9868-57a2d4851a1d" relativeResultsDirectory="a95131dd-174e-4cb0-8239-62171c786e2a">
    </TestResultAggregation>
  </Results>
</TestRun>