<?xml version="1.0" encoding="UTF-8"?>
<TestRun id="6538f68f-984d-4f9b-9612-0692edc8b97a" name="Axinesis@PC-AXINESIS-004 2014-08-05 08:55:24" runUser="PC-AXINESIS-004\Axinesis" xmlns="http://microsoft.com/schemas/VisualStudio/TeamTest/2010">
  <TestSettings name="Paramètres de test par défaut" id="de61c23a-beea-4fec-855b-34f6aecf616d">
    <Deployment runDeploymentRoot="Axinesis_PC-AXINESIS-004 2014-08-05 08_55_24">
      <DeploymentItem filename="C:\Users\Axinesis\Desktop\ihm_base\packages\Effort.1.1.0\lib\net40\Effort.dll" />
      <DeploymentItem filename="C:\Users\Axinesis\Desktop\ihm_base\AxExerciceGeneric\bin\Debug\AxExerciceGenerator.dll" />
      <DeploymentItem filename="C:\Users\Axinesis\Desktop\ihm_base\packages\MvvmLightLibs.4.4.32.1\lib\net40\System.Windows.Interactivity.dll" />
      <DeploymentItem filename="C:\Users\Axinesis\Desktop\ihm_base\AxLanguage\bin\Debug\AxLanguage.dll" />
      <DeploymentItem filename="C:\Users\Axinesis\Desktop\ihm_base\AxAnalyse\bin\Debug\AxAnalyse.dll" />
      <DeploymentItem filename="C:\Users\Axinesis\Desktop\ihm_base\AxError\bin\Debug\AxError.dll" />
      <DeploymentItem filename="C:\Users\Axinesis\Desktop\ihm_base\AxModelExercice\bin\Debug\AxModelExercice.dll" />
      <DeploymentItem filename="C:\Program Files (x86)\NUnit 2.6.3\bin\framework\nunit.mocks.dll" />
      <DeploymentItem filename="C:\Users\Axinesis\Desktop\ihm_base\AxError.Test\bin\Debug\NLog.dll" />
      <DeploymentItem filename="C:\Users\Axinesis\Desktop\ihm_base\packages\Moq.4.2.1402.2112\lib\net40\Moq.dll" />
      <DeploymentItem filename="C:\Users\Axinesis\Desktop\ihm_base\packages\Common.Logging.2.2.0\lib\net40\Common.Logging.dll" />
      <DeploymentItem filename="C:\Users\Axinesis\Desktop\ihm_base\AxExerciceConfig\bin\Debug\AxExerciceConfig.dll" />
      <DeploymentItem filename="C:\Users\Axinesis\Desktop\ihm_base\packages\MvvmLightLibs.4.4.32.1\lib\net40\GalaSoft.MvvmLight.Extras.dll" />
      <DeploymentItem filename="C:\Users\Axinesis\Desktop\ihm_base\packages\NMemory.1.0.0\lib\net40\NMemory.dll" />
      <DeploymentItem filename="C:\Program Files (x86)\NUnit 2.6.3\bin\framework\nunit.framework.dll" />
      <DeploymentItem filename="C:\Users\Axinesis\Desktop\ihm_base\AxData\bin\Debug\AxData.dll" />
      <DeploymentItem filename="C:\Users\Axinesis\Desktop\ihm_base\AxViewModel\bin\Debug\AxViewModel.dll" />
      <DeploymentItem filename="C:\Users\Axinesis\Desktop\ihm_base\AxNavigation\NavegarLib\Navegar.WPF4\bin\Debug\Navegar.WPF4.dll" />
      <DeploymentItem filename="C:\Users\Axinesis\Desktop\ihm_base\AxError.Test\bin\Debug\Common.Logging.Core.dll" />
      <DeploymentItem filename="C:\Users\Axinesis\Desktop\ihm_base\packages\MvvmLightLibs.4.4.32.1\lib\net40\GalaSoft.MvvmLight.dll" />
      <DeploymentItem filename="C:\Users\Axinesis\Desktop\ihm_base\AxAction\bin\Debug\AxAction.dll" />
      <DeploymentItem filename="C:\Users\Axinesis\Desktop\ihm_base\packages\Common.Logging.NLog20.2.2.0\lib\net40\Common.Logging.NLog20.dll" />
      <DeploymentItem filename="C:\Users\Axinesis\Desktop\ihm_base\packages\CommonServiceLocator.1.3\lib\portable-net4+sl5+netcore45+wpa81+wp8\Microsoft.Practices.ServiceLocation.dll" />
      <DeploymentItem filename="C:\Users\Axinesis\Desktop\ihm_base\AxCommunication\bin\Debug\AxCommunication.dll" />
      <DeploymentItem filename="C:\Users\Axinesis\Desktop\ihm_base\AxModel\bin\Debug\AxModel.dll" />
    </Deployment>
    <Execution>
      <TestTypeSpecific />
      <AgentRule name="Execution Agents">
      </AgentRule>
    </Execution>
  </TestSettings>
  <Times creation="2014-08-05T08:55:24.3889930+02:00" queuing="2014-08-05T08:55:27.5093419+02:00" start="2014-08-05T08:55:27.6684478+02:00" finish="2014-08-05T08:55:43.0439731+02:00" />
  <ResultSummary outcome="Failed">
    <Counters total="114" executed="114" passed="113" error="0" failed="1" timeout="0" aborted="0" inconclusive="0" passedButRunAborted="0" notRunnable="0" notExecuted="0" disconnected="0" warning="0" completed="0" inProgress="0" pending="0" />
  </ResultSummary>
  <TestDefinitions>
    <UnitTest name="Erreur_Robot_LogicSupplyVoltageTooLowError_Bien_Traite" storage="c:\users\axinesis\desktop\ihm_base\axerror.test\bin\debug\axerror.test.dll" id="4f482e75-1f13-6e68-c51e-899481bb394c" xmlns="AxError.Test">
      <Execution id="f68ab577-2243-49ce-8289-ece746a26ee5" xmlns="http://microsoft.com/schemas/VisualStudio/TeamTest/2010" />
      <TestMethod codeBase="C:\Users\Axinesis\Desktop\ihm_base\AxError.Test\bin\Debug\AxError.Test.dll" adapterTypeName="NUnitForVSTS.NUnitTest.NUnitTestAdapter, NUnitForVSTS.NUnitTest, Version=5.1.0.0, Culture=neutral, PublicKeyToken=null" className="AxError.Test.GestionErreurTest" name="Erreur_Robot_LogicSupplyVoltageTooLowError_Bien_Traite" />
    </UnitTest>
    <UnitTest name="Bon_Prenom_Patient_Trouve" storage="c:\users\axinesis\desktop\ihm_base\axdata.test\bin\debug\axdata.test.dll" id="44ed4079-9453-ff0c-84c2-ac19b4af933d" xmlns="AxData.Test">
      <Execution id="02f29a9f-82f1-45a7-be3f-a6981c90fd66" xmlns="http://microsoft.com/schemas/VisualStudio/TeamTest/2010" />
      <TestMethod codeBase="C:\Users\Axinesis\Desktop\ihm_base\AxData.Test\bin\Debug\AxData.Test.dll" adapterTypeName="NUnitForVSTS.NUnitTest.NUnitTestAdapter, NUnitForVSTS.NUnitTest, Version=5.1.0.0, Culture=neutral, PublicKeyToken=null" className="AxData.Test.DataPatientTest" name="Bon_Prenom_Patient_Trouve" />
    </UnitTest>
    <UnitTest name="Erreur_Robot_GearScalingFactorError_Bien_Traite" storage="c:\users\axinesis\desktop\ihm_base\axerror.test\bin\debug\axerror.test.dll" id="5f4e2034-866f-4eb1-0441-6555f1681d32" xmlns="AxError.Test">
      <Execution id="e09c2891-b603-44a6-8178-4203482e8a58" xmlns="http://microsoft.com/schemas/VisualStudio/TeamTest/2010" />
      <TestMethod codeBase="C:\Users\Axinesis\Desktop\ihm_base\AxError.Test\bin\Debug\AxError.Test.dll" adapterTypeName="NUnitForVSTS.NUnitTest.NUnitTestAdapter, NUnitForVSTS.NUnitTest, Version=5.1.0.0, Culture=neutral, PublicKeyToken=null" className="AxError.Test.GestionErreurTest" name="Erreur_Robot_GearScalingFactorError_Bien_Traite" />
    </UnitTest>
    <UnitTest name="Ecart_Type" storage="c:\users\axinesis\desktop\ihm_base\axmodel.test\bin\debug\axmodel.test.dll" id="7a8c8ab2-cc1f-665a-6687-1b4694c99073" xmlns="AxModel.Test">
      <Execution id="075ec4eb-6b4e-4ff9-844b-0cdb1f566364" xmlns="http://microsoft.com/schemas/VisualStudio/TeamTest/2010" />
      <TestMethod codeBase="C:\Users\Axinesis\Desktop\ihm_base\AxModel.Test\bin\Debug\AxModel.Test.dll" adapterTypeName="NUnitForVSTS.NUnitTest.NUnitTestAdapter, NUnitForVSTS.NUnitTest, Version=5.1.0.0, Culture=neutral, PublicKeyToken=null" className="AxModel.Test.ModelTest" name="Ecart_Type" />
    </UnitTest>
    <UnitTest name="Patient_DateNaissance_Obligatoire" storage="c:\users\axinesis\desktop\ihm_base\axdata.test\bin\debug\axdata.test.dll" id="7d2a5c74-8b81-7def-78d9-19fc9e6c2ea4" xmlns="AxData.Test">
      <Execution id="145823ae-1f84-4fb6-b4d3-cd7c17e8d365" xmlns="http://microsoft.com/schemas/VisualStudio/TeamTest/2010" />
      <TestMethod codeBase="C:\Users\Axinesis\Desktop\ihm_base\AxData.Test\bin\Debug\AxData.Test.dll" adapterTypeName="NUnitForVSTS.NUnitTest.NUnitTestAdapter, NUnitForVSTS.NUnitTest, Version=5.1.0.0, Culture=neutral, PublicKeyToken=null" className="AxData.Test.DataPatientTest" name="Patient_DateNaissance_Obligatoire" />
    </UnitTest>
    <UnitTest name="Connexion_Robot_Correcte" storage="c:\users\axinesis\desktop\ihm_base\axcommunication.test\bin\debug\axcommunication.test.dll" id="ae8642d5-07bc-0f18-4b31-bcbab057a0d0" xmlns="AxCommunication.Test">
      <Execution id="bc9e6b35-1d85-41f9-91e1-0e7076ac1670" xmlns="http://microsoft.com/schemas/VisualStudio/TeamTest/2010" />
      <TestMethod codeBase="C:\Users\Axinesis\Desktop\ihm_base\AxCommunication.Test\bin\Debug\AxCommunication.Test.dll" adapterTypeName="NUnitForVSTS.NUnitTest.NUnitTestAdapter, NUnitForVSTS.NUnitTest, Version=5.1.0.0, Culture=neutral, PublicKeyToken=null" className="AxCommunication.Test.PortSerieTest" name="Connexion_Robot_Correcte" />
    </UnitTest>
    <UnitTest name="Erreur_Autres_Exception_Doit_Couper_Le_Programme" storage="c:\users\axinesis\desktop\ihm_base\axerror.test\bin\debug\axerror.test.dll" id="92fd36a1-ca75-7f92-7bd2-2dc408eedb40" xmlns="AxError.Test">
      <Execution id="16ba444a-79a3-4cc0-a24e-8a593bee8d05" xmlns="http://microsoft.com/schemas/VisualStudio/TeamTest/2010" />
      <TestMethod codeBase="C:\Users\Axinesis\Desktop\ihm_base\AxError.Test\bin\Debug\AxError.Test.dll" adapterTypeName="NUnitForVSTS.NUnitTest.NUnitTestAdapter, NUnitForVSTS.NUnitTest, Version=5.1.0.0, Culture=neutral, PublicKeyToken=null" className="AxError.Test.GestionErreurTest" name="Erreur_Autres_Exception_Doit_Couper_Le_Programme" />
    </UnitTest>
    <UnitTest name="Jeu_Doit_Etre_Type_Jeu_Avec_Bon_Theme_Facile" storage="c:\users\axinesis\desktop\ihm_base\axexercicegenerator.test\bin\debug\axexercicegenerator.test.dll" id="84265baa-a0fc-9eb4-5420-2fc493c758dd" xmlns="AxExerciceGenerator.Test">
      <Execution id="214b9197-6779-46cc-85fd-536e703ea37d" xmlns="http://microsoft.com/schemas/VisualStudio/TeamTest/2010" />
      <TestMethod codeBase="C:\Users\Axinesis\Desktop\ihm_base\AxExerciceGenerator.Test\bin\Debug\AxExerciceGenerator.Test.dll" adapterTypeName="NUnitForVSTS.NUnitTest.NUnitTestAdapter, NUnitForVSTS.NUnitTest, Version=5.1.0.0, Culture=neutral, PublicKeyToken=null" className="AxExerciceGenerator.Test.ExerciceGeneratorTest" name="Jeu_Doit_Etre_Type_Jeu_Avec_Bon_Theme_Facile" />
    </UnitTest>
    <UnitTest name="Patient_Taille_Obligatoire" storage="c:\users\axinesis\desktop\ihm_base\axdata.test\bin\debug\axdata.test.dll" id="a7d2c1fe-6292-38c4-b190-463be3c8cf93" xmlns="AxData.Test">
      <Execution id="c839284c-4aef-43b9-9166-274f9d734535" xmlns="http://microsoft.com/schemas/VisualStudio/TeamTest/2010" />
      <TestMethod codeBase="C:\Users\Axinesis\Desktop\ihm_base\AxData.Test\bin\Debug\AxData.Test.dll" adapterTypeName="NUnitForVSTS.NUnitTest.NUnitTestAdapter, NUnitForVSTS.NUnitTest, Version=5.1.0.0, Culture=neutral, PublicKeyToken=null" className="AxData.Test.DataPatientTest" name="Patient_Taille_Obligatoire" />
    </UnitTest>
    <UnitTest name="Erreur_Robot_InternalSoftwareError_Bien_Traite" storage="c:\users\axinesis\desktop\ihm_base\axerror.test\bin\debug\axerror.test.dll" id="b97e58f3-cbc0-bcdd-6669-a43c0d325371" xmlns="AxError.Test">
      <Execution id="ee80140b-0b59-4f83-aa7c-b898aa13a665" xmlns="http://microsoft.com/schemas/VisualStudio/TeamTest/2010" />
      <TestMethod codeBase="C:\Users\Axinesis\Desktop\ihm_base\AxError.Test\bin\Debug\AxError.Test.dll" adapterTypeName="NUnitForVSTS.NUnitTest.NUnitTestAdapter, NUnitForVSTS.NUnitTest, Version=5.1.0.0, Culture=neutral, PublicKeyToken=null" className="AxError.Test.GestionErreurTest" name="Erreur_Robot_InternalSoftwareError_Bien_Traite" />
    </UnitTest>
    <UnitTest name="Exercice_Doit_Etre_Type_Carre_Avec_Theme" storage="c:\users\axinesis\desktop\ihm_base\axexercicegenerator.test\bin\debug\axexercicegenerator.test.dll" id="f6827a5d-d000-6b57-1a5d-244c917c4e49" xmlns="AxExerciceGenerator.Test">
      <Execution id="e1674c1b-8869-4b36-87f8-63ce292dbc8b" xmlns="http://microsoft.com/schemas/VisualStudio/TeamTest/2010" />
      <TestMethod codeBase="C:\Users\Axinesis\Desktop\ihm_base\AxExerciceGenerator.Test\bin\Debug\AxExerciceGenerator.Test.dll" adapterTypeName="NUnitForVSTS.NUnitTest.NUnitTestAdapter, NUnitForVSTS.NUnitTest, Version=5.1.0.0, Culture=neutral, PublicKeyToken=null" className="AxExerciceGenerator.Test.ExerciceGeneratorTest" name="Exercice_Doit_Etre_Type_Carre_Avec_Theme" />
    </UnitTest>
    <UnitTest name="Erreur_OutOfMemoryException_Bien_Traite" storage="c:\users\axinesis\desktop\ihm_base\axerror.test\bin\debug\axerror.test.dll" id="5188289e-0f4c-4bba-4f87-aede2c765fd5" xmlns="AxError.Test">
      <Execution id="604b82a0-ba95-4a40-8b79-d15b82642000" xmlns="http://microsoft.com/schemas/VisualStudio/TeamTest/2010" />
      <TestMethod codeBase="C:\Users\Axinesis\Desktop\ihm_base\AxError.Test\bin\Debug\AxError.Test.dll" adapterTypeName="NUnitForVSTS.NUnitTest.NUnitTestAdapter, NUnitForVSTS.NUnitTest, Version=5.1.0.0, Culture=neutral, PublicKeyToken=null" className="AxError.Test.GestionErreurTest" name="Erreur_OutOfMemoryException_Bien_Traite" />
    </UnitTest>
    <UnitTest name="Erreur_Robot_OvertemperatureError_Bien_Traite" storage="c:\users\axinesis\desktop\ihm_base\axerror.test\bin\debug\axerror.test.dll" id="bf764ba8-8696-c92f-3f57-afea2c1bfe57" xmlns="AxError.Test">
      <Execution id="7d244435-dc6e-4af0-a7c5-0429a6ae1058" xmlns="http://microsoft.com/schemas/VisualStudio/TeamTest/2010" />
      <TestMethod codeBase="C:\Users\Axinesis\Desktop\ihm_base\AxError.Test\bin\Debug\AxError.Test.dll" adapterTypeName="NUnitForVSTS.NUnitTest.NUnitTestAdapter, NUnitForVSTS.NUnitTest, Version=5.1.0.0, Culture=neutral, PublicKeyToken=null" className="AxError.Test.GestionErreurTest" name="Erreur_Robot_OvertemperatureError_Bien_Traite" />
    </UnitTest>
    <UnitTest name="Therapeute_Connection_Login_Faux_Mdp_Bon" storage="c:\users\axinesis\desktop\ihm_base\axdata.test\bin\debug\axdata.test.dll" id="454cd542-f819-baab-5e5e-809ca9946cca" xmlns="AxData.Test">
      <Execution id="37e340e6-31da-445c-b554-c641237c8bf0" xmlns="http://microsoft.com/schemas/VisualStudio/TeamTest/2010" />
      <TestMethod codeBase="C:\Users\Axinesis\Desktop\ihm_base\AxData.Test\bin\Debug\AxData.Test.dll" adapterTypeName="NUnitForVSTS.NUnitTest.NUnitTestAdapter, NUnitForVSTS.NUnitTest, Version=5.1.0.0, Culture=neutral, PublicKeyToken=null" className="AxData.Test.DataTherapeuteTest" name="Therapeute_Connection_Login_Faux_Mdp_Bon" />
    </UnitTest>
    <UnitTest name="Erreur_SqlException_Num53_Bien_Traite" storage="c:\users\axinesis\desktop\ihm_base\axerror.test\bin\debug\axerror.test.dll" id="ea2c6b0a-c912-2fce-46c5-ac0346f15352" xmlns="AxError.Test">
      <Execution id="5cbd3aea-71c3-4045-9263-c88c5ec919fa" xmlns="http://microsoft.com/schemas/VisualStudio/TeamTest/2010" />
      <TestMethod codeBase="C:\Users\Axinesis\Desktop\ihm_base\AxError.Test\bin\Debug\AxError.Test.dll" adapterTypeName="NUnitForVSTS.NUnitTest.NUnitTestAdapter, NUnitForVSTS.NUnitTest, Version=5.1.0.0, Culture=neutral, PublicKeyToken=null" className="AxError.Test.GestionErreurTest" name="Erreur_SqlException_Num53_Bien_Traite" />
    </UnitTest>
    <UnitTest name="Exercice_Eval_Doit_Avoir_Big_Borne" storage="c:\users\axinesis\desktop\ihm_base\axexercicegenerator.test\bin\debug\axexercicegenerator.test.dll" id="6e80c6e1-e5cc-e094-8690-e0b15e42b61e" xmlns="AxExerciceGenerator.Test">
      <Execution id="7ca82d0c-4de0-4736-a0a5-5d78d1dd233c" xmlns="http://microsoft.com/schemas/VisualStudio/TeamTest/2010" />
      <TestMethod codeBase="C:\Users\Axinesis\Desktop\ihm_base\AxExerciceGenerator.Test\bin\Debug\AxExerciceGenerator.Test.dll" adapterTypeName="NUnitForVSTS.NUnitTest.NUnitTestAdapter, NUnitForVSTS.NUnitTest, Version=5.1.0.0, Culture=neutral, PublicKeyToken=null" className="AxExerciceGenerator.Test.ExerciceGeneratorTest" name="Exercice_Eval_Doit_Avoir_Big_Borne" />
    </UnitTest>
    <UnitTest name="Patient_ID1_Obligatoire" storage="c:\users\axinesis\desktop\ihm_base\axdata.test\bin\debug\axdata.test.dll" id="c49b8624-edd6-882f-a895-24bc1ddc98ef" xmlns="AxData.Test">
      <Execution id="621367f9-f3f9-4c60-a763-becec9c78e7e" xmlns="http://microsoft.com/schemas/VisualStudio/TeamTest/2010" />
      <TestMethod codeBase="C:\Users\Axinesis\Desktop\ihm_base\AxData.Test\bin\Debug\AxData.Test.dll" adapterTypeName="NUnitForVSTS.NUnitTest.NUnitTestAdapter, NUnitForVSTS.NUnitTest, Version=5.1.0.0, Culture=neutral, PublicKeyToken=null" className="AxData.Test.DataPatientTest" name="Patient_ID1_Obligatoire" />
    </UnitTest>
    <UnitTest name="Jeu_Doit_Etre_Type_Jeu_Avec_Bon_Theme_Difficile" storage="c:\users\axinesis\desktop\ihm_base\axexercicegenerator.test\bin\debug\axexercicegenerator.test.dll" id="1feb75d6-6075-769f-0ca5-c7a95c479767" xmlns="AxExerciceGenerator.Test">
      <Execution id="536befb9-d15c-4b38-b631-f118cf15a8a8" xmlns="http://microsoft.com/schemas/VisualStudio/TeamTest/2010" />
      <TestMethod codeBase="C:\Users\Axinesis\Desktop\ihm_base\AxExerciceGenerator.Test\bin\Debug\AxExerciceGenerator.Test.dll" adapterTypeName="NUnitForVSTS.NUnitTest.NUnitTestAdapter, NUnitForVSTS.NUnitTest, Version=5.1.0.0, Culture=neutral, PublicKeyToken=null" className="AxExerciceGenerator.Test.ExerciceGeneratorTest" name="Jeu_Doit_Etre_Type_Jeu_Avec_Bon_Theme_Difficile" />
    </UnitTest>
    <UnitTest name="CalcSommeAbs_retourne_positif_quand_reponse_positive" storage="c:\users\axinesis\desktop\ihm_base\axanalyse.test\bin\debug\axanalyse.test.dll" id="dc5d423e-851c-6658-b8be-e6a841de2fd1" xmlns="AxAnalyse.Test">
      <Execution id="4bb276ef-834f-48ce-96cd-fd6001696828" xmlns="http://microsoft.com/schemas/VisualStudio/TeamTest/2010" />
      <TestMethod codeBase="C:\Users\Axinesis\Desktop\ihm_base\AxAnalyse.Test\bin\Debug\AxAnalyse.Test.dll" adapterTypeName="NUnitForVSTS.NUnitTest.NUnitTestAdapter, NUnitForVSTS.NUnitTest, Version=5.1.0.0, Culture=neutral, PublicKeyToken=null" className="AxAnalyse.Test.AnalyseTest" name="CalcSommeAbs_retourne_positif_quand_reponse_positive" />
    </UnitTest>
    <UnitTest name="Patient_Poids_Obligatoire" storage="c:\users\axinesis\desktop\ihm_base\axdata.test\bin\debug\axdata.test.dll" id="20b118dc-27e8-ed17-0ac4-d5df103752d3" xmlns="AxData.Test">
      <Execution id="76d62238-9008-4f2e-9ab9-095fc561bf7a" xmlns="http://microsoft.com/schemas/VisualStudio/TeamTest/2010" />
      <TestMethod codeBase="C:\Users\Axinesis\Desktop\ihm_base\AxData.Test\bin\Debug\AxData.Test.dll" adapterTypeName="NUnitForVSTS.NUnitTest.NUnitTestAdapter, NUnitForVSTS.NUnitTest, Version=5.1.0.0, Culture=neutral, PublicKeyToken=null" className="AxData.Test.DataPatientTest" name="Patient_Poids_Obligatoire" />
    </UnitTest>
    <UnitTest name="Therapeute_Nom_Obligatoire" storage="c:\users\axinesis\desktop\ihm_base\axdata.test\bin\debug\axdata.test.dll" id="70c3bcd2-30f3-dc55-d57b-3305735ab2fe" xmlns="AxData.Test">
      <Execution id="a5b8e2f3-6bd6-447f-926e-bfd2e1c5b298" xmlns="http://microsoft.com/schemas/VisualStudio/TeamTest/2010" />
      <TestMethod codeBase="C:\Users\Axinesis\Desktop\ihm_base\AxData.Test\bin\Debug\AxData.Test.dll" adapterTypeName="NUnitForVSTS.NUnitTest.NUnitTestAdapter, NUnitForVSTS.NUnitTest, Version=5.1.0.0, Culture=neutral, PublicKeyToken=null" className="AxData.Test.DataTherapeuteTest" name="Therapeute_Nom_Obligatoire" />
    </UnitTest>
    <UnitTest name="Erreur_SqlException_Num10054_Bien_Traite" storage="c:\users\axinesis\desktop\ihm_base\axerror.test\bin\debug\axerror.test.dll" id="685bc9e4-6b9e-eafd-c8ef-4d24f897588d" xmlns="AxError.Test">
      <Execution id="a3b4b33b-054f-4f1c-87cf-eeccc56c2f8b" xmlns="http://microsoft.com/schemas/VisualStudio/TeamTest/2010" />
      <TestMethod codeBase="C:\Users\Axinesis\Desktop\ihm_base\AxError.Test\bin\Debug\AxError.Test.dll" adapterTypeName="NUnitForVSTS.NUnitTest.NUnitTestAdapter, NUnitForVSTS.NUnitTest, Version=5.1.0.0, Culture=neutral, PublicKeyToken=null" className="AxError.Test.GestionErreurTest" name="Erreur_SqlException_Num10054_Bien_Traite" />
    </UnitTest>
    <UnitTest name="Therapeute_Confirmation_Mot_De_Passe_Valide" storage="c:\users\axinesis\desktop\ihm_base\axdata.test\bin\debug\axdata.test.dll" id="70ebb40d-5861-d5c1-a3ef-791dade40bd9" xmlns="AxData.Test">
      <Execution id="af652511-c10f-4ca3-9840-b7ef9e0713c4" xmlns="http://microsoft.com/schemas/VisualStudio/TeamTest/2010" />
      <TestMethod codeBase="C:\Users\Axinesis\Desktop\ihm_base\AxData.Test\bin\Debug\AxData.Test.dll" adapterTypeName="NUnitForVSTS.NUnitTest.NUnitTestAdapter, NUnitForVSTS.NUnitTest, Version=5.1.0.0, Culture=neutral, PublicKeyToken=null" className="AxData.Test.DataTherapeuteTest" name="Therapeute_Confirmation_Mot_De_Passe_Valide" />
    </UnitTest>
    <UnitTest name="Erreur_SqlException_Num18452_Bien_Traite" storage="c:\users\axinesis\desktop\ihm_base\axerror.test\bin\debug\axerror.test.dll" id="4d48ca6b-511b-39ac-a68c-91352d15b1df" xmlns="AxError.Test">
      <Execution id="15c1d3a9-4bb5-40b2-88ff-281512ae0d35" xmlns="http://microsoft.com/schemas/VisualStudio/TeamTest/2010" />
      <TestMethod codeBase="C:\Users\Axinesis\Desktop\ihm_base\AxError.Test\bin\Debug\AxError.Test.dll" adapterTypeName="NUnitForVSTS.NUnitTest.NUnitTestAdapter, NUnitForVSTS.NUnitTest, Version=5.1.0.0, Culture=neutral, PublicKeyToken=null" className="AxError.Test.GestionErreurTest" name="Erreur_SqlException_Num18452_Bien_Traite" />
    </UnitTest>
    <UnitTest name="Taille_Trop_Grande" storage="c:\users\axinesis\desktop\ihm_base\axerror.test\bin\debug\axerror.test.dll" id="d1d5bdee-95e1-826a-6e8c-92bd1b1d1870" xmlns="AxError.Test">
      <Execution id="b6729a38-010c-4cb6-b2cf-f1e9d101a4de" xmlns="http://microsoft.com/schemas/VisualStudio/TeamTest/2010" />
      <TestMethod codeBase="C:\Users\Axinesis\Desktop\ihm_base\AxError.Test\bin\Debug\AxError.Test.dll" adapterTypeName="NUnitForVSTS.NUnitTest.NUnitTestAdapter, NUnitForVSTS.NUnitTest, Version=5.1.0.0, Culture=neutral, PublicKeyToken=null" className="AxError.Test.ErrorInterfaceTest" name="Taille_Trop_Grande" />
    </UnitTest>
    <UnitTest name="Therapeute_Mot_De_Passe_Longeur_Valide" storage="c:\users\axinesis\desktop\ihm_base\axdata.test\bin\debug\axdata.test.dll" id="b7e43fdb-6e64-2c94-dcce-89d4bd434ec6" xmlns="AxData.Test">
      <Execution id="9e376863-5cc3-4db2-a909-bf5a246917a6" xmlns="http://microsoft.com/schemas/VisualStudio/TeamTest/2010" />
      <TestMethod codeBase="C:\Users\Axinesis\Desktop\ihm_base\AxData.Test\bin\Debug\AxData.Test.dll" adapterTypeName="NUnitForVSTS.NUnitTest.NUnitTestAdapter, NUnitForVSTS.NUnitTest, Version=5.1.0.0, Culture=neutral, PublicKeyToken=null" className="AxData.Test.DataTherapeuteTest" name="Therapeute_Mot_De_Passe_Longeur_Valide" />
    </UnitTest>
    <UnitTest name="Inscription_Administrateur" storage="c:\users\axinesis\desktop\ihm_base\axdata.test\bin\debug\axdata.test.dll" id="9ef9f365-076b-fb6f-67f0-e145ead2e579" xmlns="AxData.Test">
      <Execution id="f7212ede-3064-4094-959e-590345a8ad4a" xmlns="http://microsoft.com/schemas/VisualStudio/TeamTest/2010" />
      <TestMethod codeBase="C:\Users\Axinesis\Desktop\ihm_base\AxData.Test\bin\Debug\AxData.Test.dll" adapterTypeName="NUnitForVSTS.NUnitTest.NUnitTestAdapter, NUnitForVSTS.NUnitTest, Version=5.1.0.0, Culture=neutral, PublicKeyToken=null" className="AxData.Test.DataTherapeuteTest" name="Inscription_Administrateur" />
    </UnitTest>
    <UnitTest name="Patient_Prenom_Avec_Chiffre_Non_Valdie" storage="c:\users\axinesis\desktop\ihm_base\axerror.test\bin\debug\axerror.test.dll" id="753937c8-a9eb-1241-f3c3-39b8d5bc3c92" xmlns="AxError.Test">
      <Execution id="71b56f97-65cf-4d34-aa36-ca6606a11a25" xmlns="http://microsoft.com/schemas/VisualStudio/TeamTest/2010" />
      <TestMethod codeBase="C:\Users\Axinesis\Desktop\ihm_base\AxError.Test\bin\Debug\AxError.Test.dll" adapterTypeName="NUnitForVSTS.NUnitTest.NUnitTestAdapter, NUnitForVSTS.NUnitTest, Version=5.1.0.0, Culture=neutral, PublicKeyToken=null" className="AxError.Test.ErrorInterfaceTest" name="Patient_Prenom_Avec_Chiffre_Non_Valdie" />
    </UnitTest>
    <UnitTest name="Digit_Apres_Decembre_1999_Correct" storage="c:\users\axinesis\desktop\ihm_base\axerror.test\bin\debug\axerror.test.dll" id="79e0f4ac-752d-6854-5869-d79798ecc5d8" xmlns="AxError.Test">
      <Execution id="7f07464d-4e53-4d08-9b1f-a90ae38f4d6e" xmlns="http://microsoft.com/schemas/VisualStudio/TeamTest/2010" />
      <TestMethod codeBase="C:\Users\Axinesis\Desktop\ihm_base\AxError.Test\bin\Debug\AxError.Test.dll" adapterTypeName="NUnitForVSTS.NUnitTest.NUnitTestAdapter, NUnitForVSTS.NUnitTest, Version=5.1.0.0, Culture=neutral, PublicKeyToken=null" className="AxError.Test.ErrorInterfaceTest" name="Digit_Apres_Decembre_1999_Correct" />
    </UnitTest>
    <UnitTest name="Poids_Trop_Grand" storage="c:\users\axinesis\desktop\ihm_base\axerror.test\bin\debug\axerror.test.dll" id="25abb7b9-1485-9596-f399-1468ba684cfa" xmlns="AxError.Test">
      <Execution id="addcf080-813e-4314-82d9-c6b9babb045a" xmlns="http://microsoft.com/schemas/VisualStudio/TeamTest/2010" />
      <TestMethod codeBase="C:\Users\Axinesis\Desktop\ihm_base\AxError.Test\bin\Debug\AxError.Test.dll" adapterTypeName="NUnitForVSTS.NUnitTest.NUnitTestAdapter, NUnitForVSTS.NUnitTest, Version=5.1.0.0, Culture=neutral, PublicKeyToken=null" className="AxError.Test.ErrorInterfaceTest" name="Poids_Trop_Grand" />
    </UnitTest>
    <UnitTest name="Admin_Dans_La_Bd" storage="c:\users\axinesis\desktop\ihm_base\axdata.test\bin\debug\axdata.test.dll" id="ee9a69f6-cf44-b467-cc2a-1e750c89a07f" xmlns="AxData.Test">
      <Execution id="1a3652a3-fc89-4cf2-95e8-a0117681c106" xmlns="http://microsoft.com/schemas/VisualStudio/TeamTest/2010" />
      <TestMethod codeBase="C:\Users\Axinesis\Desktop\ihm_base\AxData.Test\bin\Debug\AxData.Test.dll" adapterTypeName="NUnitForVSTS.NUnitTest.NUnitTestAdapter, NUnitForVSTS.NUnitTest, Version=5.1.0.0, Culture=neutral, PublicKeyToken=null" className="AxData.Test.DataTherapeuteTest" name="Admin_Dans_La_Bd" />
    </UnitTest>
    <UnitTest name="CalcSommeAbs_retourne_positif_quand_reponse_negative" storage="c:\users\axinesis\desktop\ihm_base\axanalyse.test\bin\debug\axanalyse.test.dll" id="23292fbe-adfa-993b-82f2-7c477d400857" xmlns="AxAnalyse.Test">
      <Execution id="840ca8a8-78fb-4a09-9aa7-8d05bbd0ef83" xmlns="http://microsoft.com/schemas/VisualStudio/TeamTest/2010" />
      <TestMethod codeBase="C:\Users\Axinesis\Desktop\ihm_base\AxAnalyse.Test\bin\Debug\AxAnalyse.Test.dll" adapterTypeName="NUnitForVSTS.NUnitTest.NUnitTestAdapter, NUnitForVSTS.NUnitTest, Version=5.1.0.0, Culture=neutral, PublicKeyToken=null" className="AxAnalyse.Test.AnalyseTest" name="CalcSommeAbs_retourne_positif_quand_reponse_negative" />
    </UnitTest>
    <UnitTest name="Deconnexion_Robot_Correcte" storage="c:\users\axinesis\desktop\ihm_base\axcommunication.test\bin\debug\axcommunication.test.dll" id="8786509f-e646-d735-fbae-09bb7ea9968d" xmlns="AxCommunication.Test">
      <Execution id="4314494a-897a-4e2e-90dd-0bea5a10a100" xmlns="http://microsoft.com/schemas/VisualStudio/TeamTest/2010" />
      <TestMethod codeBase="C:\Users\Axinesis\Desktop\ihm_base\AxCommunication.Test\bin\Debug\AxCommunication.Test.dll" adapterTypeName="NUnitForVSTS.NUnitTest.NUnitTestAdapter, NUnitForVSTS.NUnitTest, Version=5.1.0.0, Culture=neutral, PublicKeyToken=null" className="AxCommunication.Test.PortSerieTest" name="Deconnexion_Robot_Correcte" />
    </UnitTest>
    <UnitTest name="Erreur_FileNotFoundException_Bien_Traite" storage="c:\users\axinesis\desktop\ihm_base\axerror.test\bin\debug\axerror.test.dll" id="46f2fb7c-cbb5-3f4f-7fbb-54c6e13304f7" xmlns="AxError.Test">
      <Execution id="fde07aca-3285-4e4e-9f22-c893f362219e" xmlns="http://microsoft.com/schemas/VisualStudio/TeamTest/2010" />
      <TestMethod codeBase="C:\Users\Axinesis\Desktop\ihm_base\AxError.Test\bin\Debug\AxError.Test.dll" adapterTypeName="NUnitForVSTS.NUnitTest.NUnitTestAdapter, NUnitForVSTS.NUnitTest, Version=5.1.0.0, Culture=neutral, PublicKeyToken=null" className="AxError.Test.GestionErreurTest" name="Erreur_FileNotFoundException_Bien_Traite" />
    </UnitTest>
    <UnitTest name="Poids_Est_Valide" storage="c:\users\axinesis\desktop\ihm_base\axerror.test\bin\debug\axerror.test.dll" id="29643fec-276c-0215-f794-e8f805cfc972" xmlns="AxError.Test">
      <Execution id="0f2df383-2550-4a06-924a-8877bdb86d4d" xmlns="http://microsoft.com/schemas/VisualStudio/TeamTest/2010" />
      <TestMethod codeBase="C:\Users\Axinesis\Desktop\ihm_base\AxError.Test\bin\Debug\AxError.Test.dll" adapterTypeName="NUnitForVSTS.NUnitTest.NUnitTestAdapter, NUnitForVSTS.NUnitTest, Version=5.1.0.0, Culture=neutral, PublicKeyToken=null" className="AxError.Test.ErrorInterfaceTest" name="Poids_Est_Valide" />
    </UnitTest>
    <UnitTest name="Erreur_Robot_CanPassiveModeError_Bien_Traite" storage="c:\users\axinesis\desktop\ihm_base\axerror.test\bin\debug\axerror.test.dll" id="d70d4846-e790-2791-a7f6-aea47d197ce3" xmlns="AxError.Test">
      <Execution id="7d60db05-8837-464d-bb5e-ec6ec53e3cdc" xmlns="http://microsoft.com/schemas/VisualStudio/TeamTest/2010" />
      <TestMethod codeBase="C:\Users\Axinesis\Desktop\ihm_base\AxError.Test\bin\Debug\AxError.Test.dll" adapterTypeName="NUnitForVSTS.NUnitTest.NUnitTestAdapter, NUnitForVSTS.NUnitTest, Version=5.1.0.0, Culture=neutral, PublicKeyToken=null" className="AxError.Test.GestionErreurTest" name="Erreur_Robot_CanPassiveModeError_Bien_Traite" />
    </UnitTest>
    <UnitTest name="Erreur_Robot_CanPdoLengthError_Bien_Traite" storage="c:\users\axinesis\desktop\ihm_base\axerror.test\bin\debug\axerror.test.dll" id="16cba0ff-f17e-3157-2151-135da05c3b77" xmlns="AxError.Test">
      <Execution id="f44a85a8-e2cd-42b7-9c10-5572fae4332b" xmlns="http://microsoft.com/schemas/VisualStudio/TeamTest/2010" />
      <TestMethod codeBase="C:\Users\Axinesis\Desktop\ihm_base\AxError.Test\bin\Debug\AxError.Test.dll" adapterTypeName="NUnitForVSTS.NUnitTest.NUnitTestAdapter, NUnitForVSTS.NUnitTest, Version=5.1.0.0, Culture=neutral, PublicKeyToken=null" className="AxError.Test.GestionErreurTest" name="Erreur_Robot_CanPdoLengthError_Bien_Traite" />
    </UnitTest>
    <UnitTest name="Erreur_Robot_CanRxQueueOverflowError_Bien_Traite" storage="c:\users\axinesis\desktop\ihm_base\axerror.test\bin\debug\axerror.test.dll" id="4bc6e967-6d6d-55dc-5667-6491a42879ce" xmlns="AxError.Test">
      <Execution id="9c46bf2b-33fc-49c0-b5e6-5baa1ed1fbe5" xmlns="http://microsoft.com/schemas/VisualStudio/TeamTest/2010" />
      <TestMethod codeBase="C:\Users\Axinesis\Desktop\ihm_base\AxError.Test\bin\Debug\AxError.Test.dll" adapterTypeName="NUnitForVSTS.NUnitTest.NUnitTestAdapter, NUnitForVSTS.NUnitTest, Version=5.1.0.0, Culture=neutral, PublicKeyToken=null" className="AxError.Test.GestionErreurTest" name="Erreur_Robot_CanRxQueueOverflowError_Bien_Traite" />
    </UnitTest>
    <UnitTest name="Therapeute_Nom_Utilisateur_Obligatoire" storage="c:\users\axinesis\desktop\ihm_base\axdata.test\bin\debug\axdata.test.dll" id="d7da732c-fc15-83c6-835a-a08965ba8304" xmlns="AxData.Test">
      <Execution id="9a07dd9f-d7f4-46b4-9234-1ffbdbbf54f1" xmlns="http://microsoft.com/schemas/VisualStudio/TeamTest/2010" />
      <TestMethod codeBase="C:\Users\Axinesis\Desktop\ihm_base\AxData.Test\bin\Debug\AxData.Test.dll" adapterTypeName="NUnitForVSTS.NUnitTest.NUnitTestAdapter, NUnitForVSTS.NUnitTest, Version=5.1.0.0, Culture=neutral, PublicKeyToken=null" className="AxData.Test.DataTherapeuteTest" name="Therapeute_Nom_Utilisateur_Obligatoire" />
    </UnitTest>
    <UnitTest name="Erreur_SqlException_Autres_Num_Bien_Traite" storage="c:\users\axinesis\desktop\ihm_base\axerror.test\bin\debug\axerror.test.dll" id="93a6a4eb-88a4-190c-4984-549fd5627b92" xmlns="AxError.Test">
      <Execution id="335be26a-9d92-420c-ab33-80b30e8e5e9a" xmlns="http://microsoft.com/schemas/VisualStudio/TeamTest/2010" />
      <TestMethod codeBase="C:\Users\Axinesis\Desktop\ihm_base\AxError.Test\bin\Debug\AxError.Test.dll" adapterTypeName="NUnitForVSTS.NUnitTest.NUnitTestAdapter, NUnitForVSTS.NUnitTest, Version=5.1.0.0, Culture=neutral, PublicKeyToken=null" className="AxError.Test.GestionErreurTest" name="Erreur_SqlException_Autres_Num_Bien_Traite" />
    </UnitTest>
    <UnitTest name="Therapeute_Mot_De_Passe_Obligatoire" storage="c:\users\axinesis\desktop\ihm_base\axdata.test\bin\debug\axdata.test.dll" id="0e500537-d2d9-f5ab-8260-b5ce8dde6259" xmlns="AxData.Test">
      <Execution id="3f89a3ac-1efa-4443-a979-f6f63c40f79b" xmlns="http://microsoft.com/schemas/VisualStudio/TeamTest/2010" />
      <TestMethod codeBase="C:\Users\Axinesis\Desktop\ihm_base\AxData.Test\bin\Debug\AxData.Test.dll" adapterTypeName="NUnitForVSTS.NUnitTest.NUnitTestAdapter, NUnitForVSTS.NUnitTest, Version=5.1.0.0, Culture=neutral, PublicKeyToken=null" className="AxData.Test.DataTherapeuteTest" name="Therapeute_Mot_De_Passe_Obligatoire" />
    </UnitTest>
    <UnitTest name="Vitesse_Moyenne" storage="c:\users\axinesis\desktop\ihm_base\axanalyse.test\bin\debug\axanalyse.test.dll" id="d1e4e0aa-1b84-a4ad-c411-f5ed64c5a640" xmlns="AxAnalyse.Test">
      <Execution id="3cc946c5-64bb-497f-a603-442c9689c251" xmlns="http://microsoft.com/schemas/VisualStudio/TeamTest/2010" />
      <TestMethod codeBase="C:\Users\Axinesis\Desktop\ihm_base\AxAnalyse.Test\bin\Debug\AxAnalyse.Test.dll" adapterTypeName="NUnitForVSTS.NUnitTest.NUnitTestAdapter, NUnitForVSTS.NUnitTest, Version=5.1.0.0, Culture=neutral, PublicKeyToken=null" className="AxAnalyse.Test.AnalyseTest" name="Vitesse_Moyenne" />
    </UnitTest>
    <UnitTest name="Erreur_Robot_InterpolatedPositionModeError_Bien_Traite" storage="c:\users\axinesis\desktop\ihm_base\axerror.test\bin\debug\axerror.test.dll" id="10be6209-de22-6fa7-f60a-ee638c41144c" xmlns="AxError.Test">
      <Execution id="a7c2b76d-01f5-4bb8-8a65-f1245b354f86" xmlns="http://microsoft.com/schemas/VisualStudio/TeamTest/2010" />
      <TestMethod codeBase="C:\Users\Axinesis\Desktop\ihm_base\AxError.Test\bin\Debug\AxError.Test.dll" adapterTypeName="NUnitForVSTS.NUnitTest.NUnitTestAdapter, NUnitForVSTS.NUnitTest, Version=5.1.0.0, Culture=neutral, PublicKeyToken=null" className="AxError.Test.GestionErreurTest" name="Erreur_Robot_InterpolatedPositionModeError_Bien_Traite" />
    </UnitTest>
    <UnitTest name="Digit_Avant_Janvier_2000_Correct" storage="c:\users\axinesis\desktop\ihm_base\axerror.test\bin\debug\axerror.test.dll" id="4be11f3f-9c9b-c3c0-0181-9cf372e78a39" xmlns="AxError.Test">
      <Execution id="ff88b9b1-ccdc-4488-83a5-d3ccd1435e3f" xmlns="http://microsoft.com/schemas/VisualStudio/TeamTest/2010" />
      <TestMethod codeBase="C:\Users\Axinesis\Desktop\ihm_base\AxError.Test\bin\Debug\AxError.Test.dll" adapterTypeName="NUnitForVSTS.NUnitTest.NUnitTestAdapter, NUnitForVSTS.NUnitTest, Version=5.1.0.0, Culture=neutral, PublicKeyToken=null" className="AxError.Test.ErrorInterfaceTest" name="Digit_Avant_Janvier_2000_Correct" />
    </UnitTest>
    <UnitTest name="Patient_Sexe_Obligatoire" storage="c:\users\axinesis\desktop\ihm_base\axdata.test\bin\debug\axdata.test.dll" id="73ff9664-9e53-3c8b-c732-477aeaf16de3" xmlns="AxData.Test">
      <Execution id="527abb2e-a274-42bb-9ed1-7c79a29e55c8" xmlns="http://microsoft.com/schemas/VisualStudio/TeamTest/2010" />
      <TestMethod codeBase="C:\Users\Axinesis\Desktop\ihm_base\AxData.Test\bin\Debug\AxData.Test.dll" adapterTypeName="NUnitForVSTS.NUnitTest.NUnitTestAdapter, NUnitForVSTS.NUnitTest, Version=5.1.0.0, Culture=neutral, PublicKeyToken=null" className="AxData.Test.DataPatientTest" name="Patient_Sexe_Obligatoire" />
    </UnitTest>
    <UnitTest name="Erreur_Robot_HallSensorNotFoundError_Bien_Traite" storage="c:\users\axinesis\desktop\ihm_base\axerror.test\bin\debug\axerror.test.dll" id="eefbf66d-ed2c-e00b-7d18-b2f0db937ce7" xmlns="AxError.Test">
      <Execution id="14f98042-b44d-40c2-a022-7bdf87114fe3" xmlns="http://microsoft.com/schemas/VisualStudio/TeamTest/2010" />
      <TestMethod codeBase="C:\Users\Axinesis\Desktop\ihm_base\AxError.Test\bin\Debug\AxError.Test.dll" adapterTypeName="NUnitForVSTS.NUnitTest.NUnitTestAdapter, NUnitForVSTS.NUnitTest, Version=5.1.0.0, Culture=neutral, PublicKeyToken=null" className="AxError.Test.GestionErreurTest" name="Erreur_Robot_HallSensorNotFoundError_Bien_Traite" />
    </UnitTest>
    <UnitTest name="Erreur_Robot_CanTxQueueOverflowError_Bien_Traite" storage="c:\users\axinesis\desktop\ihm_base\axerror.test\bin\debug\axerror.test.dll" id="5e7d6af5-64cc-1804-ddd0-8cb7d33a7c25" xmlns="AxError.Test">
      <Execution id="ac085ae6-d390-4ce5-9f30-a8f1fe709559" xmlns="http://microsoft.com/schemas/VisualStudio/TeamTest/2010" />
      <TestMethod codeBase="C:\Users\Axinesis\Desktop\ihm_base\AxError.Test\bin\Debug\AxError.Test.dll" adapterTypeName="NUnitForVSTS.NUnitTest.NUnitTestAdapter, NUnitForVSTS.NUnitTest, Version=5.1.0.0, Culture=neutral, PublicKeyToken=null" className="AxError.Test.GestionErreurTest" name="Erreur_Robot_CanTxQueueOverflowError_Bien_Traite" />
    </UnitTest>
    <UnitTest name="Patient_Nom_Obligatoire" storage="c:\users\axinesis\desktop\ihm_base\axdata.test\bin\debug\axdata.test.dll" id="5f4e818c-59f5-ec74-a477-f33dd5087204" xmlns="AxData.Test">
      <Execution id="2f837949-8be9-4909-b795-1376f3c70a62" xmlns="http://microsoft.com/schemas/VisualStudio/TeamTest/2010" />
      <TestMethod codeBase="C:\Users\Axinesis\Desktop\ihm_base\AxData.Test\bin\Debug\AxData.Test.dll" adapterTypeName="NUnitForVSTS.NUnitTest.NUnitTestAdapter, NUnitForVSTS.NUnitTest, Version=5.1.0.0, Culture=neutral, PublicKeyToken=null" className="AxData.Test.DataPatientTest" name="Patient_Nom_Obligatoire" />
    </UnitTest>
    <UnitTest name="Jeu_Doit_Etre_Type_Jeu_Avec_Bon_Theme_Expert" storage="c:\users\axinesis\desktop\ihm_base\axexercicegenerator.test\bin\debug\axexercicegenerator.test.dll" id="9f809847-62e4-7ae9-163a-caf99776f5c1" xmlns="AxExerciceGenerator.Test">
      <Execution id="b0eb227e-0200-472d-a126-0a6cea2b6ca4" xmlns="http://microsoft.com/schemas/VisualStudio/TeamTest/2010" />
      <TestMethod codeBase="C:\Users\Axinesis\Desktop\ihm_base\AxExerciceGenerator.Test\bin\Debug\AxExerciceGenerator.Test.dll" adapterTypeName="NUnitForVSTS.NUnitTest.NUnitTestAdapter, NUnitForVSTS.NUnitTest, Version=5.1.0.0, Culture=neutral, PublicKeyToken=null" className="AxExerciceGenerator.Test.ExerciceGeneratorTest" name="Jeu_Doit_Etre_Type_Jeu_Avec_Bon_Theme_Expert" />
    </UnitTest>
    <UnitTest name="Erreur_Robot_CanOverrunErrorObjectsLost_Bien_Traite" storage="c:\users\axinesis\desktop\ihm_base\axerror.test\bin\debug\axerror.test.dll" id="b327e7c1-b25a-ea16-5827-7059ea867750" xmlns="AxError.Test">
      <Execution id="667f445a-e439-4d12-abf9-cda011e17703" xmlns="http://microsoft.com/schemas/VisualStudio/TeamTest/2010" />
      <TestMethod codeBase="C:\Users\Axinesis\Desktop\ihm_base\AxError.Test\bin\Debug\AxError.Test.dll" adapterTypeName="NUnitForVSTS.NUnitTest.NUnitTestAdapter, NUnitForVSTS.NUnitTest, Version=5.1.0.0, Culture=neutral, PublicKeyToken=null" className="AxError.Test.GestionErreurTest" name="Erreur_Robot_CanOverrunErrorObjectsLost_Bien_Traite" />
    </UnitTest>
    <UnitTest name="Taille_Est_Valide" storage="c:\users\axinesis\desktop\ihm_base\axerror.test\bin\debug\axerror.test.dll" id="a844c7b5-b6b2-c536-6130-0a3921ce9bd8" xmlns="AxError.Test">
      <Execution id="b8f3aaad-1a6d-4dd4-90ef-06bcef4554ff" xmlns="http://microsoft.com/schemas/VisualStudio/TeamTest/2010" />
      <TestMethod codeBase="C:\Users\Axinesis\Desktop\ihm_base\AxError.Test\bin\Debug\AxError.Test.dll" adapterTypeName="NUnitForVSTS.NUnitTest.NUnitTestAdapter, NUnitForVSTS.NUnitTest, Version=5.1.0.0, Culture=neutral, PublicKeyToken=null" className="AxError.Test.ErrorInterfaceTest" name="Taille_Est_Valide" />
    </UnitTest>
    <UnitTest name="Exercice_Doit_Etre_Type_Carre_Sans_Theme" storage="c:\users\axinesis\desktop\ihm_base\axexercicegenerator.test\bin\debug\axexercicegenerator.test.dll" id="3be5bb77-d5a9-c355-1514-f9619c4abc76" xmlns="AxExerciceGenerator.Test">
      <Execution id="25164a94-f748-4589-a396-29a3e35e8efb" xmlns="http://microsoft.com/schemas/VisualStudio/TeamTest/2010" />
      <TestMethod codeBase="C:\Users\Axinesis\Desktop\ihm_base\AxExerciceGenerator.Test\bin\Debug\AxExerciceGenerator.Test.dll" adapterTypeName="NUnitForVSTS.NUnitTest.NUnitTestAdapter, NUnitForVSTS.NUnitTest, Version=5.1.0.0, Culture=neutral, PublicKeyToken=null" className="AxExerciceGenerator.Test.ExerciceGeneratorTest" name="Exercice_Doit_Etre_Type_Carre_Sans_Theme" />
    </UnitTest>
    <UnitTest name="Therapeute_Nom_Valide" storage="c:\users\axinesis\desktop\ihm_base\axdata.test\bin\debug\axdata.test.dll" id="7a5257a4-6838-27e7-097e-fee1f1076112" xmlns="AxData.Test">
      <Execution id="f28db618-68cb-4e57-964e-75b33b2e434a" xmlns="http://microsoft.com/schemas/VisualStudio/TeamTest/2010" />
      <TestMethod codeBase="C:\Users\Axinesis\Desktop\ihm_base\AxData.Test\bin\Debug\AxData.Test.dll" adapterTypeName="NUnitForVSTS.NUnitTest.NUnitTestAdapter, NUnitForVSTS.NUnitTest, Version=5.1.0.0, Culture=neutral, PublicKeyToken=null" className="AxData.Test.DataTherapeuteTest" name="Therapeute_Nom_Valide" />
    </UnitTest>
    <UnitTest name="Erreur_WrongSerialPortException_Bien_Traite" storage="c:\users\axinesis\desktop\ihm_base\axerror.test\bin\debug\axerror.test.dll" id="99f400bb-0ada-6022-1c6a-8a51a33a69ad" xmlns="AxError.Test">
      <Execution id="f9d99ea0-94ce-45ea-b2c4-235c4bb90344" xmlns="http://microsoft.com/schemas/VisualStudio/TeamTest/2010" />
      <TestMethod codeBase="C:\Users\Axinesis\Desktop\ihm_base\AxError.Test\bin\Debug\AxError.Test.dll" adapterTypeName="NUnitForVSTS.NUnitTest.NUnitTestAdapter, NUnitForVSTS.NUnitTest, Version=5.1.0.0, Culture=neutral, PublicKeyToken=null" className="AxError.Test.GestionErreurTest" name="Erreur_WrongSerialPortException_Bien_Traite" />
    </UnitTest>
    <UnitTest name="Erreur_Robot_FollowingError_Bien_Traite" storage="c:\users\axinesis\desktop\ihm_base\axerror.test\bin\debug\axerror.test.dll" id="2e360870-3d74-91af-79e4-be8d529dd362" xmlns="AxError.Test">
      <Execution id="b6206eb3-95b0-4f95-876f-6b6d2fd5509c" xmlns="http://microsoft.com/schemas/VisualStudio/TeamTest/2010" />
      <TestMethod codeBase="C:\Users\Axinesis\Desktop\ihm_base\AxError.Test\bin\Debug\AxError.Test.dll" adapterTypeName="NUnitForVSTS.NUnitTest.NUnitTestAdapter, NUnitForVSTS.NUnitTest, Version=5.1.0.0, Culture=neutral, PublicKeyToken=null" className="AxError.Test.GestionErreurTest" name="Erreur_Robot_FollowingError_Bien_Traite" />
    </UnitTest>
    <UnitTest name="Erreur_Robot_AutoTuningIdentificationError_Bien_Traite" storage="c:\users\axinesis\desktop\ihm_base\axerror.test\bin\debug\axerror.test.dll" id="e0898479-7725-95c5-c9c2-c8ebc6704474" xmlns="AxError.Test">
      <Execution id="ae610c1b-03d2-4a8a-9c89-bbf9af0c8805" xmlns="http://microsoft.com/schemas/VisualStudio/TeamTest/2010" />
      <TestMethod codeBase="C:\Users\Axinesis\Desktop\ihm_base\AxError.Test\bin\Debug\AxError.Test.dll" adapterTypeName="NUnitForVSTS.NUnitTest.NUnitTestAdapter, NUnitForVSTS.NUnitTest, Version=5.1.0.0, Culture=neutral, PublicKeyToken=null" className="AxError.Test.GestionErreurTest" name="Erreur_Robot_AutoTuningIdentificationError_Bien_Traite" />
    </UnitTest>
    <UnitTest name="Therapeute_Doit_Etre_Admin" storage="c:\users\axinesis\desktop\ihm_base\axdata.test\bin\debug\axdata.test.dll" id="8df30bf8-76cd-877b-8f7e-5c4d83da39af" xmlns="AxData.Test">
      <Execution id="4dd2e98e-a55e-48a5-9bc7-7300e295289e" xmlns="http://microsoft.com/schemas/VisualStudio/TeamTest/2010" />
      <TestMethod codeBase="C:\Users\Axinesis\Desktop\ihm_base\AxData.Test\bin\Debug\AxData.Test.dll" adapterTypeName="NUnitForVSTS.NUnitTest.NUnitTestAdapter, NUnitForVSTS.NUnitTest, Version=5.1.0.0, Culture=neutral, PublicKeyToken=null" className="AxData.Test.DataTherapeuteTest" name="Therapeute_Doit_Etre_Admin" />
    </UnitTest>
    <UnitTest name="Exercice_Doit_Etre_Type_FreeAmpl_Avec_Theme" storage="c:\users\axinesis\desktop\ihm_base\axexercicegenerator.test\bin\debug\axexercicegenerator.test.dll" id="a1966c6a-89d2-337f-4636-dc1c68800169" xmlns="AxExerciceGenerator.Test">
      <Execution id="5164dafb-d91c-4e65-abee-2bd6bf990b84" xmlns="http://microsoft.com/schemas/VisualStudio/TeamTest/2010" />
      <TestMethod codeBase="C:\Users\Axinesis\Desktop\ihm_base\AxExerciceGenerator.Test\bin\Debug\AxExerciceGenerator.Test.dll" adapterTypeName="NUnitForVSTS.NUnitTest.NUnitTestAdapter, NUnitForVSTS.NUnitTest, Version=5.1.0.0, Culture=neutral, PublicKeyToken=null" className="AxExerciceGenerator.Test.ExerciceGeneratorTest" name="Exercice_Doit_Etre_Type_FreeAmpl_Avec_Theme" />
    </UnitTest>
    <UnitTest name="Quitter_Exercice_En_Cours_Oui_Vers_HomeViewModel" storage="c:\users\axinesis\desktop\ihm_base\axnavigation.test\bin\debug\axnavigation.test.dll" id="432be06a-e2a8-0624-2aba-809b91f8a164" xmlns="AxNavigation.Test">
      <Execution id="85eea755-b35b-428f-87a6-7dc0ee1656f0" xmlns="http://microsoft.com/schemas/VisualStudio/TeamTest/2010" />
      <TestMethod codeBase="C:\Users\Axinesis\Desktop\ihm_base\AxNavigation.Test\bin\Debug\AxNavigation.Test.dll" adapterTypeName="NUnitForVSTS.NUnitTest.NUnitTestAdapter, NUnitForVSTS.NUnitTest, Version=5.1.0.0, Culture=neutral, PublicKeyToken=null" className="AxNavigation.Test.NavigationVisualisationViewModelTest" name="Quitter_Exercice_En_Cours_Oui_Vers_HomeViewModel" />
    </UnitTest>
    <UnitTest name="Erreur_Robot_EncoderResolutionError_Bien_Traite" storage="c:\users\axinesis\desktop\ihm_base\axerror.test\bin\debug\axerror.test.dll" id="f6381e6b-e08a-f44f-1c2d-4a4e13a50dfd" xmlns="AxError.Test">
      <Execution id="50e822ed-485e-4fa6-8d2b-d072a3b9a6ca" xmlns="http://microsoft.com/schemas/VisualStudio/TeamTest/2010" />
      <TestMethod codeBase="C:\Users\Axinesis\Desktop\ihm_base\AxError.Test\bin\Debug\AxError.Test.dll" adapterTypeName="NUnitForVSTS.NUnitTest.NUnitTestAdapter, NUnitForVSTS.NUnitTest, Version=5.1.0.0, Culture=neutral, PublicKeyToken=null" className="AxError.Test.GestionErreurTest" name="Erreur_Robot_EncoderResolutionError_Bien_Traite" />
    </UnitTest>
    <UnitTest name="Therapeute_Prenom_Valide" storage="c:\users\axinesis\desktop\ihm_base\axdata.test\bin\debug\axdata.test.dll" id="35595230-5bd0-ff18-4c33-6a82b4105ca2" xmlns="AxData.Test">
      <Execution id="0f1becdb-f8bb-46b2-af2e-62ec122ac0be" xmlns="http://microsoft.com/schemas/VisualStudio/TeamTest/2010" />
      <TestMethod codeBase="C:\Users\Axinesis\Desktop\ihm_base\AxData.Test\bin\Debug\AxData.Test.dll" adapterTypeName="NUnitForVSTS.NUnitTest.NUnitTestAdapter, NUnitForVSTS.NUnitTest, Version=5.1.0.0, Culture=neutral, PublicKeyToken=null" className="AxData.Test.DataTherapeuteTest" name="Therapeute_Prenom_Valide" />
    </UnitTest>
    <UnitTest name="Erreur_Robot_SupplyVoltageOutputStageTooLow_Bien_Traite" storage="c:\users\axinesis\desktop\ihm_base\axerror.test\bin\debug\axerror.test.dll" id="0d760264-1fec-2999-c240-365c64ffbe15" xmlns="AxError.Test">
      <Execution id="4d936b4f-6c81-48dc-839b-23c4e4c65500" xmlns="http://microsoft.com/schemas/VisualStudio/TeamTest/2010" />
      <TestMethod codeBase="C:\Users\Axinesis\Desktop\ihm_base\AxError.Test\bin\Debug\AxError.Test.dll" adapterTypeName="NUnitForVSTS.NUnitTest.NUnitTestAdapter, NUnitForVSTS.NUnitTest, Version=5.1.0.0, Culture=neutral, PublicKeyToken=null" className="AxError.Test.GestionErreurTest" name="Erreur_Robot_SupplyVoltageOutputStageTooLow_Bien_Traite" />
    </UnitTest>
    <UnitTest name="Therapeute_Login_Mdp_Doivent_Etre_Rempli" storage="c:\users\axinesis\desktop\ihm_base\axdata.test\bin\debug\axdata.test.dll" id="354fc1a4-174b-33c4-c868-90f05d831a1a" xmlns="AxData.Test">
      <Execution id="7b34d82a-d68c-4b44-a70e-6bf015d92bfe" xmlns="http://microsoft.com/schemas/VisualStudio/TeamTest/2010" />
      <TestMethod codeBase="C:\Users\Axinesis\Desktop\ihm_base\AxData.Test\bin\Debug\AxData.Test.dll" adapterTypeName="NUnitForVSTS.NUnitTest.NUnitTestAdapter, NUnitForVSTS.NUnitTest, Version=5.1.0.0, Culture=neutral, PublicKeyToken=null" className="AxData.Test.DataTherapeuteTest" name="Therapeute_Login_Mdp_Doivent_Etre_Rempli" />
    </UnitTest>
    <UnitTest name="Erreur_Robot_OvercurrentError_Bien_Traite" storage="c:\users\axinesis\desktop\ihm_base\axerror.test\bin\debug\axerror.test.dll" id="4ff74c24-6e9b-810e-a11a-0426b9c06e93" xmlns="AxError.Test">
      <Execution id="1a4d7722-e468-4f2a-a557-017ae57a440f" xmlns="http://microsoft.com/schemas/VisualStudio/TeamTest/2010" />
      <TestMethod codeBase="C:\Users\Axinesis\Desktop\ihm_base\AxError.Test\bin\Debug\AxError.Test.dll" adapterTypeName="NUnitForVSTS.NUnitTest.NUnitTestAdapter, NUnitForVSTS.NUnitTest, Version=5.1.0.0, Culture=neutral, PublicKeyToken=null" className="AxError.Test.GestionErreurTest" name="Erreur_Robot_OvercurrentError_Bien_Traite" />
    </UnitTest>
    <UnitTest name="Patient_Prenom_Est_Valide" storage="c:\users\axinesis\desktop\ihm_base\axerror.test\bin\debug\axerror.test.dll" id="ee85c135-d168-c271-408c-240e4713e404" xmlns="AxError.Test">
      <Execution id="ceaeaf87-71ef-4776-954a-56c997d974c7" xmlns="http://microsoft.com/schemas/VisualStudio/TeamTest/2010" />
      <TestMethod codeBase="C:\Users\Axinesis\Desktop\ihm_base\AxError.Test\bin\Debug\AxError.Test.dll" adapterTypeName="NUnitForVSTS.NUnitTest.NUnitTestAdapter, NUnitForVSTS.NUnitTest, Version=5.1.0.0, Culture=neutral, PublicKeyToken=null" className="AxError.Test.ErrorInterfaceTest" name="Patient_Prenom_Est_Valide" />
    </UnitTest>
    <UnitTest name="Distance_Entre_Plusieur_Points" storage="c:\users\axinesis\desktop\ihm_base\axanalyse.test\bin\debug\axanalyse.test.dll" id="c5df75b3-144c-2597-17e1-ed5cf6d153e4" xmlns="AxAnalyse.Test">
      <Execution id="24ad87f9-63e8-43e1-ae65-949146273722" xmlns="http://microsoft.com/schemas/VisualStudio/TeamTest/2010" />
      <TestMethod codeBase="C:\Users\Axinesis\Desktop\ihm_base\AxAnalyse.Test\bin\Debug\AxAnalyse.Test.dll" adapterTypeName="NUnitForVSTS.NUnitTest.NUnitTestAdapter, NUnitForVSTS.NUnitTest, Version=5.1.0.0, Culture=neutral, PublicKeyToken=null" className="AxAnalyse.Test.AnalyseTest" name="Distance_Entre_Plusieur_Points" />
    </UnitTest>
    <UnitTest name="Patient_ID2_Obligatoire" storage="c:\users\axinesis\desktop\ihm_base\axdata.test\bin\debug\axdata.test.dll" id="8ba1fb0e-b6e5-ffa6-335a-2d325b6a0e71" xmlns="AxData.Test">
      <Execution id="c8512bfa-9487-4bd1-8afd-9140517e3a1a" xmlns="http://microsoft.com/schemas/VisualStudio/TeamTest/2010" />
      <TestMethod codeBase="C:\Users\Axinesis\Desktop\ihm_base\AxData.Test\bin\Debug\AxData.Test.dll" adapterTypeName="NUnitForVSTS.NUnitTest.NUnitTestAdapter, NUnitForVSTS.NUnitTest, Version=5.1.0.0, Culture=neutral, PublicKeyToken=null" className="AxData.Test.DataPatientTest" name="Patient_ID2_Obligatoire" />
    </UnitTest>
    <UnitTest name="Patient_Bien_Supprime" storage="c:\users\axinesis\desktop\ihm_base\axdata.test\bin\debug\axdata.test.dll" id="2773513e-6b8c-7f26-cda7-ed323f58b406" xmlns="AxData.Test">
      <Execution id="0426ff37-d4b8-43e8-b2dc-bcd8249c4ce2" xmlns="http://microsoft.com/schemas/VisualStudio/TeamTest/2010" />
      <TestMethod codeBase="C:\Users\Axinesis\Desktop\ihm_base\AxData.Test\bin\Debug\AxData.Test.dll" adapterTypeName="NUnitForVSTS.NUnitTest.NUnitTestAdapter, NUnitForVSTS.NUnitTest, Version=5.1.0.0, Culture=neutral, PublicKeyToken=null" className="AxData.Test.DataPatientTest" name="Patient_Bien_Supprime" />
    </UnitTest>
    <UnitTest name="Bonne_Date_Patient_Trouve" storage="c:\users\axinesis\desktop\ihm_base\axdata.test\bin\debug\axdata.test.dll" id="9a9c9aca-748b-bfa8-d869-cf515d3be60d" xmlns="AxData.Test">
      <Execution id="7ef3c3a3-570a-47ff-80df-2b58dda934f8" xmlns="http://microsoft.com/schemas/VisualStudio/TeamTest/2010" />
      <TestMethod codeBase="C:\Users\Axinesis\Desktop\ihm_base\AxData.Test\bin\Debug\AxData.Test.dll" adapterTypeName="NUnitForVSTS.NUnitTest.NUnitTestAdapter, NUnitForVSTS.NUnitTest, Version=5.1.0.0, Culture=neutral, PublicKeyToken=null" className="AxData.Test.DataPatientTest" name="Bonne_Date_Patient_Trouve" />
    </UnitTest>
    <UnitTest name="Digit_Apres_Decembre_1999_Mauvais" storage="c:\users\axinesis\desktop\ihm_base\axerror.test\bin\debug\axerror.test.dll" id="801619e0-4c6a-c192-158c-5c744706c07f" xmlns="AxError.Test">
      <Execution id="bc364745-512c-4738-8b1d-5a92c49200c3" xmlns="http://microsoft.com/schemas/VisualStudio/TeamTest/2010" />
      <TestMethod codeBase="C:\Users\Axinesis\Desktop\ihm_base\AxError.Test\bin\Debug\AxError.Test.dll" adapterTypeName="NUnitForVSTS.NUnitTest.NUnitTestAdapter, NUnitForVSTS.NUnitTest, Version=5.1.0.0, Culture=neutral, PublicKeyToken=null" className="AxError.Test.ErrorInterfaceTest" name="Digit_Apres_Decembre_1999_Mauvais" />
    </UnitTest>
    <UnitTest name="Erreur_SqlException_Num2_Bien_Traite" storage="c:\users\axinesis\desktop\ihm_base\axerror.test\bin\debug\axerror.test.dll" id="9675d6c5-a9f0-d1b1-dc83-f2159bbe4e61" xmlns="AxError.Test">
      <Execution id="8a54babe-489f-4695-a718-4d75d11abb91" xmlns="http://microsoft.com/schemas/VisualStudio/TeamTest/2010" />
      <TestMethod codeBase="C:\Users\Axinesis\Desktop\ihm_base\AxError.Test\bin\Debug\AxError.Test.dll" adapterTypeName="NUnitForVSTS.NUnitTest.NUnitTestAdapter, NUnitForVSTS.NUnitTest, Version=5.1.0.0, Culture=neutral, PublicKeyToken=null" className="AxError.Test.GestionErreurTest" name="Erreur_SqlException_Num2_Bien_Traite" />
    </UnitTest>
    <UnitTest name="DecoThérapeute_Oui_Vers_ConnexionTherapeuteViewModel" storage="c:\users\axinesis\desktop\ihm_base\axnavigation.test\bin\debug\axnavigation.test.dll" id="e2a9821c-c720-fc4f-49a9-2e55aa444d68" xmlns="AxNavigation.Test">
      <Execution id="8fcb30cc-770f-4580-b348-a03832e8f15f" xmlns="http://microsoft.com/schemas/VisualStudio/TeamTest/2010" />
      <TestMethod codeBase="C:\Users\Axinesis\Desktop\ihm_base\AxNavigation.Test\bin\Debug\AxNavigation.Test.dll" adapterTypeName="NUnitForVSTS.NUnitTest.NUnitTestAdapter, NUnitForVSTS.NUnitTest, Version=5.1.0.0, Culture=neutral, PublicKeyToken=null" className="AxNavigation.Test.NavigationHomeViewModelTest" name="DecoThérapeute_Oui_Vers_ConnexionTherapeuteViewModel" />
    </UnitTest>
    <UnitTest name="Erreur_Robot_SoftwareParameterError_Bien_Traite" storage="c:\users\axinesis\desktop\ihm_base\axerror.test\bin\debug\axerror.test.dll" id="0929b123-960f-6dfd-d048-b9956810fb4f" xmlns="AxError.Test">
      <Execution id="b52dee8d-a9ed-413e-8429-6095c6db9469" xmlns="http://microsoft.com/schemas/VisualStudio/TeamTest/2010" />
      <TestMethod codeBase="C:\Users\Axinesis\Desktop\ihm_base\AxError.Test\bin\Debug\AxError.Test.dll" adapterTypeName="NUnitForVSTS.NUnitTest.NUnitTestAdapter, NUnitForVSTS.NUnitTest, Version=5.1.0.0, Culture=neutral, PublicKeyToken=null" className="AxError.Test.GestionErreurTest" name="Erreur_Robot_SoftwareParameterError_Bien_Traite" />
    </UnitTest>
    <UnitTest name="Therapeute_Confirmation_Mot_De_Passe" storage="c:\users\axinesis\desktop\ihm_base\axdata.test\bin\debug\axdata.test.dll" id="a2846e84-e29a-ac6f-f43c-d07bf54453dd" xmlns="AxData.Test">
      <Execution id="9374b7ad-9acf-4e37-b5cd-804447d11240" xmlns="http://microsoft.com/schemas/VisualStudio/TeamTest/2010" />
      <TestMethod codeBase="C:\Users\Axinesis\Desktop\ihm_base\AxData.Test\bin\Debug\AxData.Test.dll" adapterTypeName="NUnitForVSTS.NUnitTest.NUnitTestAdapter, NUnitForVSTS.NUnitTest, Version=5.1.0.0, Culture=neutral, PublicKeyToken=null" className="AxData.Test.DataTherapeuteTest" name="Therapeute_Confirmation_Mot_De_Passe" />
    </UnitTest>
    <UnitTest name="Erreur_Robot_MainSensorDirectionError_Bien_Traite" storage="c:\users\axinesis\desktop\ihm_base\axerror.test\bin\debug\axerror.test.dll" id="e1a4c390-c5f8-439f-c92b-f2ca8aad4a6c" xmlns="AxError.Test">
      <Execution id="b613d11a-45f4-475e-8588-a8d1d24d336b" xmlns="http://microsoft.com/schemas/VisualStudio/TeamTest/2010" />
      <TestMethod codeBase="C:\Users\Axinesis\Desktop\ihm_base\AxError.Test\bin\Debug\AxError.Test.dll" adapterTypeName="NUnitForVSTS.NUnitTest.NUnitTestAdapter, NUnitForVSTS.NUnitTest, Version=5.1.0.0, Culture=neutral, PublicKeyToken=null" className="AxError.Test.GestionErreurTest" name="Erreur_Robot_MainSensorDirectionError_Bien_Traite" />
    </UnitTest>
    <UnitTest name="Bon_Nom_Patient_Trouve" storage="c:\users\axinesis\desktop\ihm_base\axdata.test\bin\debug\axdata.test.dll" id="caa48818-36b7-d70b-1070-130edd123aaf" xmlns="AxData.Test">
      <Execution id="48b4b2ed-515d-41df-b274-4ded3ed818be" xmlns="http://microsoft.com/schemas/VisualStudio/TeamTest/2010" />
      <TestMethod codeBase="C:\Users\Axinesis\Desktop\ihm_base\AxData.Test\bin\Debug\AxData.Test.dll" adapterTypeName="NUnitForVSTS.NUnitTest.NUnitTestAdapter, NUnitForVSTS.NUnitTest, Version=5.1.0.0, Culture=neutral, PublicKeyToken=null" className="AxData.Test.DataPatientTest" name="Bon_Nom_Patient_Trouve" />
    </UnitTest>
    <UnitTest name="Exercice_Doit_Etre_Type_Cercle_Avec_Theme" storage="c:\users\axinesis\desktop\ihm_base\axexercicegenerator.test\bin\debug\axexercicegenerator.test.dll" id="e58b710a-1d4f-3221-e978-e68b6b040c54" xmlns="AxExerciceGenerator.Test">
      <Execution id="83df6175-906b-4e46-9c7f-c042ee1d53e6" xmlns="http://microsoft.com/schemas/VisualStudio/TeamTest/2010" />
      <TestMethod codeBase="C:\Users\Axinesis\Desktop\ihm_base\AxExerciceGenerator.Test\bin\Debug\AxExerciceGenerator.Test.dll" adapterTypeName="NUnitForVSTS.NUnitTest.NUnitTestAdapter, NUnitForVSTS.NUnitTest, Version=5.1.0.0, Culture=neutral, PublicKeyToken=null" className="AxExerciceGenerator.Test.ExerciceGeneratorTest" name="Exercice_Doit_Etre_Type_Cercle_Avec_Theme" />
    </UnitTest>
    <UnitTest name="Admin_Pas_Dans_La_Bd" storage="c:\users\axinesis\desktop\ihm_base\axdata.test\bin\debug\axdata.test.dll" id="c9cc9895-7dba-ba49-7119-f12ee348cb8e" xmlns="AxData.Test">
      <Execution id="65e901ba-d545-464e-b0b2-17a9bcffe7ff" xmlns="http://microsoft.com/schemas/VisualStudio/TeamTest/2010" />
      <TestMethod codeBase="C:\Users\Axinesis\Desktop\ihm_base\AxData.Test\bin\Debug\AxData.Test.dll" adapterTypeName="NUnitForVSTS.NUnitTest.NUnitTestAdapter, NUnitForVSTS.NUnitTest, Version=5.1.0.0, Culture=neutral, PublicKeyToken=null" className="AxData.Test.DataTherapeuteTest" name="Admin_Pas_Dans_La_Bd" />
    </UnitTest>
    <UnitTest name="Erreur_Robot_IndexProcessingError_Bien_Traite" storage="c:\users\axinesis\desktop\ihm_base\axerror.test\bin\debug\axerror.test.dll" id="6e7616cc-f5c3-4e0a-2f74-0b9986d66ed0" xmlns="AxError.Test">
      <Execution id="cdb6c1ad-ad27-4354-8c57-b7526a95df4e" xmlns="http://microsoft.com/schemas/VisualStudio/TeamTest/2010" />
      <TestMethod codeBase="C:\Users\Axinesis\Desktop\ihm_base\AxError.Test\bin\Debug\AxError.Test.dll" adapterTypeName="NUnitForVSTS.NUnitTest.NUnitTestAdapter, NUnitForVSTS.NUnitTest, Version=5.1.0.0, Culture=neutral, PublicKeyToken=null" className="AxError.Test.GestionErreurTest" name="Erreur_Robot_IndexProcessingError_Bien_Traite" />
    </UnitTest>
    <UnitTest name="Exercice_Doit_Etre_Type_Target_Sans_Theme" storage="c:\users\axinesis\desktop\ihm_base\axexercicegenerator.test\bin\debug\axexercicegenerator.test.dll" id="470df629-581f-d9c4-ed6e-8910f13ce6a2" xmlns="AxExerciceGenerator.Test">
      <Execution id="2e643f43-039f-4f05-b130-a083e9ce1a7f" xmlns="http://microsoft.com/schemas/VisualStudio/TeamTest/2010" />
      <TestMethod codeBase="C:\Users\Axinesis\Desktop\ihm_base\AxExerciceGenerator.Test\bin\Debug\AxExerciceGenerator.Test.dll" adapterTypeName="NUnitForVSTS.NUnitTest.NUnitTestAdapter, NUnitForVSTS.NUnitTest, Version=5.1.0.0, Culture=neutral, PublicKeyToken=null" className="AxExerciceGenerator.Test.ExerciceGeneratorTest" name="Exercice_Doit_Etre_Type_Target_Sans_Theme" />
    </UnitTest>
    <UnitTest name="Erreur_Robot_CanTransmitCobIdCollisionError_Bien_Traite" storage="c:\users\axinesis\desktop\ihm_base\axerror.test\bin\debug\axerror.test.dll" id="92017067-14ad-573f-0247-6612b560f178" xmlns="AxError.Test">
      <Execution id="511ccb02-c99c-4edc-b857-723ef33eff8a" xmlns="http://microsoft.com/schemas/VisualStudio/TeamTest/2010" />
      <TestMethod codeBase="C:\Users\Axinesis\Desktop\ihm_base\AxError.Test\bin\Debug\AxError.Test.dll" adapterTypeName="NUnitForVSTS.NUnitTest.NUnitTestAdapter, NUnitForVSTS.NUnitTest, Version=5.1.0.0, Culture=neutral, PublicKeyToken=null" className="AxError.Test.GestionErreurTest" name="Erreur_Robot_CanTransmitCobIdCollisionError_Bien_Traite" />
    </UnitTest>
    <UnitTest name="Distance_Entre_Deux_Points_Positive" storage="c:\users\axinesis\desktop\ihm_base\axanalyse.test\bin\debug\axanalyse.test.dll" id="c3232def-6f8e-d276-40a2-3789adf7a7e8" xmlns="AxAnalyse.Test">
      <Execution id="48144ef2-9ece-4b86-b7df-78be3d024eea" xmlns="http://microsoft.com/schemas/VisualStudio/TeamTest/2010" />
      <TestMethod codeBase="C:\Users\Axinesis\Desktop\ihm_base\AxAnalyse.Test\bin\Debug\AxAnalyse.Test.dll" adapterTypeName="NUnitForVSTS.NUnitTest.NUnitTestAdapter, NUnitForVSTS.NUnitTest, Version=5.1.0.0, Culture=neutral, PublicKeyToken=null" className="AxAnalyse.Test.AnalyseTest" name="Distance_Entre_Deux_Points_Positive" />
    </UnitTest>
    <UnitTest name="Erreur_Robot_AuxiliarySensorDirectionError_Bien_Traite" storage="c:\users\axinesis\desktop\ihm_base\axerror.test\bin\debug\axerror.test.dll" id="dd92dc7b-d098-851b-826a-9944e389e494" xmlns="AxError.Test">
      <Execution id="d1e0d9a5-1e40-43a0-895d-48b8cd31cfe1" xmlns="http://microsoft.com/schemas/VisualStudio/TeamTest/2010" />
      <TestMethod codeBase="C:\Users\Axinesis\Desktop\ihm_base\AxError.Test\bin\Debug\AxError.Test.dll" adapterTypeName="NUnitForVSTS.NUnitTest.NUnitTestAdapter, NUnitForVSTS.NUnitTest, Version=5.1.0.0, Culture=neutral, PublicKeyToken=null" className="AxError.Test.GestionErreurTest" name="Erreur_Robot_AuxiliarySensorDirectionError_Bien_Traite" />
    </UnitTest>
    <UnitTest name="Exercice_Doit_Etre_Type_FreeAmpl_Sans_Theme" storage="c:\users\axinesis\desktop\ihm_base\axexercicegenerator.test\bin\debug\axexercicegenerator.test.dll" id="7f94dfe3-332f-6ad8-2375-32e045760356" xmlns="AxExerciceGenerator.Test">
      <Execution id="65d1267a-50be-4a40-bf64-e668c780440f" xmlns="http://microsoft.com/schemas/VisualStudio/TeamTest/2010" />
      <TestMethod codeBase="C:\Users\Axinesis\Desktop\ihm_base\AxExerciceGenerator.Test\bin\Debug\AxExerciceGenerator.Test.dll" adapterTypeName="NUnitForVSTS.NUnitTest.NUnitTestAdapter, NUnitForVSTS.NUnitTest, Version=5.1.0.0, Culture=neutral, PublicKeyToken=null" className="AxExerciceGenerator.Test.ExerciceGeneratorTest" name="Exercice_Doit_Etre_Type_FreeAmpl_Sans_Theme" />
    </UnitTest>
    <UnitTest name="Patient_Prenom_Obligatoire" storage="c:\users\axinesis\desktop\ihm_base\axdata.test\bin\debug\axdata.test.dll" id="bda8b925-f57b-a41e-b5e4-cfda8f09d069" xmlns="AxData.Test">
      <Execution id="0427d5e3-3b30-4918-be12-037baf3edc2c" xmlns="http://microsoft.com/schemas/VisualStudio/TeamTest/2010" />
      <TestMethod codeBase="C:\Users\Axinesis\Desktop\ihm_base\AxData.Test\bin\Debug\AxData.Test.dll" adapterTypeName="NUnitForVSTS.NUnitTest.NUnitTestAdapter, NUnitForVSTS.NUnitTest, Version=5.1.0.0, Culture=neutral, PublicKeyToken=null" className="AxData.Test.DataPatientTest" name="Patient_Prenom_Obligatoire" />
    </UnitTest>
    <UnitTest name="Exercice_Doit_Etre_Type_Cercle_Sans_Theme" storage="c:\users\axinesis\desktop\ihm_base\axexercicegenerator.test\bin\debug\axexercicegenerator.test.dll" id="e4cae4cc-8a84-0f9d-ab32-770e0b7739a5" xmlns="AxExerciceGenerator.Test">
      <Execution id="5645d641-4a82-41cd-a323-bc29047a3397" xmlns="http://microsoft.com/schemas/VisualStudio/TeamTest/2010" />
      <TestMethod codeBase="C:\Users\Axinesis\Desktop\ihm_base\AxExerciceGenerator.Test\bin\Debug\AxExerciceGenerator.Test.dll" adapterTypeName="NUnitForVSTS.NUnitTest.NUnitTestAdapter, NUnitForVSTS.NUnitTest, Version=5.1.0.0, Culture=neutral, PublicKeyToken=null" className="AxExerciceGenerator.Test.ExerciceGeneratorTest" name="Exercice_Doit_Etre_Type_Cercle_Sans_Theme" />
    </UnitTest>
    <UnitTest name="Therapeute_Ne_Doit_Pas_Etre_Admin" storage="c:\users\axinesis\desktop\ihm_base\axdata.test\bin\debug\axdata.test.dll" id="d0376b53-97ff-8f3e-a747-fb79ebf2a3da" xmlns="AxData.Test">
      <Execution id="deb079f2-7c72-4540-9d1f-2df25fb72ad4" xmlns="http://microsoft.com/schemas/VisualStudio/TeamTest/2010" />
      <TestMethod codeBase="C:\Users\Axinesis\Desktop\ihm_base\AxData.Test\bin\Debug\AxData.Test.dll" adapterTypeName="NUnitForVSTS.NUnitTest.NUnitTestAdapter, NUnitForVSTS.NUnitTest, Version=5.1.0.0, Culture=neutral, PublicKeyToken=null" className="AxData.Test.DataTherapeuteTest" name="Therapeute_Ne_Doit_Pas_Etre_Admin" />
    </UnitTest>
    <UnitTest name="Erreur_Robot_HallSensorError_Bien_Traite" storage="c:\users\axinesis\desktop\ihm_base\axerror.test\bin\debug\axerror.test.dll" id="581c372c-5787-efa7-eb05-b82da31e13c9" xmlns="AxError.Test">
      <Execution id="d5b87d96-954b-420a-bbf0-243aaf83e67e" xmlns="http://microsoft.com/schemas/VisualStudio/TeamTest/2010" />
      <TestMethod codeBase="C:\Users\Axinesis\Desktop\ihm_base\AxError.Test\bin\Debug\AxError.Test.dll" adapterTypeName="NUnitForVSTS.NUnitTest.NUnitTestAdapter, NUnitForVSTS.NUnitTest, Version=5.1.0.0, Culture=neutral, PublicKeyToken=null" className="AxError.Test.GestionErreurTest" name="Erreur_Robot_HallSensorError_Bien_Traite" />
    </UnitTest>
    <UnitTest name="Therapeute_Nom_Utilisateur_Longeur_Valide" storage="c:\users\axinesis\desktop\ihm_base\axdata.test\bin\debug\axdata.test.dll" id="bbea477e-5527-ed14-9100-20bf91c8292e" xmlns="AxData.Test">
      <Execution id="11ecaa8a-1a0e-4620-9c0e-586beef638fb" xmlns="http://microsoft.com/schemas/VisualStudio/TeamTest/2010" />
      <TestMethod codeBase="C:\Users\Axinesis\Desktop\ihm_base\AxData.Test\bin\Debug\AxData.Test.dll" adapterTypeName="NUnitForVSTS.NUnitTest.NUnitTestAdapter, NUnitForVSTS.NUnitTest, Version=5.1.0.0, Culture=neutral, PublicKeyToken=null" className="AxData.Test.DataTherapeuteTest" name="Therapeute_Nom_Utilisateur_Longeur_Valide" />
    </UnitTest>
    <UnitTest name="Erreur_Robot_HallAngleDetectionError_Bien_Traite" storage="c:\users\axinesis\desktop\ihm_base\axerror.test\bin\debug\axerror.test.dll" id="a844de03-199c-2904-f987-af36e60b2367" xmlns="AxError.Test">
      <Execution id="d9f03b92-4e40-4add-bacf-f1d1a2cb53cc" xmlns="http://microsoft.com/schemas/VisualStudio/TeamTest/2010" />
      <TestMethod codeBase="C:\Users\Axinesis\Desktop\ihm_base\AxError.Test\bin\Debug\AxError.Test.dll" adapterTypeName="NUnitForVSTS.NUnitTest.NUnitTestAdapter, NUnitForVSTS.NUnitTest, Version=5.1.0.0, Culture=neutral, PublicKeyToken=null" className="AxError.Test.GestionErreurTest" name="Erreur_Robot_HallAngleDetectionError_Bien_Traite" />
    </UnitTest>
    <UnitTest name="Exercice_Doit_Etre_Type_Target_Avec_Theme" storage="c:\users\axinesis\desktop\ihm_base\axexercicegenerator.test\bin\debug\axexercicegenerator.test.dll" id="41d929c7-83e1-d0ec-365b-6bff1ab9c1ef" xmlns="AxExerciceGenerator.Test">
      <Execution id="39856a83-a04b-4910-9b16-f98d61f3badf" xmlns="http://microsoft.com/schemas/VisualStudio/TeamTest/2010" />
      <TestMethod codeBase="C:\Users\Axinesis\Desktop\ihm_base\AxExerciceGenerator.Test\bin\Debug\AxExerciceGenerator.Test.dll" adapterTypeName="NUnitForVSTS.NUnitTest.NUnitTestAdapter, NUnitForVSTS.NUnitTest, Version=5.1.0.0, Culture=neutral, PublicKeyToken=null" className="AxExerciceGenerator.Test.ExerciceGeneratorTest" name="Exercice_Doit_Etre_Type_Target_Avec_Theme" />
    </UnitTest>
    <UnitTest name="Erreur_Robot_UndervoltageError_Bien_Traite" storage="c:\users\axinesis\desktop\ihm_base\axerror.test\bin\debug\axerror.test.dll" id="4c328412-8a84-cec3-b518-5abcecc770c8" xmlns="AxError.Test">
      <Execution id="e528f094-1b56-42fb-8313-64a3409df986" xmlns="http://microsoft.com/schemas/VisualStudio/TeamTest/2010" />
      <TestMethod codeBase="C:\Users\Axinesis\Desktop\ihm_base\AxError.Test\bin\Debug\AxError.Test.dll" adapterTypeName="NUnitForVSTS.NUnitTest.NUnitTestAdapter, NUnitForVSTS.NUnitTest, Version=5.1.0.0, Culture=neutral, PublicKeyToken=null" className="AxError.Test.GestionErreurTest" name="Erreur_Robot_UndervoltageError_Bien_Traite" />
    </UnitTest>
    <UnitTest name="Jeu_Doit_Etre_Type_Jeu_Avec_Bon_Theme_Moyen" storage="c:\users\axinesis\desktop\ihm_base\axexercicegenerator.test\bin\debug\axexercicegenerator.test.dll" id="f00b5c2d-ca8b-087e-0e85-8f38ab6323e5" xmlns="AxExerciceGenerator.Test">
      <Execution id="2c399225-35ec-49a0-9de9-bb67a372d2b9" xmlns="http://microsoft.com/schemas/VisualStudio/TeamTest/2010" />
      <TestMethod codeBase="C:\Users\Axinesis\Desktop\ihm_base\AxExerciceGenerator.Test\bin\Debug\AxExerciceGenerator.Test.dll" adapterTypeName="NUnitForVSTS.NUnitTest.NUnitTestAdapter, NUnitForVSTS.NUnitTest, Version=5.1.0.0, Culture=neutral, PublicKeyToken=null" className="AxExerciceGenerator.Test.ExerciceGeneratorTest" name="Jeu_Doit_Etre_Type_Jeu_Avec_Bon_Theme_Moyen" />
    </UnitTest>
    <UnitTest name="Nom_Avec_Chiffre_Non_Valdie" storage="c:\users\axinesis\desktop\ihm_base\axerror.test\bin\debug\axerror.test.dll" id="0ce6d8c4-d5f8-ce8a-decc-90cca63ec023" xmlns="AxError.Test">
      <Execution id="21cd92f6-7ef0-4c48-b13c-3372ecdaa09a" xmlns="http://microsoft.com/schemas/VisualStudio/TeamTest/2010" />
      <TestMethod codeBase="C:\Users\Axinesis\Desktop\ihm_base\AxError.Test\bin\Debug\AxError.Test.dll" adapterTypeName="NUnitForVSTS.NUnitTest.NUnitTestAdapter, NUnitForVSTS.NUnitTest, Version=5.1.0.0, Culture=neutral, PublicKeyToken=null" className="AxError.Test.ErrorInterfaceTest" name="Nom_Avec_Chiffre_Non_Valdie" />
    </UnitTest>
    <UnitTest name="Therapeute_Prenom_Obligatoire" storage="c:\users\axinesis\desktop\ihm_base\axdata.test\bin\debug\axdata.test.dll" id="111b2230-432c-1643-3f22-8c807c7b6b0b" xmlns="AxData.Test">
      <Execution id="02bf304e-832a-4154-a3c1-7c324b3c479d" xmlns="http://microsoft.com/schemas/VisualStudio/TeamTest/2010" />
      <TestMethod codeBase="C:\Users\Axinesis\Desktop\ihm_base\AxData.Test\bin\Debug\AxData.Test.dll" adapterTypeName="NUnitForVSTS.NUnitTest.NUnitTestAdapter, NUnitForVSTS.NUnitTest, Version=5.1.0.0, Culture=neutral, PublicKeyToken=null" className="AxData.Test.DataTherapeuteTest" name="Therapeute_Prenom_Obligatoire" />
    </UnitTest>
    <UnitTest name="NavigateToHome_Vers_HomeViewModel" storage="c:\users\axinesis\desktop\ihm_base\axnavigation.test\bin\debug\axnavigation.test.dll" id="45e88d5d-f0bd-540d-1a6e-ca02f771c932" xmlns="AxNavigation.Test">
      <Execution id="96b4f0cc-14bb-4697-9410-de8860190904" xmlns="http://microsoft.com/schemas/VisualStudio/TeamTest/2010" />
      <TestMethod codeBase="C:\Users\Axinesis\Desktop\ihm_base\AxNavigation.Test\bin\Debug\AxNavigation.Test.dll" adapterTypeName="NUnitForVSTS.NUnitTest.NUnitTestAdapter, NUnitForVSTS.NUnitTest, Version=5.1.0.0, Culture=neutral, PublicKeyToken=null" className="AxNavigation.Test.NavigationEvaluationViewModelTest" name="NavigateToHome_Vers_HomeViewModel" />
    </UnitTest>
    <UnitTest name="Erreur_Robot_SystemOverloadedError_Bien_Traite" storage="c:\users\axinesis\desktop\ihm_base\axerror.test\bin\debug\axerror.test.dll" id="8c12cfd0-1498-5bdd-91ca-78d79b86f9eb" xmlns="AxError.Test">
      <Execution id="e20dc57f-b2d5-470e-90a3-9eaf2cfce347" xmlns="http://microsoft.com/schemas/VisualStudio/TeamTest/2010" />
      <TestMethod codeBase="C:\Users\Axinesis\Desktop\ihm_base\AxError.Test\bin\Debug\AxError.Test.dll" adapterTypeName="NUnitForVSTS.NUnitTest.NUnitTestAdapter, NUnitForVSTS.NUnitTest, Version=5.1.0.0, Culture=neutral, PublicKeyToken=null" className="AxError.Test.GestionErreurTest" name="Erreur_Robot_SystemOverloadedError_Bien_Traite" />
    </UnitTest>
    <UnitTest name="Erreur_Robot_PositionSensorError_Bien_Traite" storage="c:\users\axinesis\desktop\ihm_base\axerror.test\bin\debug\axerror.test.dll" id="295107df-971f-3e27-197a-332cb8c3cc50" xmlns="AxError.Test">
      <Execution id="1008b8c6-1e52-4652-8bff-50049965eb1f" xmlns="http://microsoft.com/schemas/VisualStudio/TeamTest/2010" />
      <TestMethod codeBase="C:\Users\Axinesis\Desktop\ihm_base\AxError.Test\bin\Debug\AxError.Test.dll" adapterTypeName="NUnitForVSTS.NUnitTest.NUnitTestAdapter, NUnitForVSTS.NUnitTest, Version=5.1.0.0, Culture=neutral, PublicKeyToken=null" className="AxError.Test.GestionErreurTest" name="Erreur_Robot_PositionSensorError_Bien_Traite" />
    </UnitTest>
    <UnitTest name="Taille_Trop_Petite" storage="c:\users\axinesis\desktop\ihm_base\axerror.test\bin\debug\axerror.test.dll" id="9fd9b1fa-6e42-0253-d530-aa3bc9535c48" xmlns="AxError.Test">
      <Execution id="4f0115d6-7540-409a-aad0-4a40cb787f9e" xmlns="http://microsoft.com/schemas/VisualStudio/TeamTest/2010" />
      <TestMethod codeBase="C:\Users\Axinesis\Desktop\ihm_base\AxError.Test\bin\Debug\AxError.Test.dll" adapterTypeName="NUnitForVSTS.NUnitTest.NUnitTestAdapter, NUnitForVSTS.NUnitTest, Version=5.1.0.0, Culture=neutral, PublicKeyToken=null" className="AxError.Test.ErrorInterfaceTest" name="Taille_Trop_Petite" />
    </UnitTest>
    <UnitTest name="Digit_Avant_Janvier_2000_Mauvais" storage="c:\users\axinesis\desktop\ihm_base\axerror.test\bin\debug\axerror.test.dll" id="0474de96-8b72-8261-8e45-366c15433b15" xmlns="AxError.Test">
      <Execution id="9eb3e3db-43b9-480a-8e3f-864cad54c1d5" xmlns="http://microsoft.com/schemas/VisualStudio/TeamTest/2010" />
      <TestMethod codeBase="C:\Users\Axinesis\Desktop\ihm_base\AxError.Test\bin\Debug\AxError.Test.dll" adapterTypeName="NUnitForVSTS.NUnitTest.NUnitTestAdapter, NUnitForVSTS.NUnitTest, Version=5.1.0.0, Culture=neutral, PublicKeyToken=null" className="AxError.Test.ErrorInterfaceTest" name="Digit_Avant_Janvier_2000_Mauvais" />
    </UnitTest>
    <UnitTest name="Erreur_Robot_CanOverrunError_Bien_Traite" storage="c:\users\axinesis\desktop\ihm_base\axerror.test\bin\debug\axerror.test.dll" id="de21bf2b-3c89-6540-e855-d73236ea78a8" xmlns="AxError.Test">
      <Execution id="33181ba3-bfa6-4771-bc84-4013cb4c2199" xmlns="http://microsoft.com/schemas/VisualStudio/TeamTest/2010" />
      <TestMethod codeBase="C:\Users\Axinesis\Desktop\ihm_base\AxError.Test\bin\Debug\AxError.Test.dll" adapterTypeName="NUnitForVSTS.NUnitTest.NUnitTestAdapter, NUnitForVSTS.NUnitTest, Version=5.1.0.0, Culture=neutral, PublicKeyToken=null" className="AxError.Test.GestionErreurTest" name="Erreur_Robot_CanOverrunError_Bien_Traite" />
    </UnitTest>
    <UnitTest name="DecoPatient_Oui_Vers_HomeViewModel" storage="c:\users\axinesis\desktop\ihm_base\axnavigation.test\bin\debug\axnavigation.test.dll" id="f12e1a8a-71af-23d0-a32f-22bbf6d801ac" xmlns="AxNavigation.Test">
      <Execution id="08a1c3a6-6af3-4ebc-bd98-bb9a7af8f161" xmlns="http://microsoft.com/schemas/VisualStudio/TeamTest/2010" />
      <TestMethod codeBase="C:\Users\Axinesis\Desktop\ihm_base\AxNavigation.Test\bin\Debug\AxNavigation.Test.dll" adapterTypeName="NUnitForVSTS.NUnitTest.NUnitTestAdapter, NUnitForVSTS.NUnitTest, Version=5.1.0.0, Culture=neutral, PublicKeyToken=null" className="AxNavigation.Test.NavigationMainViewModelTest" name="DecoPatient_Oui_Vers_HomeViewModel" />
    </UnitTest>
    <UnitTest name="Erreur_AlreadyOpenSerialPortException_Bien_Traite" storage="c:\users\axinesis\desktop\ihm_base\axerror.test\bin\debug\axerror.test.dll" id="ed899626-e988-333c-7742-04cd720ec9a7" xmlns="AxError.Test">
      <Execution id="4e2684a9-6a10-4a04-b0ba-2ada04936fa8" xmlns="http://microsoft.com/schemas/VisualStudio/TeamTest/2010" />
      <TestMethod codeBase="C:\Users\Axinesis\Desktop\ihm_base\AxError.Test\bin\Debug\AxError.Test.dll" adapterTypeName="NUnitForVSTS.NUnitTest.NUnitTestAdapter, NUnitForVSTS.NUnitTest, Version=5.1.0.0, Culture=neutral, PublicKeyToken=null" className="AxError.Test.GestionErreurTest" name="Erreur_AlreadyOpenSerialPortException_Bien_Traite" />
    </UnitTest>
    <UnitTest name="Erreur_SqlException_Num4060_Bien_Traite" storage="c:\users\axinesis\desktop\ihm_base\axerror.test\bin\debug\axerror.test.dll" id="42784824-7f1f-8f16-8a9c-72a03e7e4177" xmlns="AxError.Test">
      <Execution id="cd585e53-06f2-46a8-868b-966023e4a244" xmlns="http://microsoft.com/schemas/VisualStudio/TeamTest/2010" />
      <TestMethod codeBase="C:\Users\Axinesis\Desktop\ihm_base\AxError.Test\bin\Debug\AxError.Test.dll" adapterTypeName="NUnitForVSTS.NUnitTest.NUnitTestAdapter, NUnitForVSTS.NUnitTest, Version=5.1.0.0, Culture=neutral, PublicKeyToken=null" className="AxError.Test.GestionErreurTest" name="Erreur_SqlException_Num4060_Bien_Traite" />
    </UnitTest>
    <UnitTest name="Erreur_Robot_OvervoltageError_Bien_Traite" storage="c:\users\axinesis\desktop\ihm_base\axerror.test\bin\debug\axerror.test.dll" id="58267df6-27d7-de99-f3be-2ac90f317834" xmlns="AxError.Test">
      <Execution id="729663b1-cd4e-4953-bc64-f0e919202090" xmlns="http://microsoft.com/schemas/VisualStudio/TeamTest/2010" />
      <TestMethod codeBase="C:\Users\Axinesis\Desktop\ihm_base\AxError.Test\bin\Debug\AxError.Test.dll" adapterTypeName="NUnitForVSTS.NUnitTest.NUnitTestAdapter, NUnitForVSTS.NUnitTest, Version=5.1.0.0, Culture=neutral, PublicKeyToken=null" className="AxError.Test.GestionErreurTest" name="Erreur_Robot_OvervoltageError_Bien_Traite" />
    </UnitTest>
    <UnitTest name="Nom_Est_Valide" storage="c:\users\axinesis\desktop\ihm_base\axerror.test\bin\debug\axerror.test.dll" id="b8fd7e59-747c-17d3-c6d0-98a165828ac4" xmlns="AxError.Test">
      <Execution id="7cc4e1d4-55da-42d0-adb1-4a94319525cd" xmlns="http://microsoft.com/schemas/VisualStudio/TeamTest/2010" />
      <TestMethod codeBase="C:\Users\Axinesis\Desktop\ihm_base\AxError.Test\bin\Debug\AxError.Test.dll" adapterTypeName="NUnitForVSTS.NUnitTest.NUnitTestAdapter, NUnitForVSTS.NUnitTest, Version=5.1.0.0, Culture=neutral, PublicKeyToken=null" className="AxError.Test.ErrorInterfaceTest" name="Nom_Est_Valide" />
    </UnitTest>
    <UnitTest name="Therapeute_Connection_Login_Bon_Mdp_Bon" storage="c:\users\axinesis\desktop\ihm_base\axdata.test\bin\debug\axdata.test.dll" id="6baf9aec-dbb5-4f84-ed05-5b1fdabda1f6" xmlns="AxData.Test">
      <Execution id="e330fd0a-979c-4a0d-899a-ec2f255e781d" xmlns="http://microsoft.com/schemas/VisualStudio/TeamTest/2010" />
      <TestMethod codeBase="C:\Users\Axinesis\Desktop\ihm_base\AxData.Test\bin\Debug\AxData.Test.dll" adapterTypeName="NUnitForVSTS.NUnitTest.NUnitTestAdapter, NUnitForVSTS.NUnitTest, Version=5.1.0.0, Culture=neutral, PublicKeyToken=null" className="AxData.Test.DataTherapeuteTest" name="Therapeute_Connection_Login_Bon_Mdp_Bon" />
    </UnitTest>
    <UnitTest name="Exercice_Doit_Avoir_Base_Config" storage="c:\users\axinesis\desktop\ihm_base\axexercicegenerator.test\bin\debug\axexercicegenerator.test.dll" id="f7916e99-2ca8-0ce5-1775-44086440dfca" xmlns="AxExerciceGenerator.Test">
      <Execution id="6a295197-a831-4dd4-b74d-eca76c7a6428" xmlns="http://microsoft.com/schemas/VisualStudio/TeamTest/2010" />
      <TestMethod codeBase="C:\Users\Axinesis\Desktop\ihm_base\AxExerciceGenerator.Test\bin\Debug\AxExerciceGenerator.Test.dll" adapterTypeName="NUnitForVSTS.NUnitTest.NUnitTestAdapter, NUnitForVSTS.NUnitTest, Version=5.1.0.0, Culture=neutral, PublicKeyToken=null" className="AxExerciceGenerator.Test.ExerciceGeneratorTest" name="Exercice_Doit_Avoir_Base_Config" />
    </UnitTest>
    <UnitTest name="Erreur_Robot_ControllerGainError_Bien_Traite" storage="c:\users\axinesis\desktop\ihm_base\axerror.test\bin\debug\axerror.test.dll" id="25ecd32e-c21d-11c1-5e00-2394c558cc02" xmlns="AxError.Test">
      <Execution id="93862e3a-fafe-47c3-bb75-4cedea4f20f9" xmlns="http://microsoft.com/schemas/VisualStudio/TeamTest/2010" />
      <TestMethod codeBase="C:\Users\Axinesis\Desktop\ihm_base\AxError.Test\bin\Debug\AxError.Test.dll" adapterTypeName="NUnitForVSTS.NUnitTest.NUnitTestAdapter, NUnitForVSTS.NUnitTest, Version=5.1.0.0, Culture=neutral, PublicKeyToken=null" className="AxError.Test.GestionErreurTest" name="Erreur_Robot_ControllerGainError_Bien_Traite" />
    </UnitTest>
    <UnitTest name="Distance_Entre_Deux_Points_Negative" storage="c:\users\axinesis\desktop\ihm_base\axanalyse.test\bin\debug\axanalyse.test.dll" id="ed5d1215-e582-5800-31ce-c5bd5d4ba85a" xmlns="AxAnalyse.Test">
      <Execution id="6b2b690b-7a70-4da0-ae9b-102e36a17541" xmlns="http://microsoft.com/schemas/VisualStudio/TeamTest/2010" />
      <TestMethod codeBase="C:\Users\Axinesis\Desktop\ihm_base\AxAnalyse.Test\bin\Debug\AxAnalyse.Test.dll" adapterTypeName="NUnitForVSTS.NUnitTest.NUnitTestAdapter, NUnitForVSTS.NUnitTest, Version=5.1.0.0, Culture=neutral, PublicKeyToken=null" className="AxAnalyse.Test.AnalyseTest" name="Distance_Entre_Deux_Points_Negative" />
    </UnitTest>
    <UnitTest name="Erreur_Robot_SoftwarePositionLimitError_Bien_Traite" storage="c:\users\axinesis\desktop\ihm_base\axerror.test\bin\debug\axerror.test.dll" id="f3282b9f-62b9-2180-8977-69bed228d06a" xmlns="AxError.Test">
      <Execution id="3a6bb94d-9ea7-4aec-9dd0-427438ff62f9" xmlns="http://microsoft.com/schemas/VisualStudio/TeamTest/2010" />
      <TestMethod codeBase="C:\Users\Axinesis\Desktop\ihm_base\AxError.Test\bin\Debug\AxError.Test.dll" adapterTypeName="NUnitForVSTS.NUnitTest.NUnitTestAdapter, NUnitForVSTS.NUnitTest, Version=5.1.0.0, Culture=neutral, PublicKeyToken=null" className="AxError.Test.GestionErreurTest" name="Erreur_Robot_SoftwarePositionLimitError_Bien_Traite" />
    </UnitTest>
    <UnitTest name="Poids_Trop_Petit" storage="c:\users\axinesis\desktop\ihm_base\axerror.test\bin\debug\axerror.test.dll" id="b0e62a3f-dbda-5351-cdbf-e39911c0ab52" xmlns="AxError.Test">
      <Execution id="b3e08d1a-9588-41b1-83da-041a16f5726a" xmlns="http://microsoft.com/schemas/VisualStudio/TeamTest/2010" />
      <TestMethod codeBase="C:\Users\Axinesis\Desktop\ihm_base\AxError.Test\bin\Debug\AxError.Test.dll" adapterTypeName="NUnitForVSTS.NUnitTest.NUnitTestAdapter, NUnitForVSTS.NUnitTest, Version=5.1.0.0, Culture=neutral, PublicKeyToken=null" className="AxError.Test.ErrorInterfaceTest" name="Poids_Trop_Petit" />
    </UnitTest>
    <UnitTest name="Erreur_UnauthorizedAccessException_Bien_Traite" storage="c:\users\axinesis\desktop\ihm_base\axerror.test\bin\debug\axerror.test.dll" id="4a086426-1df2-c9f6-a07f-48cc5355b1cf" xmlns="AxError.Test">
      <Execution id="366d6e9d-a044-450e-9ffb-85d71575d71e" xmlns="http://microsoft.com/schemas/VisualStudio/TeamTest/2010" />
      <TestMethod codeBase="C:\Users\Axinesis\Desktop\ihm_base\AxError.Test\bin\Debug\AxError.Test.dll" adapterTypeName="NUnitForVSTS.NUnitTest.NUnitTestAdapter, NUnitForVSTS.NUnitTest, Version=5.1.0.0, Culture=neutral, PublicKeyToken=null" className="AxError.Test.GestionErreurTest" name="Erreur_UnauthorizedAccessException_Bien_Traite" />
    </UnitTest>
    <UnitTest name="Erreur_SqlException_Num18456_Bien_Traite" storage="c:\users\axinesis\desktop\ihm_base\axerror.test\bin\debug\axerror.test.dll" id="3e305784-9366-9cbf-b6a3-920a4315b63b" xmlns="AxError.Test">
      <Execution id="0e5a9fd5-9bd9-4ef1-8242-638573f03270" xmlns="http://microsoft.com/schemas/VisualStudio/TeamTest/2010" />
      <TestMethod codeBase="C:\Users\Axinesis\Desktop\ihm_base\AxError.Test\bin\Debug\AxError.Test.dll" adapterTypeName="NUnitForVSTS.NUnitTest.NUnitTestAdapter, NUnitForVSTS.NUnitTest, Version=5.1.0.0, Culture=neutral, PublicKeyToken=null" className="AxError.Test.GestionErreurTest" name="Erreur_SqlException_Num18456_Bien_Traite" />
    </UnitTest>
  </TestDefinitions>
  <TestLists>
    <TestList name="Les résultats ne figurent pas dans une liste" id="8c84fa94-04c1-424b-9868-57a2d4851a1d" />
    <TestList name="Tous les résultats chargés" id="19431567-8539-422a-85d7-44ee4e166bda" />
  </TestLists>
  <TestEntries>
    <TestEntry testId="0474de96-8b72-8261-8e45-366c15433b15" executionId="091725c2-8a28-4af9-90b9-e518d84df54d" testListId="8c84fa94-04c1-424b-9868-57a2d4851a1d" />
    <TestEntry testId="0929b123-960f-6dfd-d048-b9956810fb4f" executionId="27525bab-d480-43d4-a26e-37cf152c39ee" testListId="8c84fa94-04c1-424b-9868-57a2d4851a1d" />
    <TestEntry testId="0ce6d8c4-d5f8-ce8a-decc-90cca63ec023" executionId="f14a0209-a796-4ea5-b0bb-d9804e9f0eff" testListId="8c84fa94-04c1-424b-9868-57a2d4851a1d" />
    <TestEntry testId="0d760264-1fec-2999-c240-365c64ffbe15" executionId="546c056f-3602-4307-8aaf-9d0bb4a013b1" testListId="8c84fa94-04c1-424b-9868-57a2d4851a1d" />
    <TestEntry testId="0e500537-d2d9-f5ab-8260-b5ce8dde6259" executionId="5881bb10-5de6-44dd-98d9-1e2f79645b22" testListId="8c84fa94-04c1-424b-9868-57a2d4851a1d" />
    <TestEntry testId="10be6209-de22-6fa7-f60a-ee638c41144c" executionId="99190f31-207d-4339-91db-17d23a50b408" testListId="8c84fa94-04c1-424b-9868-57a2d4851a1d" />
    <TestEntry testId="111b2230-432c-1643-3f22-8c807c7b6b0b" executionId="67e98f2a-280d-4e40-a7f4-f61102d68d7c" testListId="8c84fa94-04c1-424b-9868-57a2d4851a1d" />
    <TestEntry testId="16cba0ff-f17e-3157-2151-135da05c3b77" executionId="54ccbb66-b40f-47d0-bc4b-207db97ed373" testListId="8c84fa94-04c1-424b-9868-57a2d4851a1d" />
    <TestEntry testId="1feb75d6-6075-769f-0ca5-c7a95c479767" executionId="0231e03e-5731-4bcb-8265-01accd5683b9" testListId="8c84fa94-04c1-424b-9868-57a2d4851a1d" />
    <TestEntry testId="20b118dc-27e8-ed17-0ac4-d5df103752d3" executionId="14684a9e-89bd-4286-8a8e-c88ce265874f" testListId="8c84fa94-04c1-424b-9868-57a2d4851a1d" />
    <TestEntry testId="23292fbe-adfa-993b-82f2-7c477d400857" executionId="96dd3ece-6997-4e6a-836c-5ab97adfd8ec" testListId="8c84fa94-04c1-424b-9868-57a2d4851a1d" />
    <TestEntry testId="25abb7b9-1485-9596-f399-1468ba684cfa" executionId="8a924b97-a20a-4b8a-85a7-f04bd3abd63d" testListId="8c84fa94-04c1-424b-9868-57a2d4851a1d" />
    <TestEntry testId="25ecd32e-c21d-11c1-5e00-2394c558cc02" executionId="277f4f6f-84f6-4286-9624-dbef655ee45a" testListId="8c84fa94-04c1-424b-9868-57a2d4851a1d" />
    <TestEntry testId="2773513e-6b8c-7f26-cda7-ed323f58b406" executionId="b869a06e-a31a-406e-b69c-4838cd2c98fb" testListId="8c84fa94-04c1-424b-9868-57a2d4851a1d" />
    <TestEntry testId="295107df-971f-3e27-197a-332cb8c3cc50" executionId="f6a2b2df-37a8-474b-bc5d-94b5f7b8cb8c" testListId="8c84fa94-04c1-424b-9868-57a2d4851a1d" />
    <TestEntry testId="29643fec-276c-0215-f794-e8f805cfc972" executionId="f5f7d756-b3ac-412b-9fc4-07cbe4a1d6c0" testListId="8c84fa94-04c1-424b-9868-57a2d4851a1d" />
    <TestEntry testId="2e360870-3d74-91af-79e4-be8d529dd362" executionId="bd6b4ddc-a768-4871-9bb5-c7d776bc0b3a" testListId="8c84fa94-04c1-424b-9868-57a2d4851a1d" />
    <TestEntry testId="354fc1a4-174b-33c4-c868-90f05d831a1a" executionId="aa6e01a5-bffb-4fff-8ca8-7fe0e6e71d46" testListId="8c84fa94-04c1-424b-9868-57a2d4851a1d" />
    <TestEntry testId="35595230-5bd0-ff18-4c33-6a82b4105ca2" executionId="fcd65d9b-25fb-44af-9eb9-96e6377cc9e2" testListId="8c84fa94-04c1-424b-9868-57a2d4851a1d" />
    <TestEntry testId="3be5bb77-d5a9-c355-1514-f9619c4abc76" executionId="a87faa65-f979-410b-bfc4-a26a6b974f7e" testListId="8c84fa94-04c1-424b-9868-57a2d4851a1d" />
    <TestEntry testId="3e305784-9366-9cbf-b6a3-920a4315b63b" executionId="9cccfa4a-be89-4ef9-bf14-c994a8bd4dff" testListId="8c84fa94-04c1-424b-9868-57a2d4851a1d" />
    <TestEntry testId="41d929c7-83e1-d0ec-365b-6bff1ab9c1ef" executionId="55c2098d-11a6-4860-8eaa-05fa10d221b4" testListId="8c84fa94-04c1-424b-9868-57a2d4851a1d" />
    <TestEntry testId="42784824-7f1f-8f16-8a9c-72a03e7e4177" executionId="f5652f27-0625-4ae9-bbb2-3bed347cab29" testListId="8c84fa94-04c1-424b-9868-57a2d4851a1d" />
    <TestEntry testId="432be06a-e2a8-0624-2aba-809b91f8a164" executionId="85eea755-b35b-428f-87a6-7dc0ee1656f0" testListId="8c84fa94-04c1-424b-9868-57a2d4851a1d" />
    <TestEntry testId="44ed4079-9453-ff0c-84c2-ac19b4af933d" executionId="02f29a9f-82f1-45a7-be3f-a6981c90fd66" testListId="8c84fa94-04c1-424b-9868-57a2d4851a1d" />
    <TestEntry testId="454cd542-f819-baab-5e5e-809ca9946cca" executionId="37e340e6-31da-445c-b554-c641237c8bf0" testListId="8c84fa94-04c1-424b-9868-57a2d4851a1d" />
    <TestEntry testId="45e88d5d-f0bd-540d-1a6e-ca02f771c932" executionId="96b4f0cc-14bb-4697-9410-de8860190904" testListId="8c84fa94-04c1-424b-9868-57a2d4851a1d" />
    <TestEntry testId="46f2fb7c-cbb5-3f4f-7fbb-54c6e13304f7" executionId="fde07aca-3285-4e4e-9f22-c893f362219e" testListId="8c84fa94-04c1-424b-9868-57a2d4851a1d" />
    <TestEntry testId="470df629-581f-d9c4-ed6e-8910f13ce6a2" executionId="2e643f43-039f-4f05-b130-a083e9ce1a7f" testListId="8c84fa94-04c1-424b-9868-57a2d4851a1d" />
    <TestEntry testId="4a086426-1df2-c9f6-a07f-48cc5355b1cf" executionId="366d6e9d-a044-450e-9ffb-85d71575d71e" testListId="8c84fa94-04c1-424b-9868-57a2d4851a1d" />
    <TestEntry testId="4bc6e967-6d6d-55dc-5667-6491a42879ce" executionId="9c46bf2b-33fc-49c0-b5e6-5baa1ed1fbe5" testListId="8c84fa94-04c1-424b-9868-57a2d4851a1d" />
    <TestEntry testId="4be11f3f-9c9b-c3c0-0181-9cf372e78a39" executionId="ff88b9b1-ccdc-4488-83a5-d3ccd1435e3f" testListId="8c84fa94-04c1-424b-9868-57a2d4851a1d" />
    <TestEntry testId="4c328412-8a84-cec3-b518-5abcecc770c8" executionId="e528f094-1b56-42fb-8313-64a3409df986" testListId="8c84fa94-04c1-424b-9868-57a2d4851a1d" />
    <TestEntry testId="4d48ca6b-511b-39ac-a68c-91352d15b1df" executionId="15c1d3a9-4bb5-40b2-88ff-281512ae0d35" testListId="8c84fa94-04c1-424b-9868-57a2d4851a1d" />
    <TestEntry testId="4f482e75-1f13-6e68-c51e-899481bb394c" executionId="f68ab577-2243-49ce-8289-ece746a26ee5" testListId="8c84fa94-04c1-424b-9868-57a2d4851a1d" />
    <TestEntry testId="4ff74c24-6e9b-810e-a11a-0426b9c06e93" executionId="1a4d7722-e468-4f2a-a557-017ae57a440f" testListId="8c84fa94-04c1-424b-9868-57a2d4851a1d" />
    <TestEntry testId="5188289e-0f4c-4bba-4f87-aede2c765fd5" executionId="604b82a0-ba95-4a40-8b79-d15b82642000" testListId="8c84fa94-04c1-424b-9868-57a2d4851a1d" />
    <TestEntry testId="581c372c-5787-efa7-eb05-b82da31e13c9" executionId="d5b87d96-954b-420a-bbf0-243aaf83e67e" testListId="8c84fa94-04c1-424b-9868-57a2d4851a1d" />
    <TestEntry testId="58267df6-27d7-de99-f3be-2ac90f317834" executionId="729663b1-cd4e-4953-bc64-f0e919202090" testListId="8c84fa94-04c1-424b-9868-57a2d4851a1d" />
    <TestEntry testId="5e7d6af5-64cc-1804-ddd0-8cb7d33a7c25" executionId="ac085ae6-d390-4ce5-9f30-a8f1fe709559" testListId="8c84fa94-04c1-424b-9868-57a2d4851a1d" />
    <TestEntry testId="5f4e2034-866f-4eb1-0441-6555f1681d32" executionId="e09c2891-b603-44a6-8178-4203482e8a58" testListId="8c84fa94-04c1-424b-9868-57a2d4851a1d" />
    <TestEntry testId="5f4e818c-59f5-ec74-a477-f33dd5087204" executionId="2f837949-8be9-4909-b795-1376f3c70a62" testListId="8c84fa94-04c1-424b-9868-57a2d4851a1d" />
    <TestEntry testId="685bc9e4-6b9e-eafd-c8ef-4d24f897588d" executionId="a3b4b33b-054f-4f1c-87cf-eeccc56c2f8b" testListId="8c84fa94-04c1-424b-9868-57a2d4851a1d" />
    <TestEntry testId="6baf9aec-dbb5-4f84-ed05-5b1fdabda1f6" executionId="e330fd0a-979c-4a0d-899a-ec2f255e781d" testListId="8c84fa94-04c1-424b-9868-57a2d4851a1d" />
    <TestEntry testId="6e7616cc-f5c3-4e0a-2f74-0b9986d66ed0" executionId="cdb6c1ad-ad27-4354-8c57-b7526a95df4e" testListId="8c84fa94-04c1-424b-9868-57a2d4851a1d" />
    <TestEntry testId="6e80c6e1-e5cc-e094-8690-e0b15e42b61e" executionId="7ca82d0c-4de0-4736-a0a5-5d78d1dd233c" testListId="8c84fa94-04c1-424b-9868-57a2d4851a1d" />
    <TestEntry testId="70c3bcd2-30f3-dc55-d57b-3305735ab2fe" executionId="a5b8e2f3-6bd6-447f-926e-bfd2e1c5b298" testListId="8c84fa94-04c1-424b-9868-57a2d4851a1d" />
    <TestEntry testId="70ebb40d-5861-d5c1-a3ef-791dade40bd9" executionId="af652511-c10f-4ca3-9840-b7ef9e0713c4" testListId="8c84fa94-04c1-424b-9868-57a2d4851a1d" />
    <TestEntry testId="73ff9664-9e53-3c8b-c732-477aeaf16de3" executionId="527abb2e-a274-42bb-9ed1-7c79a29e55c8" testListId="8c84fa94-04c1-424b-9868-57a2d4851a1d" />
    <TestEntry testId="753937c8-a9eb-1241-f3c3-39b8d5bc3c92" executionId="71b56f97-65cf-4d34-aa36-ca6606a11a25" testListId="8c84fa94-04c1-424b-9868-57a2d4851a1d" />
    <TestEntry testId="79e0f4ac-752d-6854-5869-d79798ecc5d8" executionId="7f07464d-4e53-4d08-9b1f-a90ae38f4d6e" testListId="8c84fa94-04c1-424b-9868-57a2d4851a1d" />
    <TestEntry testId="7a5257a4-6838-27e7-097e-fee1f1076112" executionId="f28db618-68cb-4e57-964e-75b33b2e434a" testListId="8c84fa94-04c1-424b-9868-57a2d4851a1d" />
    <TestEntry testId="7a8c8ab2-cc1f-665a-6687-1b4694c99073" executionId="075ec4eb-6b4e-4ff9-844b-0cdb1f566364" testListId="8c84fa94-04c1-424b-9868-57a2d4851a1d" />
    <TestEntry testId="7d2a5c74-8b81-7def-78d9-19fc9e6c2ea4" executionId="145823ae-1f84-4fb6-b4d3-cd7c17e8d365" testListId="8c84fa94-04c1-424b-9868-57a2d4851a1d" />
    <TestEntry testId="7f94dfe3-332f-6ad8-2375-32e045760356" executionId="65d1267a-50be-4a40-bf64-e668c780440f" testListId="8c84fa94-04c1-424b-9868-57a2d4851a1d" />
    <TestEntry testId="801619e0-4c6a-c192-158c-5c744706c07f" executionId="bc364745-512c-4738-8b1d-5a92c49200c3" testListId="8c84fa94-04c1-424b-9868-57a2d4851a1d" />
    <TestEntry testId="84265baa-a0fc-9eb4-5420-2fc493c758dd" executionId="214b9197-6779-46cc-85fd-536e703ea37d" testListId="8c84fa94-04c1-424b-9868-57a2d4851a1d" />
    <TestEntry testId="8786509f-e646-d735-fbae-09bb7ea9968d" executionId="4314494a-897a-4e2e-90dd-0bea5a10a100" testListId="8c84fa94-04c1-424b-9868-57a2d4851a1d" />
    <TestEntry testId="8ba1fb0e-b6e5-ffa6-335a-2d325b6a0e71" executionId="c8512bfa-9487-4bd1-8afd-9140517e3a1a" testListId="8c84fa94-04c1-424b-9868-57a2d4851a1d" />
    <TestEntry testId="8c12cfd0-1498-5bdd-91ca-78d79b86f9eb" executionId="e20dc57f-b2d5-470e-90a3-9eaf2cfce347" testListId="8c84fa94-04c1-424b-9868-57a2d4851a1d" />
    <TestEntry testId="8df30bf8-76cd-877b-8f7e-5c4d83da39af" executionId="4dd2e98e-a55e-48a5-9bc7-7300e295289e" testListId="8c84fa94-04c1-424b-9868-57a2d4851a1d" />
    <TestEntry testId="92017067-14ad-573f-0247-6612b560f178" executionId="511ccb02-c99c-4edc-b857-723ef33eff8a" testListId="8c84fa94-04c1-424b-9868-57a2d4851a1d" />
    <TestEntry testId="92fd36a1-ca75-7f92-7bd2-2dc408eedb40" executionId="16ba444a-79a3-4cc0-a24e-8a593bee8d05" testListId="8c84fa94-04c1-424b-9868-57a2d4851a1d" />
    <TestEntry testId="93a6a4eb-88a4-190c-4984-549fd5627b92" executionId="335be26a-9d92-420c-ab33-80b30e8e5e9a" testListId="8c84fa94-04c1-424b-9868-57a2d4851a1d" />
    <TestEntry testId="9675d6c5-a9f0-d1b1-dc83-f2159bbe4e61" executionId="8a54babe-489f-4695-a718-4d75d11abb91" testListId="8c84fa94-04c1-424b-9868-57a2d4851a1d" />
    <TestEntry testId="99f400bb-0ada-6022-1c6a-8a51a33a69ad" executionId="f9d99ea0-94ce-45ea-b2c4-235c4bb90344" testListId="8c84fa94-04c1-424b-9868-57a2d4851a1d" />
    <TestEntry testId="9a9c9aca-748b-bfa8-d869-cf515d3be60d" executionId="7ef3c3a3-570a-47ff-80df-2b58dda934f8" testListId="8c84fa94-04c1-424b-9868-57a2d4851a1d" />
    <TestEntry testId="9ef9f365-076b-fb6f-67f0-e145ead2e579" executionId="f7212ede-3064-4094-959e-590345a8ad4a" testListId="8c84fa94-04c1-424b-9868-57a2d4851a1d" />
    <TestEntry testId="9f809847-62e4-7ae9-163a-caf99776f5c1" executionId="b0eb227e-0200-472d-a126-0a6cea2b6ca4" testListId="8c84fa94-04c1-424b-9868-57a2d4851a1d" />
    <TestEntry testId="9fd9b1fa-6e42-0253-d530-aa3bc9535c48" executionId="4f0115d6-7540-409a-aad0-4a40cb787f9e" testListId="8c84fa94-04c1-424b-9868-57a2d4851a1d" />
    <TestEntry testId="a1966c6a-89d2-337f-4636-dc1c68800169" executionId="5164dafb-d91c-4e65-abee-2bd6bf990b84" testListId="8c84fa94-04c1-424b-9868-57a2d4851a1d" />
    <TestEntry testId="a2846e84-e29a-ac6f-f43c-d07bf54453dd" executionId="9374b7ad-9acf-4e37-b5cd-804447d11240" testListId="8c84fa94-04c1-424b-9868-57a2d4851a1d" />
    <TestEntry testId="a7d2c1fe-6292-38c4-b190-463be3c8cf93" executionId="c839284c-4aef-43b9-9166-274f9d734535" testListId="8c84fa94-04c1-424b-9868-57a2d4851a1d" />
    <TestEntry testId="a844c7b5-b6b2-c536-6130-0a3921ce9bd8" executionId="b8f3aaad-1a6d-4dd4-90ef-06bcef4554ff" testListId="8c84fa94-04c1-424b-9868-57a2d4851a1d" />
    <TestEntry testId="a844de03-199c-2904-f987-af36e60b2367" executionId="d9f03b92-4e40-4add-bacf-f1d1a2cb53cc" testListId="8c84fa94-04c1-424b-9868-57a2d4851a1d" />
    <TestEntry testId="ae8642d5-07bc-0f18-4b31-bcbab057a0d0" executionId="bc9e6b35-1d85-41f9-91e1-0e7076ac1670" testListId="8c84fa94-04c1-424b-9868-57a2d4851a1d" />
    <TestEntry testId="b0e62a3f-dbda-5351-cdbf-e39911c0ab52" executionId="b3e08d1a-9588-41b1-83da-041a16f5726a" testListId="8c84fa94-04c1-424b-9868-57a2d4851a1d" />
    <TestEntry testId="b327e7c1-b25a-ea16-5827-7059ea867750" executionId="667f445a-e439-4d12-abf9-cda011e17703" testListId="8c84fa94-04c1-424b-9868-57a2d4851a1d" />
    <TestEntry testId="b7e43fdb-6e64-2c94-dcce-89d4bd434ec6" executionId="9e376863-5cc3-4db2-a909-bf5a246917a6" testListId="8c84fa94-04c1-424b-9868-57a2d4851a1d" />
    <TestEntry testId="b8fd7e59-747c-17d3-c6d0-98a165828ac4" executionId="7cc4e1d4-55da-42d0-adb1-4a94319525cd" testListId="8c84fa94-04c1-424b-9868-57a2d4851a1d" />
    <TestEntry testId="b97e58f3-cbc0-bcdd-6669-a43c0d325371" executionId="ee80140b-0b59-4f83-aa7c-b898aa13a665" testListId="8c84fa94-04c1-424b-9868-57a2d4851a1d" />
    <TestEntry testId="bbea477e-5527-ed14-9100-20bf91c8292e" executionId="11ecaa8a-1a0e-4620-9c0e-586beef638fb" testListId="8c84fa94-04c1-424b-9868-57a2d4851a1d" />
    <TestEntry testId="bda8b925-f57b-a41e-b5e4-cfda8f09d069" executionId="0427d5e3-3b30-4918-be12-037baf3edc2c" testListId="8c84fa94-04c1-424b-9868-57a2d4851a1d" />
    <TestEntry testId="bf764ba8-8696-c92f-3f57-afea2c1bfe57" executionId="7d244435-dc6e-4af0-a7c5-0429a6ae1058" testListId="8c84fa94-04c1-424b-9868-57a2d4851a1d" />
    <TestEntry testId="c3232def-6f8e-d276-40a2-3789adf7a7e8" executionId="48144ef2-9ece-4b86-b7df-78be3d024eea" testListId="8c84fa94-04c1-424b-9868-57a2d4851a1d" />
    <TestEntry testId="c49b8624-edd6-882f-a895-24bc1ddc98ef" executionId="621367f9-f3f9-4c60-a763-becec9c78e7e" testListId="8c84fa94-04c1-424b-9868-57a2d4851a1d" />
    <TestEntry testId="c5df75b3-144c-2597-17e1-ed5cf6d153e4" executionId="24ad87f9-63e8-43e1-ae65-949146273722" testListId="8c84fa94-04c1-424b-9868-57a2d4851a1d" />
    <TestEntry testId="c9cc9895-7dba-ba49-7119-f12ee348cb8e" executionId="65e901ba-d545-464e-b0b2-17a9bcffe7ff" testListId="8c84fa94-04c1-424b-9868-57a2d4851a1d" />
    <TestEntry testId="caa48818-36b7-d70b-1070-130edd123aaf" executionId="48b4b2ed-515d-41df-b274-4ded3ed818be" testListId="8c84fa94-04c1-424b-9868-57a2d4851a1d" />
    <TestEntry testId="d0376b53-97ff-8f3e-a747-fb79ebf2a3da" executionId="deb079f2-7c72-4540-9d1f-2df25fb72ad4" testListId="8c84fa94-04c1-424b-9868-57a2d4851a1d" />
    <TestEntry testId="d1d5bdee-95e1-826a-6e8c-92bd1b1d1870" executionId="b6729a38-010c-4cb6-b2cf-f1e9d101a4de" testListId="8c84fa94-04c1-424b-9868-57a2d4851a1d" />
    <TestEntry testId="d1e4e0aa-1b84-a4ad-c411-f5ed64c5a640" executionId="3cc946c5-64bb-497f-a603-442c9689c251" testListId="8c84fa94-04c1-424b-9868-57a2d4851a1d" />
    <TestEntry testId="d70d4846-e790-2791-a7f6-aea47d197ce3" executionId="7d60db05-8837-464d-bb5e-ec6ec53e3cdc" testListId="8c84fa94-04c1-424b-9868-57a2d4851a1d" />
    <TestEntry testId="d7da732c-fc15-83c6-835a-a08965ba8304" executionId="9a07dd9f-d7f4-46b4-9234-1ffbdbbf54f1" testListId="8c84fa94-04c1-424b-9868-57a2d4851a1d" />
    <TestEntry testId="dc5d423e-851c-6658-b8be-e6a841de2fd1" executionId="4bb276ef-834f-48ce-96cd-fd6001696828" testListId="8c84fa94-04c1-424b-9868-57a2d4851a1d" />
    <TestEntry testId="dd92dc7b-d098-851b-826a-9944e389e494" executionId="d1e0d9a5-1e40-43a0-895d-48b8cd31cfe1" testListId="8c84fa94-04c1-424b-9868-57a2d4851a1d" />
    <TestEntry testId="de21bf2b-3c89-6540-e855-d73236ea78a8" executionId="33181ba3-bfa6-4771-bc84-4013cb4c2199" testListId="8c84fa94-04c1-424b-9868-57a2d4851a1d" />
    <TestEntry testId="e0898479-7725-95c5-c9c2-c8ebc6704474" executionId="ae610c1b-03d2-4a8a-9c89-bbf9af0c8805" testListId="8c84fa94-04c1-424b-9868-57a2d4851a1d" />
    <TestEntry testId="e1a4c390-c5f8-439f-c92b-f2ca8aad4a6c" executionId="b613d11a-45f4-475e-8588-a8d1d24d336b" testListId="8c84fa94-04c1-424b-9868-57a2d4851a1d" />
    <TestEntry testId="e2a9821c-c720-fc4f-49a9-2e55aa444d68" executionId="8fcb30cc-770f-4580-b348-a03832e8f15f" testListId="8c84fa94-04c1-424b-9868-57a2d4851a1d" />
    <TestEntry testId="e4cae4cc-8a84-0f9d-ab32-770e0b7739a5" executionId="5645d641-4a82-41cd-a323-bc29047a3397" testListId="8c84fa94-04c1-424b-9868-57a2d4851a1d" />
    <TestEntry testId="e58b710a-1d4f-3221-e978-e68b6b040c54" executionId="83df6175-906b-4e46-9c7f-c042ee1d53e6" testListId="8c84fa94-04c1-424b-9868-57a2d4851a1d" />
    <TestEntry testId="ea2c6b0a-c912-2fce-46c5-ac0346f15352" executionId="5cbd3aea-71c3-4045-9263-c88c5ec919fa" testListId="8c84fa94-04c1-424b-9868-57a2d4851a1d" />
    <TestEntry testId="ed5d1215-e582-5800-31ce-c5bd5d4ba85a" executionId="6b2b690b-7a70-4da0-ae9b-102e36a17541" testListId="8c84fa94-04c1-424b-9868-57a2d4851a1d" />
    <TestEntry testId="ed899626-e988-333c-7742-04cd720ec9a7" executionId="4e2684a9-6a10-4a04-b0ba-2ada04936fa8" testListId="8c84fa94-04c1-424b-9868-57a2d4851a1d" />
    <TestEntry testId="ee85c135-d168-c271-408c-240e4713e404" executionId="ceaeaf87-71ef-4776-954a-56c997d974c7" testListId="8c84fa94-04c1-424b-9868-57a2d4851a1d" />
    <TestEntry testId="ee9a69f6-cf44-b467-cc2a-1e750c89a07f" executionId="1a3652a3-fc89-4cf2-95e8-a0117681c106" testListId="8c84fa94-04c1-424b-9868-57a2d4851a1d" />
    <TestEntry testId="eefbf66d-ed2c-e00b-7d18-b2f0db937ce7" executionId="14f98042-b44d-40c2-a022-7bdf87114fe3" testListId="8c84fa94-04c1-424b-9868-57a2d4851a1d" />
    <TestEntry testId="f00b5c2d-ca8b-087e-0e85-8f38ab6323e5" executionId="2c399225-35ec-49a0-9de9-bb67a372d2b9" testListId="8c84fa94-04c1-424b-9868-57a2d4851a1d" />
    <TestEntry testId="f12e1a8a-71af-23d0-a32f-22bbf6d801ac" executionId="08a1c3a6-6af3-4ebc-bd98-bb9a7af8f161" testListId="8c84fa94-04c1-424b-9868-57a2d4851a1d" />
    <TestEntry testId="f3282b9f-62b9-2180-8977-69bed228d06a" executionId="3a6bb94d-9ea7-4aec-9dd0-427438ff62f9" testListId="8c84fa94-04c1-424b-9868-57a2d4851a1d" />
    <TestEntry testId="f6381e6b-e08a-f44f-1c2d-4a4e13a50dfd" executionId="50e822ed-485e-4fa6-8d2b-d072a3b9a6ca" testListId="8c84fa94-04c1-424b-9868-57a2d4851a1d" />
    <TestEntry testId="f6827a5d-d000-6b57-1a5d-244c917c4e49" executionId="e1674c1b-8869-4b36-87f8-63ce292dbc8b" testListId="8c84fa94-04c1-424b-9868-57a2d4851a1d" />
    <TestEntry testId="f7916e99-2ca8-0ce5-1775-44086440dfca" executionId="6a295197-a831-4dd4-b74d-eca76c7a6428" testListId="8c84fa94-04c1-424b-9868-57a2d4851a1d" />
  </TestEntries>
  <Results>
    <TestResultAggregation executionId="091725c2-8a28-4af9-90b9-e518d84df54d" testId="0474de96-8b72-8261-8e45-366c15433b15" testName="Digit_Avant_Janvier_2000_Mauvais" computerName="PC-AXINESIS-004" startTime="2014-08-05T08:55:28.3318873+02:00" endTime="2014-08-05T08:55:28.3318873+02:00" testType="d6af2cae-ad69-4f6b-94e9-14e2609e2389" outcome="Passed" testListId="8c84fa94-04c1-424b-9868-57a2d4851a1d" relativeResultsDirectory="091725c2-8a28-4af9-90b9-e518d84df54d">
    </TestResultAggregation>
    <TestResultAggregation executionId="27525bab-d480-43d4-a26e-37cf152c39ee" testId="0929b123-960f-6dfd-d048-b9956810fb4f" testName="Erreur_Robot_SoftwareParameterError_Bien_Traite" computerName="PC-AXINESIS-004" duration="00:00:00.0060000" startTime="2014-08-05T08:55:30.9416230+02:00" endTime="2014-08-05T08:55:30.9476230+02:00" testType="d6af2cae-ad69-4f6b-94e9-14e2609e2389" outcome="Passed" testListId="8c84fa94-04c1-424b-9868-57a2d4851a1d" relativeResultsDirectory="27525bab-d480-43d4-a26e-37cf152c39ee">
    </TestResultAggregation>
    <TestResultAggregation executionId="f14a0209-a796-4ea5-b0bb-d9804e9f0eff" testId="0ce6d8c4-d5f8-ce8a-decc-90cca63ec023" testName="Nom_Avec_Chiffre_Non_Valdie" computerName="PC-AXINESIS-004" duration="00:00:00.0010000" startTime="2014-08-05T08:55:28.3318881+02:00" endTime="2014-08-05T08:55:28.3328881+02:00" testType="d6af2cae-ad69-4f6b-94e9-14e2609e2389" outcome="Passed" testListId="8c84fa94-04c1-424b-9868-57a2d4851a1d" relativeResultsDirectory="f14a0209-a796-4ea5-b0bb-d9804e9f0eff">
    </TestResultAggregation>
    <TestResultAggregation executionId="546c056f-3602-4307-8aaf-9d0bb4a013b1" testId="0d760264-1fec-2999-c240-365c64ffbe15" testName="Erreur_Robot_SupplyVoltageOutputStageTooLow_Bien_Traite" computerName="PC-AXINESIS-004" duration="00:00:00.0040000" startTime="2014-08-05T08:55:30.9556285+02:00" endTime="2014-08-05T08:55:30.9596285+02:00" testType="d6af2cae-ad69-4f6b-94e9-14e2609e2389" outcome="Passed" testListId="8c84fa94-04c1-424b-9868-57a2d4851a1d" relativeResultsDirectory="546c056f-3602-4307-8aaf-9d0bb4a013b1">
    </TestResultAggregation>
    <TestResultAggregation executionId="5881bb10-5de6-44dd-98d9-1e2f79645b22" testId="0e500537-d2d9-f5ab-8260-b5ce8dde6259" testName="Therapeute_Mot_De_Passe_Obligatoire" computerName="PC-AXINESIS-004" duration="00:00:00.0340000" startTime="2014-08-05T08:55:34.2959991+02:00" endTime="2014-08-05T08:55:34.3299991+02:00" testType="d6af2cae-ad69-4f6b-94e9-14e2609e2389" outcome="Passed" testListId="8c84fa94-04c1-424b-9868-57a2d4851a1d" relativeResultsDirectory="5881bb10-5de6-44dd-98d9-1e2f79645b22">
    </TestResultAggregation>
    <TestResultAggregation executionId="99190f31-207d-4339-91db-17d23a50b408" testId="10be6209-de22-6fa7-f60a-ee638c41144c" testName="Erreur_Robot_InterpolatedPositionModeError_Bien_Traite" computerName="PC-AXINESIS-004" duration="00:00:00.0030000" startTime="2014-08-05T08:55:30.9065975+02:00" endTime="2014-08-05T08:55:30.9095975+02:00" testType="d6af2cae-ad69-4f6b-94e9-14e2609e2389" outcome="Passed" testListId="8c84fa94-04c1-424b-9868-57a2d4851a1d" relativeResultsDirectory="99190f31-207d-4339-91db-17d23a50b408">
    </TestResultAggregation>
    <TestResultAggregation executionId="67e98f2a-280d-4e40-a7f4-f61102d68d7c" testId="111b2230-432c-1643-3f22-8c807c7b6b0b" testName="Therapeute_Prenom_Obligatoire" computerName="PC-AXINESIS-004" duration="00:00:00.0050000" startTime="2014-08-05T08:55:34.3590229+02:00" endTime="2014-08-05T08:55:34.3640229+02:00" testType="d6af2cae-ad69-4f6b-94e9-14e2609e2389" outcome="Passed" testListId="8c84fa94-04c1-424b-9868-57a2d4851a1d" relativeResultsDirectory="67e98f2a-280d-4e40-a7f4-f61102d68d7c">
    </TestResultAggregation>
    <TestResultAggregation executionId="54ccbb66-b40f-47d0-bc4b-207db97ed373" testId="16cba0ff-f17e-3157-2151-135da05c3b77" testName="Erreur_Robot_CanPdoLengthError_Bien_Traite" computerName="PC-AXINESIS-004" duration="00:00:00.0030000" startTime="2014-08-05T08:55:30.8435531+02:00" endTime="2014-08-05T08:55:30.8465531+02:00" testType="d6af2cae-ad69-4f6b-94e9-14e2609e2389" outcome="Passed" testListId="8c84fa94-04c1-424b-9868-57a2d4851a1d" relativeResultsDirectory="54ccbb66-b40f-47d0-bc4b-207db97ed373">
    </TestResultAggregation>
    <TestResultAggregation executionId="0231e03e-5731-4bcb-8265-01accd5683b9" testId="1feb75d6-6075-769f-0ca5-c7a95c479767" testName="Jeu_Doit_Etre_Type_Jeu_Avec_Bon_Theme_Difficile" computerName="PC-AXINESIS-004" duration="00:00:00.0130000" startTime="2014-08-05T08:55:35.0835064+02:00" endTime="2014-08-05T08:55:35.0965064+02:00" testType="d6af2cae-ad69-4f6b-94e9-14e2609e2389" outcome="Passed" testListId="8c84fa94-04c1-424b-9868-57a2d4851a1d" relativeResultsDirectory="0231e03e-5731-4bcb-8265-01accd5683b9">
    </TestResultAggregation>
    <TestResultAggregation executionId="14684a9e-89bd-4286-8a8e-c88ce265874f" testId="20b118dc-27e8-ed17-0ac4-d5df103752d3" testName="Patient_Poids_Obligatoire" computerName="PC-AXINESIS-004" duration="00:00:00.0050000" startTime="2014-08-05T08:55:36.2442715+02:00" endTime="2014-08-05T08:55:36.2492715+02:00" testType="d6af2cae-ad69-4f6b-94e9-14e2609e2389" outcome="Passed" testListId="8c84fa94-04c1-424b-9868-57a2d4851a1d" relativeResultsDirectory="14684a9e-89bd-4286-8a8e-c88ce265874f">
    </TestResultAggregation>
    <TestResultAggregation executionId="96dd3ece-6997-4e6a-836c-5ab97adfd8ec" testId="23292fbe-adfa-993b-82f2-7c477d400857" testName="CalcSommeAbs_retourne_positif_quand_reponse_negative" computerName="PC-AXINESIS-004" duration="00:00:00.0620000" startTime="2014-08-05T08:55:36.7616991+02:00" endTime="2014-08-05T08:55:36.8236991+02:00" testType="d6af2cae-ad69-4f6b-94e9-14e2609e2389" outcome="Passed" testListId="8c84fa94-04c1-424b-9868-57a2d4851a1d" relativeResultsDirectory="96dd3ece-6997-4e6a-836c-5ab97adfd8ec">
    </TestResultAggregation>
    <TestResultAggregation executionId="8a924b97-a20a-4b8a-85a7-f04bd3abd63d" testId="25abb7b9-1485-9596-f399-1468ba684cfa" testName="Poids_Trop_Grand" computerName="PC-AXINESIS-004" startTime="2014-08-05T08:55:28.3348891+02:00" endTime="2014-08-05T08:55:28.3348891+02:00" testType="d6af2cae-ad69-4f6b-94e9-14e2609e2389" outcome="Passed" testListId="8c84fa94-04c1-424b-9868-57a2d4851a1d" relativeResultsDirectory="8a924b97-a20a-4b8a-85a7-f04bd3abd63d">
    </TestResultAggregation>
    <TestResultAggregation executionId="277f4f6f-84f6-4286-9624-dbef655ee45a" testId="25ecd32e-c21d-11c1-5e00-2394c558cc02" testName="Erreur_Robot_ControllerGainError_Bien_Traite" computerName="PC-AXINESIS-004" duration="00:00:00.0040000" startTime="2014-08-05T08:55:30.8575635+02:00" endTime="2014-08-05T08:55:30.8615635+02:00" testType="d6af2cae-ad69-4f6b-94e9-14e2609e2389" outcome="Passed" testListId="8c84fa94-04c1-424b-9868-57a2d4851a1d" relativeResultsDirectory="277f4f6f-84f6-4286-9624-dbef655ee45a">
    </TestResultAggregation>
    <TestResultAggregation executionId="b869a06e-a31a-406e-b69c-4838cd2c98fb" testId="2773513e-6b8c-7f26-cda7-ed323f58b406" testName="Patient_Bien_Supprime" computerName="PC-AXINESIS-004" duration="00:00:00.0440000" startTime="2014-08-05T08:55:36.0921974+02:00" endTime="2014-08-05T08:55:36.1361974+02:00" testType="d6af2cae-ad69-4f6b-94e9-14e2609e2389" outcome="Passed" testListId="8c84fa94-04c1-424b-9868-57a2d4851a1d" relativeResultsDirectory="b869a06e-a31a-406e-b69c-4838cd2c98fb">
    </TestResultAggregation>
    <TestResultAggregation executionId="f6a2b2df-37a8-474b-bc5d-94b5f7b8cb8c" testId="295107df-971f-3e27-197a-332cb8c3cc50" testName="Erreur_Robot_PositionSensorError_Bien_Traite" computerName="PC-AXINESIS-004" duration="00:00:00.0050000" startTime="2014-08-05T08:55:30.9366172+02:00" endTime="2014-08-05T08:55:30.9416172+02:00" testType="d6af2cae-ad69-4f6b-94e9-14e2609e2389" outcome="Passed" testListId="8c84fa94-04c1-424b-9868-57a2d4851a1d" relativeResultsDirectory="f6a2b2df-37a8-474b-bc5d-94b5f7b8cb8c">
    </TestResultAggregation>
    <TestResultAggregation executionId="f5f7d756-b3ac-412b-9fc4-07cbe4a1d6c0" testId="29643fec-276c-0215-f794-e8f805cfc972" testName="Poids_Est_Valide" computerName="PC-AXINESIS-004" duration="00:00:00.0010000" startTime="2014-08-05T08:55:28.3338891+02:00" endTime="2014-08-05T08:55:28.3348891+02:00" testType="d6af2cae-ad69-4f6b-94e9-14e2609e2389" outcome="Passed" testListId="8c84fa94-04c1-424b-9868-57a2d4851a1d" relativeResultsDirectory="f5f7d756-b3ac-412b-9fc4-07cbe4a1d6c0">
    </TestResultAggregation>
    <TestResultAggregation executionId="bd6b4ddc-a768-4871-9bb5-c7d776bc0b3a" testId="2e360870-3d74-91af-79e4-be8d529dd362" testName="Erreur_Robot_FollowingError_Bien_Traite" computerName="PC-AXINESIS-004" duration="00:00:00.0040000" startTime="2014-08-05T08:55:30.8675714+02:00" endTime="2014-08-05T08:55:30.8715714+02:00" testType="d6af2cae-ad69-4f6b-94e9-14e2609e2389" outcome="Passed" testListId="8c84fa94-04c1-424b-9868-57a2d4851a1d" relativeResultsDirectory="bd6b4ddc-a768-4871-9bb5-c7d776bc0b3a">
    </TestResultAggregation>
    <TestResultAggregation executionId="aa6e01a5-bffb-4fff-8ca8-7fe0e6e71d46" testId="354fc1a4-174b-33c4-c868-90f05d831a1a" testName="Therapeute_Login_Mdp_Doivent_Etre_Rempli" computerName="PC-AXINESIS-004" duration="00:00:00.0080000" startTime="2014-08-05T08:55:34.2829747+02:00" endTime="2014-08-05T08:55:34.2909747+02:00" testType="d6af2cae-ad69-4f6b-94e9-14e2609e2389" outcome="Passed" testListId="8c84fa94-04c1-424b-9868-57a2d4851a1d" relativeResultsDirectory="aa6e01a5-bffb-4fff-8ca8-7fe0e6e71d46">
    </TestResultAggregation>
    <TestResultAggregation executionId="fcd65d9b-25fb-44af-9eb9-96e6377cc9e2" testId="35595230-5bd0-ff18-4c33-6a82b4105ca2" testName="Therapeute_Prenom_Valide" computerName="PC-AXINESIS-004" duration="00:00:00.0050000" startTime="2014-08-05T08:55:34.3640264+02:00" endTime="2014-08-05T08:55:34.3690264+02:00" testType="d6af2cae-ad69-4f6b-94e9-14e2609e2389" outcome="Passed" testListId="8c84fa94-04c1-424b-9868-57a2d4851a1d" relativeResultsDirectory="fcd65d9b-25fb-44af-9eb9-96e6377cc9e2">
    </TestResultAggregation>
    <TestResultAggregation executionId="a87faa65-f979-410b-bfc4-a26a6b974f7e" testId="3be5bb77-d5a9-c355-1514-f9619c4abc76" testName="Exercice_Doit_Etre_Type_Carre_Sans_Theme" computerName="PC-AXINESIS-004" duration="00:00:00.0200000" startTime="2014-08-05T08:55:34.9924507+02:00" endTime="2014-08-05T08:55:35.0124507+02:00" testType="d6af2cae-ad69-4f6b-94e9-14e2609e2389" outcome="Passed" testListId="8c84fa94-04c1-424b-9868-57a2d4851a1d" relativeResultsDirectory="a87faa65-f979-410b-bfc4-a26a6b974f7e">
    </TestResultAggregation>
    <TestResultAggregation executionId="9cccfa4a-be89-4ef9-bf14-c994a8bd4dff" testId="3e305784-9366-9cbf-b6a3-920a4315b63b" testName="Erreur_SqlException_Num18456_Bien_Traite" computerName="PC-AXINESIS-004" duration="00:00:00.0030000" startTime="2014-08-05T08:55:31.0256741+02:00" endTime="2014-08-05T08:55:31.0286741+02:00" testType="d6af2cae-ad69-4f6b-94e9-14e2609e2389" outcome="Passed" testListId="8c84fa94-04c1-424b-9868-57a2d4851a1d" relativeResultsDirectory="9cccfa4a-be89-4ef9-bf14-c994a8bd4dff">
    </TestResultAggregation>
    <TestResultAggregation executionId="55c2098d-11a6-4860-8eaa-05fa10d221b4" testId="41d929c7-83e1-d0ec-365b-6bff1ab9c1ef" testName="Exercice_Doit_Etre_Type_Target_Avec_Theme" computerName="PC-AXINESIS-004" duration="00:00:00.0070000" startTime="2014-08-05T08:55:35.0564847+02:00" endTime="2014-08-05T08:55:35.0634847+02:00" testType="d6af2cae-ad69-4f6b-94e9-14e2609e2389" outcome="Passed" testListId="8c84fa94-04c1-424b-9868-57a2d4851a1d" relativeResultsDirectory="55c2098d-11a6-4860-8eaa-05fa10d221b4">
    </TestResultAggregation>
    <TestResultAggregation executionId="f5652f27-0625-4ae9-bbb2-3bed347cab29" testId="42784824-7f1f-8f16-8a9c-72a03e7e4177" testName="Erreur_SqlException_Num4060_Bien_Traite" computerName="PC-AXINESIS-004" duration="00:00:00.0030000" startTime="2014-08-05T08:55:31.0336794+02:00" endTime="2014-08-05T08:55:31.0366794+02:00" testType="d6af2cae-ad69-4f6b-94e9-14e2609e2389" outcome="Passed" testListId="8c84fa94-04c1-424b-9868-57a2d4851a1d" relativeResultsDirectory="f5652f27-0625-4ae9-bbb2-3bed347cab29">
    </TestResultAggregation>
    <TestResultAggregation executionId="85eea755-b35b-428f-87a6-7dc0ee1656f0" testId="432be06a-e2a8-0624-2aba-809b91f8a164" testName="Quitter_Exercice_En_Cours_Oui_Vers_HomeViewModel" computerName="PC-AXINESIS-004" duration="00:00:00.9050000" startTime="2014-08-05T08:55:37.2505812+02:00" endTime="2014-08-05T08:55:38.1555812+02:00" testType="d6af2cae-ad69-4f6b-94e9-14e2609e2389" outcome="Passed" testListId="8c84fa94-04c1-424b-9868-57a2d4851a1d" relativeResultsDirectory="85eea755-b35b-428f-87a6-7dc0ee1656f0">
      <Output>
        <TraceInfo>VisualisationViewModel OK

</TraceInfo>
      </Output>
    </TestResultAggregation>
    <TestResultAggregation executionId="02f29a9f-82f1-45a7-be3f-a6981c90fd66" testId="44ed4079-9453-ff0c-84c2-ac19b4af933d" testName="Bon_Prenom_Patient_Trouve" computerName="PC-AXINESIS-004" duration="00:00:00.0100000" startTime="2014-08-05T08:55:36.0711601+02:00" endTime="2014-08-05T08:55:36.0811601+02:00" testType="d6af2cae-ad69-4f6b-94e9-14e2609e2389" outcome="Passed" testListId="8c84fa94-04c1-424b-9868-57a2d4851a1d" relativeResultsDirectory="02f29a9f-82f1-45a7-be3f-a6981c90fd66">
    </TestResultAggregation>
    <TestResultAggregation executionId="37e340e6-31da-445c-b554-c641237c8bf0" testId="454cd542-f819-baab-5e5e-809ca9946cca" testName="Therapeute_Connection_Login_Faux_Mdp_Bon" computerName="PC-AXINESIS-004" duration="00:00:00.0090000" startTime="2014-08-05T08:55:34.2649623+02:00" endTime="2014-08-05T08:55:34.2739623+02:00" testType="d6af2cae-ad69-4f6b-94e9-14e2609e2389" outcome="Passed" testListId="8c84fa94-04c1-424b-9868-57a2d4851a1d" relativeResultsDirectory="37e340e6-31da-445c-b554-c641237c8bf0">
    </TestResultAggregation>
    <TestResultAggregation executionId="96b4f0cc-14bb-4697-9410-de8860190904" testId="45e88d5d-f0bd-540d-1a6e-ca02f771c932" testName="NavigateToHome_Vers_HomeViewModel" computerName="PC-AXINESIS-004" duration="00:00:00.8040000" startTime="2014-08-05T08:55:38.5894354+02:00" endTime="2014-08-05T08:55:39.3934354+02:00" testType="d6af2cae-ad69-4f6b-94e9-14e2609e2389" outcome="Passed" testListId="8c84fa94-04c1-424b-9868-57a2d4851a1d" relativeResultsDirectory="96b4f0cc-14bb-4697-9410-de8860190904">
    </TestResultAggregation>
    <TestResultAggregation executionId="fde07aca-3285-4e4e-9f22-c893f362219e" testId="46f2fb7c-cbb5-3f4f-7fbb-54c6e13304f7" testName="Erreur_FileNotFoundException_Bien_Traite" computerName="PC-AXINESIS-004" duration="00:00:00.0030000" startTime="2014-08-05T08:55:30.8145334+02:00" endTime="2014-08-05T08:55:30.8175334+02:00" testType="d6af2cae-ad69-4f6b-94e9-14e2609e2389" outcome="Passed" testListId="8c84fa94-04c1-424b-9868-57a2d4851a1d" relativeResultsDirectory="fde07aca-3285-4e4e-9f22-c893f362219e">
    </TestResultAggregation>
    <TestResultAggregation executionId="2e643f43-039f-4f05-b130-a083e9ce1a7f" testId="470df629-581f-d9c4-ed6e-8910f13ce6a2" testName="Exercice_Doit_Etre_Type_Target_Sans_Theme" computerName="PC-AXINESIS-004" duration="00:00:00.0090000" startTime="2014-08-05T08:55:35.0644916+02:00" endTime="2014-08-05T08:55:35.0734916+02:00" testType="d6af2cae-ad69-4f6b-94e9-14e2609e2389" outcome="Passed" testListId="8c84fa94-04c1-424b-9868-57a2d4851a1d" relativeResultsDirectory="2e643f43-039f-4f05-b130-a083e9ce1a7f">
    </TestResultAggregation>
    <TestResultAggregation executionId="366d6e9d-a044-450e-9ffb-85d71575d71e" testId="4a086426-1df2-c9f6-a07f-48cc5355b1cf" testName="Erreur_UnauthorizedAccessException_Bien_Traite" computerName="PC-AXINESIS-004" duration="00:00:00.0040000" startTime="2014-08-05T08:55:31.0406850+02:00" endTime="2014-08-05T08:55:31.0446850+02:00" testType="d6af2cae-ad69-4f6b-94e9-14e2609e2389" outcome="Passed" testListId="8c84fa94-04c1-424b-9868-57a2d4851a1d" relativeResultsDirectory="366d6e9d-a044-450e-9ffb-85d71575d71e">
    </TestResultAggregation>
    <TestResultAggregation executionId="9c46bf2b-33fc-49c0-b5e6-5baa1ed1fbe5" testId="4bc6e967-6d6d-55dc-5667-6491a42879ce" testName="Erreur_Robot_CanRxQueueOverflowError_Bien_Traite" computerName="PC-AXINESIS-004" duration="00:00:00.0030000" startTime="2014-08-05T08:55:30.8465577+02:00" endTime="2014-08-05T08:55:30.8495577+02:00" testType="d6af2cae-ad69-4f6b-94e9-14e2609e2389" outcome="Passed" testListId="8c84fa94-04c1-424b-9868-57a2d4851a1d" relativeResultsDirectory="9c46bf2b-33fc-49c0-b5e6-5baa1ed1fbe5">
    </TestResultAggregation>
    <TestResultAggregation executionId="ff88b9b1-ccdc-4488-83a5-d3ccd1435e3f" testId="4be11f3f-9c9b-c3c0-0181-9cf372e78a39" testName="Digit_Avant_Janvier_2000_Correct" computerName="PC-AXINESIS-004" startTime="2014-08-05T08:55:28.3318873+02:00" endTime="2014-08-05T08:55:28.3318873+02:00" testType="d6af2cae-ad69-4f6b-94e9-14e2609e2389" outcome="Passed" testListId="8c84fa94-04c1-424b-9868-57a2d4851a1d" relativeResultsDirectory="ff88b9b1-ccdc-4488-83a5-d3ccd1435e3f">
    </TestResultAggregation>
    <TestResultAggregation executionId="e528f094-1b56-42fb-8313-64a3409df986" testId="4c328412-8a84-cec3-b518-5abcecc770c8" testName="Erreur_Robot_UndervoltageError_Bien_Traite" computerName="PC-AXINESIS-004" duration="00:00:00.0060000" startTime="2014-08-05T08:55:30.9646356+02:00" endTime="2014-08-05T08:55:30.9706356+02:00" testType="d6af2cae-ad69-4f6b-94e9-14e2609e2389" outcome="Passed" testListId="8c84fa94-04c1-424b-9868-57a2d4851a1d" relativeResultsDirectory="e528f094-1b56-42fb-8313-64a3409df986">
    </TestResultAggregation>
    <TestResultAggregation executionId="15c1d3a9-4bb5-40b2-88ff-281512ae0d35" testId="4d48ca6b-511b-39ac-a68c-91352d15b1df" testName="Erreur_SqlException_Num18452_Bien_Traite" computerName="PC-AXINESIS-004" duration="00:00:00.0050000" startTime="2014-08-05T08:55:31.0196730+02:00" endTime="2014-08-05T08:55:31.0246730+02:00" testType="d6af2cae-ad69-4f6b-94e9-14e2609e2389" outcome="Passed" testListId="8c84fa94-04c1-424b-9868-57a2d4851a1d" relativeResultsDirectory="15c1d3a9-4bb5-40b2-88ff-281512ae0d35">
    </TestResultAggregation>
    <TestResultAggregation executionId="f68ab577-2243-49ce-8289-ece746a26ee5" testId="4f482e75-1f13-6e68-c51e-899481bb394c" testName="Erreur_Robot_LogicSupplyVoltageTooLowError_Bien_Traite" computerName="PC-AXINESIS-004" duration="00:00:00.0060000" startTime="2014-08-05T08:55:30.9095993+02:00" endTime="2014-08-05T08:55:30.9155993+02:00" testType="d6af2cae-ad69-4f6b-94e9-14e2609e2389" outcome="Passed" testListId="8c84fa94-04c1-424b-9868-57a2d4851a1d" relativeResultsDirectory="f68ab577-2243-49ce-8289-ece746a26ee5">
    </TestResultAggregation>
    <TestResultAggregation executionId="1a4d7722-e468-4f2a-a557-017ae57a440f" testId="4ff74c24-6e9b-810e-a11a-0426b9c06e93" testName="Erreur_Robot_OvercurrentError_Bien_Traite" computerName="PC-AXINESIS-004" duration="00:00:00.0040000" startTime="2014-08-05T08:55:30.9216056+02:00" endTime="2014-08-05T08:55:30.9256056+02:00" testType="d6af2cae-ad69-4f6b-94e9-14e2609e2389" outcome="Passed" testListId="8c84fa94-04c1-424b-9868-57a2d4851a1d" relativeResultsDirectory="1a4d7722-e468-4f2a-a557-017ae57a440f">
    </TestResultAggregation>
    <TestResultAggregation executionId="604b82a0-ba95-4a40-8b79-d15b82642000" testId="5188289e-0f4c-4bba-4f87-aede2c765fd5" testName="Erreur_OutOfMemoryException_Bien_Traite" computerName="PC-AXINESIS-004" duration="00:00:00.0020000" startTime="2014-08-05T08:55:30.8185371+02:00" endTime="2014-08-05T08:55:30.8205371+02:00" testType="d6af2cae-ad69-4f6b-94e9-14e2609e2389" outcome="Passed" testListId="8c84fa94-04c1-424b-9868-57a2d4851a1d" relativeResultsDirectory="604b82a0-ba95-4a40-8b79-d15b82642000">
    </TestResultAggregation>
    <TestResultAggregation executionId="d5b87d96-954b-420a-bbf0-243aaf83e67e" testId="581c372c-5787-efa7-eb05-b82da31e13c9" testName="Erreur_Robot_HallSensorError_Bien_Traite" computerName="PC-AXINESIS-004" duration="00:00:00.0050000" startTime="2014-08-05T08:55:30.8795789+02:00" endTime="2014-08-05T08:55:30.8845789+02:00" testType="d6af2cae-ad69-4f6b-94e9-14e2609e2389" outcome="Passed" testListId="8c84fa94-04c1-424b-9868-57a2d4851a1d" relativeResultsDirectory="d5b87d96-954b-420a-bbf0-243aaf83e67e">
    </TestResultAggregation>
    <TestResultAggregation executionId="729663b1-cd4e-4953-bc64-f0e919202090" testId="58267df6-27d7-de99-f3be-2ac90f317834" testName="Erreur_Robot_OvervoltageError_Bien_Traite" computerName="PC-AXINESIS-004" duration="00:00:00.0040000" startTime="2014-08-05T08:55:30.9326128+02:00" endTime="2014-08-05T08:55:30.9366128+02:00" testType="d6af2cae-ad69-4f6b-94e9-14e2609e2389" outcome="Passed" testListId="8c84fa94-04c1-424b-9868-57a2d4851a1d" relativeResultsDirectory="729663b1-cd4e-4953-bc64-f0e919202090">
    </TestResultAggregation>
    <TestResultAggregation executionId="ac085ae6-d390-4ce5-9f30-a8f1fe709559" testId="5e7d6af5-64cc-1804-ddd0-8cb7d33a7c25" testName="Erreur_Robot_CanTxQueueOverflowError_Bien_Traite" computerName="PC-AXINESIS-004" duration="00:00:00.0040000" startTime="2014-08-05T08:55:30.8535605+02:00" endTime="2014-08-05T08:55:30.8575605+02:00" testType="d6af2cae-ad69-4f6b-94e9-14e2609e2389" outcome="Passed" testListId="8c84fa94-04c1-424b-9868-57a2d4851a1d" relativeResultsDirectory="ac085ae6-d390-4ce5-9f30-a8f1fe709559">
    </TestResultAggregation>
    <TestResultAggregation executionId="e09c2891-b603-44a6-8178-4203482e8a58" testId="5f4e2034-866f-4eb1-0441-6555f1681d32" testName="Erreur_Robot_GearScalingFactorError_Bien_Traite" computerName="PC-AXINESIS-004" duration="00:00:00.0030000" startTime="2014-08-05T08:55:30.8725722+02:00" endTime="2014-08-05T08:55:30.8755722+02:00" testType="d6af2cae-ad69-4f6b-94e9-14e2609e2389" outcome="Passed" testListId="8c84fa94-04c1-424b-9868-57a2d4851a1d" relativeResultsDirectory="e09c2891-b603-44a6-8178-4203482e8a58">
    </TestResultAggregation>
    <TestResultAggregation executionId="2f837949-8be9-4909-b795-1376f3c70a62" testId="5f4e818c-59f5-ec74-a477-f33dd5087204" testName="Patient_Nom_Obligatoire" computerName="PC-AXINESIS-004" duration="00:00:00.0070000" startTime="2014-08-05T08:55:36.2362657+02:00" endTime="2014-08-05T08:55:36.2432657+02:00" testType="d6af2cae-ad69-4f6b-94e9-14e2609e2389" outcome="Passed" testListId="8c84fa94-04c1-424b-9868-57a2d4851a1d" relativeResultsDirectory="2f837949-8be9-4909-b795-1376f3c70a62">
    </TestResultAggregation>
    <TestResultAggregation executionId="a3b4b33b-054f-4f1c-87cf-eeccc56c2f8b" testId="685bc9e4-6b9e-eafd-c8ef-4d24f897588d" testName="Erreur_SqlException_Num10054_Bien_Traite" computerName="PC-AXINESIS-004" duration="00:00:00.0030000" startTime="2014-08-05T08:55:31.0166679+02:00" endTime="2014-08-05T08:55:31.0196679+02:00" testType="d6af2cae-ad69-4f6b-94e9-14e2609e2389" outcome="Passed" testListId="8c84fa94-04c1-424b-9868-57a2d4851a1d" relativeResultsDirectory="a3b4b33b-054f-4f1c-87cf-eeccc56c2f8b">
    </TestResultAggregation>
    <TestResultAggregation executionId="e330fd0a-979c-4a0d-899a-ec2f255e781d" testId="6baf9aec-dbb5-4f84-ed05-5b1fdabda1f6" testName="Therapeute_Connection_Login_Bon_Mdp_Bon" computerName="PC-AXINESIS-004" duration="00:00:00.0840000" startTime="2014-08-05T08:55:34.1809565+02:00" endTime="2014-08-05T08:55:34.2649565+02:00" testType="d6af2cae-ad69-4f6b-94e9-14e2609e2389" outcome="Passed" testListId="8c84fa94-04c1-424b-9868-57a2d4851a1d" relativeResultsDirectory="e330fd0a-979c-4a0d-899a-ec2f255e781d">
    </TestResultAggregation>
    <TestResultAggregation executionId="cdb6c1ad-ad27-4354-8c57-b7526a95df4e" testId="6e7616cc-f5c3-4e0a-2f74-0b9986d66ed0" testName="Erreur_Robot_IndexProcessingError_Bien_Traite" computerName="PC-AXINESIS-004" duration="00:00:00.0070000" startTime="2014-08-05T08:55:30.8935892+02:00" endTime="2014-08-05T08:55:30.9005892+02:00" testType="d6af2cae-ad69-4f6b-94e9-14e2609e2389" outcome="Passed" testListId="8c84fa94-04c1-424b-9868-57a2d4851a1d" relativeResultsDirectory="cdb6c1ad-ad27-4354-8c57-b7526a95df4e">
    </TestResultAggregation>
    <TestResultAggregation executionId="7ca82d0c-4de0-4736-a0a5-5d78d1dd233c" testId="6e80c6e1-e5cc-e094-8690-e0b15e42b61e" testName="Exercice_Eval_Doit_Avoir_Big_Borne" computerName="PC-AXINESIS-004" duration="00:00:00.0090000" startTime="2014-08-05T08:55:35.0744977+02:00" endTime="2014-08-05T08:55:35.0834977+02:00" testType="d6af2cae-ad69-4f6b-94e9-14e2609e2389" outcome="Passed" testListId="8c84fa94-04c1-424b-9868-57a2d4851a1d" relativeResultsDirectory="7ca82d0c-4de0-4736-a0a5-5d78d1dd233c">
    </TestResultAggregation>
    <TestResultAggregation executionId="a5b8e2f3-6bd6-447f-926e-bfd2e1c5b298" testId="70c3bcd2-30f3-dc55-d57b-3305735ab2fe" testName="Therapeute_Nom_Obligatoire" computerName="PC-AXINESIS-004" duration="00:00:00.0050000" startTime="2014-08-05T08:55:34.3380079+02:00" endTime="2014-08-05T08:55:34.3430079+02:00" testType="d6af2cae-ad69-4f6b-94e9-14e2609e2389" outcome="Passed" testListId="8c84fa94-04c1-424b-9868-57a2d4851a1d" relativeResultsDirectory="a5b8e2f3-6bd6-447f-926e-bfd2e1c5b298">
    </TestResultAggregation>
    <TestResultAggregation executionId="af652511-c10f-4ca3-9840-b7ef9e0713c4" testId="70ebb40d-5861-d5c1-a3ef-791dade40bd9" testName="Therapeute_Confirmation_Mot_De_Passe_Valide" computerName="PC-AXINESIS-004" duration="00:00:00.0040000" startTime="2014-08-05T08:55:34.1768996+02:00" endTime="2014-08-05T08:55:34.1808996+02:00" testType="d6af2cae-ad69-4f6b-94e9-14e2609e2389" outcome="Passed" testListId="8c84fa94-04c1-424b-9868-57a2d4851a1d" relativeResultsDirectory="af652511-c10f-4ca3-9840-b7ef9e0713c4">
    </TestResultAggregation>
    <TestResultAggregation executionId="527abb2e-a274-42bb-9ed1-7c79a29e55c8" testId="73ff9664-9e53-3c8b-c732-477aeaf16de3" testName="Patient_Sexe_Obligatoire" computerName="PC-AXINESIS-004" duration="00:00:00.0050000" startTime="2014-08-05T08:55:36.2542785+02:00" endTime="2014-08-05T08:55:36.2592785+02:00" testType="d6af2cae-ad69-4f6b-94e9-14e2609e2389" outcome="Passed" testListId="8c84fa94-04c1-424b-9868-57a2d4851a1d" relativeResultsDirectory="527abb2e-a274-42bb-9ed1-7c79a29e55c8">
    </TestResultAggregation>
    <TestResultAggregation executionId="71b56f97-65cf-4d34-aa36-ca6606a11a25" testId="753937c8-a9eb-1241-f3c3-39b8d5bc3c92" testName="Patient_Prenom_Avec_Chiffre_Non_Valdie" computerName="PC-AXINESIS-004" startTime="2014-08-05T08:55:28.3338880+02:00" endTime="2014-08-05T08:55:28.3338880+02:00" testType="d6af2cae-ad69-4f6b-94e9-14e2609e2389" outcome="Passed" testListId="8c84fa94-04c1-424b-9868-57a2d4851a1d" relativeResultsDirectory="71b56f97-65cf-4d34-aa36-ca6606a11a25">
    </TestResultAggregation>
    <TestResultAggregation executionId="7f07464d-4e53-4d08-9b1f-a90ae38f4d6e" testId="79e0f4ac-752d-6854-5869-d79798ecc5d8" testName="Digit_Apres_Decembre_1999_Correct" computerName="PC-AXINESIS-004" duration="00:00:00.0340000" startTime="2014-08-05T08:55:28.2888811+02:00" endTime="2014-08-05T08:55:28.3228811+02:00" testType="d6af2cae-ad69-4f6b-94e9-14e2609e2389" outcome="Passed" testListId="8c84fa94-04c1-424b-9868-57a2d4851a1d" relativeResultsDirectory="7f07464d-4e53-4d08-9b1f-a90ae38f4d6e">
    </TestResultAggregation>
    <TestResultAggregation executionId="f28db618-68cb-4e57-964e-75b33b2e434a" testId="7a5257a4-6838-27e7-097e-fee1f1076112" testName="Therapeute_Nom_Valide" computerName="PC-AXINESIS-004" duration="00:00:00.0050000" startTime="2014-08-05T08:55:34.3530186+02:00" endTime="2014-08-05T08:55:34.3580186+02:00" testType="d6af2cae-ad69-4f6b-94e9-14e2609e2389" outcome="Passed" testListId="8c84fa94-04c1-424b-9868-57a2d4851a1d" relativeResultsDirectory="f28db618-68cb-4e57-964e-75b33b2e434a">
    </TestResultAggregation>
    <TestResultAggregation executionId="075ec4eb-6b4e-4ff9-844b-0cdb1f566364" testId="7a8c8ab2-cc1f-665a-6687-1b4694c99073" testName="Ecart_Type" computerName="PC-AXINESIS-004" duration="00:00:00.0350000" startTime="2014-08-05T08:55:39.8167376+02:00" endTime="2014-08-05T08:55:39.8517376+02:00" testType="d6af2cae-ad69-4f6b-94e9-14e2609e2389" outcome="Passed" testListId="8c84fa94-04c1-424b-9868-57a2d4851a1d" relativeResultsDirectory="075ec4eb-6b4e-4ff9-844b-0cdb1f566364">
    </TestResultAggregation>
    <TestResultAggregation executionId="145823ae-1f84-4fb6-b4d3-cd7c17e8d365" testId="7d2a5c74-8b81-7def-78d9-19fc9e6c2ea4" testName="Patient_DateNaissance_Obligatoire" computerName="PC-AXINESIS-004" duration="00:00:00.0900000" startTime="2014-08-05T08:55:36.1362546+02:00" endTime="2014-08-05T08:55:36.2262546+02:00" testType="d6af2cae-ad69-4f6b-94e9-14e2609e2389" outcome="Passed" testListId="8c84fa94-04c1-424b-9868-57a2d4851a1d" relativeResultsDirectory="145823ae-1f84-4fb6-b4d3-cd7c17e8d365">
    </TestResultAggregation>
    <TestResultAggregation executionId="65d1267a-50be-4a40-bf64-e668c780440f" testId="7f94dfe3-332f-6ad8-2375-32e045760356" testName="Exercice_Doit_Etre_Type_FreeAmpl_Sans_Theme" computerName="PC-AXINESIS-004" duration="00:00:00.0090000" startTime="2014-08-05T08:55:35.0474799+02:00" endTime="2014-08-05T08:55:35.0564799+02:00" testType="d6af2cae-ad69-4f6b-94e9-14e2609e2389" outcome="Passed" testListId="8c84fa94-04c1-424b-9868-57a2d4851a1d" relativeResultsDirectory="65d1267a-50be-4a40-bf64-e668c780440f">
    </TestResultAggregation>
    <TestResultAggregation executionId="bc364745-512c-4738-8b1d-5a92c49200c3" testId="801619e0-4c6a-c192-158c-5c744706c07f" testName="Digit_Apres_Decembre_1999_Mauvais" computerName="PC-AXINESIS-004" duration="00:00:00.0030000" startTime="2014-08-05T08:55:28.3288873+02:00" endTime="2014-08-05T08:55:28.3318873+02:00" testType="d6af2cae-ad69-4f6b-94e9-14e2609e2389" outcome="Passed" testListId="8c84fa94-04c1-424b-9868-57a2d4851a1d" relativeResultsDirectory="bc364745-512c-4738-8b1d-5a92c49200c3">
    </TestResultAggregation>
    <TestResultAggregation executionId="214b9197-6779-46cc-85fd-536e703ea37d" testId="84265baa-a0fc-9eb4-5420-2fc493c758dd" testName="Jeu_Doit_Etre_Type_Jeu_Avec_Bon_Theme_Facile" computerName="PC-AXINESIS-004" duration="00:00:00.0080000" startTime="2014-08-05T08:55:35.1045170+02:00" endTime="2014-08-05T08:55:35.1125170+02:00" testType="d6af2cae-ad69-4f6b-94e9-14e2609e2389" outcome="Passed" testListId="8c84fa94-04c1-424b-9868-57a2d4851a1d" relativeResultsDirectory="214b9197-6779-46cc-85fd-536e703ea37d">
    </TestResultAggregation>
    <TestResultAggregation executionId="4314494a-897a-4e2e-90dd-0bea5a10a100" testId="8786509f-e646-d735-fbae-09bb7ea9968d" testName="Deconnexion_Robot_Correcte" computerName="PC-AXINESIS-004" duration="00:00:00.0020000" startTime="2014-08-05T08:55:40.3810920+02:00" endTime="2014-08-05T08:55:40.3830920+02:00" testType="d6af2cae-ad69-4f6b-94e9-14e2609e2389" outcome="Passed" testListId="8c84fa94-04c1-424b-9868-57a2d4851a1d" relativeResultsDirectory="4314494a-897a-4e2e-90dd-0bea5a10a100">
    </TestResultAggregation>
    <TestResultAggregation executionId="c8512bfa-9487-4bd1-8afd-9140517e3a1a" testId="8ba1fb0e-b6e5-ffa6-335a-2d325b6a0e71" testName="Patient_ID2_Obligatoire" computerName="PC-AXINESIS-004" duration="00:00:00.0050000" startTime="2014-08-05T08:55:36.2312631+02:00" endTime="2014-08-05T08:55:36.2362631+02:00" testType="d6af2cae-ad69-4f6b-94e9-14e2609e2389" outcome="Passed" testListId="8c84fa94-04c1-424b-9868-57a2d4851a1d" relativeResultsDirectory="c8512bfa-9487-4bd1-8afd-9140517e3a1a">
    </TestResultAggregation>
    <TestResultAggregation executionId="e20dc57f-b2d5-470e-90a3-9eaf2cfce347" testId="8c12cfd0-1498-5bdd-91ca-78d79b86f9eb" testName="Erreur_Robot_SystemOverloadedError_Bien_Traite" computerName="PC-AXINESIS-004" duration="00:00:00.0050000" startTime="2014-08-05T08:55:30.9596326+02:00" endTime="2014-08-05T08:55:30.9646326+02:00" testType="d6af2cae-ad69-4f6b-94e9-14e2609e2389" outcome="Passed" testListId="8c84fa94-04c1-424b-9868-57a2d4851a1d" relativeResultsDirectory="e20dc57f-b2d5-470e-90a3-9eaf2cfce347">
    </TestResultAggregation>
    <TestResultAggregation executionId="4dd2e98e-a55e-48a5-9bc7-7300e295289e" testId="8df30bf8-76cd-877b-8f7e-5c4d83da39af" testName="Therapeute_Doit_Etre_Admin" computerName="PC-AXINESIS-004" duration="00:00:00.0080000" startTime="2014-08-05T08:55:34.2749684+02:00" endTime="2014-08-05T08:55:34.2829684+02:00" testType="d6af2cae-ad69-4f6b-94e9-14e2609e2389" outcome="Passed" testListId="8c84fa94-04c1-424b-9868-57a2d4851a1d" relativeResultsDirectory="4dd2e98e-a55e-48a5-9bc7-7300e295289e">
    </TestResultAggregation>
    <TestResultAggregation executionId="511ccb02-c99c-4edc-b857-723ef33eff8a" testId="92017067-14ad-573f-0247-6612b560f178" testName="Erreur_Robot_CanTransmitCobIdCollisionError_Bien_Traite" computerName="PC-AXINESIS-004" duration="00:00:00.0030000" startTime="2014-08-05T08:55:30.8505576+02:00" endTime="2014-08-05T08:55:30.8535576+02:00" testType="d6af2cae-ad69-4f6b-94e9-14e2609e2389" outcome="Passed" testListId="8c84fa94-04c1-424b-9868-57a2d4851a1d" relativeResultsDirectory="511ccb02-c99c-4edc-b857-723ef33eff8a">
    </TestResultAggregation>
    <TestResultAggregation executionId="16ba444a-79a3-4cc0-a24e-8a593bee8d05" testId="92fd36a1-ca75-7f92-7bd2-2dc408eedb40" testName="Erreur_Autres_Exception_Doit_Couper_Le_Programme" computerName="PC-AXINESIS-004" duration="00:00:00.0310000" startTime="2014-08-05T08:55:30.7835319+02:00" endTime="2014-08-05T08:55:30.8145319+02:00" testType="d6af2cae-ad69-4f6b-94e9-14e2609e2389" outcome="Failed" testListId="8c84fa94-04c1-424b-9868-57a2d4851a1d" relativeResultsDirectory="16ba444a-79a3-4cc0-a24e-8a593bee8d05">
      <Output>
        <ErrorInfo>
          <Message>Moq.MockException : 
Expected invocation on the mock at least once, but was never performed: mm =&gt; mm.ShowError(Languages.REAplan_Erreur_Critique + "
" + Languages.REAplan_Erreur_Call + "
" + Languages.REAplan_Erreur_NumeroTelephone)
No setups configured.

Performed invocations:
IMessageBoxService.ShowError("Exception
")</Message>
          <StackTrace>   à Moq.Mock.ThrowVerifyException(MethodCall expected, IEnumerable`1 setups, IEnumerable`1 actualCalls, Expression expression, Times times, Int32 callCount)
   à Moq.Mock.VerifyCalls(Interceptor targetInterceptor, MethodCall expected, Expression expression, Times times)
   à Moq.Mock.Verify[T](Mock`1 mock, Expression`1 expression, Times times, String failMessage)
   à Moq.Mock`1.Verify(Expression`1 expression)
   à AxError.Test.GestionErreurTest.Erreur_Autres_Exception_Doit_Couper_Le_Programme() dans C:\Users\Axinesis\Desktop\ihm_base\AxError.Test\GestionErreurTest.cs:ligne 377</StackTrace>
        </ErrorInfo>
        <TextMessages>
          <Message>Moq.MockException : 
Expected invocation on the mock at least once, but was never performed: mm =&gt; mm.ShowError(Languages.REAplan_Erreur_Critique + "
" + Languages.REAplan_Erreur_Call + "
" + Languages.REAplan_Erreur_NumeroTelephone)
No setups configured.

Performed invocations:
IMessageBoxService.ShowError("Exception
")</Message>
        </TextMessages>
      </Output>
    </TestResultAggregation>
    <TestResultAggregation executionId="335be26a-9d92-420c-ab33-80b30e8e5e9a" testId="93a6a4eb-88a4-190c-4984-549fd5627b92" testName="Erreur_SqlException_Autres_Num_Bien_Traite" computerName="PC-AXINESIS-004" duration="00:00:00.0450000" startTime="2014-08-05T08:55:30.9716664+02:00" endTime="2014-08-05T08:55:31.0166664+02:00" testType="d6af2cae-ad69-4f6b-94e9-14e2609e2389" outcome="Passed" testListId="8c84fa94-04c1-424b-9868-57a2d4851a1d" relativeResultsDirectory="335be26a-9d92-420c-ab33-80b30e8e5e9a">
    </TestResultAggregation>
    <TestResultAggregation executionId="8a54babe-489f-4695-a718-4d75d11abb91" testId="9675d6c5-a9f0-d1b1-dc83-f2159bbe4e61" testName="Erreur_SqlException_Num2_Bien_Traite" computerName="PC-AXINESIS-004" duration="00:00:00.0030000" startTime="2014-08-05T08:55:31.0296777+02:00" endTime="2014-08-05T08:55:31.0326777+02:00" testType="d6af2cae-ad69-4f6b-94e9-14e2609e2389" outcome="Passed" testListId="8c84fa94-04c1-424b-9868-57a2d4851a1d" relativeResultsDirectory="8a54babe-489f-4695-a718-4d75d11abb91">
    </TestResultAggregation>
    <TestResultAggregation executionId="f9d99ea0-94ce-45ea-b2c4-235c4bb90344" testId="99f400bb-0ada-6022-1c6a-8a51a33a69ad" testName="Erreur_WrongSerialPortException_Bien_Traite" computerName="PC-AXINESIS-004" duration="00:00:00.0040000" startTime="2014-08-05T08:55:31.0456885+02:00" endTime="2014-08-05T08:55:31.0496885+02:00" testType="d6af2cae-ad69-4f6b-94e9-14e2609e2389" outcome="Passed" testListId="8c84fa94-04c1-424b-9868-57a2d4851a1d" relativeResultsDirectory="f9d99ea0-94ce-45ea-b2c4-235c4bb90344">
    </TestResultAggregation>
    <TestResultAggregation executionId="7ef3c3a3-570a-47ff-80df-2b58dda934f8" testId="9a9c9aca-748b-bfa8-d869-cf515d3be60d" testName="Bonne_Date_Patient_Trouve" computerName="PC-AXINESIS-004" duration="00:00:00.0110000" startTime="2014-08-05T08:55:36.0811676+02:00" endTime="2014-08-05T08:55:36.0921676+02:00" testType="d6af2cae-ad69-4f6b-94e9-14e2609e2389" outcome="Passed" testListId="8c84fa94-04c1-424b-9868-57a2d4851a1d" relativeResultsDirectory="7ef3c3a3-570a-47ff-80df-2b58dda934f8">
    </TestResultAggregation>
    <TestResultAggregation executionId="f7212ede-3064-4094-959e-590345a8ad4a" testId="9ef9f365-076b-fb6f-67f0-e145ead2e579" testName="Inscription_Administrateur" computerName="PC-AXINESIS-004" duration="00:00:00.0120000" startTime="2014-08-05T08:55:34.1468847+02:00" endTime="2014-08-05T08:55:34.1588847+02:00" testType="d6af2cae-ad69-4f6b-94e9-14e2609e2389" outcome="Passed" testListId="8c84fa94-04c1-424b-9868-57a2d4851a1d" relativeResultsDirectory="f7212ede-3064-4094-959e-590345a8ad4a">
    </TestResultAggregation>
    <TestResultAggregation executionId="b0eb227e-0200-472d-a126-0a6cea2b6ca4" testId="9f809847-62e4-7ae9-163a-caf99776f5c1" testName="Jeu_Doit_Etre_Type_Jeu_Avec_Bon_Theme_Expert" computerName="PC-AXINESIS-004" duration="00:00:00.0080000" startTime="2014-08-05T08:55:35.0965120+02:00" endTime="2014-08-05T08:55:35.1045120+02:00" testType="d6af2cae-ad69-4f6b-94e9-14e2609e2389" outcome="Passed" testListId="8c84fa94-04c1-424b-9868-57a2d4851a1d" relativeResultsDirectory="b0eb227e-0200-472d-a126-0a6cea2b6ca4">
    </TestResultAggregation>
    <TestResultAggregation executionId="4f0115d6-7540-409a-aad0-4a40cb787f9e" testId="9fd9b1fa-6e42-0253-d530-aa3bc9535c48" testName="Taille_Trop_Petite" computerName="PC-AXINESIS-004" startTime="2014-08-05T08:55:28.3368907+02:00" endTime="2014-08-05T08:55:28.3368907+02:00" testType="d6af2cae-ad69-4f6b-94e9-14e2609e2389" outcome="Passed" testListId="8c84fa94-04c1-424b-9868-57a2d4851a1d" relativeResultsDirectory="4f0115d6-7540-409a-aad0-4a40cb787f9e">
    </TestResultAggregation>
    <TestResultAggregation executionId="5164dafb-d91c-4e65-abee-2bd6bf990b84" testId="a1966c6a-89d2-337f-4636-dc1c68800169" testName="Exercice_Doit_Etre_Type_FreeAmpl_Avec_Theme" computerName="PC-AXINESIS-004" duration="00:00:00.0130000" startTime="2014-08-05T08:55:35.0344738+02:00" endTime="2014-08-05T08:55:35.0474738+02:00" testType="d6af2cae-ad69-4f6b-94e9-14e2609e2389" outcome="Passed" testListId="8c84fa94-04c1-424b-9868-57a2d4851a1d" relativeResultsDirectory="5164dafb-d91c-4e65-abee-2bd6bf990b84">
    </TestResultAggregation>
    <TestResultAggregation executionId="9374b7ad-9acf-4e37-b5cd-804447d11240" testId="a2846e84-e29a-ac6f-f43c-d07bf54453dd" testName="Therapeute_Confirmation_Mot_De_Passe" computerName="PC-AXINESIS-004" duration="00:00:00.0170000" startTime="2014-08-05T08:55:34.1588970+02:00" endTime="2014-08-05T08:55:34.1758970+02:00" testType="d6af2cae-ad69-4f6b-94e9-14e2609e2389" outcome="Passed" testListId="8c84fa94-04c1-424b-9868-57a2d4851a1d" relativeResultsDirectory="9374b7ad-9acf-4e37-b5cd-804447d11240">
    </TestResultAggregation>
    <TestResultAggregation executionId="c839284c-4aef-43b9-9166-274f9d734535" testId="a7d2c1fe-6292-38c4-b190-463be3c8cf93" testName="Patient_Taille_Obligatoire" computerName="PC-AXINESIS-004" duration="00:00:00.0040000" startTime="2014-08-05T08:55:36.2602816+02:00" endTime="2014-08-05T08:55:36.2642816+02:00" testType="d6af2cae-ad69-4f6b-94e9-14e2609e2389" outcome="Passed" testListId="8c84fa94-04c1-424b-9868-57a2d4851a1d" relativeResultsDirectory="c839284c-4aef-43b9-9166-274f9d734535">
    </TestResultAggregation>
    <TestResultAggregation executionId="b8f3aaad-1a6d-4dd4-90ef-06bcef4554ff" testId="a844c7b5-b6b2-c536-6130-0a3921ce9bd8" testName="Taille_Est_Valide" computerName="PC-AXINESIS-004" startTime="2014-08-05T08:55:28.3358896+02:00" endTime="2014-08-05T08:55:28.3358896+02:00" testType="d6af2cae-ad69-4f6b-94e9-14e2609e2389" outcome="Passed" testListId="8c84fa94-04c1-424b-9868-57a2d4851a1d" relativeResultsDirectory="b8f3aaad-1a6d-4dd4-90ef-06bcef4554ff">
    </TestResultAggregation>
    <TestResultAggregation executionId="d9f03b92-4e40-4add-bacf-f1d1a2cb53cc" testId="a844de03-199c-2904-f987-af36e60b2367" testName="Erreur_Robot_HallAngleDetectionError_Bien_Traite" computerName="PC-AXINESIS-004" duration="00:00:00.0030000" startTime="2014-08-05T08:55:30.8755743+02:00" endTime="2014-08-05T08:55:30.8785743+02:00" testType="d6af2cae-ad69-4f6b-94e9-14e2609e2389" outcome="Passed" testListId="8c84fa94-04c1-424b-9868-57a2d4851a1d" relativeResultsDirectory="d9f03b92-4e40-4add-bacf-f1d1a2cb53cc">
    </TestResultAggregation>
    <TestResultAggregation executionId="bc9e6b35-1d85-41f9-91e1-0e7076ac1670" testId="ae8642d5-07bc-0f18-4b31-bcbab057a0d0" testName="Connexion_Robot_Correcte" computerName="PC-AXINESIS-004" duration="00:00:00.1840000" startTime="2014-08-05T08:55:40.1970888+02:00" endTime="2014-08-05T08:55:40.3810888+02:00" testType="d6af2cae-ad69-4f6b-94e9-14e2609e2389" outcome="Passed" testListId="8c84fa94-04c1-424b-9868-57a2d4851a1d" relativeResultsDirectory="bc9e6b35-1d85-41f9-91e1-0e7076ac1670">
    </TestResultAggregation>
    <TestResultAggregation executionId="b3e08d1a-9588-41b1-83da-041a16f5726a" testId="b0e62a3f-dbda-5351-cdbf-e39911c0ab52" testName="Poids_Trop_Petit" computerName="PC-AXINESIS-004" duration="00:00:00.0010000" startTime="2014-08-05T08:55:28.3348896+02:00" endTime="2014-08-05T08:55:28.3358896+02:00" testType="d6af2cae-ad69-4f6b-94e9-14e2609e2389" outcome="Passed" testListId="8c84fa94-04c1-424b-9868-57a2d4851a1d" relativeResultsDirectory="b3e08d1a-9588-41b1-83da-041a16f5726a">
    </TestResultAggregation>
    <TestResultAggregation executionId="667f445a-e439-4d12-abf9-cda011e17703" testId="b327e7c1-b25a-ea16-5827-7059ea867750" testName="Erreur_Robot_CanOverrunErrorObjectsLost_Bien_Traite" computerName="PC-AXINESIS-004" duration="00:00:00.0030000" startTime="2014-08-05T08:55:30.8365483+02:00" endTime="2014-08-05T08:55:30.8395483+02:00" testType="d6af2cae-ad69-4f6b-94e9-14e2609e2389" outcome="Passed" testListId="8c84fa94-04c1-424b-9868-57a2d4851a1d" relativeResultsDirectory="667f445a-e439-4d12-abf9-cda011e17703">
    </TestResultAggregation>
    <TestResultAggregation executionId="9e376863-5cc3-4db2-a909-bf5a246917a6" testId="b7e43fdb-6e64-2c94-dcce-89d4bd434ec6" testName="Therapeute_Mot_De_Passe_Longeur_Valide" computerName="PC-AXINESIS-004" duration="00:00:00.0050000" startTime="2014-08-05T08:55:34.2909763+02:00" endTime="2014-08-05T08:55:34.2959763+02:00" testType="d6af2cae-ad69-4f6b-94e9-14e2609e2389" outcome="Passed" testListId="8c84fa94-04c1-424b-9868-57a2d4851a1d" relativeResultsDirectory="9e376863-5cc3-4db2-a909-bf5a246917a6">
    </TestResultAggregation>
    <TestResultAggregation executionId="7cc4e1d4-55da-42d0-adb1-4a94319525cd" testId="b8fd7e59-747c-17d3-c6d0-98a165828ac4" testName="Nom_Est_Valide" computerName="PC-AXINESIS-004" startTime="2014-08-05T08:55:28.3328881+02:00" endTime="2014-08-05T08:55:28.3328881+02:00" testType="d6af2cae-ad69-4f6b-94e9-14e2609e2389" outcome="Passed" testListId="8c84fa94-04c1-424b-9868-57a2d4851a1d" relativeResultsDirectory="7cc4e1d4-55da-42d0-adb1-4a94319525cd">
    </TestResultAggregation>
    <TestResultAggregation executionId="ee80140b-0b59-4f83-aa7c-b898aa13a665" testId="b97e58f3-cbc0-bcdd-6669-a43c0d325371" testName="Erreur_Robot_InternalSoftwareError_Bien_Traite" computerName="PC-AXINESIS-004" duration="00:00:00.0050000" startTime="2014-08-05T08:55:30.9005939+02:00" endTime="2014-08-05T08:55:30.9055939+02:00" testType="d6af2cae-ad69-4f6b-94e9-14e2609e2389" outcome="Passed" testListId="8c84fa94-04c1-424b-9868-57a2d4851a1d" relativeResultsDirectory="ee80140b-0b59-4f83-aa7c-b898aa13a665">
    </TestResultAggregation>
    <TestResultAggregation executionId="11ecaa8a-1a0e-4620-9c0e-586beef638fb" testId="bbea477e-5527-ed14-9100-20bf91c8292e" testName="Therapeute_Nom_Utilisateur_Longeur_Valide" computerName="PC-AXINESIS-004" duration="00:00:00.0040000" startTime="2014-08-05T08:55:34.3440108+02:00" endTime="2014-08-05T08:55:34.3480108+02:00" testType="d6af2cae-ad69-4f6b-94e9-14e2609e2389" outcome="Passed" testListId="8c84fa94-04c1-424b-9868-57a2d4851a1d" relativeResultsDirectory="11ecaa8a-1a0e-4620-9c0e-586beef638fb">
    </TestResultAggregation>
    <TestResultAggregation executionId="0427d5e3-3b30-4918-be12-037baf3edc2c" testId="bda8b925-f57b-a41e-b5e4-cfda8f09d069" testName="Patient_Prenom_Obligatoire" computerName="PC-AXINESIS-004" duration="00:00:00.0050000" startTime="2014-08-05T08:55:36.2492750+02:00" endTime="2014-08-05T08:55:36.2542750+02:00" testType="d6af2cae-ad69-4f6b-94e9-14e2609e2389" outcome="Passed" testListId="8c84fa94-04c1-424b-9868-57a2d4851a1d" relativeResultsDirectory="0427d5e3-3b30-4918-be12-037baf3edc2c">
    </TestResultAggregation>
    <TestResultAggregation executionId="7d244435-dc6e-4af0-a7c5-0429a6ae1058" testId="bf764ba8-8696-c92f-3f57-afea2c1bfe57" testName="Erreur_Robot_OvertemperatureError_Bien_Traite" computerName="PC-AXINESIS-004" duration="00:00:00.0060000" startTime="2014-08-05T08:55:30.9256108+02:00" endTime="2014-08-05T08:55:30.9316108+02:00" testType="d6af2cae-ad69-4f6b-94e9-14e2609e2389" outcome="Passed" testListId="8c84fa94-04c1-424b-9868-57a2d4851a1d" relativeResultsDirectory="7d244435-dc6e-4af0-a7c5-0429a6ae1058">
    </TestResultAggregation>
    <TestResultAggregation executionId="48144ef2-9ece-4b86-b7df-78be3d024eea" testId="c3232def-6f8e-d276-40a2-3789adf7a7e8" testName="Distance_Entre_Deux_Points_Positive" computerName="PC-AXINESIS-004" startTime="2014-08-05T08:55:36.8317038+02:00" endTime="2014-08-05T08:55:36.8317038+02:00" testType="d6af2cae-ad69-4f6b-94e9-14e2609e2389" outcome="Passed" testListId="8c84fa94-04c1-424b-9868-57a2d4851a1d" relativeResultsDirectory="48144ef2-9ece-4b86-b7df-78be3d024eea">
    </TestResultAggregation>
    <TestResultAggregation executionId="621367f9-f3f9-4c60-a763-becec9c78e7e" testId="c49b8624-edd6-882f-a895-24bc1ddc98ef" testName="Patient_ID1_Obligatoire" computerName="PC-AXINESIS-004" duration="00:00:00.0050000" startTime="2014-08-05T08:55:36.2262602+02:00" endTime="2014-08-05T08:55:36.2312602+02:00" testType="d6af2cae-ad69-4f6b-94e9-14e2609e2389" outcome="Passed" testListId="8c84fa94-04c1-424b-9868-57a2d4851a1d" relativeResultsDirectory="621367f9-f3f9-4c60-a763-becec9c78e7e">
    </TestResultAggregation>
    <TestResultAggregation executionId="24ad87f9-63e8-43e1-ae65-949146273722" testId="c5df75b3-144c-2597-17e1-ed5cf6d153e4" testName="Distance_Entre_Plusieur_Points" computerName="PC-AXINESIS-004" duration="00:00:00.0010000" startTime="2014-08-05T08:55:36.8317043+02:00" endTime="2014-08-05T08:55:36.8327043+02:00" testType="d6af2cae-ad69-4f6b-94e9-14e2609e2389" outcome="Passed" testListId="8c84fa94-04c1-424b-9868-57a2d4851a1d" relativeResultsDirectory="24ad87f9-63e8-43e1-ae65-949146273722">
    </TestResultAggregation>
    <TestResultAggregation executionId="65e901ba-d545-464e-b0b2-17a9bcffe7ff" testId="c9cc9895-7dba-ba49-7119-f12ee348cb8e" testName="Admin_Pas_Dans_La_Bd" computerName="PC-AXINESIS-004" duration="00:00:00.0440000" startTime="2014-08-05T08:55:34.1028767+02:00" endTime="2014-08-05T08:55:34.1468767+02:00" testType="d6af2cae-ad69-4f6b-94e9-14e2609e2389" outcome="Passed" testListId="8c84fa94-04c1-424b-9868-57a2d4851a1d" relativeResultsDirectory="65e901ba-d545-464e-b0b2-17a9bcffe7ff">
    </TestResultAggregation>
    <TestResultAggregation executionId="48b4b2ed-515d-41df-b274-4ded3ed818be" testId="caa48818-36b7-d70b-1070-130edd123aaf" testName="Bon_Nom_Patient_Trouve" computerName="PC-AXINESIS-004" duration="00:00:00.5160000" startTime="2014-08-05T08:55:35.5541527+02:00" endTime="2014-08-05T08:55:36.0701527+02:00" testType="d6af2cae-ad69-4f6b-94e9-14e2609e2389" outcome="Passed" testListId="8c84fa94-04c1-424b-9868-57a2d4851a1d" relativeResultsDirectory="48b4b2ed-515d-41df-b274-4ded3ed818be">
    </TestResultAggregation>
    <TestResultAggregation executionId="deb079f2-7c72-4540-9d1f-2df25fb72ad4" testId="d0376b53-97ff-8f3e-a747-fb79ebf2a3da" testName="Therapeute_Ne_Doit_Pas_Etre_Admin" computerName="PC-AXINESIS-004" duration="00:00:00.0080000" startTime="2014-08-05T08:55:34.3300044+02:00" endTime="2014-08-05T08:55:34.3380044+02:00" testType="d6af2cae-ad69-4f6b-94e9-14e2609e2389" outcome="Passed" testListId="8c84fa94-04c1-424b-9868-57a2d4851a1d" relativeResultsDirectory="deb079f2-7c72-4540-9d1f-2df25fb72ad4">
    </TestResultAggregation>
    <TestResultAggregation executionId="b6729a38-010c-4cb6-b2cf-f1e9d101a4de" testId="d1d5bdee-95e1-826a-6e8c-92bd1b1d1870" testName="Taille_Trop_Grande" computerName="PC-AXINESIS-004" duration="00:00:00.0010000" startTime="2014-08-05T08:55:28.3358907+02:00" endTime="2014-08-05T08:55:28.3368907+02:00" testType="d6af2cae-ad69-4f6b-94e9-14e2609e2389" outcome="Passed" testListId="8c84fa94-04c1-424b-9868-57a2d4851a1d" relativeResultsDirectory="b6729a38-010c-4cb6-b2cf-f1e9d101a4de">
    </TestResultAggregation>
    <TestResultAggregation executionId="3cc946c5-64bb-497f-a603-442c9689c251" testId="d1e4e0aa-1b84-a4ad-c411-f5ed64c5a640" testName="Vitesse_Moyenne" computerName="PC-AXINESIS-004" startTime="2014-08-05T08:55:36.8327043+02:00" endTime="2014-08-05T08:55:36.8327043+02:00" testType="d6af2cae-ad69-4f6b-94e9-14e2609e2389" outcome="Passed" testListId="8c84fa94-04c1-424b-9868-57a2d4851a1d" relativeResultsDirectory="3cc946c5-64bb-497f-a603-442c9689c251">
    </TestResultAggregation>
    <TestResultAggregation executionId="7d60db05-8837-464d-bb5e-ec6ec53e3cdc" testId="d70d4846-e790-2791-a7f6-aea47d197ce3" testName="Erreur_Robot_CanPassiveModeError_Bien_Traite" computerName="PC-AXINESIS-004" duration="00:00:00.0030000" startTime="2014-08-05T08:55:30.8395504+02:00" endTime="2014-08-05T08:55:30.8425504+02:00" testType="d6af2cae-ad69-4f6b-94e9-14e2609e2389" outcome="Passed" testListId="8c84fa94-04c1-424b-9868-57a2d4851a1d" relativeResultsDirectory="7d60db05-8837-464d-bb5e-ec6ec53e3cdc">
    </TestResultAggregation>
    <TestResultAggregation executionId="9a07dd9f-d7f4-46b4-9234-1ffbdbbf54f1" testId="d7da732c-fc15-83c6-835a-a08965ba8304" testName="Therapeute_Nom_Utilisateur_Obligatoire" computerName="PC-AXINESIS-004" duration="00:00:00.0050000" startTime="2014-08-05T08:55:34.3480149+02:00" endTime="2014-08-05T08:55:34.3530149+02:00" testType="d6af2cae-ad69-4f6b-94e9-14e2609e2389" outcome="Passed" testListId="8c84fa94-04c1-424b-9868-57a2d4851a1d" relativeResultsDirectory="9a07dd9f-d7f4-46b4-9234-1ffbdbbf54f1">
    </TestResultAggregation>
    <TestResultAggregation executionId="4bb276ef-834f-48ce-96cd-fd6001696828" testId="dc5d423e-851c-6658-b8be-e6a841de2fd1" testName="CalcSommeAbs_retourne_positif_quand_reponse_positive" computerName="PC-AXINESIS-004" startTime="2014-08-05T08:55:36.8247018+02:00" endTime="2014-08-05T08:55:36.8247018+02:00" testType="d6af2cae-ad69-4f6b-94e9-14e2609e2389" outcome="Passed" testListId="8c84fa94-04c1-424b-9868-57a2d4851a1d" relativeResultsDirectory="4bb276ef-834f-48ce-96cd-fd6001696828">
    </TestResultAggregation>
    <TestResultAggregation executionId="d1e0d9a5-1e40-43a0-895d-48b8cd31cfe1" testId="dd92dc7b-d098-851b-826a-9944e389e494" testName="Erreur_Robot_AuxiliarySensorDirectionError_Bien_Traite" computerName="PC-AXINESIS-004" duration="00:00:00.0040000" startTime="2014-08-05T08:55:30.8285435+02:00" endTime="2014-08-05T08:55:30.8325435+02:00" testType="d6af2cae-ad69-4f6b-94e9-14e2609e2389" outcome="Passed" testListId="8c84fa94-04c1-424b-9868-57a2d4851a1d" relativeResultsDirectory="d1e0d9a5-1e40-43a0-895d-48b8cd31cfe1">
    </TestResultAggregation>
    <TestResultAggregation executionId="33181ba3-bfa6-4771-bc84-4013cb4c2199" testId="de21bf2b-3c89-6540-e855-d73236ea78a8" testName="Erreur_Robot_CanOverrunError_Bien_Traite" computerName="PC-AXINESIS-004" duration="00:00:00.0030000" startTime="2014-08-05T08:55:30.8325456+02:00" endTime="2014-08-05T08:55:30.8355456+02:00" testType="d6af2cae-ad69-4f6b-94e9-14e2609e2389" outcome="Passed" testListId="8c84fa94-04c1-424b-9868-57a2d4851a1d" relativeResultsDirectory="33181ba3-bfa6-4771-bc84-4013cb4c2199">
    </TestResultAggregation>
    <TestResultAggregation executionId="ae610c1b-03d2-4a8a-9c89-bbf9af0c8805" testId="e0898479-7725-95c5-c9c2-c8ebc6704474" testName="Erreur_Robot_AutoTuningIdentificationError_Bien_Traite" computerName="PC-AXINESIS-004" duration="00:00:00.0060000" startTime="2014-08-05T08:55:30.8215406+02:00" endTime="2014-08-05T08:55:30.8275406+02:00" testType="d6af2cae-ad69-4f6b-94e9-14e2609e2389" outcome="Passed" testListId="8c84fa94-04c1-424b-9868-57a2d4851a1d" relativeResultsDirectory="ae610c1b-03d2-4a8a-9c89-bbf9af0c8805">
    </TestResultAggregation>
    <TestResultAggregation executionId="b613d11a-45f4-475e-8588-a8d1d24d336b" testId="e1a4c390-c5f8-439f-c92b-f2ca8aad4a6c" testName="Erreur_Robot_MainSensorDirectionError_Bien_Traite" computerName="PC-AXINESIS-004" duration="00:00:00.0050000" startTime="2014-08-05T08:55:30.9166039+02:00" endTime="2014-08-05T08:55:30.9216039+02:00" testType="d6af2cae-ad69-4f6b-94e9-14e2609e2389" outcome="Passed" testListId="8c84fa94-04c1-424b-9868-57a2d4851a1d" relativeResultsDirectory="b613d11a-45f4-475e-8588-a8d1d24d336b">
    </TestResultAggregation>
    <TestResultAggregation executionId="8fcb30cc-770f-4580-b348-a03832e8f15f" testId="e2a9821c-c720-fc4f-49a9-2e55aa444d68" testName="DecoThérapeute_Oui_Vers_ConnexionTherapeuteViewModel" computerName="PC-AXINESIS-004" duration="00:00:00.8470000" startTime="2014-08-05T08:55:40.8290087+02:00" endTime="2014-08-05T08:55:41.6760087+02:00" testType="d6af2cae-ad69-4f6b-94e9-14e2609e2389" outcome="Passed" testListId="8c84fa94-04c1-424b-9868-57a2d4851a1d" relativeResultsDirectory="8fcb30cc-770f-4580-b348-a03832e8f15f">
    </TestResultAggregation>
    <TestResultAggregation executionId="5645d641-4a82-41cd-a323-bc29047a3397" testId="e4cae4cc-8a84-0f9d-ab32-770e0b7739a5" testName="Exercice_Doit_Etre_Type_Cercle_Sans_Theme" computerName="PC-AXINESIS-004" duration="00:00:00.0110000" startTime="2014-08-05T08:55:35.0234653+02:00" endTime="2014-08-05T08:55:35.0344653+02:00" testType="d6af2cae-ad69-4f6b-94e9-14e2609e2389" outcome="Passed" testListId="8c84fa94-04c1-424b-9868-57a2d4851a1d" relativeResultsDirectory="5645d641-4a82-41cd-a323-bc29047a3397">
    </TestResultAggregation>
    <TestResultAggregation executionId="83df6175-906b-4e46-9c7f-c042ee1d53e6" testId="e58b710a-1d4f-3221-e978-e68b6b040c54" testName="Exercice_Doit_Etre_Type_Cercle_Avec_Theme" computerName="PC-AXINESIS-004" duration="00:00:00.0100000" startTime="2014-08-05T08:55:35.0124571+02:00" endTime="2014-08-05T08:55:35.0224571+02:00" testType="d6af2cae-ad69-4f6b-94e9-14e2609e2389" outcome="Passed" testListId="8c84fa94-04c1-424b-9868-57a2d4851a1d" relativeResultsDirectory="83df6175-906b-4e46-9c7f-c042ee1d53e6">
    </TestResultAggregation>
    <TestResultAggregation executionId="5cbd3aea-71c3-4045-9263-c88c5ec919fa" testId="ea2c6b0a-c912-2fce-46c5-ac0346f15352" testName="Erreur_SqlException_Num53_Bien_Traite" computerName="PC-AXINESIS-004" duration="00:00:00.0030000" startTime="2014-08-05T08:55:31.0376826+02:00" endTime="2014-08-05T08:55:31.0406826+02:00" testType="d6af2cae-ad69-4f6b-94e9-14e2609e2389" outcome="Passed" testListId="8c84fa94-04c1-424b-9868-57a2d4851a1d" relativeResultsDirectory="5cbd3aea-71c3-4045-9263-c88c5ec919fa">
    </TestResultAggregation>
    <TestResultAggregation executionId="6b2b690b-7a70-4da0-ae9b-102e36a17541" testId="ed5d1215-e582-5800-31ce-c5bd5d4ba85a" testName="Distance_Entre_Deux_Points_Negative" computerName="PC-AXINESIS-004" duration="00:00:00.0060000" startTime="2014-08-05T08:55:36.8257038+02:00" endTime="2014-08-05T08:55:36.8317038+02:00" testType="d6af2cae-ad69-4f6b-94e9-14e2609e2389" outcome="Passed" testListId="8c84fa94-04c1-424b-9868-57a2d4851a1d" relativeResultsDirectory="6b2b690b-7a70-4da0-ae9b-102e36a17541">
    </TestResultAggregation>
    <TestResultAggregation executionId="4e2684a9-6a10-4a04-b0ba-2ada04936fa8" testId="ed899626-e988-333c-7742-04cd720ec9a7" testName="Erreur_AlreadyOpenSerialPortException_Bien_Traite" computerName="PC-AXINESIS-004" duration="00:00:01.9110000" startTime="2014-08-05T08:55:28.8705101+02:00" endTime="2014-08-05T08:55:30.7815101+02:00" testType="d6af2cae-ad69-4f6b-94e9-14e2609e2389" outcome="Passed" testListId="8c84fa94-04c1-424b-9868-57a2d4851a1d" relativeResultsDirectory="4e2684a9-6a10-4a04-b0ba-2ada04936fa8">
    </TestResultAggregation>
    <TestResultAggregation executionId="ceaeaf87-71ef-4776-954a-56c997d974c7" testId="ee85c135-d168-c271-408c-240e4713e404" testName="Patient_Prenom_Est_Valide" computerName="PC-AXINESIS-004" startTime="2014-08-05T08:55:28.3338880+02:00" endTime="2014-08-05T08:55:28.3338880+02:00" testType="d6af2cae-ad69-4f6b-94e9-14e2609e2389" outcome="Passed" testListId="8c84fa94-04c1-424b-9868-57a2d4851a1d" relativeResultsDirectory="ceaeaf87-71ef-4776-954a-56c997d974c7">
    </TestResultAggregation>
    <TestResultAggregation executionId="1a3652a3-fc89-4cf2-95e8-a0117681c106" testId="ee9a69f6-cf44-b467-cc2a-1e750c89a07f" testName="Admin_Dans_La_Bd" computerName="PC-AXINESIS-004" duration="00:00:02.3900000" startTime="2014-08-05T08:55:31.7128174+02:00" endTime="2014-08-05T08:55:34.1028174+02:00" testType="d6af2cae-ad69-4f6b-94e9-14e2609e2389" outcome="Passed" testListId="8c84fa94-04c1-424b-9868-57a2d4851a1d" relativeResultsDirectory="1a3652a3-fc89-4cf2-95e8-a0117681c106">
    </TestResultAggregation>
    <TestResultAggregation executionId="14f98042-b44d-40c2-a022-7bdf87114fe3" testId="eefbf66d-ed2c-e00b-7d18-b2f0db937ce7" testName="Erreur_Robot_HallSensorNotFoundError_Bien_Traite" computerName="PC-AXINESIS-004" duration="00:00:00.0080000" startTime="2014-08-05T08:55:30.8855847+02:00" endTime="2014-08-05T08:55:30.8935847+02:00" testType="d6af2cae-ad69-4f6b-94e9-14e2609e2389" outcome="Passed" testListId="8c84fa94-04c1-424b-9868-57a2d4851a1d" relativeResultsDirectory="14f98042-b44d-40c2-a022-7bdf87114fe3">
    </TestResultAggregation>
    <TestResultAggregation executionId="2c399225-35ec-49a0-9de9-bb67a372d2b9" testId="f00b5c2d-ca8b-087e-0e85-8f38ab6323e5" testName="Jeu_Doit_Etre_Type_Jeu_Avec_Bon_Theme_Moyen" computerName="PC-AXINESIS-004" duration="00:00:00.0070000" startTime="2014-08-05T08:55:35.1125215+02:00" endTime="2014-08-05T08:55:35.1195215+02:00" testType="d6af2cae-ad69-4f6b-94e9-14e2609e2389" outcome="Passed" testListId="8c84fa94-04c1-424b-9868-57a2d4851a1d" relativeResultsDirectory="2c399225-35ec-49a0-9de9-bb67a372d2b9">
    </TestResultAggregation>
    <TestResultAggregation executionId="08a1c3a6-6af3-4ebc-bd98-bb9a7af8f161" testId="f12e1a8a-71af-23d0-a32f-22bbf6d801ac" testName="DecoPatient_Oui_Vers_HomeViewModel" computerName="PC-AXINESIS-004" duration="00:00:00.9010000" startTime="2014-08-05T08:55:42.0549017+02:00" endTime="2014-08-05T08:55:42.9559017+02:00" testType="d6af2cae-ad69-4f6b-94e9-14e2609e2389" outcome="Passed" testListId="8c84fa94-04c1-424b-9868-57a2d4851a1d" relativeResultsDirectory="08a1c3a6-6af3-4ebc-bd98-bb9a7af8f161">
      <Output>
        <TraceInfo>PortSerieModel OK

PortSerieModel OK

</TraceInfo>
      </Output>
    </TestResultAggregation>
    <TestResultAggregation executionId="3a6bb94d-9ea7-4aec-9dd0-427438ff62f9" testId="f3282b9f-62b9-2180-8977-69bed228d06a" testName="Erreur_Robot_SoftwarePositionLimitError_Bien_Traite" computerName="PC-AXINESIS-004" duration="00:00:00.0060000" startTime="2014-08-05T08:55:30.9486256+02:00" endTime="2014-08-05T08:55:30.9546256+02:00" testType="d6af2cae-ad69-4f6b-94e9-14e2609e2389" outcome="Passed" testListId="8c84fa94-04c1-424b-9868-57a2d4851a1d" relativeResultsDirectory="3a6bb94d-9ea7-4aec-9dd0-427438ff62f9">
    </TestResultAggregation>
    <TestResultAggregation executionId="50e822ed-485e-4fa6-8d2b-d072a3b9a6ca" testId="f6381e6b-e08a-f44f-1c2d-4a4e13a50dfd" testName="Erreur_Robot_EncoderResolutionError_Bien_Traite" computerName="PC-AXINESIS-004" duration="00:00:00.0050000" startTime="2014-08-05T08:55:30.8625681+02:00" endTime="2014-08-05T08:55:30.8675681+02:00" testType="d6af2cae-ad69-4f6b-94e9-14e2609e2389" outcome="Passed" testListId="8c84fa94-04c1-424b-9868-57a2d4851a1d" relativeResultsDirectory="50e822ed-485e-4fa6-8d2b-d072a3b9a6ca">
    </TestResultAggregation>
    <TestResultAggregation executionId="e1674c1b-8869-4b36-87f8-63ce292dbc8b" testId="f6827a5d-d000-6b57-1a5d-244c917c4e49" testName="Exercice_Doit_Etre_Type_Carre_Avec_Theme" computerName="PC-AXINESIS-004" duration="00:00:00.0090000" startTime="2014-08-05T08:55:34.9834375+02:00" endTime="2014-08-05T08:55:34.9924375+02:00" testType="d6af2cae-ad69-4f6b-94e9-14e2609e2389" outcome="Passed" testListId="8c84fa94-04c1-424b-9868-57a2d4851a1d" relativeResultsDirectory="e1674c1b-8869-4b36-87f8-63ce292dbc8b">
    </TestResultAggregation>
    <TestResultAggregation executionId="6a295197-a831-4dd4-b74d-eca76c7a6428" testId="f7916e99-2ca8-0ce5-1775-44086440dfca" testName="Exercice_Doit_Avoir_Base_Config" computerName="PC-AXINESIS-004" duration="00:00:00.1010000" startTime="2014-08-05T08:55:34.8824310+02:00" endTime="2014-08-05T08:55:34.9834310+02:00" testType="d6af2cae-ad69-4f6b-94e9-14e2609e2389" outcome="Passed" testListId="8c84fa94-04c1-424b-9868-57a2d4851a1d" relativeResultsDirectory="6a295197-a831-4dd4-b74d-eca76c7a6428">
    </TestResultAggregation>
  </Results>
</TestRun>